#
# There is insufficient memory for the Java Runtime Environment to continue.
# Native memory allocation (malloc) failed to allocate 1048576 bytes for AllocateHeap
# Possible reasons:
#   The system is out of physical RAM or swap space
#   The process is running with CompressedOops enabled, and the Java Heap may be blocking the growth of the native heap
# Possible solutions:
#   Reduce memory load on the system
#   Increase physical memory or swap space
#   Check if swap backing store is full
#   Decrease Java heap size (-Xmx/-Xms)
#   Decrease number of Java threads
#   Decrease Java thread stack sizes (-Xss)
#   Set larger code cache with -XX:ReservedCodeCacheSize=
#   JVM is running with Unscaled Compressed Oops mode in which the Java heap is
#     placed in the first 4GB address space. The Java Heap base address is the
#     maximum limit for the native heap growth. Please use -XX:HeapBaseMinAddress
#     to set the Java Heap base and to place the Java Heap above 4GB virtual address.
# This output file may be truncated or incomplete.
#
#  Out of Memory Error (allocation.cpp:44), pid=16612, tid=8512
#
# JRE version:  (17.0.10+7) (build )
# Java VM: OpenJDK 64-Bit Server VM (17.0.10+7, mixed mode, tiered, compressed oops, compressed class ptrs, parallel gc, windows-amd64)
# No core dump will be written. Minidumps are not enabled by default on client versions of Windows
#

---------------  S U M M A R Y ------------

Command Line: --add-modules=ALL-SYSTEM --add-opens=java.base/java.util=ALL-UNNAMED --add-opens=java.base/java.lang=ALL-UNNAMED --add-opens=java.base/sun.nio.fs=ALL-UNNAMED -Declipse.application=org.eclipse.jdt.ls.core.id1 -Dosgi.bundles.defaultStartLevel=4 -Declipse.product=org.eclipse.jdt.ls.core.product -Djava.import.generatesMetadataFilesAtProjectRoot=false -DDetectVMInstallationsJob.disabled=true -Dfile.encoding=utf8 -XX:+UseParallelGC -XX:GCTimeRatio=4 -XX:AdaptiveSizePolicyWeight=90 -Dsun.zip.disableMemoryMapping=true -Xmx1G -Xms100m -Xlog:disable -javaagent:c:\Users\Admin\.vscode\extensions\redhat.java-1.30.0-win32-x64\lombok\lombok-1.18.32.jar c:\Users\Admin\.vscode\extensions\redhat.java-1.30.0-win32-x64\server\plugins\org.eclipse.equinox.launcher_1.6.800.v20240330-1250.jar -configuration c:\Users\Admin\AppData\Roaming\Code\User\globalStorage\redhat.java\1.30.0\config_ss_win -data c:\Users\Admin\AppData\Roaming\Code\User\workspaceStorage\f479e2fa5d020cab6fff371a8eee417e\redhat.java\ss_ws --pipe=\\.\pipe\lsp-766a974ccce50135bbb3188f8bdc7ab8-sock

Host: Intel(R) Core(TM) i7-6700 CPU @ 3.40GHz, 8 cores, 7G,  Windows 10 , 64 bit Build 19041 (10.0.19041.3636)
Time: Mon May 20 09:37:15 2024 India Standard Time elapsed time: 0.131271 seconds (0d 0h 0m 0s)

---------------  T H R E A D  ---------------

Current thread (0x000002a77e4a1ae0):  JavaThread "Unknown thread" [_thread_in_vm, id=8512, stack(0x000000ef4e200000,0x000000ef4e300000)]

Stack: [0x000000ef4e200000,0x000000ef4e300000]
Native frames: (J=compiled Java code, j=interpreted, Vv=VM code, C=native code)
V  [jvm.dll+0x67d2c9]
V  [jvm.dll+0x834afa]
V  [jvm.dll+0x8365be]
V  [jvm.dll+0x836c23]
V  [jvm.dll+0x2477ff]
V  [jvm.dll+0xa6c93]
V  [jvm.dll+0x6bae63]
V  [jvm.dll+0x6bb9df]
V  [jvm.dll+0x689a48]
V  [jvm.dll+0x806a7b]
V  [jvm.dll+0x36c774]
V  [jvm.dll+0x7e4e06]
V  [jvm.dll+0x3eff3f]
V  [jvm.dll+0x3f1b71]
C  [jli.dll+0x528f]
C  [ucrtbase.dll+0x21bb2]
C  [KERNEL32.DLL+0x17344]
C  [ntdll.dll+0x526b1]


---------------  P R O C E S S  ---------------

Threads class SMR info:
_java_thread_list=0x00007ff987ecee98, length=0, elements={
}

Java Threads: ( => current thread )

Other Threads:
  0x000002a77e4b52b0 GCTaskThread "GC Thread#0" [stack: 0x000000ef4e300000,0x000000ef4e400000] [id=14444]

=>0x000002a77e4a1ae0 (exited) JavaThread "Unknown thread" [_thread_in_vm, id=8512, stack(0x000000ef4e200000,0x000000ef4e300000)]

Threads with active compile tasks:

VM state: not at safepoint (normal execution)

VM Mutex/Monitor currently owned by a thread: None

Heap address: 0x00000000c0000000, size: 1024 MB, Compressed Oops mode: 32-bit

CDS archive(s) not mapped
Compressed class space mapped at: 0x0000000100000000-0x0000000140000000, reserved size: 1073741824
Narrow klass base: 0x0000000000000000, Narrow klass shift: 3, Narrow klass range: 0x140000000

GC Precious Log:
 CPUs: 8 total, 8 available
 Memory: 8075M
 Large Page Support: Disabled
 NUMA Support: Disabled
 Compressed Oops: Enabled (32-bit)
 Alignments: Space 512K, Generation 512K, Heap 2M
 Heap Min Capacity: 100M
 Heap Initial Capacity: 100M
 Heap Max Capacity: 1G
 Pre-touch: Disabled
 Parallel Workers: 8

Heap:
 PSYoungGen      total 29696K, used 512K [0x00000000eab00000, 0x00000000ecc00000, 0x0000000100000000)
  eden space 25600K, 2% used [0x00000000eab00000,0x00000000eab80070,0x00000000ec400000)
  from space 4096K, 0% used [0x00000000ec800000,0x00000000ec800000,0x00000000ecc00000)
  to   space 4096K, 0% used [0x00000000ec400000,0x00000000ec400000,0x00000000ec800000)
 ParOldGen       total 68608K, used 0K [0x00000000c0000000, 0x00000000c4300000, 0x00000000eab00000)
  object space 68608K, 0% used [0x00000000c0000000,0x00000000c0000000,0x00000000c4300000)
 Metaspace       used 1149K, committed 1216K, reserved 1114112K
  class space    used 101K, committed 128K, reserved 1048576K

Card table byte_map: [0x000002a77de40000,0x000002a77e050000] _byte_map_base: 0x000002a77d840000

Marking Bits: (ParMarkBitMap*) 0x00007ff987f3d7d0
 Begin Bits: [0x000002a711be0000, 0x000002a712be0000)
 End Bits:   [0x000002a712be0000, 0x000002a713be0000)

Polling page: 0x000002a77c450000

Metaspace:

Usage:
  Non-class:      1.02 MB used.
      Class:    101.05 KB used.
       Both:      1.12 MB used.

Virtual space:
  Non-class space:       64.00 MB reserved,       1.06 MB (  2%) committed,  1 nodes.
      Class space:        1.00 GB reserved,     128.00 KB ( <1%) committed,  1 nodes.
             Both:        1.06 GB reserved,       1.19 MB ( <1%) committed. 

Chunk freelists:
   Non-Class:  12.00 MB
       Class:  15.75 MB
        Both:  27.75 MB

MaxMetaspaceSize: unlimited
CompressedClassSpaceSize: 1.00 GB
Initial GC threshold: 21.00 MB
Current GC threshold: 17179869184.00 GB
CDS: off
MetaspaceReclaimPolicy: balanced
 - commit_granule_bytes: 65536.
 - commit_granule_words: 8192.
 - virtual_space_node_default_size: 8388608.
 - enlarge_chunks_in_place: 1.
 - new_chunks_are_fully_committed: 0.
 - uncommit_free_chunks: 1.
 - use_allocation_guard: 0.
 - handle_deallocations: 1.


Internal statistics:

num_allocs_failed_limit: 0.
num_arena_births: 2.
num_arena_deaths: 0.
num_vsnodes_births: 2.
num_vsnodes_deaths: 0.
num_space_committed: 19.
num_space_uncommitted: 0.
num_chunks_returned_to_freelist: 0.
num_chunks_taken_from_freelist: 3.
num_chunk_merges: 0.
num_chunk_splits: 2.
num_chunks_enlarged: 0.
num_inconsistent_stats: 0.

CodeHeap 'non-profiled nmethods': size=120000Kb used=0Kb max_used=0Kb free=120000Kb
 bounds [0x000002a70a6b0000, 0x000002a70a920000, 0x000002a711be0000]
CodeHeap 'profiled nmethods': size=120000Kb used=0Kb max_used=0Kb free=120000Kb
 bounds [0x000002a702be0000, 0x000002a702e50000, 0x000002a70a110000]
CodeHeap 'non-nmethods': size=5760Kb used=202Kb max_used=353Kb free=5557Kb
 bounds [0x000002a70a110000, 0x000002a70a380000, 0x000002a70a6b0000]
 total_blobs=66 nmethods=0 adapters=47
 compilation: enabled
              stopped_count=0, restarted_count=0
 full_count=0

Compilation events (0 events):
No events

GC Heap History (0 events):
No events

Dll operation events (1 events):
Event: 0.020 Loaded shared library c:\Users\Admin\.vscode\extensions\redhat.java-1.30.0-win32-x64\jre\17.0.10-win32-x86_64\bin\java.dll

Deoptimization events (0 events):
No events

Classes unloaded (0 events):
No events

Classes redefined (0 events):
No events

Internal exceptions (0 events):
No events

VM Operations (0 events):
No events

Events (20 events):
Event: 0.119 loading class java/lang/Long
Event: 0.119 loading class java/lang/Long done
Event: 0.119 loading class java/util/Iterator
Event: 0.119 loading class java/util/Iterator done
Event: 0.120 loading class java/lang/reflect/RecordComponent
Event: 0.120 loading class java/lang/reflect/RecordComponent done
Event: 0.120 loading class jdk/internal/vm/vector/VectorSupport
Event: 0.120 loading class jdk/internal/vm/vector/VectorSupport done
Event: 0.120 loading class jdk/internal/vm/vector/VectorSupport$VectorPayload
Event: 0.120 loading class jdk/internal/vm/vector/VectorSupport$VectorPayload done
Event: 0.120 loading class jdk/internal/vm/vector/VectorSupport$Vector
Event: 0.120 loading class jdk/internal/vm/vector/VectorSupport$Vector done
Event: 0.120 loading class jdk/internal/vm/vector/VectorSupport$VectorMask
Event: 0.120 loading class jdk/internal/vm/vector/VectorSupport$VectorMask done
Event: 0.120 loading class jdk/internal/vm/vector/VectorSupport$VectorShuffle
Event: 0.120 loading class jdk/internal/vm/vector/VectorSupport$VectorShuffle done
Event: 0.124 loading class java/lang/NullPointerException
Event: 0.124 loading class java/lang/NullPointerException done
Event: 0.124 loading class java/lang/ArithmeticException
Event: 0.124 loading class java/lang/ArithmeticException done


Dynamic libraries:
0x00007ff644530000 - 0x00007ff64453e000 	c:\Users\Admin\.vscode\extensions\redhat.java-1.30.0-win32-x64\jre\17.0.10-win32-x86_64\bin\java.exe
0x00007ff9eee30000 - 0x00007ff9ef028000 	C:\Windows\SYSTEM32\ntdll.dll
0x00007ff9edf60000 - 0x00007ff9ee01d000 	C:\Windows\System32\KERNEL32.DLL
0x00007ff9ecb60000 - 0x00007ff9ece56000 	C:\Windows\System32\KERNELBASE.dll
0x00007ff9eca60000 - 0x00007ff9ecb60000 	C:\Windows\System32\ucrtbase.dll
0x00007ff9c5590000 - 0x00007ff9c55a7000 	c:\Users\Admin\.vscode\extensions\redhat.java-1.30.0-win32-x64\jre\17.0.10-win32-x86_64\bin\jli.dll
0x00007ff9ed120000 - 0x00007ff9ed2bf000 	C:\Windows\System32\USER32.dll
0x00007ff9ec4e0000 - 0x00007ff9ec502000 	C:\Windows\System32\win32u.dll
0x00007ff9edd90000 - 0x00007ff9eddbb000 	C:\Windows\System32\GDI32.dll
0x00007ff9ec940000 - 0x00007ff9eca57000 	C:\Windows\System32\gdi32full.dll
0x00007ff9ec5a0000 - 0x00007ff9ec63d000 	C:\Windows\System32\msvcp_win.dll
0x00007ff9c2d30000 - 0x00007ff9c2d4b000 	c:\Users\Admin\.vscode\extensions\redhat.java-1.30.0-win32-x64\jre\17.0.10-win32-x86_64\bin\VCRUNTIME140.dll
0x00007ff9e21f0000 - 0x00007ff9e248a000 	C:\Windows\WinSxS\amd64_microsoft.windows.common-controls_6595b64144ccf1df_6.0.19041.4355_none_60b8b9eb71f62e16\COMCTL32.dll
0x00007ff9eece0000 - 0x00007ff9eed7e000 	C:\Windows\System32\msvcrt.dll
0x00007ff9ed0d0000 - 0x00007ff9ed102000 	C:\Windows\System32\IMM32.DLL
0x00007ff9cce30000 - 0x00007ff9cce3c000 	c:\Users\Admin\.vscode\extensions\redhat.java-1.30.0-win32-x64\jre\17.0.10-win32-x86_64\bin\vcruntime140_1.dll
0x00007ff988010000 - 0x00007ff98809d000 	c:\Users\Admin\.vscode\extensions\redhat.java-1.30.0-win32-x64\jre\17.0.10-win32-x86_64\bin\msvcp140.dll
0x00007ff9873a0000 - 0x00007ff988002000 	c:\Users\Admin\.vscode\extensions\redhat.java-1.30.0-win32-x64\jre\17.0.10-win32-x86_64\bin\server\jvm.dll
0x00007ff9ee430000 - 0x00007ff9ee4e0000 	C:\Windows\System32\ADVAPI32.dll
0x00007ff9ed2c0000 - 0x00007ff9ed360000 	C:\Windows\System32\sechost.dll
0x00007ff9ecf90000 - 0x00007ff9ed0b3000 	C:\Windows\System32\RPCRT4.dll
0x00007ff9ec7b0000 - 0x00007ff9ec7d7000 	C:\Windows\System32\bcrypt.dll
0x00007ff9ec330000 - 0x00007ff9ec37b000 	C:\Windows\SYSTEM32\POWRPROF.dll
0x00007ff9df500000 - 0x00007ff9df509000 	C:\Windows\SYSTEM32\WSOCK32.dll
0x00007ff9ede90000 - 0x00007ff9edefb000 	C:\Windows\System32\WS2_32.dll
0x00007ff9e1f90000 - 0x00007ff9e1fb7000 	C:\Windows\SYSTEM32\WINMM.dll
0x00007ff9e63c0000 - 0x00007ff9e63ca000 	C:\Windows\SYSTEM32\VERSION.dll
0x00007ff9ec310000 - 0x00007ff9ec322000 	C:\Windows\SYSTEM32\UMPDC.dll
0x00007ff9ea260000 - 0x00007ff9ea272000 	C:\Windows\SYSTEM32\kernel.appcore.dll
0x00007ff9cb9c0000 - 0x00007ff9cb9ca000 	c:\Users\Admin\.vscode\extensions\redhat.java-1.30.0-win32-x64\jre\17.0.10-win32-x86_64\bin\jimage.dll
0x00007ff9e61b0000 - 0x00007ff9e6394000 	C:\Windows\SYSTEM32\DBGHELP.DLL
0x00007ff9e5c80000 - 0x00007ff9e5cb4000 	C:\Windows\SYSTEM32\dbgcore.DLL
0x00007ff9ec510000 - 0x00007ff9ec592000 	C:\Windows\System32\bcryptPrimitives.dll
0x00007ff9cb640000 - 0x00007ff9cb64e000 	c:\Users\Admin\.vscode\extensions\redhat.java-1.30.0-win32-x64\jre\17.0.10-win32-x86_64\bin\instrument.dll
0x00007ff9aa350000 - 0x00007ff9aa375000 	c:\Users\Admin\.vscode\extensions\redhat.java-1.30.0-win32-x64\jre\17.0.10-win32-x86_64\bin\java.dll
0x00007ff9c77f0000 - 0x00007ff9c7808000 	c:\Users\Admin\.vscode\extensions\redhat.java-1.30.0-win32-x64\jre\17.0.10-win32-x86_64\bin\zip.dll

dbghelp: loaded successfully - version: 4.0.5 - missing functions: none
symbol engine: initialized successfully - sym options: 0x614 - pdb path: .;c:\Users\Admin\.vscode\extensions\redhat.java-1.30.0-win32-x64\jre\17.0.10-win32-x86_64\bin;C:\Windows\SYSTEM32;C:\Windows\WinSxS\amd64_microsoft.windows.common-controls_6595b64144ccf1df_6.0.19041.4355_none_60b8b9eb71f62e16;c:\Users\Admin\.vscode\extensions\redhat.java-1.30.0-win32-x64\jre\17.0.10-win32-x86_64\bin\server

VM Arguments:
jvm_args: --add-modules=ALL-SYSTEM --add-opens=java.base/java.util=ALL-UNNAMED --add-opens=java.base/java.lang=ALL-UNNAMED --add-opens=java.base/sun.nio.fs=ALL-UNNAMED -Declipse.application=org.eclipse.jdt.ls.core.id1 -Dosgi.bundles.defaultStartLevel=4 -Declipse.product=org.eclipse.jdt.ls.core.product -Djava.import.generatesMetadataFilesAtProjectRoot=false -DDetectVMInstallationsJob.disabled=true -Dfile.encoding=utf8 -XX:+UseParallelGC -XX:GCTimeRatio=4 -XX:AdaptiveSizePolicyWeight=90 -Dsun.zip.disableMemoryMapping=true -Xmx1G -Xms100m -Xlog:disable -javaagent:c:\Users\Admin\.vscode\extensions\redhat.java-1.30.0-win32-x64\lombok\lombok-1.18.32.jar 
java_command: c:\Users\Admin\.vscode\extensions\redhat.java-1.30.0-win32-x64\server\plugins\org.eclipse.equinox.launcher_1.6.800.v20240330-1250.jar -configuration c:\Users\Admin\AppData\Roaming\Code\User\globalStorage\redhat.java\1.30.0\config_ss_win -data c:\Users\Admin\AppData\Roaming\Code\User\workspaceStorage\f479e2fa5d020cab6fff371a8eee417e\redhat.java\ss_ws --pipe=\\.\pipe\lsp-766a974ccce50135bbb3188f8bdc7ab8-sock
java_class_path (initial): c:\Users\Admin\.vscode\extensions\redhat.java-1.30.0-win32-x64\server\plugins\org.eclipse.equinox.launcher_1.6.800.v20240330-1250.jar
Launcher Type: SUN_STANDARD

[Global flags]
    uintx AdaptiveSizePolicyWeight                 = 90                                        {product} {command line}
     intx CICompilerCount                          = 4                                         {product} {ergonomic}
    uintx GCTimeRatio                              = 4                                         {product} {command line}
   size_t InitialHeapSize                          = 104857600                                 {product} {command line}
   size_t MaxHeapSize                              = 1073741824                                {product} {command line}
   size_t MaxNewSize                               = 357564416                                 {product} {ergonomic}
   size_t MinHeapDeltaBytes                        = 524288                                    {product} {ergonomic}
   size_t MinHeapSize                              = 104857600                                 {product} {command line}
   size_t NewSize                                  = 34603008                                  {product} {ergonomic}
    uintx NonNMethodCodeHeapSize                   = 5839372                                {pd product} {ergonomic}
    uintx NonProfiledCodeHeapSize                  = 122909434                              {pd product} {ergonomic}
   size_t OldSize                                  = 70254592                                  {product} {ergonomic}
    uintx ProfiledCodeHeapSize                     = 122909434                              {pd product} {ergonomic}
    uintx ReservedCodeCacheSize                    = 251658240                              {pd product} {ergonomic}
     bool SegmentedCodeCache                       = true                                      {product} {ergonomic}
   size_t SoftMaxHeapSize                          = 1073741824                             {manageable} {ergonomic}
     bool UseCompressedClassPointers               = true                           {product lp64_product} {ergonomic}
     bool UseCompressedOops                        = true                           {product lp64_product} {ergonomic}
     bool UseLargePagesIndividualAllocation        = false                                  {pd product} {ergonomic}
     bool UseParallelGC                            = true                                      {product} {command line}

Logging:
Log output configuration:
 #0: stdout all=off uptime,level,tags
 #1: stderr all=off uptime,level,tags

Environment Variables:
JAVA_HOME=C:\Program Files\java\jdk-17
PATH=C:\Program Files\Common Files\Oracle\Java\javapath;C:\Python312\Scripts\;C:\Python312\;C:\Windows\system32;C:\Windows;C:\Windows\System32\Wbem;C:\Windows\System32\WindowsPowerShell\v1.0\;C:\Windows\System32\OpenSSH\;C:\xampp\php;C:\ProgramData\ComposerSetup\bin;C:\Program Files\Git\cmd;C:\Program Files\java\openlogic-openjdk-8u402-b06-windows-64\bin;C:\Program Files\nodejs\node_modules\npm\bin;C:\Program Files\nodejs\;C:\ProgramData\chocolatey\bin;C:\Users\Admin\Downloads\apache-maven-3.9.6-bin\apache-maven-3.9.6\bin;C:\Program Files\Docker\Docker\resources\bin;C:\Program Files\java\jdk-17\bin;C:\Users\Admin\AppData\Local\Programs\Python\Python311\Scripts\;C:\Users\Admin\AppData\Local\Programs\Python\Python311\;C:\Users\Admin\AppData\Local\Microsoft\WindowsApps;C:\ngrok;C:\Program Files\JetBrains\PyCharm Community Edition 2023.2.5\bin;;C:\Users\Admin\AppData\Local\Programs\Microsoft VS Code\bin;C:\Users\Admin\AppData\Roaming\Composer\vendor\bin;C:\Users\Admin\AppData\Local\GitHubDesktop\bin;"C:\Program Files\nodejs;C:\Users\Admin\AppData\Roaming\npm";C:\Users\Admin\AppData\Roaming\npm
USERNAME=Admin
OS=Windows_NT
PROCESSOR_IDENTIFIER=Intel64 Family 6 Model 94 Stepping 3, GenuineIntel
TMP=C:\Users\Admin\AppData\Local\Temp
TEMP=C:\Users\Admin\AppData\Local\Temp



Periodic native trim disabled


---------------  S Y S T E M  ---------------

OS:
 Windows 10 , 64 bit Build 19041 (10.0.19041.3636)
OS uptime: 4 days 15:52 hours
Hyper-V role detected

CPU: total 8 (initial active 8) (4 cores per cpu, 2 threads per core) family 6 model 94 stepping 3 microcode 0xf2, cx8, cmov, fxsr, ht, mmx, 3dnowpref, sse, sse2, sse3, ssse3, sse4.1, sse4.2, popcnt, lzcnt, tsc, tscinvbit, avx, avx2, aes, erms, clmul, bmi1, bmi2, rtm, adx, fma, vzeroupper, clflush, clflushopt, hv
Processor Information for all 8 processors :
  Max Mhz: 3408, Current Mhz: 3408, Mhz Limit: 3408

Memory: 4k page, system-wide physical 8075M (2269M free)
TotalPageFile size 32651M (AvailPageFile size 8M)
current process WorkingSet (physical memory assigned to process): 16M, peak: 16M
current process commit charge ("private bytes"): 174M, peak: 175M

vm_info: OpenJDK 64-Bit Server VM (17.0.10+7) for windows-amd64 JRE (17.0.10+7), built on Jan 16 2024 23:25:11 by "admin" with MS VC++ 16.10 / 16.11 (VS2019)

END.
