#
# There is insufficient memory for the Java Runtime Environment to continue.
# Native memory allocation (malloc) failed to allocate 1048576 bytes. Error detail: AllocateHeap
# Possible reasons:
#   The system is out of physical RAM or swap space
#   This process is running with CompressedOops enabled, and the Java Heap may be blocking the growth of the native heap
# Possible solutions:
#   Reduce memory load on the system
#   Increase physical memory or swap space
#   Check if swap backing store is full
#   Decrease Java heap size (-Xmx/-Xms)
#   Decrease number of Java threads
#   Decrease Java thread stack sizes (-Xss)
#   Set larger code cache with -XX:ReservedCodeCacheSize=
#   JVM is running with Unscaled Compressed Oops mode in which the Java heap is
#     placed in the first 4GB address space. The Java Heap base address is the
#     maximum limit for the native heap growth. Please use -XX:HeapBaseMinAddress
#     to set the Java Heap base and to place the Java Heap above 4GB virtual address.
# This output file may be truncated or incomplete.
#
#  Out of Memory Error (allocation.cpp:44), pid=21944, tid=18868
#
# JRE version: OpenJDK Runtime Environment Temurin-17.0.11+9 (17.0.11+9) (build 17.0.11+9)
# Java VM: OpenJDK 64-Bit Server VM Temurin-17.0.11+9 (17.0.11+9, mixed mode, emulated-client, tiered, compressed oops, compressed class ptrs, g1 gc, windows-amd64)
# No core dump will be written. Minidumps are not enabled by default on client versions of Windows
#

---------------  S U M M A R Y ------------

Command Line: -Xmx1024m -Dsts.lsp.client=vscode -Dsts.log.file=/dev/null -XX:TieredStopAtLevel=1 -Xlog:jni+resolve=off -Dspring.config.location=file:c:\Users\Admin\.vscode\extensions\vmware.vscode-spring-boot-1.56.0\language-server\BOOT-INF\classes\application.properties org.springframework.ide.vscode.boot.app.BootLanguageServerBootApp

Host: Intel(R) Core(TM) i7-6700 CPU @ 3.40GHz, 8 cores, 7G,  Windows 10 , 64 bit Build 19041 (10.0.19041.4717)
Time: Wed Sep 11 13:28:21 2024 India Standard Time elapsed time: 240.436301 seconds (0d 0h 4m 0s)

---------------  T H R E A D  ---------------

Current thread (0x000001ff96320140):  VMThread "VM Thread" [stack: 0x000000d402300000,0x000000d402400000] [id=18868]

Stack: [0x000000d402300000,0x000000d402400000]
Native frames: (J=compiled Java code, j=interpreted, Vv=VM code, C=native code)
V  [jvm.dll+0x67d429]
V  [jvm.dll+0x834b7a]
V  [jvm.dll+0x83663e]
V  [jvm.dll+0x836ca3]
V  [jvm.dll+0x247dbf]
V  [jvm.dll+0xa6cb3]
V  [jvm.dll+0x2f8ad3]
V  [jvm.dll+0x2f4750]
V  [jvm.dll+0x2dcf67]
V  [jvm.dll+0x31fb67]
V  [jvm.dll+0x83b19b]
V  [jvm.dll+0x83bed2]
V  [jvm.dll+0x83c3ed]
V  [jvm.dll+0x83c7c4]
V  [jvm.dll+0x83c890]
V  [jvm.dll+0x7e410a]
V  [jvm.dll+0x67c315]
C  [ucrtbase.dll+0x21bb2]
C  [KERNEL32.DLL+0x17374]
C  [ntdll.dll+0x4cc91]

VM_Operation (0x000000d403bfec50): G1CollectFull, mode: safepoint, requested by thread 0x000001ff9c2d1310


---------------  P R O C E S S  ---------------

Threads class SMR info:
_java_thread_list=0x000001ff9c081200, length=27, elements={
0x000001ff96334740, 0x000001ff96335700, 0x000001ff96360be0, 0x000001ff96361670,
0x000001ff9647f690, 0x000001ff96480660, 0x000001ff96485440, 0x000001ff96369f50,
0x000001ff9668d460, 0x000001ff9668fbf0, 0x000001ff9b7772a0, 0x000001ff9c2d1310,
0x000001ff9c2d17f0, 0x000001ff8b4fb290, 0x000001ff9c3a5740, 0x000001ff9c21ed90,
0x000001ff9c21a0d0, 0x000001ff9b808b00, 0x000001ff9b809520, 0x000001ff9b809010,
0x000001ff9b809f40, 0x000001ff9b809a30, 0x000001ff9b80a450, 0x000001ff9b80a960,
0x000001ff9b80ae70, 0x000001ff9b80b380, 0x000001ff9b8080e0
}

Java Threads: ( => current thread )
  0x000001ff96334740 JavaThread "Reference Handler" daemon [_thread_blocked, id=20536, stack(0x000000d402400000,0x000000d402500000)]
  0x000001ff96335700 JavaThread "Finalizer" daemon [_thread_blocked, id=26612, stack(0x000000d402500000,0x000000d402600000)]
  0x000001ff96360be0 JavaThread "Signal Dispatcher" daemon [_thread_blocked, id=26384, stack(0x000000d402600000,0x000000d402700000)]
  0x000001ff96361670 JavaThread "Attach Listener" daemon [_thread_blocked, id=9704, stack(0x000000d402700000,0x000000d402800000)]
  0x000001ff9647f690 JavaThread "Service Thread" daemon [_thread_blocked, id=20096, stack(0x000000d402800000,0x000000d402900000)]
  0x000001ff96480660 JavaThread "Monitor Deflation Thread" daemon [_thread_blocked, id=18032, stack(0x000000d402900000,0x000000d402a00000)]
  0x000001ff96485440 JavaThread "C1 CompilerThread0" daemon [_thread_blocked, id=26132, stack(0x000000d402a00000,0x000000d402b00000)]
  0x000001ff96369f50 JavaThread "Sweeper thread" daemon [_thread_blocked, id=5040, stack(0x000000d402b00000,0x000000d402c00000)]
  0x000001ff9668d460 JavaThread "Notification Thread" daemon [_thread_blocked, id=17492, stack(0x000000d402e00000,0x000000d402f00000)]
  0x000001ff9668fbf0 JavaThread "Common-Cleaner" daemon [_thread_blocked, id=2156, stack(0x000000d403000000,0x000000d403100000)]
  0x000001ff9b7772a0 JavaThread "boundedElastic-evictor-1" daemon [_thread_blocked, id=9428, stack(0x000000d403600000,0x000000d403700000)]
  0x000001ff9c2d1310 JavaThread "pool-13-thread-1" [_thread_blocked, id=11088, stack(0x000000d403b00000,0x000000d403c00000)]
  0x000001ff9c2d17f0 JavaThread "LanguageServerApp-lifecycle" [_thread_blocked, id=24936, stack(0x000000d403c00000,0x000000d403d00000)]
  0x000001ff8b4fb290 JavaThread "DestroyJavaVM" [_thread_blocked, id=14712, stack(0x000000d401d00000,0x000000d401e00000)]
  0x000001ff9c3a5740 JavaThread "pool-14-thread-1" [_thread_in_native, id=26212, stack(0x000000d403d00000,0x000000d403e00000)]
  0x000001ff9c21ed90 JavaThread "Simple-Language-Server main thread" daemon [_thread_blocked, id=24344, stack(0x000000d403e00000,0x000000d403f00000)]
  0x000001ff9c21a0d0 JavaThread "parallel-1" daemon [_thread_blocked, id=5948, stack(0x000000d403f00000,0x000000d404000000)]
  0x000001ff9b808b00 JavaThread "pool-8-thread-1" [_thread_blocked, id=19888, stack(0x000000d404000000,0x000000d404100000)]
  0x000001ff9b809520 JavaThread "parallel-2" daemon [_thread_blocked, id=13296, stack(0x000000d404100000,0x000000d404200000)]
  0x000001ff9b809010 JavaThread "parallel-3" daemon [_thread_blocked, id=20972, stack(0x000000d404200000,0x000000d404300000)]
  0x000001ff9b809f40 JavaThread "parallel-4" daemon [_thread_blocked, id=22888, stack(0x000000d404300000,0x000000d404400000)]
  0x000001ff9b809a30 JavaThread "parallel-5" daemon [_thread_blocked, id=20456, stack(0x000000d404400000,0x000000d404500000)]
  0x000001ff9b80a450 JavaThread "pool-6-thread-1" [_thread_blocked, id=22740, stack(0x000000d404500000,0x000000d404600000)]
  0x000001ff9b80a960 JavaThread "parallel-6" daemon [_thread_blocked, id=12000, stack(0x000000d404700000,0x000000d404800000)]
  0x000001ff9b80ae70 JavaThread "parallel-7" daemon [_thread_blocked, id=21788, stack(0x000000d404800000,0x000000d404900000)]
  0x000001ff9b80b380 JavaThread "parallel-8" daemon [_thread_blocked, id=26284, stack(0x000000d404900000,0x000000d404a00000)]
  0x000001ff9b8080e0 JavaThread "Reconciler-1" daemon [_thread_blocked, id=23208, stack(0x000000d404b00000,0x000000d404c00000)]

Other Threads:
=>0x000001ff96320140 VMThread "VM Thread" [stack: 0x000000d402300000,0x000000d402400000] [id=18868]
  0x000001ff9668f950 WatcherThread [stack: 0x000000d402f00000,0x000000d403000000] [id=18736]
  0x000001ff8b5385d0 GCTaskThread "GC Thread#0" [stack: 0x000000d401e00000,0x000000d401f00000] [id=26460]
  0x000001ff9b7fe2e0 GCTaskThread "GC Thread#1" [stack: 0x000000d403100000,0x000000d403200000] [id=25888]
  0x000001ff9b863820 GCTaskThread "GC Thread#2" [stack: 0x000000d403200000,0x000000d403300000] [id=21164]
  0x000001ff9b892850 GCTaskThread "GC Thread#3" [stack: 0x000000d403300000,0x000000d403400000] [id=22876]
  0x000001ff9ba49010 GCTaskThread "GC Thread#4" [stack: 0x000000d403400000,0x000000d403500000] [id=20264]
  0x000001ff9ba5fda0 GCTaskThread "GC Thread#5" [stack: 0x000000d403500000,0x000000d403600000] [id=26588]
  0x000001ff9be05060 GCTaskThread "GC Thread#6" [stack: 0x000000d403800000,0x000000d403900000] [id=21768]
  0x000001ff9bc8efb0 GCTaskThread "GC Thread#7" [stack: 0x000000d403900000,0x000000d403a00000] [id=14696]
  0x000001ff8b541520 ConcurrentGCThread "G1 Main Marker" [stack: 0x000000d401f00000,0x000000d402000000] [id=6356]
  0x000001ff8b5426e0 ConcurrentGCThread "G1 Conc#0" [stack: 0x000000d402000000,0x000000d402100000] [id=17476]
  0x000001ff9be113b0 ConcurrentGCThread "G1 Conc#1" [stack: 0x000000d403a00000,0x000000d403b00000] [id=25260]
  0x000001ff961920b0 ConcurrentGCThread "G1 Refine#0" [stack: 0x000000d402100000,0x000000d402200000] [id=26280]
  0x000001ff96192ae0 ConcurrentGCThread "G1 Service" [stack: 0x000000d402200000,0x000000d402300000] [id=12424]

Threads with active compile tasks:

VM state: at safepoint (normal execution)

VM Mutex/Monitor currently owned by a thread:  ([mutex/lock_event])
[0x000001ff89299eb0] Threads_lock - owner thread: 0x000001ff96320140
[0x000001ff8b4f8990] Heap_lock - owner thread: 0x000001ff9c2d1310

Heap address: 0x00000000c0000000, size: 1024 MB, Compressed Oops mode: 32-bit

CDS archive(s) not mapped
Compressed class space mapped at: 0x0000000100000000-0x0000000140000000, reserved size: 1073741824
Narrow klass base: 0x0000000000000000, Narrow klass shift: 3, Narrow klass range: 0x140000000

GC Precious Log:
 CPUs: 8 total, 8 available
 Memory: 8075M
 Large Page Support: Disabled
 NUMA Support: Disabled
 Compressed Oops: Enabled (32-bit)
 Heap Region Size: 1M
 Heap Min Capacity: 8M
 Heap Initial Capacity: 128M
 Heap Max Capacity: 1G
 Pre-touch: Disabled
 Parallel Workers: 8
 Concurrent Workers: 2
 Concurrent Refinement Workers: 8
 Periodic GC: Disabled

Heap:
 garbage-first heap   total 75776K, used 25371K [0x00000000c0000000, 0x0000000100000000)
  region size 1024K, 1 young (1024K), 0 survivors (0K)
 Metaspace       used 41660K, committed 42240K, reserved 1114112K
  class space    used 5345K, committed 5568K, reserved 1048576K

Heap Regions: E=young(eden), S=young(survivor), O=old, HS=humongous(starts), HC=humongous(continues), CS=collection set, F=free, OA=open archive, CA=closed archive, TAMS=top-at-mark-start (previous, next)
|   0|0x00000000c0000000, 0x00000000c0100000, 0x00000000c0100000|100%|HS|  |TAMS 0x00000000c0100000, 0x00000000c0000000| Untracked 
|   1|0x00000000c0100000, 0x00000000c0200000, 0x00000000c0200000|100%|HC|  |TAMS 0x00000000c0200000, 0x00000000c0100000| Untracked 
|   2|0x00000000c0200000, 0x00000000c0300000, 0x00000000c0300000|100%|HC|  |TAMS 0x00000000c0300000, 0x00000000c0200000| Untracked 
|   3|0x00000000c0300000, 0x00000000c0400000, 0x00000000c0400000|100%|HC|  |TAMS 0x00000000c0400000, 0x00000000c0300000| Untracked 
|   4|0x00000000c0400000, 0x00000000c0500000, 0x00000000c0500000|100%|HS|  |TAMS 0x00000000c0500000, 0x00000000c0400000| Untracked 
|   5|0x00000000c0500000, 0x00000000c0600000, 0x00000000c0600000|100%|HC|  |TAMS 0x00000000c0600000, 0x00000000c0500000| Untracked 
|   6|0x00000000c0600000, 0x00000000c0700000, 0x00000000c0700000|100%| O|  |TAMS 0x00000000c0700000, 0x00000000c0600000| Untracked 
|   7|0x00000000c0700000, 0x00000000c0800000, 0x00000000c0800000|100%| O|  |TAMS 0x00000000c0800000, 0x00000000c0700000| Untracked 
|   8|0x00000000c0800000, 0x00000000c0900000, 0x00000000c0900000|100%| O|  |TAMS 0x00000000c0900000, 0x00000000c0800000| Untracked 
|   9|0x00000000c0900000, 0x00000000c0a00000, 0x00000000c0a00000|100%| O|  |TAMS 0x00000000c0a00000, 0x00000000c0900000| Untracked 
|  10|0x00000000c0a00000, 0x00000000c0affff0, 0x00000000c0b00000| 99%| O|  |TAMS 0x00000000c0affff0, 0x00000000c0a00000| Untracked 
|  11|0x00000000c0b00000, 0x00000000c0bfee18, 0x00000000c0c00000| 99%| O|  |TAMS 0x00000000c0bfee18, 0x00000000c0b00000| Untracked 
|  12|0x00000000c0c00000, 0x00000000c0cffff0, 0x00000000c0d00000| 99%| O|  |TAMS 0x00000000c0cffff0, 0x00000000c0c00000| Untracked 
|  13|0x00000000c0d00000, 0x00000000c0e00000, 0x00000000c0e00000|100%| O|  |TAMS 0x00000000c0e00000, 0x00000000c0d00000| Untracked 
|  14|0x00000000c0e00000, 0x00000000c0f00000, 0x00000000c0f00000|100%| O|  |TAMS 0x00000000c0f00000, 0x00000000c0e00000| Untracked 
|  15|0x00000000c0f00000, 0x00000000c0ffd890, 0x00000000c1000000| 99%| O|  |TAMS 0x00000000c0ffd890, 0x00000000c0f00000| Untracked 
|  16|0x00000000c1000000, 0x00000000c10fffe0, 0x00000000c1100000| 99%| O|  |TAMS 0x00000000c10fffe0, 0x00000000c1000000| Untracked 
|  17|0x00000000c1100000, 0x00000000c11fff48, 0x00000000c1200000| 99%| O|  |TAMS 0x00000000c11fff48, 0x00000000c1100000| Untracked 
|  18|0x00000000c1200000, 0x00000000c12ffff0, 0x00000000c1300000| 99%| O|  |TAMS 0x00000000c12ffff0, 0x00000000c1200000| Untracked 
|  19|0x00000000c1300000, 0x00000000c1400000, 0x00000000c1400000|100%| O|  |TAMS 0x00000000c1400000, 0x00000000c1300000| Untracked 
|  20|0x00000000c1400000, 0x00000000c1500000, 0x00000000c1500000|100%| O|  |TAMS 0x00000000c1500000, 0x00000000c1400000| Untracked 
|  21|0x00000000c1500000, 0x00000000c15ffff8, 0x00000000c1600000| 99%| O|  |TAMS 0x00000000c15ffff8, 0x00000000c1500000| Untracked 
|  22|0x00000000c1600000, 0x00000000c1700000, 0x00000000c1700000|100%| O|  |TAMS 0x00000000c1700000, 0x00000000c1600000| Untracked 
|  23|0x00000000c1700000, 0x00000000c17f3cf0, 0x00000000c1800000| 95%| O|  |TAMS 0x00000000c1700000, 0x00000000c1700000| Untracked 
|  24|0x00000000c1800000, 0x00000000c18d6ca0, 0x00000000c1900000| 83%| O|  |TAMS 0x00000000c1800000, 0x00000000c1800000| Untracked 
|  25|0x00000000c1900000, 0x00000000c1900000, 0x00000000c1a00000|  0%| F|  |TAMS 0x00000000c1900000, 0x00000000c1900000| Untracked 
|  26|0x00000000c1a00000, 0x00000000c1a00000, 0x00000000c1b00000|  0%| F|  |TAMS 0x00000000c1a00000, 0x00000000c1a00000| Untracked 
|  27|0x00000000c1b00000, 0x00000000c1b00000, 0x00000000c1c00000|  0%| F|  |TAMS 0x00000000c1b00000, 0x00000000c1b00000| Untracked 
|  28|0x00000000c1c00000, 0x00000000c1c00000, 0x00000000c1d00000|  0%| F|  |TAMS 0x00000000c1c00000, 0x00000000c1c00000| Untracked 
|  29|0x00000000c1d00000, 0x00000000c1d00000, 0x00000000c1e00000|  0%| F|  |TAMS 0x00000000c1d00000, 0x00000000c1d00000| Untracked 
|  30|0x00000000c1e00000, 0x00000000c1e00000, 0x00000000c1f00000|  0%| F|  |TAMS 0x00000000c1e00000, 0x00000000c1e00000| Untracked 
|  31|0x00000000c1f00000, 0x00000000c1f00000, 0x00000000c2000000|  0%| F|  |TAMS 0x00000000c1f00000, 0x00000000c1f00000| Untracked 
|  32|0x00000000c2000000, 0x00000000c2000000, 0x00000000c2100000|  0%| F|  |TAMS 0x00000000c2000000, 0x00000000c2000000| Untracked 
|  33|0x00000000c2100000, 0x00000000c2100000, 0x00000000c2200000|  0%| F|  |TAMS 0x00000000c2100000, 0x00000000c2100000| Untracked 
|  34|0x00000000c2200000, 0x00000000c2200000, 0x00000000c2300000|  0%| F|  |TAMS 0x00000000c2200000, 0x00000000c2200000| Untracked 
|  35|0x00000000c2300000, 0x00000000c2300000, 0x00000000c2400000|  0%| F|  |TAMS 0x00000000c2300000, 0x00000000c2300000| Untracked 
|  36|0x00000000c2400000, 0x00000000c2400000, 0x00000000c2500000|  0%| F|  |TAMS 0x00000000c2400000, 0x00000000c2400000| Untracked 
|  37|0x00000000c2500000, 0x00000000c2500000, 0x00000000c2600000|  0%| F|  |TAMS 0x00000000c2500000, 0x00000000c2500000| Untracked 
|  38|0x00000000c2600000, 0x00000000c2600000, 0x00000000c2700000|  0%| F|  |TAMS 0x00000000c2600000, 0x00000000c2600000| Untracked 
|  39|0x00000000c2700000, 0x00000000c2700000, 0x00000000c2800000|  0%| F|  |TAMS 0x00000000c2700000, 0x00000000c2700000| Untracked 
|  40|0x00000000c2800000, 0x00000000c2800000, 0x00000000c2900000|  0%| F|  |TAMS 0x00000000c2800000, 0x00000000c2800000| Untracked 
|  41|0x00000000c2900000, 0x00000000c2900000, 0x00000000c2a00000|  0%| F|  |TAMS 0x00000000c2900000, 0x00000000c2900000| Untracked 
|  42|0x00000000c2a00000, 0x00000000c2a00000, 0x00000000c2b00000|  0%| F|  |TAMS 0x00000000c2a00000, 0x00000000c2a00000| Untracked 
|  43|0x00000000c2b00000, 0x00000000c2b00000, 0x00000000c2c00000|  0%| F|  |TAMS 0x00000000c2b00000, 0x00000000c2b00000| Untracked 
|  44|0x00000000c2c00000, 0x00000000c2c00000, 0x00000000c2d00000|  0%| F|  |TAMS 0x00000000c2c00000, 0x00000000c2c00000| Untracked 
|  45|0x00000000c2d00000, 0x00000000c2d00000, 0x00000000c2e00000|  0%| F|  |TAMS 0x00000000c2d00000, 0x00000000c2d00000| Untracked 
|  46|0x00000000c2e00000, 0x00000000c2e00000, 0x00000000c2f00000|  0%| F|  |TAMS 0x00000000c2e00000, 0x00000000c2e00000| Untracked 
|  47|0x00000000c2f00000, 0x00000000c2f00000, 0x00000000c3000000|  0%| F|  |TAMS 0x00000000c2f00000, 0x00000000c2f00000| Untracked 
|  48|0x00000000c3000000, 0x00000000c3000000, 0x00000000c3100000|  0%| F|  |TAMS 0x00000000c3000000, 0x00000000c3000000| Untracked 
|  49|0x00000000c3100000, 0x00000000c3100000, 0x00000000c3200000|  0%| F|  |TAMS 0x00000000c3100000, 0x00000000c3100000| Untracked 
|  50|0x00000000c3200000, 0x00000000c3200000, 0x00000000c3300000|  0%| F|  |TAMS 0x00000000c3200000, 0x00000000c3200000| Untracked 
|  51|0x00000000c3300000, 0x00000000c3300000, 0x00000000c3400000|  0%| F|  |TAMS 0x00000000c3300000, 0x00000000c3300000| Untracked 
|  52|0x00000000c3400000, 0x00000000c3400000, 0x00000000c3500000|  0%| F|  |TAMS 0x00000000c3400000, 0x00000000c3400000| Untracked 
|  53|0x00000000c3500000, 0x00000000c3500000, 0x00000000c3600000|  0%| F|  |TAMS 0x00000000c3500000, 0x00000000c3500000| Untracked 
|  54|0x00000000c3600000, 0x00000000c3600000, 0x00000000c3700000|  0%| F|  |TAMS 0x00000000c3600000, 0x00000000c3600000| Untracked 
|  55|0x00000000c3700000, 0x00000000c3700000, 0x00000000c3800000|  0%| F|  |TAMS 0x00000000c3700000, 0x00000000c3700000| Untracked 
|  56|0x00000000c3800000, 0x00000000c3800000, 0x00000000c3900000|  0%| F|  |TAMS 0x00000000c3800000, 0x00000000c3800000| Untracked 
|  57|0x00000000c3900000, 0x00000000c3900000, 0x00000000c3a00000|  0%| F|  |TAMS 0x00000000c3900000, 0x00000000c3900000| Untracked 
|  58|0x00000000c3a00000, 0x00000000c3a00000, 0x00000000c3b00000|  0%| F|  |TAMS 0x00000000c3a00000, 0x00000000c3a00000| Untracked 
|  59|0x00000000c3b00000, 0x00000000c3b00000, 0x00000000c3c00000|  0%| F|  |TAMS 0x00000000c3b00000, 0x00000000c3b00000| Untracked 
|  60|0x00000000c3c00000, 0x00000000c3c00000, 0x00000000c3d00000|  0%| F|  |TAMS 0x00000000c3c00000, 0x00000000c3c00000| Untracked 
|  61|0x00000000c3d00000, 0x00000000c3d00000, 0x00000000c3e00000|  0%| F|  |TAMS 0x00000000c3d00000, 0x00000000c3d00000| Untracked 
|  62|0x00000000c3e00000, 0x00000000c3e00000, 0x00000000c3f00000|  0%| F|  |TAMS 0x00000000c3e00000, 0x00000000c3e00000| Untracked 
|  63|0x00000000c3f00000, 0x00000000c3f00000, 0x00000000c4000000|  0%| F|  |TAMS 0x00000000c3f00000, 0x00000000c3f00000| Untracked 
|  64|0x00000000c4000000, 0x00000000c4000000, 0x00000000c4100000|  0%| F|  |TAMS 0x00000000c4000000, 0x00000000c4000000| Untracked 
|  65|0x00000000c4100000, 0x00000000c4100000, 0x00000000c4200000|  0%| F|  |TAMS 0x00000000c4100000, 0x00000000c4100000| Untracked 
|  66|0x00000000c4200000, 0x00000000c4200000, 0x00000000c4300000|  0%| F|  |TAMS 0x00000000c4200000, 0x00000000c4200000| Untracked 
|  67|0x00000000c4300000, 0x00000000c4300000, 0x00000000c4400000|  0%| F|  |TAMS 0x00000000c4300000, 0x00000000c4300000| Untracked 
|  87|0x00000000c5700000, 0x00000000c5700000, 0x00000000c5800000|  0%| F|  |TAMS 0x00000000c5700000, 0x00000000c5700000| Untracked 
|  88|0x00000000c5800000, 0x00000000c5800000, 0x00000000c5900000|  0%| F|  |TAMS 0x00000000c5800000, 0x00000000c5800000| Untracked 
|  89|0x00000000c5900000, 0x00000000c5900000, 0x00000000c5a00000|  0%| F|  |TAMS 0x00000000c5900000, 0x00000000c5900000| Untracked 
|  90|0x00000000c5a00000, 0x00000000c5a00000, 0x00000000c5b00000|  0%| F|  |TAMS 0x00000000c5a00000, 0x00000000c5a00000| Untracked 
|  91|0x00000000c5b00000, 0x00000000c5b00000, 0x00000000c5c00000|  0%| F|  |TAMS 0x00000000c5b00000, 0x00000000c5b00000| Untracked 
| 127|0x00000000c7f00000, 0x00000000c7f1db58, 0x00000000c8000000| 11%| E|  |TAMS 0x00000000c7f00000, 0x00000000c7f00000| Complete 

Card table byte_map: [0x000001ff914a0000,0x000001ff916a0000] _byte_map_base: 0x000001ff90ea0000

Marking Bits (Prev, Next): (CMBitMap*) 0x000001ff8b538c30, (CMBitMap*) 0x000001ff8b538bf0
 Prev Bits: [0x000001ff928a0000, 0x000001ff938a0000)
 Next Bits: [0x000001ff918a0000, 0x000001ff928a0000)

Polling page: 0x000001ff894a0000

Metaspace:

Usage:
  Non-class:     35.46 MB used.
      Class:      5.22 MB used.
       Both:     40.68 MB used.

Virtual space:
  Non-class space:       64.00 MB reserved,      35.81 MB ( 56%) committed,  1 nodes.
      Class space:        1.00 GB reserved,       5.44 MB ( <1%) committed,  1 nodes.
             Both:        1.06 GB reserved,      41.25 MB (  4%) committed. 

Chunk freelists:
   Non-Class:  11.58 MB
       Class:  10.59 MB
        Both:  22.17 MB

MaxMetaspaceSize: unlimited
CompressedClassSpaceSize: 1.00 GB
Initial GC threshold: 21.00 MB
Current GC threshold: 68.75 MB
CDS: off
MetaspaceReclaimPolicy: balanced
 - commit_granule_bytes: 65536.
 - commit_granule_words: 8192.
 - virtual_space_node_default_size: 8388608.
 - enlarge_chunks_in_place: 1.
 - new_chunks_are_fully_committed: 0.
 - uncommit_free_chunks: 1.
 - use_allocation_guard: 0.
 - handle_deallocations: 1.


Internal statistics:

num_allocs_failed_limit: 6.
num_arena_births: 502.
num_arena_deaths: 152.
num_vsnodes_births: 2.
num_vsnodes_deaths: 0.
num_space_committed: 659.
num_space_uncommitted: 0.
num_chunks_returned_to_freelist: 176.
num_chunks_taken_from_freelist: 1758.
num_chunk_merges: 55.
num_chunk_splits: 1218.
num_chunks_enlarged: 934.
num_inconsistent_stats: 0.

CodeCache: size=49152Kb used=6949Kb max_used=8625Kb free=42202Kb
 bounds [0x000001ff8e190000, 0x000001ff8ea00000, 0x000001ff91190000]
 total_blobs=4316 nmethods=3765 adapters=478
 compilation: enabled
              stopped_count=0, restarted_count=0
 full_count=0

Compilation events (20 events):
Event: 6.965 Thread 0x000001ff9bd31e90 nmethod 3752 0x000001ff8e9fb310 code [0x000001ff8e9fb4a0, 0x000001ff8e9fb578]
Event: 6.965 Thread 0x000001ff96682d30 nmethod 3753 0x000001ff8e9fb610 code [0x000001ff8e9fb800, 0x000001ff8e9fbc28]
Event: 6.966 Thread 0x000001ff9bd31e90 3754       1       java.net.URI::isOpaque (13 bytes)
Event: 6.966 Thread 0x000001ff96682d30 3755       1       java.net.URI::getScheme (5 bytes)
Event: 6.966 Thread 0x000001ff96682d30 nmethod 3755 0x000001ff8e9fbe90 code [0x000001ff8e9fc020, 0x000001ff8e9fc0f8]
Event: 6.967 Thread 0x000001ff9bd31e90 nmethod 3754 0x000001ff8e9fc190 code [0x000001ff8e9fc320, 0x000001ff8e9fc3f8]
Event: 7.743 Thread 0x000001ff9bd31e90 3756       1       com.google.gson.stream.JsonReader::setLenient (6 bytes)
Event: 7.743 Thread 0x000001ff9bd31e90 nmethod 3756 0x000001ff8e9fc490 code [0x000001ff8e9fc620, 0x000001ff8e9fc6f8]
Event: 15.685 Thread 0x000001ff96485440 3757       1       java.util.ArrayList::<init> (63 bytes)
Event: 15.685 Thread 0x000001ff96485440 nmethod 3757 0x000001ff8e332910 code [0x000001ff8e332ae0, 0x000001ff8e332db8]
Event: 45.788 Thread 0x000001ff96485440 3758       1       java.lang.invoke.StringConcatFactory::parseRecipe (198 bytes)
Event: 45.794 Thread 0x000001ff96485440 nmethod 3758 0x000001ff8e331010 code [0x000001ff8e3312e0, 0x000001ff8e332038]
Event: 66.301 Thread 0x000001ff96485440 3762       1       java.util.concurrent.locks.AbstractQueuedSynchronizer::signalNext (34 bytes)
Event: 66.301 Thread 0x000001ff96485440 nmethod 3762 0x000001ff8e330310 code [0x000001ff8e3304a0, 0x000001ff8e3305e8]
Event: 135.685 Thread 0x000001ff96485440 3763       1       java.util.concurrent.ThreadPoolExecutor::runStateAtLeast (11 bytes)
Event: 135.685 Thread 0x000001ff96485440 nmethod 3763 0x000001ff8e330010 code [0x000001ff8e3301a0, 0x000001ff8e330258]
Event: 189.438 Thread 0x000001ff96485440 3764       1       java.lang.System::checkKey (34 bytes)
Event: 189.465 Thread 0x000001ff96485440 nmethod 3764 0x000001ff8e32fb10 code [0x000001ff8e32fcc0, 0x000001ff8e32feb8]
Event: 225.686 Thread 0x000001ff96485440 3765       1       java.util.concurrent.locks.AbstractQueuedSynchronizer::release (19 bytes)
Event: 225.686 Thread 0x000001ff96485440 nmethod 3765 0x000001ff8e32f610 code [0x000001ff8e32f7c0, 0x000001ff8e32f9b8]

GC Heap History (20 events):
Event: 138.281 GC heap before
{Heap before GC invocations=18 (full 9):
 garbage-first heap   total 75776K, used 25371K [0x00000000c0000000, 0x0000000100000000)
  region size 1024K, 1 young (1024K), 0 survivors (0K)
 Metaspace       used 41660K, committed 42240K, reserved 1114112K
  class space    used 5345K, committed 5568K, reserved 1048576K
}
Event: 138.307 GC heap after
{Heap after GC invocations=19 (full 10):
 garbage-first heap   total 75776K, used 25371K [0x00000000c0000000, 0x0000000100000000)
  region size 1024K, 0 young (0K), 0 survivors (0K)
 Metaspace       used 41660K, committed 42240K, reserved 1114112K
  class space    used 5345K, committed 5568K, reserved 1048576K
}
Event: 148.519 GC heap before
{Heap before GC invocations=19 (full 10):
 garbage-first heap   total 75776K, used 25371K [0x00000000c0000000, 0x0000000100000000)
  region size 1024K, 1 young (1024K), 0 survivors (0K)
 Metaspace       used 41660K, committed 42240K, reserved 1114112K
  class space    used 5345K, committed 5568K, reserved 1048576K
}
Event: 148.546 GC heap after
{Heap after GC invocations=20 (full 11):
 garbage-first heap   total 75776K, used 25371K [0x00000000c0000000, 0x0000000100000000)
  region size 1024K, 0 young (0K), 0 survivors (0K)
 Metaspace       used 41660K, committed 42240K, reserved 1114112K
  class space    used 5345K, committed 5568K, reserved 1048576K
}
Event: 158.775 GC heap before
{Heap before GC invocations=20 (full 11):
 garbage-first heap   total 75776K, used 25371K [0x00000000c0000000, 0x0000000100000000)
  region size 1024K, 1 young (1024K), 0 survivors (0K)
 Metaspace       used 41660K, committed 42240K, reserved 1114112K
  class space    used 5345K, committed 5568K, reserved 1048576K
}
Event: 158.806 GC heap after
{Heap after GC invocations=21 (full 12):
 garbage-first heap   total 75776K, used 25371K [0x00000000c0000000, 0x0000000100000000)
  region size 1024K, 0 young (0K), 0 survivors (0K)
 Metaspace       used 41660K, committed 42240K, reserved 1114112K
  class space    used 5345K, committed 5568K, reserved 1048576K
}
Event: 168.993 GC heap before
{Heap before GC invocations=21 (full 12):
 garbage-first heap   total 75776K, used 25371K [0x00000000c0000000, 0x0000000100000000)
  region size 1024K, 1 young (1024K), 0 survivors (0K)
 Metaspace       used 41660K, committed 42240K, reserved 1114112K
  class space    used 5345K, committed 5568K, reserved 1048576K
}
Event: 169.016 GC heap after
{Heap after GC invocations=22 (full 13):
 garbage-first heap   total 75776K, used 25371K [0x00000000c0000000, 0x0000000100000000)
  region size 1024K, 0 young (0K), 0 survivors (0K)
 Metaspace       used 41660K, committed 42240K, reserved 1114112K
  class space    used 5345K, committed 5568K, reserved 1048576K
}
Event: 179.208 GC heap before
{Heap before GC invocations=22 (full 13):
 garbage-first heap   total 75776K, used 25371K [0x00000000c0000000, 0x0000000100000000)
  region size 1024K, 1 young (1024K), 0 survivors (0K)
 Metaspace       used 41660K, committed 42240K, reserved 1114112K
  class space    used 5345K, committed 5568K, reserved 1048576K
}
Event: 179.233 GC heap after
{Heap after GC invocations=23 (full 14):
 garbage-first heap   total 75776K, used 25371K [0x00000000c0000000, 0x0000000100000000)
  region size 1024K, 0 young (0K), 0 survivors (0K)
 Metaspace       used 41660K, committed 42240K, reserved 1114112K
  class space    used 5345K, committed 5568K, reserved 1048576K
}
Event: 189.438 GC heap before
{Heap before GC invocations=23 (full 14):
 garbage-first heap   total 75776K, used 25371K [0x00000000c0000000, 0x0000000100000000)
  region size 1024K, 1 young (1024K), 0 survivors (0K)
 Metaspace       used 41660K, committed 42240K, reserved 1114112K
  class space    used 5345K, committed 5568K, reserved 1048576K
}
Event: 189.464 GC heap after
{Heap after GC invocations=24 (full 15):
 garbage-first heap   total 75776K, used 25371K [0x00000000c0000000, 0x0000000100000000)
  region size 1024K, 0 young (0K), 0 survivors (0K)
 Metaspace       used 41660K, committed 42240K, reserved 1114112K
  class space    used 5345K, committed 5568K, reserved 1048576K
}
Event: 199.657 GC heap before
{Heap before GC invocations=24 (full 15):
 garbage-first heap   total 75776K, used 25371K [0x00000000c0000000, 0x0000000100000000)
  region size 1024K, 1 young (1024K), 0 survivors (0K)
 Metaspace       used 41660K, committed 42240K, reserved 1114112K
  class space    used 5345K, committed 5568K, reserved 1048576K
}
Event: 199.684 GC heap after
{Heap after GC invocations=25 (full 16):
 garbage-first heap   total 75776K, used 25371K [0x00000000c0000000, 0x0000000100000000)
  region size 1024K, 0 young (0K), 0 survivors (0K)
 Metaspace       used 41660K, committed 42240K, reserved 1114112K
  class space    used 5345K, committed 5568K, reserved 1048576K
}
Event: 209.885 GC heap before
{Heap before GC invocations=25 (full 16):
 garbage-first heap   total 75776K, used 25371K [0x00000000c0000000, 0x0000000100000000)
  region size 1024K, 1 young (1024K), 0 survivors (0K)
 Metaspace       used 41660K, committed 42240K, reserved 1114112K
  class space    used 5345K, committed 5568K, reserved 1048576K
}
Event: 209.911 GC heap after
{Heap after GC invocations=26 (full 17):
 garbage-first heap   total 75776K, used 25371K [0x00000000c0000000, 0x0000000100000000)
  region size 1024K, 0 young (0K), 0 survivors (0K)
 Metaspace       used 41660K, committed 42240K, reserved 1114112K
  class space    used 5345K, committed 5568K, reserved 1048576K
}
Event: 220.125 GC heap before
{Heap before GC invocations=26 (full 17):
 garbage-first heap   total 75776K, used 25371K [0x00000000c0000000, 0x0000000100000000)
  region size 1024K, 1 young (1024K), 0 survivors (0K)
 Metaspace       used 41660K, committed 42240K, reserved 1114112K
  class space    used 5345K, committed 5568K, reserved 1048576K
}
Event: 220.153 GC heap after
{Heap after GC invocations=27 (full 18):
 garbage-first heap   total 75776K, used 25371K [0x00000000c0000000, 0x0000000100000000)
  region size 1024K, 0 young (0K), 0 survivors (0K)
 Metaspace       used 41660K, committed 42240K, reserved 1114112K
  class space    used 5345K, committed 5568K, reserved 1048576K
}
Event: 230.349 GC heap before
{Heap before GC invocations=27 (full 18):
 garbage-first heap   total 75776K, used 25371K [0x00000000c0000000, 0x0000000100000000)
  region size 1024K, 1 young (1024K), 0 survivors (0K)
 Metaspace       used 41660K, committed 42240K, reserved 1114112K
  class space    used 5345K, committed 5568K, reserved 1048576K
}
Event: 230.377 GC heap after
{Heap after GC invocations=28 (full 19):
 garbage-first heap   total 75776K, used 25371K [0x00000000c0000000, 0x0000000100000000)
  region size 1024K, 0 young (0K), 0 survivors (0K)
 Metaspace       used 41660K, committed 42240K, reserved 1114112K
  class space    used 5345K, committed 5568K, reserved 1048576K
}

Dll operation events (8 events):
Event: 0.131 Loaded shared library c:\Users\Admin\.vscode\extensions\redhat.java-1.33.0-win32-x64\jre\17.0.11-win32-x86_64\bin\java.dll
Event: 0.355 Loaded shared library C:\Users\Admin\.vscode\extensions\redhat.java-1.33.0-win32-x64\jre\17.0.11-win32-x86_64\bin\net.dll
Event: 0.357 Loaded shared library C:\Users\Admin\.vscode\extensions\redhat.java-1.33.0-win32-x64\jre\17.0.11-win32-x86_64\bin\nio.dll
Event: 0.375 Loaded shared library C:\Users\Admin\.vscode\extensions\redhat.java-1.33.0-win32-x64\jre\17.0.11-win32-x86_64\bin\zip.dll
Event: 0.978 Loaded shared library C:\Users\Admin\.vscode\extensions\redhat.java-1.33.0-win32-x64\jre\17.0.11-win32-x86_64\bin\jimage.dll
Event: 3.062 Loaded shared library c:\Users\Admin\.vscode\extensions\redhat.java-1.33.0-win32-x64\jre\17.0.11-win32-x86_64\bin\verify.dll
Event: 5.782 Loaded shared library C:\Users\Admin\.vscode\extensions\redhat.java-1.33.0-win32-x64\jre\17.0.11-win32-x86_64\bin\management.dll
Event: 5.792 Loaded shared library C:\Users\Admin\.vscode\extensions\redhat.java-1.33.0-win32-x64\jre\17.0.11-win32-x86_64\bin\management_ext.dll

Deoptimization events (4 events):
Event: 6.247 Thread 0x000001ff9c3a5740 DEOPT PACKING pc=0x000001ff8e75bc01 sp=0x000000d403dfddb0
Event: 6.247 Thread 0x000001ff9c3a5740 DEOPT UNPACKING pc=0x000001ff8e1e7143 sp=0x000000d403dfd240 mode 3
Event: 6.258 Thread 0x000001ff9b809520 DEOPT PACKING pc=0x000001ff8e73a997 sp=0x000000d4041ff330
Event: 6.258 Thread 0x000001ff9b809520 DEOPT UNPACKING pc=0x000001ff8e1e7143 sp=0x000000d4041fe788 mode 3

Classes unloaded (20 events):
Event: 66.510 Thread 0x000001ff96320140 Unloading class 0x0000000100268000 'java/lang/invoke/LambdaForm$MH+0x0000000100268000'
Event: 66.510 Thread 0x000001ff96320140 Unloading class 0x0000000100258400 'java/lang/invoke/LambdaForm$DMH+0x0000000100258400'
Event: 66.510 Thread 0x000001ff96320140 Unloading class 0x0000000100096000 'java/lang/invoke/LambdaForm$MH+0x0000000100096000'
Event: 66.510 Thread 0x000001ff96320140 Unloading class 0x0000000100095c00 'java/lang/invoke/LambdaForm$MH+0x0000000100095c00'
Event: 66.510 Thread 0x000001ff96320140 Unloading class 0x0000000100095800 'java/lang/invoke/LambdaForm$MH+0x0000000100095800'
Event: 66.510 Thread 0x000001ff96320140 Unloading class 0x0000000100095400 'java/lang/invoke/LambdaForm$MH+0x0000000100095400'
Event: 66.510 Thread 0x000001ff96320140 Unloading class 0x0000000100095000 'java/lang/invoke/LambdaForm$MH+0x0000000100095000'
Event: 66.510 Thread 0x000001ff96320140 Unloading class 0x0000000100094c00 'java/lang/invoke/LambdaForm$MH+0x0000000100094c00'
Event: 66.510 Thread 0x000001ff96320140 Unloading class 0x0000000100094800 'java/lang/invoke/LambdaForm$MH+0x0000000100094800'
Event: 66.510 Thread 0x000001ff96320140 Unloading class 0x0000000100094400 'java/lang/invoke/LambdaForm$MH+0x0000000100094400'
Event: 66.510 Thread 0x000001ff96320140 Unloading class 0x000000010008e800 'java/lang/invoke/LambdaForm$MH+0x000000010008e800'
Event: 66.510 Thread 0x000001ff96320140 Unloading class 0x000000010008e400 'java/lang/invoke/LambdaForm$MH+0x000000010008e400'
Event: 66.510 Thread 0x000001ff96320140 Unloading class 0x000000010008e000 'java/lang/invoke/LambdaForm$MH+0x000000010008e000'
Event: 66.510 Thread 0x000001ff96320140 Unloading class 0x000000010008dc00 'java/lang/invoke/LambdaForm$MH+0x000000010008dc00'
Event: 66.510 Thread 0x000001ff96320140 Unloading class 0x000000010008d800 'java/lang/invoke/LambdaForm$MH+0x000000010008d800'
Event: 66.510 Thread 0x000001ff96320140 Unloading class 0x000000010008d400 'java/lang/invoke/LambdaForm$MH+0x000000010008d400'
Event: 66.510 Thread 0x000001ff96320140 Unloading class 0x000000010008cc00 'java/lang/invoke/LambdaForm$MH+0x000000010008cc00'
Event: 66.510 Thread 0x000001ff96320140 Unloading class 0x000000010008c800 'java/lang/invoke/LambdaForm$MH+0x000000010008c800'
Event: 66.510 Thread 0x000001ff96320140 Unloading class 0x000000010008c000 'java/lang/invoke/LambdaForm$MH+0x000000010008c000'
Event: 66.510 Thread 0x000001ff96320140 Unloading class 0x000000010008bc00 'java/lang/invoke/LambdaForm$MH+0x000000010008bc00'

Classes redefined (0 events):
No events

Internal exceptions (20 events):
Event: 4.263 Thread 0x000001ff8b4fb290 Exception <a 'java/lang/NoSuchMethodError'{0x00000000c3c5acd0}: 'java.lang.Object java.lang.invoke.DirectMethodHandle$Holder.invokeSpecial(java.lang.Object, java.lang.Object, int, java.lang.Object, java.lang.Object)'> (0x00000000c3c5acd0) 
thrown [s\src\hotspot\share\interpreter\linkResolver.cpp, line 759]
Event: 4.263 Thread 0x000001ff8b4fb290 Exception <a 'java/lang/NoSuchMethodError'{0x00000000c3c5e978}: 'java.lang.Object java.lang.invoke.DelegatingMethodHandle$Holder.delegate(java.lang.Object, int, java.lang.Object, java.lang.Object)'> (0x00000000c3c5e978) 
thrown [s\src\hotspot\share\interpreter\linkResolver.cpp, line 759]
Event: 4.265 Thread 0x000001ff8b4fb290 Exception <a 'java/lang/NoSuchMethodError'{0x00000000c3c6f810}: 'int java.lang.invoke.Invokers$Holder.linkToTargetMethod(java.lang.Object, java.lang.Object, java.lang.Object)'> (0x00000000c3c6f810) 
thrown [s\src\hotspot\share\interpreter\linkResolver.cpp, line 759]
Event: 4.384 Thread 0x000001ff8b4fb290 Exception <a 'java/lang/NoSuchMethodError'{0x00000000c3717f80}: 'java.lang.Object java.lang.invoke.DirectMethodHandle$Holder.invokeStaticInit(java.lang.Object, int, int, int, int)'> (0x00000000c3717f80) 
thrown [s\src\hotspot\share\interpreter\linkResolver.cpp, line 759]
Event: 4.518 Thread 0x000001ff8b4fb290 Exception <a 'java/lang/NoSuchMethodError'{0x00000000c37737e8}: 'java.lang.Object java.lang.invoke.DirectMethodHandle$Holder.invokeStaticInit(java.lang.Object, java.lang.Object, int, int, int, int)'> (0x00000000c37737e8) 
thrown [s\src\hotspot\share\interpreter\linkResolver.cpp, line 759]
Event: 4.773 Thread 0x000001ff8b4fb290 Exception <a 'java/lang/NoSuchMethodError'{0x00000000c5a12970}: 'void java.lang.invoke.DirectMethodHandle$Holder.invokeSpecialIFC(java.lang.Object, java.lang.Object, java.lang.Object)'> (0x00000000c5a12970) 
thrown [s\src\hotspot\share\interpreter\linkResolver.cpp, line 759]
Event: 5.330 Thread 0x000001ff8b4fb290 Exception <a 'java/lang/NoSuchMethodError'{0x00000000c2e396b0}: 'int java.lang.invoke.DirectMethodHandle$Holder.invokeStaticInit(java.lang.Object, java.lang.Object, int, java.lang.Object)'> (0x00000000c2e396b0) 
thrown [s\src\hotspot\share\interpreter\linkResolver.cpp, line 759]
Event: 5.399 Thread 0x000001ff8b4fb290 Exception <a 'java/lang/NoSuchMethodError'{0x00000000c7fd0ce0}: 'void java.lang.invoke.DirectMethodHandle$Holder.invokeSpecial(java.lang.Object, java.lang.Object, java.lang.Object, java.lang.Object, java.lang.Object, java.lang.Object, java.lang.Object)'> (0x00000000c7fd0ce0) 
thrown [s\src\hotspot\share\interpreter\linkResolver.cpp, line 759]
Event: 5.595 Thread 0x000001ff8b4fb290 Exception <a 'java/lang/NoSuchMethodError'{0x00000000c4323c48}: 'java.lang.Object java.lang.invoke.DirectMethodHandle$Holder.invokeInterface(java.lang.Object, java.lang.Object, int)'> (0x00000000c4323c48) 
thrown [s\src\hotspot\share\interpreter\linkResolver.cpp, line 759]
Event: 5.599 Thread 0x000001ff8b4fb290 Exception <a 'java/lang/IncompatibleClassChangeError'{0x00000000c433a9d0}: Found class java.lang.Object, but interface was expected> (0x00000000c433a9d0) 
thrown [s\src\hotspot\share\interpreter\linkResolver.cpp, line 826]
Event: 5.771 Thread 0x000001ff8b4fb290 Exception <a 'java/lang/NoSuchMethodError'{0x00000000c3d46bd8}: 'java.lang.Object java.lang.invoke.DirectMethodHandle$Holder.newInvokeSpecial(java.lang.Object, java.lang.Object, int, java.lang.Object, java.lang.Object)'> (0x00000000c3d46bd8) 
thrown [s\src\hotspot\share\interpreter\linkResolver.cpp, line 759]
Event: 5.773 Thread 0x000001ff8b4fb290 Exception <a 'java/lang/NoSuchMethodError'{0x00000000c3d5dbe0}: 'java.lang.Object java.lang.invoke.DirectMethodHandle$Holder.newInvokeSpecial(java.lang.Object, java.lang.Object, java.lang.Object, int)'> (0x00000000c3d5dbe0) 
thrown [s\src\hotspot\share\interpreter\linkResolver.cpp, line 759]
Event: 5.773 Thread 0x000001ff8b4fb290 Exception <a 'java/lang/NoSuchMethodError'{0x00000000c3d61ec8}: 'java.lang.Object java.lang.invoke.DirectMethodHandle$Holder.invokeSpecial(java.lang.Object, java.lang.Object, java.lang.Object, java.lang.Object, int)'> (0x00000000c3d61ec8) 
thrown [s\src\hotspot\share\interpreter\linkResolver.cpp, line 759]
Event: 5.773 Thread 0x000001ff8b4fb290 Exception <a 'java/lang/NoSuchMethodError'{0x00000000c3d65a90}: 'java.lang.Object java.lang.invoke.Invokers$Holder.linkToTargetMethod(java.lang.Object, java.lang.Object, int, java.lang.Object)'> (0x00000000c3d65a90) 
thrown [s\src\hotspot\share\interpreter\linkResolver.cpp, line 759]
Event: 6.153 Thread 0x000001ff9c21ed90 Exception <a 'java/lang/NoSuchMethodError'{0x00000000c3226668}: 'java.lang.Object java.lang.invoke.DirectMethodHandle$Holder.invokeStatic(java.lang.Object, int, java.lang.Object)'> (0x00000000c3226668) 
thrown [s\src\hotspot\share\interpreter\linkResolver.cpp, line 759]
Event: 6.180 Thread 0x000001ff9c3a5740 Exception <a 'java/lang/NoSuchMethodError'{0x00000000c328e210}: 'java.lang.Object java.lang.invoke.DirectMethodHandle$Holder.invokeStatic(java.lang.Object, java.lang.Object, java.lang.Object, int, java.lang.Object, java.lang.Object)'> (0x00000000c328e210) 
thrown [s\src\hotspot\share\interpreter\linkResolver.cpp, line 759]
Event: 6.861 Thread 0x000001ff9b8080e0 Exception <a 'java/lang/NoSuchMethodError'{0x00000000c432a9f8}: 'int java.lang.invoke.DirectMethodHandle$Holder.invokeStatic(java.lang.Object)'> (0x00000000c432a9f8) 
thrown [s\src\hotspot\share\interpreter\linkResolver.cpp, line 759]
Event: 6.862 Thread 0x000001ff9b8080e0 Exception <a 'java/lang/NoSuchMethodError'{0x00000000c432ddf8}: 'int java.lang.invoke.DirectMethodHandle$Holder.invokeStaticInit(java.lang.Object)'> (0x00000000c432ddf8) 
thrown [s\src\hotspot\share\interpreter\linkResolver.cpp, line 759]
Event: 45.815 Thread 0x000001ff9c2d1310 Exception <a 'java/lang/NoSuchMethodError'{0x00000000c40a4270}: 'void java.lang.invoke.DirectMethodHandle$Holder.invokeStatic(java.lang.Object, long)'> (0x00000000c40a4270) 
thrown [s\src\hotspot\share\interpreter\linkResolver.cpp, line 759]
Event: 45.816 Thread 0x000001ff9c2d1310 Exception <a 'java/lang/NoSuchMethodError'{0x00000000c40a9618}: 'java.lang.Object java.lang.invoke.DirectMethodHandle$Holder.newInvokeSpecial(java.lang.Object, long)'> (0x00000000c40a9618) 
thrown [s\src\hotspot\share\interpreter\linkResolver.cpp, line 759]

VM Operations (20 events):
Event: 148.547 Executing VM operation: G1CollectFull done
Event: 158.775 Executing VM operation: G1CollectFull
Event: 158.806 Executing VM operation: G1CollectFull done
Event: 168.993 Executing VM operation: G1CollectFull
Event: 169.017 Executing VM operation: G1CollectFull done
Event: 179.208 Executing VM operation: G1CollectFull
Event: 179.234 Executing VM operation: G1CollectFull done
Event: 189.438 Executing VM operation: G1CollectFull
Event: 189.465 Executing VM operation: G1CollectFull done
Event: 199.657 Executing VM operation: G1CollectFull
Event: 199.684 Executing VM operation: G1CollectFull done
Event: 209.885 Executing VM operation: G1CollectFull
Event: 209.911 Executing VM operation: G1CollectFull done
Event: 220.125 Executing VM operation: G1CollectFull
Event: 220.153 Executing VM operation: G1CollectFull done
Event: 230.349 Executing VM operation: G1CollectFull
Event: 230.377 Executing VM operation: G1CollectFull done
Event: 231.387 Executing VM operation: Cleanup
Event: 231.387 Executing VM operation: Cleanup done
Event: 240.432 Executing VM operation: G1CollectFull

Events (20 events):
Event: 6.897 loading class java/util/ArrayList$ListItr done
Event: 6.942 loading class java/util/regex/Pattern$1
Event: 6.942 loading class java/util/regex/Pattern$1 done
Event: 12.750 Thread 0x000001ff9bd31e90 Thread exited: 0x000001ff9bd31e90
Event: 12.750 Thread 0x000001ff9666ffb0 Thread exited: 0x000001ff9666ffb0
Event: 12.750 Thread 0x000001ff96682d30 Thread exited: 0x000001ff96682d30
Event: 45.789 loading class java/lang/ProcessBuilder
Event: 45.790 loading class java/lang/ProcessBuilder done
Event: 45.791 loading class java/lang/ProcessImpl
Event: 45.792 loading class java/lang/ProcessImpl done
Event: 45.816 loading class java/lang/ProcessImpl$2
Event: 45.816 loading class java/lang/ProcessImpl$2 done
Event: 45.816 loading class java/lang/Process$PipeInputStream
Event: 45.816 loading class java/lang/Process$PipeInputStream done
Event: 45.817 loading class jdk/internal/event/ProcessStartEvent
Event: 45.817 loading class jdk/internal/event/ProcessStartEvent done
Event: 46.049 loading class java/io/FileOutputStream$1
Event: 46.049 loading class java/io/FileOutputStream$1 done
Event: 66.270 Thread 0x000001ff9b8085f0 Thread exited: 0x000001ff9b8085f0
Event: 67.761 Thread 0x000001ff9b80b890 Thread exited: 0x000001ff9b80b890


Dynamic libraries:
0x00007ff7e4d80000 - 0x00007ff7e4d8e000 	c:\Users\Admin\.vscode\extensions\redhat.java-1.33.0-win32-x64\jre\17.0.11-win32-x86_64\bin\java.exe
0x00007ffa84670000 - 0x00007ffa84868000 	C:\Windows\SYSTEM32\ntdll.dll
0x00007ffa83f20000 - 0x00007ffa83fe1000 	C:\Windows\System32\KERNEL32.DLL
0x00007ffa81e40000 - 0x00007ffa8213d000 	C:\Windows\System32\KERNELBASE.dll
0x00007ffa82260000 - 0x00007ffa82360000 	C:\Windows\System32\ucrtbase.dll
0x00007ffa6ac30000 - 0x00007ffa6ac47000 	c:\Users\Admin\.vscode\extensions\redhat.java-1.33.0-win32-x64\jre\17.0.11-win32-x86_64\bin\jli.dll
0x00007ffa623c0000 - 0x00007ffa623db000 	c:\Users\Admin\.vscode\extensions\redhat.java-1.33.0-win32-x64\jre\17.0.11-win32-x86_64\bin\VCRUNTIME140.dll
0x00007ffa835a0000 - 0x00007ffa8373d000 	C:\Windows\System32\USER32.dll
0x00007ffa76af0000 - 0x00007ffa76d8a000 	C:\Windows\WinSxS\amd64_microsoft.windows.common-controls_6595b64144ccf1df_6.0.19041.4355_none_60b8b9eb71f62e16\COMCTL32.dll
0x00007ffa81d20000 - 0x00007ffa81d42000 	C:\Windows\System32\win32u.dll
0x00007ffa83a10000 - 0x00007ffa83aae000 	C:\Windows\System32\msvcrt.dll
0x00007ffa84550000 - 0x00007ffa8457b000 	C:\Windows\System32\GDI32.dll
0x00007ffa823f0000 - 0x00007ffa82507000 	C:\Windows\System32\gdi32full.dll
0x00007ffa81d50000 - 0x00007ffa81ded000 	C:\Windows\System32\msvcp_win.dll
0x00007ffa833a0000 - 0x00007ffa833cf000 	C:\Windows\System32\IMM32.DLL
0x00007ffa6ae90000 - 0x00007ffa6ae9c000 	c:\Users\Admin\.vscode\extensions\redhat.java-1.33.0-win32-x64\jre\17.0.11-win32-x86_64\bin\vcruntime140_1.dll
0x00007ffa48660000 - 0x00007ffa486ed000 	c:\Users\Admin\.vscode\extensions\redhat.java-1.33.0-win32-x64\jre\17.0.11-win32-x86_64\bin\msvcp140.dll
0x00007ffa34770000 - 0x00007ffa353d2000 	c:\Users\Admin\.vscode\extensions\redhat.java-1.33.0-win32-x64\jre\17.0.11-win32-x86_64\bin\server\jvm.dll
0x00007ffa83960000 - 0x00007ffa83a10000 	C:\Windows\System32\ADVAPI32.dll
0x00007ffa82e10000 - 0x00007ffa82eb0000 	C:\Windows\System32\sechost.dll
0x00007ffa84420000 - 0x00007ffa84543000 	C:\Windows\System32\RPCRT4.dll
0x00007ffa82510000 - 0x00007ffa82537000 	C:\Windows\System32\bcrypt.dll
0x00007ffa81b70000 - 0x00007ffa81bbb000 	C:\Windows\SYSTEM32\POWRPROF.dll
0x00007ffa7ad90000 - 0x00007ffa7ad9a000 	C:\Windows\SYSTEM32\VERSION.dll
0x00007ffa768a0000 - 0x00007ffa768c7000 	C:\Windows\SYSTEM32\WINMM.dll
0x00007ffa6ce60000 - 0x00007ffa6ce69000 	C:\Windows\SYSTEM32\WSOCK32.dll
0x00007ffa83ff0000 - 0x00007ffa8405b000 	C:\Windows\System32\WS2_32.dll
0x00007ffa81b50000 - 0x00007ffa81b62000 	C:\Windows\SYSTEM32\UMPDC.dll
0x00007ffa7fb80000 - 0x00007ffa7fb92000 	C:\Windows\SYSTEM32\kernel.appcore.dll
0x00007ffa6ad10000 - 0x00007ffa6ad1a000 	c:\Users\Admin\.vscode\extensions\redhat.java-1.33.0-win32-x64\jre\17.0.11-win32-x86_64\bin\jimage.dll
0x00007ffa6ce90000 - 0x00007ffa6d074000 	C:\Windows\SYSTEM32\DBGHELP.DLL
0x00007ffa6c810000 - 0x00007ffa6c844000 	C:\Windows\SYSTEM32\dbgcore.DLL
0x00007ffa82360000 - 0x00007ffa823e2000 	C:\Windows\System32\bcryptPrimitives.dll
0x00007ffa62390000 - 0x00007ffa623b5000 	c:\Users\Admin\.vscode\extensions\redhat.java-1.33.0-win32-x64\jre\17.0.11-win32-x86_64\bin\java.dll
0x00007ffa5dc70000 - 0x00007ffa5dc88000 	c:\Users\Admin\.vscode\extensions\redhat.java-1.33.0-win32-x64\jre\17.0.11-win32-x86_64\bin\zip.dll
0x00007ffa826a0000 - 0x00007ffa82e0f000 	C:\Windows\System32\SHELL32.dll
0x00007ffa7fd80000 - 0x00007ffa8051f000 	C:\Windows\SYSTEM32\windows.storage.dll
0x00007ffa84060000 - 0x00007ffa843b3000 	C:\Windows\System32\combase.dll
0x00007ffa81590000 - 0x00007ffa815be000 	C:\Windows\SYSTEM32\Wldp.dll
0x00007ffa833e0000 - 0x00007ffa834ad000 	C:\Windows\System32\OLEAUT32.dll
0x00007ffa84580000 - 0x00007ffa8462d000 	C:\Windows\System32\SHCORE.dll
0x00007ffa843c0000 - 0x00007ffa84415000 	C:\Windows\System32\shlwapi.dll
0x00007ffa81c50000 - 0x00007ffa81c74000 	C:\Windows\SYSTEM32\profapi.dll
0x00007ffa52740000 - 0x00007ffa52759000 	C:\Users\Admin\.vscode\extensions\redhat.java-1.33.0-win32-x64\jre\17.0.11-win32-x86_64\bin\net.dll
0x00007ffa7c480000 - 0x00007ffa7c58d000 	C:\Windows\SYSTEM32\WINHTTP.dll
0x00007ffa81370000 - 0x00007ffa813da000 	C:\Windows\system32\mswsock.dll
0x00007ffa50bd0000 - 0x00007ffa50be6000 	C:\Users\Admin\.vscode\extensions\redhat.java-1.33.0-win32-x64\jre\17.0.11-win32-x86_64\bin\nio.dll
0x00007ffa6abc0000 - 0x00007ffa6abd0000 	c:\Users\Admin\.vscode\extensions\redhat.java-1.33.0-win32-x64\jre\17.0.11-win32-x86_64\bin\verify.dll
0x00007ffa81610000 - 0x00007ffa81628000 	C:\Windows\SYSTEM32\CRYPTSP.dll
0x00007ffa80cb0000 - 0x00007ffa80ce4000 	C:\Windows\system32\rsaenh.dll
0x00007ffa81bc0000 - 0x00007ffa81bee000 	C:\Windows\SYSTEM32\USERENV.dll
0x00007ffa81500000 - 0x00007ffa8150c000 	C:\Windows\SYSTEM32\CRYPTBASE.dll
0x00007ffa81070000 - 0x00007ffa810ab000 	C:\Windows\SYSTEM32\IPHLPAPI.DLL
0x00007ffa82eb0000 - 0x00007ffa82eb8000 	C:\Windows\System32\NSI.dll
0x00007ffa7bb30000 - 0x00007ffa7bb47000 	C:\Windows\SYSTEM32\dhcpcsvc6.DLL
0x00007ffa7bb10000 - 0x00007ffa7bb2d000 	C:\Windows\SYSTEM32\dhcpcsvc.DLL
0x00007ffa810b0000 - 0x00007ffa8117a000 	C:\Windows\SYSTEM32\DNSAPI.dll
0x00007ffa6c690000 - 0x00007ffa6c699000 	C:\Users\Admin\.vscode\extensions\redhat.java-1.33.0-win32-x64\jre\17.0.11-win32-x86_64\bin\management.dll
0x00007ffa6c0d0000 - 0x00007ffa6c0db000 	C:\Users\Admin\.vscode\extensions\redhat.java-1.33.0-win32-x64\jre\17.0.11-win32-x86_64\bin\management_ext.dll
0x00007ffa83950000 - 0x00007ffa83958000 	C:\Windows\System32\PSAPI.DLL

dbghelp: loaded successfully - version: 4.0.5 - missing functions: none
symbol engine: initialized successfully - sym options: 0x614 - pdb path: .;c:\Users\Admin\.vscode\extensions\redhat.java-1.33.0-win32-x64\jre\17.0.11-win32-x86_64\bin;C:\Windows\SYSTEM32;C:\Windows\WinSxS\amd64_microsoft.windows.common-controls_6595b64144ccf1df_6.0.19041.4355_none_60b8b9eb71f62e16;c:\Users\Admin\.vscode\extensions\redhat.java-1.33.0-win32-x64\jre\17.0.11-win32-x86_64\bin\server

VM Arguments:
jvm_args: -Xmx1024m -Dsts.lsp.client=vscode -Dsts.log.file=/dev/null -XX:TieredStopAtLevel=1 -Xlog:jni+resolve=off -Dspring.config.location=file:c:\Users\Admin\.vscode\extensions\vmware.vscode-spring-boot-1.56.0\language-server\BOOT-INF\classes\application.properties 
java_command: org.springframework.ide.vscode.boot.app.BootLanguageServerBootApp
java_class_path (initial): c:\Users\Admin\.vscode\extensions\vmware.vscode-spring-boot-1.56.0\language-server\BOOT-INF\classes;c:\Users\Admin\.vscode\extensions\vmware.vscode-spring-boot-1.56.0\language-server\BOOT-INF\lib\annotations-24.1.0.jar;c:\Users\Admin\.vscode\extensions\vmware.vscode-spring-boot-1.56.0\language-server\BOOT-INF\lib\antlr4-runtime-4.13.1.jar;c:\Users\Admin\.vscode\extensions\vmware.vscode-spring-boot-1.56.0\language-server\BOOT-INF\lib\asm-9.7.jar;c:\Users\Admin\.vscode\extensions\vmware.vscode-spring-boot-1.56.0\language-server\BOOT-INF\lib\asm-analysis-9.7.jar;c:\Users\Admin\.vscode\extensions\vmware.vscode-spring-boot-1.56.0\language-server\BOOT-INF\lib\asm-tree-9.7.jar;c:\Users\Admin\.vscode\extensions\vmware.vscode-spring-boot-1.56.0\language-server\BOOT-INF\lib\asm-util-9.7.jar;c:\Users\Admin\.vscode\extensions\vmware.vscode-spring-boot-1.56.0\language-server\BOOT-INF\lib\caffeine-3.1.8.jar;c:\Users\Admin\.vscode\extensions\vmware.vscode-spring-boot-1.56.0\language-server\BOOT-INF\lib\checker-qual-3.12.0.jar;c:\Users\Admin\.vscode\extensions\vmware.vscode-spring-boot-1.56.0\language-server\BOOT-INF\lib\classgraph-4.8.149.jar;c:\Users\Admin\.vscode\extensions\vmware.vscode-spring-boot-1.56.0\language-server\BOOT-INF\lib\commons-codec-1.16.1.jar;c:\Users\Admin\.vscode\extensions\vmware.vscode-spring-boot-1.56.0\language-server\BOOT-INF\lib\commons-compress-1.26.2.jar;c:\Users\Admin\.vscode\extensions\vmware.vscode-spring-boot-1.56.0\language-server\BOOT-INF\lib\commons-io-2.16.1.jar;c:\Users\Admin\.vscode\extensions\vmware.vscode-spring-boot-1.56.0\language-server\BOOT-INF\lib\commons-java-1.56.0-SNAPSHOT.jar;c:\Users\Admin\.vscode\extensions\vmware.vscode-spring-boot-1.56.0\language-server\BOOT-INF\lib\commons-lang3-3.14.0.jar;c:\Users\Admin\.vscode\extensions\vmware.vscode-spring-boot-1.56.0\language-server\BOOT-INF\lib\commons-language-server-1.56.0-SNAPSHOT.jar;c:\Users\Admin\.vscode\extensions\vmware.vscode-spring-boot-1.56.0\langu
Launcher Type: SUN_STANDARD

[Global flags]
     intx CICompilerCount                          = 4                                         {product} {ergonomic}
     uint ConcGCThreads                            = 2                                         {product} {ergonomic}
     uint G1ConcRefinementThreads                  = 8                                         {product} {ergonomic}
   size_t G1HeapRegionSize                         = 1048576                                   {product} {ergonomic}
    uintx GCDrainStackTargetSize                   = 64                                        {product} {ergonomic}
   size_t InitialHeapSize                          = 134217728                                 {product} {ergonomic}
   size_t MarkStackSize                            = 4194304                                   {product} {ergonomic}
   size_t MaxHeapSize                              = 1073741824                                {product} {command line}
   size_t MaxNewSize                               = 643825664                                 {product} {ergonomic}
   size_t MinHeapDeltaBytes                        = 1048576                                   {product} {ergonomic}
   size_t MinHeapSize                              = 8388608                                   {product} {ergonomic}
    uintx NonProfiledCodeHeapSize                  = 0                                      {pd product} {ergonomic}
     bool ProfileInterpreter                       = false                                  {pd product} {command line}
    uintx ProfiledCodeHeapSize                     = 0                                      {pd product} {ergonomic}
   size_t SoftMaxHeapSize                          = 1073741824                             {manageable} {ergonomic}
     intx TieredStopAtLevel                        = 1                                         {product} {command line}
     bool UseCompressedClassPointers               = true                           {product lp64_product} {ergonomic}
     bool UseCompressedOops                        = true                           {product lp64_product} {ergonomic}
     bool UseG1GC                                  = true                                      {product} {ergonomic}
     bool UseLargePagesIndividualAllocation        = false                                  {pd product} {ergonomic}

Logging:
Log output configuration:
 #0: stdout all=warning,jni+resolve=off uptime,level,tags
 #1: stderr all=off uptime,level,tags

Environment Variables:
JAVA_HOME=C:\Program Files\java\jdk-17
PATH=C:\Program Files\Common Files\Oracle\Java\javapath;C:\Python312\Scripts\;C:\Python312\;C:\Windows\system32;C:\Windows;C:\Windows\System32\Wbem;C:\Windows\System32\WindowsPowerShell\v1.0\;C:\Windows\System32\OpenSSH\;C:\xampp\php;C:\ProgramData\ComposerSetup\bin;C:\Program Files\Git\cmd;C:\Program Files\java\openlogic-openjdk-8u402-b06-windows-64\bin;C:\Program Files\nodejs\node_modules\npm\bin;C:\Program Files\nodejs\;C:\ProgramData\chocolatey\bin;C:\Users\Admin\Downloads\apache-maven-3.9.6-bin\apache-maven-3.9.6\bin;C:\Program Files\Docker\Docker\resources\bin;C:\Program Files\java\jdk-17\bin;;C:\Program Files\Git LFS;C:\Program Files\PuTTY\;C:\Users\Admin\AppData\Local\Programs\Python\Python311\Scripts\;C:\Users\Admin\AppData\Local\Programs\Python\Python311\;C:\Users\Admin\AppData\Local\Microsoft\WindowsApps;C:\ngrok;C:\Program Files\JetBrains\PyCharm Community Edition 2023.2.5\bin;;C:\Users\Admin\AppData\Local\Programs\Microsoft VS Code\bin;C:\Users\Admin\AppData\Roaming\Composer\vendor\bin;C:\Users\Admin\AppData\Local\GitHubDesktop\bin;"C:\Program Files\nodejs;C:\Users\Admin\AppData\Roaming\npm";C:\Users\Admin\AppData\Roaming\npm
USERNAME=Admin
OS=Windows_NT
PROCESSOR_IDENTIFIER=Intel64 Family 6 Model 94 Stepping 3, GenuineIntel
TMP=C:\Users\Admin\AppData\Local\Temp
TEMP=C:\Users\Admin\AppData\Local\Temp



Periodic native trim disabled


---------------  S Y S T E M  ---------------

OS:
 Windows 10 , 64 bit Build 19041 (10.0.19041.4717)
OS uptime: 17 days 20:08 hours
Hyper-V role detected

CPU: total 8 (initial active 8) (4 cores per cpu, 2 threads per core) family 6 model 94 stepping 3 microcode 0xf2, cx8, cmov, fxsr, ht, mmx, 3dnowpref, sse, sse2, sse3, ssse3, sse4.1, sse4.2, popcnt, lzcnt, tsc, tscinvbit, avx, avx2, aes, erms, clmul, bmi1, bmi2, rtm, adx, fma, vzeroupper, clflush, clflushopt, hv
Processor Information for all 8 processors :
  Max Mhz: 3408, Current Mhz: 3408, Mhz Limit: 3408

Memory: 4k page, system-wide physical 8075M (399M free)
TotalPageFile size 32651M (AvailPageFile size 11M)
current process WorkingSet (physical memory assigned to process): 153M, peak: 172M
current process commit charge ("private bytes"): 210M, peak: 234M

vm_info: OpenJDK 64-Bit Server VM (17.0.11+9) for windows-amd64 JRE (17.0.11+9), built on Apr 17 2024 06:07:48 by "admin" with MS VC++ 16.10 / 16.11 (VS2019)

END.
