#
# There is insufficient memory for the Java Runtime Environment to continue.
# Native memory allocation (malloc) failed to allocate 1048576 bytes. Error detail: AllocateHeap
# Possible reasons:
#   The system is out of physical RAM or swap space
#   This process is running with CompressedOops enabled, and the Java Heap may be blocking the growth of the native heap
# Possible solutions:
#   Reduce memory load on the system
#   Increase physical memory or swap space
#   Check if swap backing store is full
#   Decrease Java heap size (-Xmx/-Xms)
#   Decrease number of Java threads
#   Decrease Java thread stack sizes (-Xss)
#   Set larger code cache with -XX:ReservedCodeCacheSize=
#   JVM is running with Unscaled Compressed Oops mode in which the Java heap is
#     placed in the first 4GB address space. The Java Heap base address is the
#     maximum limit for the native heap growth. Please use -XX:HeapBaseMinAddress
#     to set the Java Heap base and to place the Java Heap above 4GB virtual address.
# This output file may be truncated or incomplete.
#
#  Out of Memory Error (allocation.cpp:44), pid=14360, tid=17536
#
# JRE version: OpenJDK Runtime Environment Temurin-17.0.11+9 (17.0.11+9) (build 17.0.11+9)
# Java VM: OpenJDK 64-Bit Server VM Temurin-17.0.11+9 (17.0.11+9, mixed mode, emulated-client, tiered, compressed oops, compressed class ptrs, g1 gc, windows-amd64)
# No core dump will be written. Minidumps are not enabled by default on client versions of Windows
#

---------------  S U M M A R Y ------------

Command Line: -Xmx1024m -Dsts.lsp.client=vscode -Dsts.log.file=/dev/null -XX:TieredStopAtLevel=1 -Xlog:jni+resolve=off -Dspring.config.location=file:c:\Users\Admin\.vscode\extensions\vmware.vscode-spring-boot-1.56.0\language-server\BOOT-INF\classes\application.properties org.springframework.ide.vscode.boot.app.BootLanguageServerBootApp

Host: Intel(R) Core(TM) i7-6700 CPU @ 3.40GHz, 8 cores, 7G,  Windows 10 , 64 bit Build 19041 (10.0.19041.4717)
Time: Wed Sep 11 16:04:11 2024 India Standard Time elapsed time: 9349.615578 seconds (0d 2h 35m 49s)

---------------  T H R E A D  ---------------

Current thread (0x000001d07625fd00):  VMThread "VM Thread" [stack: 0x00000088e0700000,0x00000088e0800000] [id=17536]

Stack: [0x00000088e0700000,0x00000088e0800000]
Native frames: (J=compiled Java code, j=interpreted, Vv=VM code, C=native code)
V  [jvm.dll+0x67d429]
V  [jvm.dll+0x834b7a]
V  [jvm.dll+0x83663e]
V  [jvm.dll+0x836ca3]
V  [jvm.dll+0x247dbf]
V  [jvm.dll+0xa6cb3]
V  [jvm.dll+0x2f8ad3]
V  [jvm.dll+0x2f4750]
V  [jvm.dll+0x2dcf67]
V  [jvm.dll+0x31fb67]
V  [jvm.dll+0x83b19b]
V  [jvm.dll+0x83bed2]
V  [jvm.dll+0x83c3ed]
V  [jvm.dll+0x83c7c4]
V  [jvm.dll+0x83c890]
V  [jvm.dll+0x7e410a]
V  [jvm.dll+0x67c315]
C  [ucrtbase.dll+0x21bb2]
C  [KERNEL32.DLL+0x17374]
C  [ntdll.dll+0x4cc91]

VM_Operation (0x00000088e1ffeb60): G1CollectFull, mode: safepoint, requested by thread 0x000001d07bcfc1e0


---------------  P R O C E S S  ---------------

Threads class SMR info:
_java_thread_list=0x000001d07c06faa0, length=27, elements={
0x000001d076274740, 0x000001d076275840, 0x000001d0762a9130, 0x000001d0762a9fb0,
0x000001d0762abf80, 0x000001d0762ae950, 0x000001d0763bdda0, 0x000001d0763ca710,
0x000001d0765ce6f0, 0x000001d0765cf270, 0x000001d07bec5060, 0x000001d07bcfc1e0,
0x000001d07bef8870, 0x000001d06b48a5c0, 0x000001d07c01b730, 0x000001d07c012830,
0x000001d07c03ba90, 0x000001d07c04ecf0, 0x000001d07c015470, 0x000001d07c015980,
0x000001d07c015e90, 0x000001d07c0163a0, 0x000001d07c016dc0, 0x000001d07c095780,
0x000001d07c098510, 0x000001d07c09a370, 0x000001d07c098a20
}

Java Threads: ( => current thread )
  0x000001d076274740 JavaThread "Reference Handler" daemon [_thread_blocked, id=26104, stack(0x00000088e0800000,0x00000088e0900000)]
  0x000001d076275840 JavaThread "Finalizer" daemon [_thread_blocked, id=10684, stack(0x00000088e0900000,0x00000088e0a00000)]
  0x000001d0762a9130 JavaThread "Signal Dispatcher" daemon [_thread_blocked, id=6520, stack(0x00000088e0a00000,0x00000088e0b00000)]
  0x000001d0762a9fb0 JavaThread "Attach Listener" daemon [_thread_blocked, id=26520, stack(0x00000088e0b00000,0x00000088e0c00000)]
  0x000001d0762abf80 JavaThread "Service Thread" daemon [_thread_blocked, id=16468, stack(0x00000088e0c00000,0x00000088e0d00000)]
  0x000001d0762ae950 JavaThread "Monitor Deflation Thread" daemon [_thread_blocked, id=8848, stack(0x00000088e0d00000,0x00000088e0e00000)]
  0x000001d0763bdda0 JavaThread "C1 CompilerThread0" daemon [_thread_blocked, id=18144, stack(0x00000088e0e00000,0x00000088e0f00000)]
  0x000001d0763ca710 JavaThread "Sweeper thread" daemon [_thread_blocked, id=23748, stack(0x00000088e0f00000,0x00000088e1000000)]
  0x000001d0765ce6f0 JavaThread "Notification Thread" daemon [_thread_blocked, id=25792, stack(0x00000088e1100000,0x00000088e1200000)]
  0x000001d0765cf270 JavaThread "Common-Cleaner" daemon [_thread_blocked, id=20580, stack(0x00000088e1300000,0x00000088e1400000)]
  0x000001d07bec5060 JavaThread "boundedElastic-evictor-1" daemon [_thread_blocked, id=20932, stack(0x00000088e1a00000,0x00000088e1b00000)]
  0x000001d07bcfc1e0 JavaThread "pool-13-thread-1" [_thread_blocked, id=21084, stack(0x00000088e1f00000,0x00000088e2000000)]
  0x000001d07bef8870 JavaThread "LanguageServerApp-lifecycle" [_thread_blocked, id=19648, stack(0x00000088e2000000,0x00000088e2100000)]
  0x000001d06b48a5c0 JavaThread "DestroyJavaVM" [_thread_blocked, id=25996, stack(0x00000088e0100000,0x00000088e0200000)]
  0x000001d07c01b730 JavaThread "pool-14-thread-1" [_thread_in_native, id=12908, stack(0x00000088e2100000,0x00000088e2200000)]
  0x000001d07c012830 JavaThread "Simple-Language-Server main thread" daemon [_thread_blocked, id=22652, stack(0x00000088e2200000,0x00000088e2300000)]
  0x000001d07c03ba90 JavaThread "parallel-1" daemon [_thread_blocked, id=3688, stack(0x00000088e2300000,0x00000088e2400000)]
  0x000001d07c04ecf0 JavaThread "pool-8-thread-1" [_thread_blocked, id=16080, stack(0x00000088e2400000,0x00000088e2500000)]
  0x000001d07c015470 JavaThread "parallel-2" daemon [_thread_blocked, id=1756, stack(0x00000088e2500000,0x00000088e2600000)]
  0x000001d07c015980 JavaThread "parallel-3" daemon [_thread_blocked, id=24240, stack(0x00000088e2600000,0x00000088e2700000)]
  0x000001d07c015e90 JavaThread "parallel-4" daemon [_thread_blocked, id=25652, stack(0x00000088e2700000,0x00000088e2800000)]
  0x000001d07c0163a0 JavaThread "parallel-5" daemon [_thread_blocked, id=23900, stack(0x00000088e2800000,0x00000088e2900000)]
  0x000001d07c016dc0 JavaThread "pool-6-thread-1" [_thread_blocked, id=25868, stack(0x00000088e2a00000,0x00000088e2b00000)]
  0x000001d07c095780 JavaThread "parallel-6" daemon [_thread_blocked, id=16436, stack(0x00000088e2b00000,0x00000088e2c00000)]
  0x000001d07c098510 JavaThread "parallel-7" daemon [_thread_blocked, id=17496, stack(0x00000088e2c00000,0x00000088e2d00000)]
  0x000001d07c09a370 JavaThread "parallel-8" daemon [_thread_blocked, id=13328, stack(0x00000088e2d00000,0x00000088e2e00000)]
  0x000001d07c098a20 JavaThread "Reconciler-1" daemon [_thread_blocked, id=19072, stack(0x00000088e2f00000,0x00000088e3000000)]

Other Threads:
=>0x000001d07625fd00 VMThread "VM Thread" [stack: 0x00000088e0700000,0x00000088e0800000] [id=17536]
  0x000001d0765cebd0 WatcherThread [stack: 0x00000088e1200000,0x00000088e1300000] [id=3244]
  0x000001d06b4c7a90 GCTaskThread "GC Thread#0" [stack: 0x00000088e0200000,0x00000088e0300000] [id=23192]
  0x000001d076de8b00 GCTaskThread "GC Thread#1" [stack: 0x00000088e1400000,0x00000088e1500000] [id=21112]
  0x000001d076de82c0 GCTaskThread "GC Thread#2" [stack: 0x00000088e1500000,0x00000088e1600000] [id=25800]
  0x000001d076de8dc0 GCTaskThread "GC Thread#3" [stack: 0x00000088e1600000,0x00000088e1700000] [id=25352]
  0x000001d076de77c0 GCTaskThread "GC Thread#4" [stack: 0x00000088e1700000,0x00000088e1800000] [id=3260]
  0x000001d076de7d40 GCTaskThread "GC Thread#5" [stack: 0x00000088e1800000,0x00000088e1900000] [id=20796]
  0x000001d076de8840 GCTaskThread "GC Thread#6" [stack: 0x00000088e1c00000,0x00000088e1d00000] [id=6380]
  0x000001d076de9080 GCTaskThread "GC Thread#7" [stack: 0x00000088e1d00000,0x00000088e1e00000] [id=20968]
  0x000001d06b4d09e0 ConcurrentGCThread "G1 Main Marker" [stack: 0x00000088e0300000,0x00000088e0400000] [id=23108]
  0x000001d06b4d2410 ConcurrentGCThread "G1 Conc#0" [stack: 0x00000088e0400000,0x00000088e0500000] [id=25436]
  0x000001d076de8580 ConcurrentGCThread "G1 Conc#1" [stack: 0x00000088e1e00000,0x00000088e1f00000] [id=15420]
  0x000001d0760d20b0 ConcurrentGCThread "G1 Refine#0" [stack: 0x00000088e0500000,0x00000088e0600000] [id=23340]
  0x000001d0760d2ae0 ConcurrentGCThread "G1 Service" [stack: 0x00000088e0600000,0x00000088e0700000] [id=25780]

Threads with active compile tasks:

VM state: at safepoint (normal execution)

VM Mutex/Monitor currently owned by a thread:  ([mutex/lock_event])
[0x000001d0692fae60] Threads_lock - owner thread: 0x000001d07625fd00
[0x000001d06b486de0] Heap_lock - owner thread: 0x000001d07bcfc1e0

Heap address: 0x00000000c0000000, size: 1024 MB, Compressed Oops mode: 32-bit

CDS archive(s) not mapped
Compressed class space mapped at: 0x0000000100000000-0x0000000140000000, reserved size: 1073741824
Narrow klass base: 0x0000000000000000, Narrow klass shift: 3, Narrow klass range: 0x140000000

GC Precious Log:
 CPUs: 8 total, 8 available
 Memory: 8075M
 Large Page Support: Disabled
 NUMA Support: Disabled
 Compressed Oops: Enabled (32-bit)
 Heap Region Size: 1M
 Heap Min Capacity: 8M
 Heap Initial Capacity: 128M
 Heap Max Capacity: 1G
 Pre-touch: Disabled
 Parallel Workers: 8
 Concurrent Workers: 2
 Concurrent Refinement Workers: 8
 Periodic GC: Disabled

Heap:
 garbage-first heap   total 75776K, used 25413K [0x00000000c0000000, 0x0000000100000000)
  region size 1024K, 1 young (1024K), 0 survivors (0K)
 Metaspace       used 41658K, committed 42240K, reserved 1114112K
  class space    used 5343K, committed 5568K, reserved 1048576K

Heap Regions: E=young(eden), S=young(survivor), O=old, HS=humongous(starts), HC=humongous(continues), CS=collection set, F=free, OA=open archive, CA=closed archive, TAMS=top-at-mark-start (previous, next)
|   0|0x00000000c0000000, 0x00000000c0100000, 0x00000000c0100000|100%|HS|  |TAMS 0x00000000c0100000, 0x00000000c0000000| Untracked 
|   1|0x00000000c0100000, 0x00000000c0200000, 0x00000000c0200000|100%|HC|  |TAMS 0x00000000c0200000, 0x00000000c0100000| Untracked 
|   2|0x00000000c0200000, 0x00000000c0300000, 0x00000000c0300000|100%|HC|  |TAMS 0x00000000c0300000, 0x00000000c0200000| Untracked 
|   3|0x00000000c0300000, 0x00000000c0400000, 0x00000000c0400000|100%|HC|  |TAMS 0x00000000c0400000, 0x00000000c0300000| Untracked 
|   4|0x00000000c0400000, 0x00000000c0500000, 0x00000000c0500000|100%|HS|  |TAMS 0x00000000c0500000, 0x00000000c0400000| Untracked 
|   5|0x00000000c0500000, 0x00000000c0600000, 0x00000000c0600000|100%|HC|  |TAMS 0x00000000c0600000, 0x00000000c0500000| Untracked 
|   6|0x00000000c0600000, 0x00000000c0700000, 0x00000000c0700000|100%| O|  |TAMS 0x00000000c0700000, 0x00000000c0600000| Untracked 
|   7|0x00000000c0700000, 0x00000000c0800000, 0x00000000c0800000|100%| O|  |TAMS 0x00000000c0800000, 0x00000000c0700000| Untracked 
|   8|0x00000000c0800000, 0x00000000c0900000, 0x00000000c0900000|100%| O|  |TAMS 0x00000000c0900000, 0x00000000c0800000| Untracked 
|   9|0x00000000c0900000, 0x00000000c0a00000, 0x00000000c0a00000|100%| O|  |TAMS 0x00000000c0a00000, 0x00000000c0900000| Untracked 
|  10|0x00000000c0a00000, 0x00000000c0afd4a8, 0x00000000c0b00000| 98%| O|  |TAMS 0x00000000c0afd4a8, 0x00000000c0a00000| Untracked 
|  11|0x00000000c0b00000, 0x00000000c0c00000, 0x00000000c0c00000|100%| O|  |TAMS 0x00000000c0c00000, 0x00000000c0b00000| Untracked 
|  12|0x00000000c0c00000, 0x00000000c0cfffe8, 0x00000000c0d00000| 99%| O|  |TAMS 0x00000000c0cfffe8, 0x00000000c0c00000| Untracked 
|  13|0x00000000c0d00000, 0x00000000c0e00000, 0x00000000c0e00000|100%| O|  |TAMS 0x00000000c0e00000, 0x00000000c0d00000| Untracked 
|  14|0x00000000c0e00000, 0x00000000c0f00000, 0x00000000c0f00000|100%| O|  |TAMS 0x00000000c0f00000, 0x00000000c0e00000| Untracked 
|  15|0x00000000c0f00000, 0x00000000c0fffff0, 0x00000000c1000000| 99%| O|  |TAMS 0x00000000c0fffff0, 0x00000000c0f00000| Untracked 
|  16|0x00000000c1000000, 0x00000000c10fffe8, 0x00000000c1100000| 99%| O|  |TAMS 0x00000000c10fffe8, 0x00000000c1000000| Untracked 
|  17|0x00000000c1100000, 0x00000000c11ffff0, 0x00000000c1200000| 99%| O|  |TAMS 0x00000000c11ffff0, 0x00000000c1100000| Untracked 
|  18|0x00000000c1200000, 0x00000000c12fffa0, 0x00000000c1300000| 99%| O|  |TAMS 0x00000000c12fffa0, 0x00000000c1200000| Untracked 
|  19|0x00000000c1300000, 0x00000000c13fffa8, 0x00000000c1400000| 99%| O|  |TAMS 0x00000000c13fffa8, 0x00000000c1300000| Untracked 
|  20|0x00000000c1400000, 0x00000000c14fffe8, 0x00000000c1500000| 99%| O|  |TAMS 0x00000000c14fffe8, 0x00000000c1400000| Untracked 
|  21|0x00000000c1500000, 0x00000000c1600000, 0x00000000c1600000|100%| O|  |TAMS 0x00000000c1600000, 0x00000000c1500000| Untracked 
|  22|0x00000000c1600000, 0x00000000c16fe270, 0x00000000c1700000| 99%| O|  |TAMS 0x00000000c16fe270, 0x00000000c1600000| Untracked 
|  23|0x00000000c1700000, 0x00000000c17d5f38, 0x00000000c1800000| 83%| O|  |TAMS 0x00000000c1700000, 0x00000000c1700000| Untracked 
|  24|0x00000000c1800000, 0x00000000c1800068, 0x00000000c1900000|  0%| O|  |TAMS 0x00000000c1800000, 0x00000000c1800000| Untracked 
|  25|0x00000000c1900000, 0x00000000c19fffe8, 0x00000000c1a00000| 99%| O|  |TAMS 0x00000000c19fffe8, 0x00000000c1900000| Untracked 
|  26|0x00000000c1a00000, 0x00000000c1a00000, 0x00000000c1b00000|  0%| F|  |TAMS 0x00000000c1a00000, 0x00000000c1a00000| Untracked 
|  27|0x00000000c1b00000, 0x00000000c1b00000, 0x00000000c1c00000|  0%| F|  |TAMS 0x00000000c1b00000, 0x00000000c1b00000| Untracked 
|  28|0x00000000c1c00000, 0x00000000c1c00000, 0x00000000c1d00000|  0%| F|  |TAMS 0x00000000c1c00000, 0x00000000c1c00000| Untracked 
|  29|0x00000000c1d00000, 0x00000000c1d00000, 0x00000000c1e00000|  0%| F|  |TAMS 0x00000000c1d00000, 0x00000000c1d00000| Untracked 
|  30|0x00000000c1e00000, 0x00000000c1e00000, 0x00000000c1f00000|  0%| F|  |TAMS 0x00000000c1e00000, 0x00000000c1e00000| Untracked 
|  31|0x00000000c1f00000, 0x00000000c1f00000, 0x00000000c2000000|  0%| F|  |TAMS 0x00000000c1f00000, 0x00000000c1f00000| Untracked 
|  32|0x00000000c2000000, 0x00000000c2000000, 0x00000000c2100000|  0%| F|  |TAMS 0x00000000c2000000, 0x00000000c2000000| Untracked 
|  33|0x00000000c2100000, 0x00000000c2100000, 0x00000000c2200000|  0%| F|  |TAMS 0x00000000c2100000, 0x00000000c2100000| Untracked 
|  34|0x00000000c2200000, 0x00000000c2200000, 0x00000000c2300000|  0%| F|  |TAMS 0x00000000c2200000, 0x00000000c2200000| Untracked 
|  35|0x00000000c2300000, 0x00000000c2300000, 0x00000000c2400000|  0%| F|  |TAMS 0x00000000c2300000, 0x00000000c2300000| Untracked 
|  36|0x00000000c2400000, 0x00000000c2400000, 0x00000000c2500000|  0%| F|  |TAMS 0x00000000c2400000, 0x00000000c2400000| Untracked 
|  37|0x00000000c2500000, 0x00000000c2500000, 0x00000000c2600000|  0%| F|  |TAMS 0x00000000c2500000, 0x00000000c2500000| Untracked 
|  38|0x00000000c2600000, 0x00000000c2600000, 0x00000000c2700000|  0%| F|  |TAMS 0x00000000c2600000, 0x00000000c2600000| Untracked 
|  39|0x00000000c2700000, 0x00000000c2700000, 0x00000000c2800000|  0%| F|  |TAMS 0x00000000c2700000, 0x00000000c2700000| Untracked 
|  40|0x00000000c2800000, 0x00000000c2800000, 0x00000000c2900000|  0%| F|  |TAMS 0x00000000c2800000, 0x00000000c2800000| Untracked 
|  41|0x00000000c2900000, 0x00000000c2900000, 0x00000000c2a00000|  0%| F|  |TAMS 0x00000000c2900000, 0x00000000c2900000| Untracked 
|  42|0x00000000c2a00000, 0x00000000c2a00000, 0x00000000c2b00000|  0%| F|  |TAMS 0x00000000c2a00000, 0x00000000c2a00000| Untracked 
|  43|0x00000000c2b00000, 0x00000000c2b00000, 0x00000000c2c00000|  0%| F|  |TAMS 0x00000000c2b00000, 0x00000000c2b00000| Untracked 
|  44|0x00000000c2c00000, 0x00000000c2c00000, 0x00000000c2d00000|  0%| F|  |TAMS 0x00000000c2c00000, 0x00000000c2c00000| Untracked 
|  45|0x00000000c2d00000, 0x00000000c2d00000, 0x00000000c2e00000|  0%| F|  |TAMS 0x00000000c2d00000, 0x00000000c2d00000| Untracked 
|  46|0x00000000c2e00000, 0x00000000c2e00000, 0x00000000c2f00000|  0%| F|  |TAMS 0x00000000c2e00000, 0x00000000c2e00000| Untracked 
|  47|0x00000000c2f00000, 0x00000000c2f00000, 0x00000000c3000000|  0%| F|  |TAMS 0x00000000c2f00000, 0x00000000c2f00000| Untracked 
|  48|0x00000000c3000000, 0x00000000c3000000, 0x00000000c3100000|  0%| F|  |TAMS 0x00000000c3000000, 0x00000000c3000000| Untracked 
|  49|0x00000000c3100000, 0x00000000c3100000, 0x00000000c3200000|  0%| F|  |TAMS 0x00000000c3100000, 0x00000000c3100000| Untracked 
|  50|0x00000000c3200000, 0x00000000c3200000, 0x00000000c3300000|  0%| F|  |TAMS 0x00000000c3200000, 0x00000000c3200000| Untracked 
|  51|0x00000000c3300000, 0x00000000c3300000, 0x00000000c3400000|  0%| F|  |TAMS 0x00000000c3300000, 0x00000000c3300000| Untracked 
|  52|0x00000000c3400000, 0x00000000c3400000, 0x00000000c3500000|  0%| F|  |TAMS 0x00000000c3400000, 0x00000000c3400000| Untracked 
|  53|0x00000000c3500000, 0x00000000c3500000, 0x00000000c3600000|  0%| F|  |TAMS 0x00000000c3500000, 0x00000000c3500000| Untracked 
|  54|0x00000000c3600000, 0x00000000c3600000, 0x00000000c3700000|  0%| F|  |TAMS 0x00000000c3600000, 0x00000000c3600000| Untracked 
|  55|0x00000000c3700000, 0x00000000c3700000, 0x00000000c3800000|  0%| F|  |TAMS 0x00000000c3700000, 0x00000000c3700000| Untracked 
|  56|0x00000000c3800000, 0x00000000c3800000, 0x00000000c3900000|  0%| F|  |TAMS 0x00000000c3800000, 0x00000000c3800000| Untracked 
|  57|0x00000000c3900000, 0x00000000c3900000, 0x00000000c3a00000|  0%| F|  |TAMS 0x00000000c3900000, 0x00000000c3900000| Untracked 
|  58|0x00000000c3a00000, 0x00000000c3a00000, 0x00000000c3b00000|  0%| F|  |TAMS 0x00000000c3a00000, 0x00000000c3a00000| Untracked 
|  59|0x00000000c3b00000, 0x00000000c3b00000, 0x00000000c3c00000|  0%| F|  |TAMS 0x00000000c3b00000, 0x00000000c3b00000| Untracked 
|  60|0x00000000c3c00000, 0x00000000c3c00000, 0x00000000c3d00000|  0%| F|  |TAMS 0x00000000c3c00000, 0x00000000c3c00000| Untracked 
|  61|0x00000000c3d00000, 0x00000000c3d00000, 0x00000000c3e00000|  0%| F|  |TAMS 0x00000000c3d00000, 0x00000000c3d00000| Untracked 
|  62|0x00000000c3e00000, 0x00000000c3e00000, 0x00000000c3f00000|  0%| F|  |TAMS 0x00000000c3e00000, 0x00000000c3e00000| Untracked 
|  63|0x00000000c3f00000, 0x00000000c3f00000, 0x00000000c4000000|  0%| F|  |TAMS 0x00000000c3f00000, 0x00000000c3f00000| Untracked 
|  64|0x00000000c4000000, 0x00000000c4000000, 0x00000000c4100000|  0%| F|  |TAMS 0x00000000c4000000, 0x00000000c4000000| Untracked 
|  65|0x00000000c4100000, 0x00000000c4100000, 0x00000000c4200000|  0%| F|  |TAMS 0x00000000c4100000, 0x00000000c4100000| Untracked 
|  66|0x00000000c4200000, 0x00000000c4200000, 0x00000000c4300000|  0%| F|  |TAMS 0x00000000c4200000, 0x00000000c4200000| Untracked 
|  67|0x00000000c4300000, 0x00000000c4300000, 0x00000000c4400000|  0%| F|  |TAMS 0x00000000c4300000, 0x00000000c4300000| Untracked 
|  86|0x00000000c5600000, 0x00000000c5600000, 0x00000000c5700000|  0%| F|  |TAMS 0x00000000c5600000, 0x00000000c5600000| Untracked 
|  87|0x00000000c5700000, 0x00000000c5700000, 0x00000000c5800000|  0%| F|  |TAMS 0x00000000c5700000, 0x00000000c5700000| Untracked 
|  88|0x00000000c5800000, 0x00000000c5800000, 0x00000000c5900000|  0%| F|  |TAMS 0x00000000c5800000, 0x00000000c5800000| Untracked 
|  89|0x00000000c5900000, 0x00000000c5900000, 0x00000000c5a00000|  0%| F|  |TAMS 0x00000000c5900000, 0x00000000c5900000| Untracked 
|  90|0x00000000c5a00000, 0x00000000c5a00000, 0x00000000c5b00000|  0%| F|  |TAMS 0x00000000c5a00000, 0x00000000c5a00000| Untracked 
| 127|0x00000000c7f00000, 0x00000000c7f23da8, 0x00000000c8000000| 14%| E|  |TAMS 0x00000000c7f00000, 0x00000000c7f00000| Complete 

Card table byte_map: [0x000001d071430000,0x000001d071630000] _byte_map_base: 0x000001d070e30000

Marking Bits (Prev, Next): (CMBitMap*) 0x000001d06b4c80b0, (CMBitMap*) 0x000001d06b4c80f0
 Prev Bits: [0x000001d071830000, 0x000001d072830000)
 Next Bits: [0x000001d072830000, 0x000001d073830000)

Polling page: 0x000001d0693e0000

Metaspace:

Usage:
  Non-class:     35.46 MB used.
      Class:      5.22 MB used.
       Both:     40.68 MB used.

Virtual space:
  Non-class space:       64.00 MB reserved,      35.81 MB ( 56%) committed,  1 nodes.
      Class space:        1.00 GB reserved,       5.44 MB ( <1%) committed,  1 nodes.
             Both:        1.06 GB reserved,      41.25 MB (  4%) committed. 

Chunk freelists:
   Non-Class:  11.58 MB
       Class:  10.59 MB
        Both:  22.17 MB

MaxMetaspaceSize: unlimited
CompressedClassSpaceSize: 1.00 GB
Initial GC threshold: 21.00 MB
Current GC threshold: 68.75 MB
CDS: off
MetaspaceReclaimPolicy: balanced
 - commit_granule_bytes: 65536.
 - commit_granule_words: 8192.
 - virtual_space_node_default_size: 8388608.
 - enlarge_chunks_in_place: 1.
 - new_chunks_are_fully_committed: 0.
 - uncommit_free_chunks: 1.
 - use_allocation_guard: 0.
 - handle_deallocations: 1.


Internal statistics:

num_allocs_failed_limit: 6.
num_arena_births: 502.
num_arena_deaths: 152.
num_vsnodes_births: 2.
num_vsnodes_deaths: 0.
num_space_committed: 659.
num_space_uncommitted: 0.
num_chunks_returned_to_freelist: 175.
num_chunks_taken_from_freelist: 1752.
num_chunk_merges: 55.
num_chunk_splits: 1219.
num_chunks_enlarged: 937.
num_inconsistent_stats: 0.

CodeCache: size=49152Kb used=7185Kb max_used=8619Kb free=41966Kb
 bounds [0x000001d06e120000, 0x000001d06e990000, 0x000001d071120000]
 total_blobs=4438 nmethods=3887 adapters=478
 compilation: enabled
              stopped_count=0, restarted_count=0
 full_count=0

Compilation events (20 events):
Event: 2652.240 Thread 0x000001d0763bdda0 3874       1       java.lang.invoke.LambdaForm$DMH/0x000000010057c400::newInvokeSpecial (23 bytes)
Event: 2652.241 Thread 0x000001d0763bdda0 nmethod 3874 0x000001d06e28b190 code [0x000001d06e28b340, 0x000001d06e28b4c8]
Event: 2652.401 Thread 0x000001d0763bdda0 3875   !   1       java.io.FilterOutputStream::close (183 bytes)
Event: 2652.427 Thread 0x000001d0763bdda0 nmethod 3875 0x000001d06e28a010 code [0x000001d06e28a220, 0x000001d06e28a6f8]
Event: 2652.427 Thread 0x000001d0763bdda0 3880       1       java.lang.ProcessImpl$$Lambda$814/0x00000001003e5490::run (8 bytes)
Event: 2652.427 Thread 0x000001d0763bdda0 nmethod 3880 0x000001d06e289d10 code [0x000001d06e289ea0, 0x000001d06e289f88]
Event: 2652.427 Thread 0x000001d0763bdda0 3881       1       java.lang.ProcessImpl::lambda$new$0 (6 bytes)
Event: 2652.427 Thread 0x000001d0763bdda0 nmethod 3881 0x000001d06e289a10 code [0x000001d06e289ba0, 0x000001d06e289c68]
Event: 2652.427 Thread 0x000001d0763bdda0 3876   !   1       java.io.FileOutputStream::close (69 bytes)
Event: 2652.431 Thread 0x000001d0763bdda0 nmethod 3876 0x000001d06e289390 code [0x000001d06e289560, 0x000001d06e2898d8]
Event: 2652.431 Thread 0x000001d0763bdda0 3877       1       java.io.FileOutputStream$1::<init> (10 bytes)
Event: 2652.431 Thread 0x000001d0763bdda0 nmethod 3877 0x000001d06e289090 code [0x000001d06e289220, 0x000001d06e289338]
Event: 2652.431 Thread 0x000001d0763bdda0 3878       1       java.io.FileOutputStream$1::close (11 bytes)
Event: 2652.431 Thread 0x000001d0763bdda0 nmethod 3878 0x000001d06e288a10 code [0x000001d06e288bc0, 0x000001d06e288ed8]
Event: 3960.875 Thread 0x000001d0763bdda0 3884       1       java.lang.ProcessImpl$2::run (242 bytes)
Event: 3960.898 Thread 0x000001d0763bdda0 nmethod 3884 0x000001d06e286b90 code [0x000001d06e286e40, 0x000001d06e287bd8]
Event: 3960.898 Thread 0x000001d0763bdda0 3885       1       java.io.BufferedOutputStream::<init> (9 bytes)
Event: 3960.899 Thread 0x000001d0763bdda0 nmethod 3885 0x000001d06e286610 code [0x000001d06e2867a0, 0x000001d06e286a78]
Event: 3960.899 Thread 0x000001d0763bdda0 3886       1       java.lang.ProcessImpl::waitFor (136 bytes)
Event: 3960.902 Thread 0x000001d0763bdda0 nmethod 3886 0x000001d06e285d90 code [0x000001d06e285fa0, 0x000001d06e2863d8]

GC Heap History (20 events):
Event: 9245.692 GC heap before
{Heap before GC invocations=911 (full 900):
 garbage-first heap   total 75776K, used 25413K [0x00000000c0000000, 0x0000000100000000)
  region size 1024K, 1 young (1024K), 0 survivors (0K)
 Metaspace       used 41658K, committed 42240K, reserved 1114112K
  class space    used 5343K, committed 5568K, reserved 1048576K
}
Event: 9245.720 GC heap after
{Heap after GC invocations=912 (full 901):
 garbage-first heap   total 75776K, used 25413K [0x00000000c0000000, 0x0000000100000000)
  region size 1024K, 0 young (0K), 0 survivors (0K)
 Metaspace       used 41658K, committed 42240K, reserved 1114112K
  class space    used 5343K, committed 5568K, reserved 1048576K
}
Event: 9256.046 GC heap before
{Heap before GC invocations=912 (full 901):
 garbage-first heap   total 75776K, used 25413K [0x00000000c0000000, 0x0000000100000000)
  region size 1024K, 1 young (1024K), 0 survivors (0K)
 Metaspace       used 41658K, committed 42240K, reserved 1114112K
  class space    used 5343K, committed 5568K, reserved 1048576K
}
Event: 9256.077 GC heap after
{Heap after GC invocations=913 (full 902):
 garbage-first heap   total 75776K, used 25413K [0x00000000c0000000, 0x0000000100000000)
  region size 1024K, 0 young (0K), 0 survivors (0K)
 Metaspace       used 41658K, committed 42240K, reserved 1114112K
  class space    used 5343K, committed 5568K, reserved 1048576K
}
Event: 9266.873 GC heap before
{Heap before GC invocations=913 (full 902):
 garbage-first heap   total 75776K, used 25413K [0x00000000c0000000, 0x0000000100000000)
  region size 1024K, 1 young (1024K), 0 survivors (0K)
 Metaspace       used 41658K, committed 42240K, reserved 1114112K
  class space    used 5343K, committed 5568K, reserved 1048576K
}
Event: 9266.903 GC heap after
{Heap after GC invocations=914 (full 903):
 garbage-first heap   total 75776K, used 25413K [0x00000000c0000000, 0x0000000100000000)
  region size 1024K, 0 young (0K), 0 survivors (0K)
 Metaspace       used 41658K, committed 42240K, reserved 1114112K
  class space    used 5343K, committed 5568K, reserved 1048576K
}
Event: 9277.291 GC heap before
{Heap before GC invocations=914 (full 903):
 garbage-first heap   total 75776K, used 25413K [0x00000000c0000000, 0x0000000100000000)
  region size 1024K, 1 young (1024K), 0 survivors (0K)
 Metaspace       used 41658K, committed 42240K, reserved 1114112K
  class space    used 5343K, committed 5568K, reserved 1048576K
}
Event: 9277.322 GC heap after
{Heap after GC invocations=915 (full 904):
 garbage-first heap   total 75776K, used 25413K [0x00000000c0000000, 0x0000000100000000)
  region size 1024K, 0 young (0K), 0 survivors (0K)
 Metaspace       used 41658K, committed 42240K, reserved 1114112K
  class space    used 5343K, committed 5568K, reserved 1048576K
}
Event: 9287.629 GC heap before
{Heap before GC invocations=915 (full 904):
 garbage-first heap   total 75776K, used 25413K [0x00000000c0000000, 0x0000000100000000)
  region size 1024K, 1 young (1024K), 0 survivors (0K)
 Metaspace       used 41658K, committed 42240K, reserved 1114112K
  class space    used 5343K, committed 5568K, reserved 1048576K
}
Event: 9287.658 GC heap after
{Heap after GC invocations=916 (full 905):
 garbage-first heap   total 75776K, used 25413K [0x00000000c0000000, 0x0000000100000000)
  region size 1024K, 0 young (0K), 0 survivors (0K)
 Metaspace       used 41658K, committed 42240K, reserved 1114112K
  class space    used 5343K, committed 5568K, reserved 1048576K
}
Event: 9297.871 GC heap before
{Heap before GC invocations=916 (full 905):
 garbage-first heap   total 75776K, used 25413K [0x00000000c0000000, 0x0000000100000000)
  region size 1024K, 1 young (1024K), 0 survivors (0K)
 Metaspace       used 41658K, committed 42240K, reserved 1114112K
  class space    used 5343K, committed 5568K, reserved 1048576K
}
Event: 9297.898 GC heap after
{Heap after GC invocations=917 (full 906):
 garbage-first heap   total 75776K, used 25413K [0x00000000c0000000, 0x0000000100000000)
  region size 1024K, 0 young (0K), 0 survivors (0K)
 Metaspace       used 41658K, committed 42240K, reserved 1114112K
  class space    used 5343K, committed 5568K, reserved 1048576K
}
Event: 9308.161 GC heap before
{Heap before GC invocations=917 (full 906):
 garbage-first heap   total 75776K, used 25413K [0x00000000c0000000, 0x0000000100000000)
  region size 1024K, 1 young (1024K), 0 survivors (0K)
 Metaspace       used 41658K, committed 42240K, reserved 1114112K
  class space    used 5343K, committed 5568K, reserved 1048576K
}
Event: 9308.188 GC heap after
{Heap after GC invocations=918 (full 907):
 garbage-first heap   total 75776K, used 25413K [0x00000000c0000000, 0x0000000100000000)
  region size 1024K, 0 young (0K), 0 survivors (0K)
 Metaspace       used 41658K, committed 42240K, reserved 1114112K
  class space    used 5343K, committed 5568K, reserved 1048576K
}
Event: 9318.506 GC heap before
{Heap before GC invocations=918 (full 907):
 garbage-first heap   total 75776K, used 25413K [0x00000000c0000000, 0x0000000100000000)
  region size 1024K, 1 young (1024K), 0 survivors (0K)
 Metaspace       used 41658K, committed 42240K, reserved 1114112K
  class space    used 5343K, committed 5568K, reserved 1048576K
}
Event: 9318.535 GC heap after
{Heap after GC invocations=919 (full 908):
 garbage-first heap   total 75776K, used 25413K [0x00000000c0000000, 0x0000000100000000)
  region size 1024K, 0 young (0K), 0 survivors (0K)
 Metaspace       used 41658K, committed 42240K, reserved 1114112K
  class space    used 5343K, committed 5568K, reserved 1048576K
}
Event: 9328.913 GC heap before
{Heap before GC invocations=919 (full 908):
 garbage-first heap   total 75776K, used 25413K [0x00000000c0000000, 0x0000000100000000)
  region size 1024K, 1 young (1024K), 0 survivors (0K)
 Metaspace       used 41658K, committed 42240K, reserved 1114112K
  class space    used 5343K, committed 5568K, reserved 1048576K
}
Event: 9328.939 GC heap after
{Heap after GC invocations=920 (full 909):
 garbage-first heap   total 75776K, used 25413K [0x00000000c0000000, 0x0000000100000000)
  region size 1024K, 0 young (0K), 0 survivors (0K)
 Metaspace       used 41658K, committed 42240K, reserved 1114112K
  class space    used 5343K, committed 5568K, reserved 1048576K
}
Event: 9339.380 GC heap before
{Heap before GC invocations=920 (full 909):
 garbage-first heap   total 75776K, used 25413K [0x00000000c0000000, 0x0000000100000000)
  region size 1024K, 1 young (1024K), 0 survivors (0K)
 Metaspace       used 41658K, committed 42240K, reserved 1114112K
  class space    used 5343K, committed 5568K, reserved 1048576K
}
Event: 9339.416 GC heap after
{Heap after GC invocations=921 (full 910):
 garbage-first heap   total 75776K, used 25413K [0x00000000c0000000, 0x0000000100000000)
  region size 1024K, 0 young (0K), 0 survivors (0K)
 Metaspace       used 41658K, committed 42240K, reserved 1114112K
  class space    used 5343K, committed 5568K, reserved 1048576K
}

Dll operation events (8 events):
Event: 0.014 Loaded shared library c:\Users\Admin\.vscode\extensions\redhat.java-1.33.0-win32-x64\jre\17.0.11-win32-x86_64\bin\java.dll
Event: 0.333 Loaded shared library C:\Users\Admin\.vscode\extensions\redhat.java-1.33.0-win32-x64\jre\17.0.11-win32-x86_64\bin\net.dll
Event: 0.335 Loaded shared library C:\Users\Admin\.vscode\extensions\redhat.java-1.33.0-win32-x64\jre\17.0.11-win32-x86_64\bin\nio.dll
Event: 0.344 Loaded shared library C:\Users\Admin\.vscode\extensions\redhat.java-1.33.0-win32-x64\jre\17.0.11-win32-x86_64\bin\zip.dll
Event: 0.665 Loaded shared library C:\Users\Admin\.vscode\extensions\redhat.java-1.33.0-win32-x64\jre\17.0.11-win32-x86_64\bin\jimage.dll
Event: 2.383 Loaded shared library c:\Users\Admin\.vscode\extensions\redhat.java-1.33.0-win32-x64\jre\17.0.11-win32-x86_64\bin\verify.dll
Event: 4.875 Loaded shared library C:\Users\Admin\.vscode\extensions\redhat.java-1.33.0-win32-x64\jre\17.0.11-win32-x86_64\bin\management.dll
Event: 4.878 Loaded shared library C:\Users\Admin\.vscode\extensions\redhat.java-1.33.0-win32-x64\jre\17.0.11-win32-x86_64\bin\management_ext.dll

Deoptimization events (4 events):
Event: 5.258 Thread 0x000001d07c01b730 DEOPT PACKING pc=0x000001d06e6edf81 sp=0x00000088e21fd970
Event: 5.258 Thread 0x000001d07c01b730 DEOPT UNPACKING pc=0x000001d06e177143 sp=0x00000088e21fce00 mode 3
Event: 5.270 Thread 0x000001d07c015470 DEOPT PACKING pc=0x000001d06e6ce297 sp=0x00000088e25fedf0
Event: 5.270 Thread 0x000001d07c015470 DEOPT UNPACKING pc=0x000001d06e177143 sp=0x00000088e25fe248 mode 3

Classes unloaded (20 events):
Event: 65.621 Thread 0x000001d07625fd00 Unloading class 0x0000000100268000 'java/lang/invoke/LambdaForm$MH+0x0000000100268000'
Event: 65.621 Thread 0x000001d07625fd00 Unloading class 0x0000000100258400 'java/lang/invoke/LambdaForm$DMH+0x0000000100258400'
Event: 65.621 Thread 0x000001d07625fd00 Unloading class 0x0000000100096000 'java/lang/invoke/LambdaForm$MH+0x0000000100096000'
Event: 65.621 Thread 0x000001d07625fd00 Unloading class 0x0000000100095c00 'java/lang/invoke/LambdaForm$MH+0x0000000100095c00'
Event: 65.621 Thread 0x000001d07625fd00 Unloading class 0x0000000100095800 'java/lang/invoke/LambdaForm$MH+0x0000000100095800'
Event: 65.621 Thread 0x000001d07625fd00 Unloading class 0x0000000100095400 'java/lang/invoke/LambdaForm$MH+0x0000000100095400'
Event: 65.621 Thread 0x000001d07625fd00 Unloading class 0x0000000100095000 'java/lang/invoke/LambdaForm$MH+0x0000000100095000'
Event: 65.621 Thread 0x000001d07625fd00 Unloading class 0x0000000100094c00 'java/lang/invoke/LambdaForm$MH+0x0000000100094c00'
Event: 65.621 Thread 0x000001d07625fd00 Unloading class 0x0000000100094800 'java/lang/invoke/LambdaForm$MH+0x0000000100094800'
Event: 65.621 Thread 0x000001d07625fd00 Unloading class 0x0000000100094400 'java/lang/invoke/LambdaForm$MH+0x0000000100094400'
Event: 65.621 Thread 0x000001d07625fd00 Unloading class 0x000000010008e800 'java/lang/invoke/LambdaForm$MH+0x000000010008e800'
Event: 65.621 Thread 0x000001d07625fd00 Unloading class 0x000000010008e400 'java/lang/invoke/LambdaForm$MH+0x000000010008e400'
Event: 65.621 Thread 0x000001d07625fd00 Unloading class 0x000000010008e000 'java/lang/invoke/LambdaForm$MH+0x000000010008e000'
Event: 65.621 Thread 0x000001d07625fd00 Unloading class 0x000000010008dc00 'java/lang/invoke/LambdaForm$MH+0x000000010008dc00'
Event: 65.621 Thread 0x000001d07625fd00 Unloading class 0x000000010008d800 'java/lang/invoke/LambdaForm$MH+0x000000010008d800'
Event: 65.621 Thread 0x000001d07625fd00 Unloading class 0x000000010008d400 'java/lang/invoke/LambdaForm$MH+0x000000010008d400'
Event: 65.621 Thread 0x000001d07625fd00 Unloading class 0x000000010008cc00 'java/lang/invoke/LambdaForm$MH+0x000000010008cc00'
Event: 65.621 Thread 0x000001d07625fd00 Unloading class 0x000000010008c800 'java/lang/invoke/LambdaForm$MH+0x000000010008c800'
Event: 65.621 Thread 0x000001d07625fd00 Unloading class 0x000000010008c000 'java/lang/invoke/LambdaForm$MH+0x000000010008c000'
Event: 65.621 Thread 0x000001d07625fd00 Unloading class 0x000000010008bc00 'java/lang/invoke/LambdaForm$MH+0x000000010008bc00'

Classes redefined (0 events):
No events

Internal exceptions (20 events):
Event: 3.554 Thread 0x000001d06b48a5c0 Exception <a 'java/lang/NoSuchMethodError'{0x00000000c3d913a8}: 'java.lang.Object java.lang.invoke.DirectMethodHandle$Holder.invokeSpecial(java.lang.Object, java.lang.Object, int, java.lang.Object, java.lang.Object)'> (0x00000000c3d913a8) 
thrown [s\src\hotspot\share\interpreter\linkResolver.cpp, line 759]
Event: 3.554 Thread 0x000001d06b48a5c0 Exception <a 'java/lang/NoSuchMethodError'{0x00000000c3d95050}: 'java.lang.Object java.lang.invoke.DelegatingMethodHandle$Holder.delegate(java.lang.Object, int, java.lang.Object, java.lang.Object)'> (0x00000000c3d95050) 
thrown [s\src\hotspot\share\interpreter\linkResolver.cpp, line 759]
Event: 3.556 Thread 0x000001d06b48a5c0 Exception <a 'java/lang/NoSuchMethodError'{0x00000000c3da5ed8}: 'int java.lang.invoke.Invokers$Holder.linkToTargetMethod(java.lang.Object, java.lang.Object, java.lang.Object)'> (0x00000000c3da5ed8) 
thrown [s\src\hotspot\share\interpreter\linkResolver.cpp, line 759]
Event: 3.682 Thread 0x000001d06b48a5c0 Exception <a 'java/lang/NoSuchMethodError'{0x00000000c384ee78}: 'java.lang.Object java.lang.invoke.DirectMethodHandle$Holder.invokeStaticInit(java.lang.Object, int, int, int, int)'> (0x00000000c384ee78) 
thrown [s\src\hotspot\share\interpreter\linkResolver.cpp, line 759]
Event: 3.752 Thread 0x000001d06b48a5c0 Exception <a 'java/lang/NoSuchMethodError'{0x00000000c38aa6e0}: 'java.lang.Object java.lang.invoke.DirectMethodHandle$Holder.invokeStaticInit(java.lang.Object, java.lang.Object, int, int, int, int)'> (0x00000000c38aa6e0) 
thrown [s\src\hotspot\share\interpreter\linkResolver.cpp, line 759]
Event: 3.973 Thread 0x000001d06b48a5c0 Exception <a 'java/lang/NoSuchMethodError'{0x00000000c2f2b420}: 'void java.lang.invoke.DirectMethodHandle$Holder.invokeSpecialIFC(java.lang.Object, java.lang.Object, java.lang.Object)'> (0x00000000c2f2b420) 
thrown [s\src\hotspot\share\interpreter\linkResolver.cpp, line 759]
Event: 4.441 Thread 0x000001d06b48a5c0 Exception <a 'java/lang/NoSuchMethodError'{0x00000000c3358118}: 'int java.lang.invoke.DirectMethodHandle$Holder.invokeStaticInit(java.lang.Object, java.lang.Object, int, java.lang.Object)'> (0x00000000c3358118) 
thrown [s\src\hotspot\share\interpreter\linkResolver.cpp, line 759]
Event: 4.512 Thread 0x000001d06b48a5c0 Exception <a 'java/lang/NoSuchMethodError'{0x00000000c7fcf130}: 'void java.lang.invoke.DirectMethodHandle$Holder.invokeSpecial(java.lang.Object, java.lang.Object, java.lang.Object, java.lang.Object, java.lang.Object, java.lang.Object, java.lang.Object)'> (0x00000000c7fcf130) 
thrown [s\src\hotspot\share\interpreter\linkResolver.cpp, line 759]
Event: 4.705 Thread 0x000001d06b48a5c0 Exception <a 'java/lang/NoSuchMethodError'{0x00000000c4320c28}: 'java.lang.Object java.lang.invoke.DirectMethodHandle$Holder.invokeInterface(java.lang.Object, java.lang.Object, int)'> (0x00000000c4320c28) 
thrown [s\src\hotspot\share\interpreter\linkResolver.cpp, line 759]
Event: 4.707 Thread 0x000001d06b48a5c0 Exception <a 'java/lang/IncompatibleClassChangeError'{0x00000000c43379b0}: Found class java.lang.Object, but interface was expected> (0x00000000c43379b0) 
thrown [s\src\hotspot\share\interpreter\linkResolver.cpp, line 826]
Event: 4.866 Thread 0x000001d06b48a5c0 Exception <a 'java/lang/NoSuchMethodError'{0x00000000c3d31230}: 'java.lang.Object java.lang.invoke.DirectMethodHandle$Holder.newInvokeSpecial(java.lang.Object, java.lang.Object, int, java.lang.Object, java.lang.Object)'> (0x00000000c3d31230) 
thrown [s\src\hotspot\share\interpreter\linkResolver.cpp, line 759]
Event: 4.868 Thread 0x000001d06b48a5c0 Exception <a 'java/lang/NoSuchMethodError'{0x00000000c3d48238}: 'java.lang.Object java.lang.invoke.DirectMethodHandle$Holder.newInvokeSpecial(java.lang.Object, java.lang.Object, java.lang.Object, int)'> (0x00000000c3d48238) 
thrown [s\src\hotspot\share\interpreter\linkResolver.cpp, line 759]
Event: 4.868 Thread 0x000001d06b48a5c0 Exception <a 'java/lang/NoSuchMethodError'{0x00000000c3d4c520}: 'java.lang.Object java.lang.invoke.DirectMethodHandle$Holder.invokeSpecial(java.lang.Object, java.lang.Object, java.lang.Object, java.lang.Object, int)'> (0x00000000c3d4c520) 
thrown [s\src\hotspot\share\interpreter\linkResolver.cpp, line 759]
Event: 4.869 Thread 0x000001d06b48a5c0 Exception <a 'java/lang/NoSuchMethodError'{0x00000000c3d500e8}: 'java.lang.Object java.lang.invoke.Invokers$Holder.linkToTargetMethod(java.lang.Object, java.lang.Object, int, java.lang.Object)'> (0x00000000c3d500e8) 
thrown [s\src\hotspot\share\interpreter\linkResolver.cpp, line 759]
Event: 5.183 Thread 0x000001d07c01b730 Exception <a 'java/lang/NoSuchMethodError'{0x00000000c33b0448}: 'java.lang.Object java.lang.invoke.DirectMethodHandle$Holder.invokeStatic(java.lang.Object, java.lang.Object, java.lang.Object, int, java.lang.Object, java.lang.Object)'> (0x00000000c33b0448) 
thrown [s\src\hotspot\share\interpreter\linkResolver.cpp, line 759]
Event: 5.187 Thread 0x000001d07c012830 Exception <a 'java/lang/NoSuchMethodError'{0x00000000c33c6358}: 'java.lang.Object java.lang.invoke.DirectMethodHandle$Holder.invokeStatic(java.lang.Object, int, java.lang.Object)'> (0x00000000c33c6358) 
thrown [s\src\hotspot\share\interpreter\linkResolver.cpp, line 759]
Event: 5.841 Thread 0x000001d07c098a20 Exception <a 'java/lang/NoSuchMethodError'{0x00000000c56917c0}: 'int java.lang.invoke.DirectMethodHandle$Holder.invokeStatic(java.lang.Object)'> (0x00000000c56917c0) 
thrown [s\src\hotspot\share\interpreter\linkResolver.cpp, line 759]
Event: 5.841 Thread 0x000001d07c098a20 Exception <a 'java/lang/NoSuchMethodError'{0x00000000c5694bc0}: 'int java.lang.invoke.DirectMethodHandle$Holder.invokeStaticInit(java.lang.Object)'> (0x00000000c5694bc0) 
thrown [s\src\hotspot\share\interpreter\linkResolver.cpp, line 759]
Event: 44.920 Thread 0x000001d07bcfc1e0 Exception <a 'java/lang/NoSuchMethodError'{0x00000000c4020880}: 'void java.lang.invoke.DirectMethodHandle$Holder.invokeStatic(java.lang.Object, long)'> (0x00000000c4020880) 
thrown [s\src\hotspot\share\interpreter\linkResolver.cpp, line 759]
Event: 44.921 Thread 0x000001d07bcfc1e0 Exception <a 'java/lang/NoSuchMethodError'{0x00000000c4025c28}: 'java.lang.Object java.lang.invoke.DirectMethodHandle$Holder.newInvokeSpecial(java.lang.Object, long)'> (0x00000000c4025c28) 
thrown [s\src\hotspot\share\interpreter\linkResolver.cpp, line 759]

VM Operations (20 events):
Event: 9245.720 Executing VM operation: G1CollectFull done
Event: 9256.046 Executing VM operation: G1CollectFull
Event: 9256.077 Executing VM operation: G1CollectFull done
Event: 9266.873 Executing VM operation: G1CollectFull
Event: 9266.903 Executing VM operation: G1CollectFull done
Event: 9277.291 Executing VM operation: G1CollectFull
Event: 9277.323 Executing VM operation: G1CollectFull done
Event: 9287.628 Executing VM operation: G1CollectFull
Event: 9287.659 Executing VM operation: G1CollectFull done
Event: 9297.870 Executing VM operation: G1CollectFull
Event: 9297.898 Executing VM operation: G1CollectFull done
Event: 9308.161 Executing VM operation: G1CollectFull
Event: 9308.188 Executing VM operation: G1CollectFull done
Event: 9318.506 Executing VM operation: G1CollectFull
Event: 9318.535 Executing VM operation: G1CollectFull done
Event: 9328.913 Executing VM operation: G1CollectFull
Event: 9328.939 Executing VM operation: G1CollectFull done
Event: 9339.379 Executing VM operation: G1CollectFull
Event: 9339.416 Executing VM operation: G1CollectFull done
Event: 9349.580 Executing VM operation: G1CollectFull

Events (20 events):
Event: 5.873 loading class java/util/ArrayList$ListItr done
Event: 5.917 loading class java/util/regex/Pattern$1
Event: 5.917 loading class java/util/regex/Pattern$1 done
Event: 11.036 Thread 0x000001d07b6db900 Thread exited: 0x000001d07b6db900
Event: 11.036 Thread 0x000001d07b55de60 Thread exited: 0x000001d07b55de60
Event: 14.776 Thread 0x000001d0765bb160 Thread exited: 0x000001d0765bb160
Event: 44.879 loading class java/lang/ProcessBuilder
Event: 44.881 loading class java/lang/ProcessBuilder done
Event: 44.881 loading class java/lang/ProcessImpl
Event: 44.882 loading class java/lang/ProcessImpl done
Event: 44.922 loading class java/lang/ProcessImpl$2
Event: 44.922 loading class java/lang/ProcessImpl$2 done
Event: 44.922 loading class java/lang/Process$PipeInputStream
Event: 44.922 loading class java/lang/Process$PipeInputStream done
Event: 44.923 loading class jdk/internal/event/ProcessStartEvent
Event: 44.924 loading class jdk/internal/event/ProcessStartEvent done
Event: 45.146 loading class java/io/FileOutputStream$1
Event: 45.146 loading class java/io/FileOutputStream$1 done
Event: 65.279 Thread 0x000001d07c094d60 Thread exited: 0x000001d07c094d60
Event: 66.035 Thread 0x000001d07c0168b0 Thread exited: 0x000001d07c0168b0


Dynamic libraries:
0x00007ff7e4d80000 - 0x00007ff7e4d8e000 	c:\Users\Admin\.vscode\extensions\redhat.java-1.33.0-win32-x64\jre\17.0.11-win32-x86_64\bin\java.exe
0x00007ffa84670000 - 0x00007ffa84868000 	C:\Windows\SYSTEM32\ntdll.dll
0x00007ffa83f20000 - 0x00007ffa83fe1000 	C:\Windows\System32\KERNEL32.DLL
0x00007ffa81e40000 - 0x00007ffa8213d000 	C:\Windows\System32\KERNELBASE.dll
0x00007ffa82260000 - 0x00007ffa82360000 	C:\Windows\System32\ucrtbase.dll
0x00007ffa6ac30000 - 0x00007ffa6ac47000 	c:\Users\Admin\.vscode\extensions\redhat.java-1.33.0-win32-x64\jre\17.0.11-win32-x86_64\bin\jli.dll
0x00007ffa623c0000 - 0x00007ffa623db000 	c:\Users\Admin\.vscode\extensions\redhat.java-1.33.0-win32-x64\jre\17.0.11-win32-x86_64\bin\VCRUNTIME140.dll
0x00007ffa835a0000 - 0x00007ffa8373d000 	C:\Windows\System32\USER32.dll
0x00007ffa76af0000 - 0x00007ffa76d8a000 	C:\Windows\WinSxS\amd64_microsoft.windows.common-controls_6595b64144ccf1df_6.0.19041.4355_none_60b8b9eb71f62e16\COMCTL32.dll
0x00007ffa81d20000 - 0x00007ffa81d42000 	C:\Windows\System32\win32u.dll
0x00007ffa83a10000 - 0x00007ffa83aae000 	C:\Windows\System32\msvcrt.dll
0x00007ffa84550000 - 0x00007ffa8457b000 	C:\Windows\System32\GDI32.dll
0x00007ffa823f0000 - 0x00007ffa82507000 	C:\Windows\System32\gdi32full.dll
0x00007ffa81d50000 - 0x00007ffa81ded000 	C:\Windows\System32\msvcp_win.dll
0x00007ffa833a0000 - 0x00007ffa833cf000 	C:\Windows\System32\IMM32.DLL
0x00007ffa6ae90000 - 0x00007ffa6ae9c000 	c:\Users\Admin\.vscode\extensions\redhat.java-1.33.0-win32-x64\jre\17.0.11-win32-x86_64\bin\vcruntime140_1.dll
0x00007ffa48660000 - 0x00007ffa486ed000 	c:\Users\Admin\.vscode\extensions\redhat.java-1.33.0-win32-x64\jre\17.0.11-win32-x86_64\bin\msvcp140.dll
0x00007ffa34770000 - 0x00007ffa353d2000 	c:\Users\Admin\.vscode\extensions\redhat.java-1.33.0-win32-x64\jre\17.0.11-win32-x86_64\bin\server\jvm.dll
0x00007ffa83960000 - 0x00007ffa83a10000 	C:\Windows\System32\ADVAPI32.dll
0x00007ffa82e10000 - 0x00007ffa82eb0000 	C:\Windows\System32\sechost.dll
0x00007ffa84420000 - 0x00007ffa84543000 	C:\Windows\System32\RPCRT4.dll
0x00007ffa82510000 - 0x00007ffa82537000 	C:\Windows\System32\bcrypt.dll
0x00007ffa81b70000 - 0x00007ffa81bbb000 	C:\Windows\SYSTEM32\POWRPROF.dll
0x00007ffa768a0000 - 0x00007ffa768c7000 	C:\Windows\SYSTEM32\WINMM.dll
0x00007ffa7ad90000 - 0x00007ffa7ad9a000 	C:\Windows\SYSTEM32\VERSION.dll
0x00007ffa6ce60000 - 0x00007ffa6ce69000 	C:\Windows\SYSTEM32\WSOCK32.dll
0x00007ffa83ff0000 - 0x00007ffa8405b000 	C:\Windows\System32\WS2_32.dll
0x00007ffa81b50000 - 0x00007ffa81b62000 	C:\Windows\SYSTEM32\UMPDC.dll
0x00007ffa7fb80000 - 0x00007ffa7fb92000 	C:\Windows\SYSTEM32\kernel.appcore.dll
0x00007ffa6ad10000 - 0x00007ffa6ad1a000 	c:\Users\Admin\.vscode\extensions\redhat.java-1.33.0-win32-x64\jre\17.0.11-win32-x86_64\bin\jimage.dll
0x00007ffa6ce90000 - 0x00007ffa6d074000 	C:\Windows\SYSTEM32\DBGHELP.DLL
0x00007ffa6c810000 - 0x00007ffa6c844000 	C:\Windows\SYSTEM32\dbgcore.DLL
0x00007ffa82360000 - 0x00007ffa823e2000 	C:\Windows\System32\bcryptPrimitives.dll
0x00007ffa62390000 - 0x00007ffa623b5000 	c:\Users\Admin\.vscode\extensions\redhat.java-1.33.0-win32-x64\jre\17.0.11-win32-x86_64\bin\java.dll
0x00007ffa5dc70000 - 0x00007ffa5dc88000 	c:\Users\Admin\.vscode\extensions\redhat.java-1.33.0-win32-x64\jre\17.0.11-win32-x86_64\bin\zip.dll
0x00007ffa826a0000 - 0x00007ffa82e0f000 	C:\Windows\System32\SHELL32.dll
0x00007ffa7fd80000 - 0x00007ffa8051f000 	C:\Windows\SYSTEM32\windows.storage.dll
0x00007ffa84060000 - 0x00007ffa843b3000 	C:\Windows\System32\combase.dll
0x00007ffa81590000 - 0x00007ffa815be000 	C:\Windows\SYSTEM32\Wldp.dll
0x00007ffa833e0000 - 0x00007ffa834ad000 	C:\Windows\System32\OLEAUT32.dll
0x00007ffa84580000 - 0x00007ffa8462d000 	C:\Windows\System32\SHCORE.dll
0x00007ffa843c0000 - 0x00007ffa84415000 	C:\Windows\System32\shlwapi.dll
0x00007ffa81c50000 - 0x00007ffa81c74000 	C:\Windows\SYSTEM32\profapi.dll
0x00007ffa52740000 - 0x00007ffa52759000 	C:\Users\Admin\.vscode\extensions\redhat.java-1.33.0-win32-x64\jre\17.0.11-win32-x86_64\bin\net.dll
0x00007ffa7c480000 - 0x00007ffa7c58d000 	C:\Windows\SYSTEM32\WINHTTP.dll
0x00007ffa81370000 - 0x00007ffa813da000 	C:\Windows\system32\mswsock.dll
0x00007ffa50bd0000 - 0x00007ffa50be6000 	C:\Users\Admin\.vscode\extensions\redhat.java-1.33.0-win32-x64\jre\17.0.11-win32-x86_64\bin\nio.dll
0x00007ffa6abc0000 - 0x00007ffa6abd0000 	c:\Users\Admin\.vscode\extensions\redhat.java-1.33.0-win32-x64\jre\17.0.11-win32-x86_64\bin\verify.dll
0x00007ffa81610000 - 0x00007ffa81628000 	C:\Windows\SYSTEM32\CRYPTSP.dll
0x00007ffa80cb0000 - 0x00007ffa80ce4000 	C:\Windows\system32\rsaenh.dll
0x00007ffa81bc0000 - 0x00007ffa81bee000 	C:\Windows\SYSTEM32\USERENV.dll
0x00007ffa81500000 - 0x00007ffa8150c000 	C:\Windows\SYSTEM32\CRYPTBASE.dll
0x00007ffa81070000 - 0x00007ffa810ab000 	C:\Windows\SYSTEM32\IPHLPAPI.DLL
0x00007ffa82eb0000 - 0x00007ffa82eb8000 	C:\Windows\System32\NSI.dll
0x00007ffa7bb30000 - 0x00007ffa7bb47000 	C:\Windows\SYSTEM32\dhcpcsvc6.DLL
0x00007ffa7bb10000 - 0x00007ffa7bb2d000 	C:\Windows\SYSTEM32\dhcpcsvc.DLL
0x00007ffa810b0000 - 0x00007ffa8117a000 	C:\Windows\SYSTEM32\DNSAPI.dll
0x00007ffa6c690000 - 0x00007ffa6c699000 	C:\Users\Admin\.vscode\extensions\redhat.java-1.33.0-win32-x64\jre\17.0.11-win32-x86_64\bin\management.dll
0x00007ffa6c0d0000 - 0x00007ffa6c0db000 	C:\Users\Admin\.vscode\extensions\redhat.java-1.33.0-win32-x64\jre\17.0.11-win32-x86_64\bin\management_ext.dll
0x00007ffa83950000 - 0x00007ffa83958000 	C:\Windows\System32\PSAPI.DLL

dbghelp: loaded successfully - version: 4.0.5 - missing functions: none
symbol engine: initialized successfully - sym options: 0x614 - pdb path: .;c:\Users\Admin\.vscode\extensions\redhat.java-1.33.0-win32-x64\jre\17.0.11-win32-x86_64\bin;C:\Windows\SYSTEM32;C:\Windows\WinSxS\amd64_microsoft.windows.common-controls_6595b64144ccf1df_6.0.19041.4355_none_60b8b9eb71f62e16;c:\Users\Admin\.vscode\extensions\redhat.java-1.33.0-win32-x64\jre\17.0.11-win32-x86_64\bin\server

VM Arguments:
jvm_args: -Xmx1024m -Dsts.lsp.client=vscode -Dsts.log.file=/dev/null -XX:TieredStopAtLevel=1 -Xlog:jni+resolve=off -Dspring.config.location=file:c:\Users\Admin\.vscode\extensions\vmware.vscode-spring-boot-1.56.0\language-server\BOOT-INF\classes\application.properties 
java_command: org.springframework.ide.vscode.boot.app.BootLanguageServerBootApp
java_class_path (initial): c:\Users\Admin\.vscode\extensions\vmware.vscode-spring-boot-1.56.0\language-server\BOOT-INF\classes;c:\Users\Admin\.vscode\extensions\vmware.vscode-spring-boot-1.56.0\language-server\BOOT-INF\lib\annotations-24.1.0.jar;c:\Users\Admin\.vscode\extensions\vmware.vscode-spring-boot-1.56.0\language-server\BOOT-INF\lib\antlr4-runtime-4.13.1.jar;c:\Users\Admin\.vscode\extensions\vmware.vscode-spring-boot-1.56.0\language-server\BOOT-INF\lib\asm-9.7.jar;c:\Users\Admin\.vscode\extensions\vmware.vscode-spring-boot-1.56.0\language-server\BOOT-INF\lib\asm-analysis-9.7.jar;c:\Users\Admin\.vscode\extensions\vmware.vscode-spring-boot-1.56.0\language-server\BOOT-INF\lib\asm-tree-9.7.jar;c:\Users\Admin\.vscode\extensions\vmware.vscode-spring-boot-1.56.0\language-server\BOOT-INF\lib\asm-util-9.7.jar;c:\Users\Admin\.vscode\extensions\vmware.vscode-spring-boot-1.56.0\language-server\BOOT-INF\lib\caffeine-3.1.8.jar;c:\Users\Admin\.vscode\extensions\vmware.vscode-spring-boot-1.56.0\language-server\BOOT-INF\lib\checker-qual-3.12.0.jar;c:\Users\Admin\.vscode\extensions\vmware.vscode-spring-boot-1.56.0\language-server\BOOT-INF\lib\classgraph-4.8.149.jar;c:\Users\Admin\.vscode\extensions\vmware.vscode-spring-boot-1.56.0\language-server\BOOT-INF\lib\commons-codec-1.16.1.jar;c:\Users\Admin\.vscode\extensions\vmware.vscode-spring-boot-1.56.0\language-server\BOOT-INF\lib\commons-compress-1.26.2.jar;c:\Users\Admin\.vscode\extensions\vmware.vscode-spring-boot-1.56.0\language-server\BOOT-INF\lib\commons-io-2.16.1.jar;c:\Users\Admin\.vscode\extensions\vmware.vscode-spring-boot-1.56.0\language-server\BOOT-INF\lib\commons-java-1.56.0-SNAPSHOT.jar;c:\Users\Admin\.vscode\extensions\vmware.vscode-spring-boot-1.56.0\language-server\BOOT-INF\lib\commons-lang3-3.14.0.jar;c:\Users\Admin\.vscode\extensions\vmware.vscode-spring-boot-1.56.0\language-server\BOOT-INF\lib\commons-language-server-1.56.0-SNAPSHOT.jar;c:\Users\Admin\.vscode\extensions\vmware.vscode-spring-boot-1.56.0\langu
Launcher Type: SUN_STANDARD

[Global flags]
     intx CICompilerCount                          = 4                                         {product} {ergonomic}
     uint ConcGCThreads                            = 2                                         {product} {ergonomic}
     uint G1ConcRefinementThreads                  = 8                                         {product} {ergonomic}
   size_t G1HeapRegionSize                         = 1048576                                   {product} {ergonomic}
    uintx GCDrainStackTargetSize                   = 64                                        {product} {ergonomic}
   size_t InitialHeapSize                          = 134217728                                 {product} {ergonomic}
   size_t MarkStackSize                            = 4194304                                   {product} {ergonomic}
   size_t MaxHeapSize                              = 1073741824                                {product} {command line}
   size_t MaxNewSize                               = 643825664                                 {product} {ergonomic}
   size_t MinHeapDeltaBytes                        = 1048576                                   {product} {ergonomic}
   size_t MinHeapSize                              = 8388608                                   {product} {ergonomic}
    uintx NonProfiledCodeHeapSize                  = 0                                      {pd product} {ergonomic}
     bool ProfileInterpreter                       = false                                  {pd product} {command line}
    uintx ProfiledCodeHeapSize                     = 0                                      {pd product} {ergonomic}
   size_t SoftMaxHeapSize                          = 1073741824                             {manageable} {ergonomic}
     intx TieredStopAtLevel                        = 1                                         {product} {command line}
     bool UseCompressedClassPointers               = true                           {product lp64_product} {ergonomic}
     bool UseCompressedOops                        = true                           {product lp64_product} {ergonomic}
     bool UseG1GC                                  = true                                      {product} {ergonomic}
     bool UseLargePagesIndividualAllocation        = false                                  {pd product} {ergonomic}

Logging:
Log output configuration:
 #0: stdout all=warning,jni+resolve=off uptime,level,tags
 #1: stderr all=off uptime,level,tags

Environment Variables:
JAVA_HOME=C:\Program Files\java\jdk-17
PATH=C:\Program Files\Common Files\Oracle\Java\javapath;C:\Python312\Scripts\;C:\Python312\;C:\Windows\system32;C:\Windows;C:\Windows\System32\Wbem;C:\Windows\System32\WindowsPowerShell\v1.0\;C:\Windows\System32\OpenSSH\;C:\xampp\php;C:\ProgramData\ComposerSetup\bin;C:\Program Files\Git\cmd;C:\Program Files\java\openlogic-openjdk-8u402-b06-windows-64\bin;C:\Program Files\nodejs\node_modules\npm\bin;C:\Program Files\nodejs\;C:\ProgramData\chocolatey\bin;C:\Users\Admin\Downloads\apache-maven-3.9.6-bin\apache-maven-3.9.6\bin;C:\Program Files\Docker\Docker\resources\bin;C:\Program Files\java\jdk-17\bin;;C:\Program Files\Git LFS;C:\Program Files\PuTTY\;C:\Users\Admin\AppData\Local\Programs\Python\Python311\Scripts\;C:\Users\Admin\AppData\Local\Programs\Python\Python311\;C:\Users\Admin\AppData\Local\Microsoft\WindowsApps;C:\ngrok;C:\Program Files\JetBrains\PyCharm Community Edition 2023.2.5\bin;;C:\Users\Admin\AppData\Local\Programs\Microsoft VS Code\bin;C:\Users\Admin\AppData\Roaming\Composer\vendor\bin;C:\Users\Admin\AppData\Local\GitHubDesktop\bin;"C:\Program Files\nodejs;C:\Users\Admin\AppData\Roaming\npm";C:\Users\Admin\AppData\Roaming\npm
USERNAME=Admin
OS=Windows_NT
PROCESSOR_IDENTIFIER=Intel64 Family 6 Model 94 Stepping 3, GenuineIntel
TMP=C:\Users\Admin\AppData\Local\Temp
TEMP=C:\Users\Admin\AppData\Local\Temp



Periodic native trim disabled


---------------  S Y S T E M  ---------------

OS:
 Windows 10 , 64 bit Build 19041 (10.0.19041.4717)
OS uptime: 17 days 22:44 hours
Hyper-V role detected

CPU: total 8 (initial active 8) (4 cores per cpu, 2 threads per core) family 6 model 94 stepping 3 microcode 0xf2, cx8, cmov, fxsr, ht, mmx, 3dnowpref, sse, sse2, sse3, ssse3, sse4.1, sse4.2, popcnt, lzcnt, tsc, tscinvbit, avx, avx2, aes, erms, clmul, bmi1, bmi2, rtm, adx, fma, vzeroupper, clflush, clflushopt, hv
Processor Information for all 8 processors :
  Max Mhz: 3408, Current Mhz: 3408, Mhz Limit: 3408

Memory: 4k page, system-wide physical 8075M (115M free)
TotalPageFile size 32651M (AvailPageFile size 16M)
current process WorkingSet (physical memory assigned to process): 42M, peak: 172M
current process commit charge ("private bytes"): 215M, peak: 234M

vm_info: OpenJDK 64-Bit Server VM (17.0.11+9) for windows-amd64 JRE (17.0.11+9), built on Apr 17 2024 06:07:48 by "admin" with MS VC++ 16.10 / 16.11 (VS2019)

END.
