#
# There is insufficient memory for the Java Runtime Environment to continue.
# Native memory allocation (malloc) failed to allocate 130960 bytes for Chunk::new
# Possible reasons:
#   The system is out of physical RAM or swap space
#   The process is running with CompressedOops enabled, and the Java Heap may be blocking the growth of the native heap
# Possible solutions:
#   Reduce memory load on the system
#   Increase physical memory or swap space
#   Check if swap backing store is full
#   Decrease Java heap size (-Xmx/-Xms)
#   Decrease number of Java threads
#   Decrease Java thread stack sizes (-Xss)
#   Set larger code cache with -XX:ReservedCodeCacheSize=
#   JVM is running with Unscaled Compressed Oops mode in which the Java heap is
#     placed in the first 4GB address space. The Java Heap base address is the
#     maximum limit for the native heap growth. Please use -XX:HeapBaseMinAddress
#     to set the Java Heap base and to place the Java Heap above 4GB virtual address.
# This output file may be truncated or incomplete.
#
#  Out of Memory Error (arena.cpp:191), pid=12452, tid=14312
#
# JRE version: OpenJDK Runtime Environment Temurin-17.0.10+7 (17.0.10+7) (build 17.0.10+7)
# Java VM: OpenJDK 64-Bit Server VM Temurin-17.0.10+7 (17.0.10+7, mixed mode, tiered, compressed oops, compressed class ptrs, parallel gc, windows-amd64)
# No core dump will be written. Minidumps are not enabled by default on client versions of Windows
#

---------------  S U M M A R Y ------------

Command Line: --add-modules=ALL-SYSTEM --add-opens=java.base/java.util=ALL-UNNAMED --add-opens=java.base/java.lang=ALL-UNNAMED --add-opens=java.base/sun.nio.fs=ALL-UNNAMED -Declipse.application=org.eclipse.jdt.ls.core.id1 -Dosgi.bundles.defaultStartLevel=4 -Declipse.product=org.eclipse.jdt.ls.core.product -Djava.import.generatesMetadataFilesAtProjectRoot=false -DDetectVMInstallationsJob.disabled=true -Dfile.encoding=utf8 -XX:+UseParallelGC -XX:GCTimeRatio=4 -XX:AdaptiveSizePolicyWeight=90 -Dsun.zip.disableMemoryMapping=true -Xmx1G -Xms100m -Xlog:disable -javaagent:c:\Users\Admin\.vscode\extensions\redhat.java-1.30.0-win32-x64\lombok\lombok-1.18.32.jar -XX:+HeapDumpOnOutOfMemoryError -XX:HeapDumpPath=c:\Users\Admin\AppData\Roaming\Code\User\workspaceStorage\f479e2fa5d020cab6fff371a8eee417e\redhat.java -Daether.dependencyCollector.impl=bf c:\Users\Admin\.vscode\extensions\redhat.java-1.30.0-win32-x64\server\plugins\org.eclipse.equinox.launcher_1.6.800.v20240330-1250.jar -configuration c:\Users\Admin\AppData\Roaming\Code\User\globalStorage\redhat.java\1.30.0\config_win -data c:\Users\Admin\AppData\Roaming\Code\User\workspaceStorage\f479e2fa5d020cab6fff371a8eee417e\redhat.java\jdt_ws --pipe=\\.\pipe\lsp-a3a0b003ed5363498c814936b372e87e-sock

Host: Intel(R) Core(TM) i7-6700 CPU @ 3.40GHz, 8 cores, 7G,  Windows 10 , 64 bit Build 19041 (10.0.19041.3636)
Time: Mon May 20 09:37:03 2024 India Standard Time elapsed time: 1.382177 seconds (0d 0h 0m 1s)

---------------  T H R E A D  ---------------

Current thread (0x00000281a9e4ad20):  JavaThread "C2 CompilerThread2" daemon [_thread_in_native, id=14312, stack(0x000000cf88a00000,0x000000cf88b00000)]


Current CompileTask:
C2:   1382 1125       4       java.util.Collections$UnmodifiableCollection::iterator (9 bytes)

Stack: [0x000000cf88a00000,0x000000cf88b00000]
Native frames: (J=compiled Java code, j=interpreted, Vv=VM code, C=native code)
V  [jvm.dll+0x67d2c9]
V  [jvm.dll+0x834afa]
V  [jvm.dll+0x8365be]
V  [jvm.dll+0x836c23]
V  [jvm.dll+0x2477ff]
V  [jvm.dll+0xac514]
V  [jvm.dll+0xacb5c]
V  [jvm.dll+0x3667d7]
V  [jvm.dll+0x330bfa]
V  [jvm.dll+0x33009a]
V  [jvm.dll+0x219ef1]
V  [jvm.dll+0x219311]
V  [jvm.dll+0x1a502d]
V  [jvm.dll+0x2290de]
V  [jvm.dll+0x2272ac]
V  [jvm.dll+0x7e9bb7]
V  [jvm.dll+0x7e3fba]
V  [jvm.dll+0x67c1b5]
C  [ucrtbase.dll+0x21bb2]
C  [KERNEL32.DLL+0x17344]
C  [ntdll.dll+0x526b1]


---------------  P R O C E S S  ---------------

Threads class SMR info:
_java_thread_list=0x00000281aa0e0c20, length=14, elements={
0x000002818d8484b0, 0x000002818d8f8a80, 0x000002818d8fa500, 0x00000281a88e3a80,
0x00000281a88e4810, 0x00000281a88e9d70, 0x00000281a88ebc50, 0x00000281a88f2870,
0x00000281a894a960, 0x00000281a8956e90, 0x000002818d8a9cc0, 0x00000281a9888030,
0x00000281a9bac4d0, 0x00000281a9e4ad20
}

Java Threads: ( => current thread )
  0x000002818d8484b0 JavaThread "main" [_thread_in_vm, id=15120, stack(0x000000cf87300000,0x000000cf87400000)]
  0x000002818d8f8a80 JavaThread "Reference Handler" daemon [_thread_blocked, id=10832, stack(0x000000cf87600000,0x000000cf87700000)]
  0x000002818d8fa500 JavaThread "Finalizer" daemon [_thread_blocked, id=4236, stack(0x000000cf87700000,0x000000cf87800000)]
  0x00000281a88e3a80 JavaThread "Signal Dispatcher" daemon [_thread_blocked, id=17372, stack(0x000000cf87800000,0x000000cf87900000)]
  0x00000281a88e4810 JavaThread "Attach Listener" daemon [_thread_blocked, id=796, stack(0x000000cf87900000,0x000000cf87a00000)]
  0x00000281a88e9d70 JavaThread "Service Thread" daemon [_thread_blocked, id=2672, stack(0x000000cf87a00000,0x000000cf87b00000)]
  0x00000281a88ebc50 JavaThread "Monitor Deflation Thread" daemon [_thread_blocked, id=11800, stack(0x000000cf87b00000,0x000000cf87c00000)]
  0x00000281a88f2870 JavaThread "C2 CompilerThread0" daemon [_thread_in_native, id=15764, stack(0x000000cf87c00000,0x000000cf87d00000)]
  0x00000281a894a960 JavaThread "C1 CompilerThread0" daemon [_thread_blocked, id=9680, stack(0x000000cf87d00000,0x000000cf87e00000)]
  0x00000281a8956e90 JavaThread "Sweeper thread" daemon [_thread_blocked, id=15012, stack(0x000000cf87e00000,0x000000cf87f00000)]
  0x000002818d8a9cc0 JavaThread "Common-Cleaner" daemon [_thread_blocked, id=10540, stack(0x000000cf87f00000,0x000000cf88000000)]
  0x00000281a9888030 JavaThread "Notification Thread" daemon [_thread_blocked, id=12916, stack(0x000000cf88200000,0x000000cf88300000)]
  0x00000281a9bac4d0 JavaThread "C2 CompilerThread1" daemon [_thread_in_native, id=12560, stack(0x000000cf88900000,0x000000cf88a00000)]
=>0x00000281a9e4ad20 JavaThread "C2 CompilerThread2" daemon [_thread_in_native, id=14312, stack(0x000000cf88a00000,0x000000cf88b00000)]

Other Threads:
  0x00000281a36296c0 VMThread "VM Thread" [stack: 0x000000cf87500000,0x000000cf87600000] [id=13952]
  0x00000281a9888510 WatcherThread [stack: 0x000000cf88300000,0x000000cf88400000] [id=13092]
  0x000002818d85df20 GCTaskThread "GC Thread#0" [stack: 0x000000cf87400000,0x000000cf87500000] [id=8520]
  0x00000281a8ad6fa0 GCTaskThread "GC Thread#1" [stack: 0x000000cf88000000,0x000000cf88100000] [id=9592]
  0x00000281a9d50700 GCTaskThread "GC Thread#2" [stack: 0x000000cf88400000,0x000000cf88500000] [id=11340]
  0x00000281a9bb9e50 GCTaskThread "GC Thread#3" [stack: 0x000000cf88500000,0x000000cf88600000] [id=9696]
  0x00000281a9bba110 GCTaskThread "GC Thread#4" [stack: 0x000000cf88600000,0x000000cf88700000] [id=2924]
  0x00000281a9bba3d0 GCTaskThread "GC Thread#5" [stack: 0x000000cf88700000,0x000000cf88800000] [id=7664]
  0x00000281a9c2c240 GCTaskThread "GC Thread#6" [stack: 0x000000cf88800000,0x000000cf88900000] [id=14324]

Threads with active compile tasks:
C2 CompilerThread0     1423 1201       4       java.util.HashMap::computeIfAbsent (330 bytes)
C2 CompilerThread1     1423 1096       4       jdk.internal.jimage.ImageLocation::verify (218 bytes)
C2 CompilerThread2     1424 1125       4       java.util.Collections$UnmodifiableCollection::iterator (9 bytes)

VM state: not at safepoint (normal execution)

VM Mutex/Monitor currently owned by a thread:  ([mutex/lock_event])
[0x000002818d842520] Metaspace_lock - owner thread: 0x000002818d8484b0

Heap address: 0x00000000c0000000, size: 1024 MB, Compressed Oops mode: 32-bit

CDS archive(s) not mapped
Compressed class space mapped at: 0x0000000100000000-0x0000000140000000, reserved size: 1073741824
Narrow klass base: 0x0000000000000000, Narrow klass shift: 3, Narrow klass range: 0x140000000

GC Precious Log:
 CPUs: 8 total, 8 available
 Memory: 8075M
 Large Page Support: Disabled
 NUMA Support: Disabled
 Compressed Oops: Enabled (32-bit)
 Alignments: Space 512K, Generation 512K, Heap 2M
 Heap Min Capacity: 100M
 Heap Initial Capacity: 100M
 Heap Max Capacity: 1G
 Pre-touch: Disabled
 Parallel Workers: 8

Heap:
 PSYoungGen      total 29696K, used 15013K [0x00000000eab00000, 0x00000000ecc00000, 0x0000000100000000)
  eden space 25600K, 46% used [0x00000000eab00000,0x00000000eb6903d0,0x00000000ec400000)
  from space 4096K, 77% used [0x00000000ec400000,0x00000000ec719288,0x00000000ec800000)
  to   space 4096K, 0% used [0x00000000ec800000,0x00000000ec800000,0x00000000ecc00000)
 ParOldGen       total 68608K, used 16K [0x00000000c0000000, 0x00000000c4300000, 0x00000000eab00000)
  object space 68608K, 0% used [0x00000000c0000000,0x00000000c0004000,0x00000000c4300000)
 Metaspace       used 12407K, committed 12544K, reserved 1114112K
  class space    used 1218K, committed 1280K, reserved 1048576K

Card table byte_map: [0x00000281a0ea0000,0x00000281a10b0000] _byte_map_base: 0x00000281a08a0000

Marking Bits: (ParMarkBitMap*) 0x00007ff9898ad7d0
 Begin Bits: [0x00000281a1210000, 0x00000281a2210000)
 End Bits:   [0x00000281a2210000, 0x00000281a3210000)

Polling page: 0x000002818d900000

Metaspace:

Usage:
  Non-class:     10.93 MB used.
      Class:      1.19 MB used.
       Both:     12.12 MB used.

Virtual space:
  Non-class space:       64.00 MB reserved,      11.00 MB ( 17%) committed,  1 nodes.
      Class space:        1.00 GB reserved,       1.25 MB ( <1%) committed,  1 nodes.
             Both:        1.06 GB reserved,      12.25 MB (  1%) committed. 

Chunk freelists:
   Non-Class:  4.19 MB
       Class:  14.59 MB
        Both:  18.78 MB

MaxMetaspaceSize: unlimited
CompressedClassSpaceSize: 1.00 GB
Initial GC threshold: 21.00 MB
Current GC threshold: 21.00 MB
CDS: off
MetaspaceReclaimPolicy: balanced
 - commit_granule_bytes: 65536.
 - commit_granule_words: 8192.
 - virtual_space_node_default_size: 8388608.
 - enlarge_chunks_in_place: 1.
 - new_chunks_are_fully_committed: 0.
 - uncommit_free_chunks: 1.
 - use_allocation_guard: 0.
 - handle_deallocations: 1.


Internal statistics:

num_allocs_failed_limit: 0.
num_arena_births: 32.
num_arena_deaths: 0.
num_vsnodes_births: 2.
num_vsnodes_deaths: 0.
num_space_committed: 196.
num_space_uncommitted: 0.
num_chunks_returned_to_freelist: 0.
num_chunks_taken_from_freelist: 145.
num_chunk_merges: 0.
num_chunk_splits: 102.
num_chunks_enlarged: 89.
num_inconsistent_stats: 0.

CodeHeap 'non-profiled nmethods': size=120000Kb used=482Kb max_used=482Kb free=119517Kb
 bounds [0x0000028199790000, 0x0000028199a00000, 0x00000281a0cc0000]
CodeHeap 'profiled nmethods': size=120000Kb used=2114Kb max_used=2114Kb free=117885Kb
 bounds [0x0000028191cc0000, 0x0000028191f30000, 0x00000281991f0000]
CodeHeap 'non-nmethods': size=5760Kb used=1145Kb max_used=1183Kb free=4614Kb
 bounds [0x00000281991f0000, 0x0000028199460000, 0x0000028199790000]
 total_blobs=1635 nmethods=1197 adapters=353
 compilation: enabled
              stopped_count=0, restarted_count=0
 full_count=0

Compilation events (20 events):
Event: 1.374 Thread 0x00000281a894a960 nmethod 1137 0x0000028191eb5490 code [0x0000028191eb5740, 0x0000028191eb6108]
Event: 1.374 Thread 0x00000281a894a960 1139       1       org.eclipse.osgi.container.ModuleCapability::getNamespace (5 bytes)
Event: 1.374 Thread 0x00000281a894a960 nmethod 1139 0x0000028199802c10 code [0x0000028199802da0, 0x0000028199802e78]
Event: 1.374 Thread 0x00000281a894a960 1140       3       org.eclipse.osgi.container.ModuleCapability::getAttributes (39 bytes)
Event: 1.375 Thread 0x00000281a894a960 nmethod 1140 0x0000028191eb6510 code [0x0000028191eb6720, 0x0000028191eb6db8]
Event: 1.375 Thread 0x00000281a894a960 1141       3       java.util.Collections$UnmodifiableList::get (11 bytes)
Event: 1.376 Thread 0x00000281a894a960 nmethod 1141 0x0000028191eb7010 code [0x0000028191eb71c0, 0x0000028191eb7388]
Event: 1.376 Thread 0x00000281a894a960 1143       3       org.eclipse.osgi.container.ModuleDatabase$Persistence::readGenericInfo (114 bytes)
Event: 1.377 Thread 0x00000281a894a960 nmethod 1143 0x0000028191eb7490 code [0x0000028191eb7700, 0x0000028191eb80d8]
Event: 1.378 Thread 0x00000281a88f2870 nmethod 1129 0x0000028199802f10 code [0x00000281998030a0, 0x0000028199803358]
Event: 1.378 Thread 0x00000281a894a960 1142       1       java.util.Collections$SingletonMap::size (2 bytes)
Event: 1.378 Thread 0x00000281a894a960 nmethod 1142 0x0000028199803510 code [0x00000281998036a0, 0x0000028199803778]
Event: 1.378 Thread 0x00000281a88f2870 1110       4       java.lang.String::<init> (74 bytes)
Event: 1.378 Thread 0x00000281a894a960 1144       3       org.eclipse.osgi.container.ModuleRevisionBuilder::basicAddGenericInfo (23 bytes)
Event: 1.379 Thread 0x00000281a894a960 nmethod 1144 0x0000028191eb8490 code [0x0000028191eb8660, 0x0000028191eb8988]
Event: 1.379 Thread 0x00000281a894a960 1145       3       org.eclipse.osgi.container.ModuleRevisionBuilder$GenericInfo::<init> (26 bytes)
Event: 1.379 Thread 0x00000281a894a960 nmethod 1145 0x0000028191eb8b90 code [0x0000028191eb8d20, 0x0000028191eb8ed8]
Event: 1.379 Thread 0x00000281a894a960 1150       3       java.util.Collections$UnmodifiableCollection::size (10 bytes)
Event: 1.379 Thread 0x00000281a894a960 nmethod 1150 0x0000028191eb8f90 code [0x0000028191eb9140, 0x0000028191eb9308]
Event: 1.379 Thread 0x00000281a894a960 1154       3       java.util.Collections$UnmodifiableMap::size (10 bytes)

GC Heap History (2 events):
Event: 1.109 GC heap before
{Heap before GC invocations=1 (full 0):
 PSYoungGen      total 29696K, used 25600K [0x00000000eab00000, 0x00000000ecc00000, 0x0000000100000000)
  eden space 25600K, 100% used [0x00000000eab00000,0x00000000ec400000,0x00000000ec400000)
  from space 4096K, 0% used [0x00000000ec800000,0x00000000ec800000,0x00000000ecc00000)
  to   space 4096K, 0% used [0x00000000ec400000,0x00000000ec400000,0x00000000ec800000)
 ParOldGen       total 68608K, used 0K [0x00000000c0000000, 0x00000000c4300000, 0x00000000eab00000)
  object space 68608K, 0% used [0x00000000c0000000,0x00000000c0000000,0x00000000c4300000)
 Metaspace       used 10977K, committed 11200K, reserved 1114112K
  class space    used 1096K, committed 1216K, reserved 1048576K
}
Event: 1.116 GC heap after
{Heap after GC invocations=1 (full 0):
 PSYoungGen      total 29696K, used 3172K [0x00000000eab00000, 0x00000000ecc00000, 0x0000000100000000)
  eden space 25600K, 0% used [0x00000000eab00000,0x00000000eab00000,0x00000000ec400000)
  from space 4096K, 77% used [0x00000000ec400000,0x00000000ec719288,0x00000000ec800000)
  to   space 4096K, 0% used [0x00000000ec800000,0x00000000ec800000,0x00000000ecc00000)
 ParOldGen       total 68608K, used 16K [0x00000000c0000000, 0x00000000c4300000, 0x00000000eab00000)
  object space 68608K, 0% used [0x00000000c0000000,0x00000000c0004000,0x00000000c4300000)
 Metaspace       used 10977K, committed 11200K, reserved 1114112K
  class space    used 1096K, committed 1216K, reserved 1048576K
}

Dll operation events (8 events):
Event: 0.017 Loaded shared library c:\Users\Admin\.vscode\extensions\redhat.java-1.30.0-win32-x64\jre\17.0.10-win32-x86_64\bin\java.dll
Event: 0.284 Loaded shared library c:\Users\Admin\.vscode\extensions\redhat.java-1.30.0-win32-x64\jre\17.0.10-win32-x86_64\bin\zip.dll
Event: 0.287 Loaded shared library C:\Users\Admin\.vscode\extensions\redhat.java-1.30.0-win32-x64\jre\17.0.10-win32-x86_64\bin\instrument.dll
Event: 0.303 Loaded shared library C:\Users\Admin\.vscode\extensions\redhat.java-1.30.0-win32-x64\jre\17.0.10-win32-x86_64\bin\net.dll
Event: 0.305 Loaded shared library C:\Users\Admin\.vscode\extensions\redhat.java-1.30.0-win32-x64\jre\17.0.10-win32-x86_64\bin\nio.dll
Event: 0.314 Loaded shared library C:\Users\Admin\.vscode\extensions\redhat.java-1.30.0-win32-x64\jre\17.0.10-win32-x86_64\bin\zip.dll
Event: 0.334 Loaded shared library C:\Users\Admin\.vscode\extensions\redhat.java-1.30.0-win32-x64\jre\17.0.10-win32-x86_64\bin\jimage.dll
Event: 0.440 Loaded shared library c:\Users\Admin\.vscode\extensions\redhat.java-1.30.0-win32-x64\jre\17.0.10-win32-x86_64\bin\verify.dll

Deoptimization events (20 events):
Event: 1.249 Thread 0x000002818d8484b0 DEOPT PACKING pc=0x0000028191d37ec5 sp=0x000000cf873f78c0
Event: 1.249 Thread 0x000002818d8484b0 DEOPT UNPACKING pc=0x0000028199246e43 sp=0x000000cf873f6d70 mode 0
Event: 1.263 Thread 0x000002818d8484b0 DEOPT PACKING pc=0x0000028191d37ec5 sp=0x000000cf873f3ca0
Event: 1.263 Thread 0x000002818d8484b0 DEOPT UNPACKING pc=0x0000028199246e43 sp=0x000000cf873f3150 mode 0
Event: 1.268 Thread 0x000002818d8484b0 DEOPT PACKING pc=0x0000028191d37ec5 sp=0x000000cf873f3ca0
Event: 1.268 Thread 0x000002818d8484b0 DEOPT UNPACKING pc=0x0000028199246e43 sp=0x000000cf873f3150 mode 0
Event: 1.274 Thread 0x000002818d8484b0 DEOPT PACKING pc=0x0000028191d37ec5 sp=0x000000cf873f3ca0
Event: 1.274 Thread 0x000002818d8484b0 DEOPT UNPACKING pc=0x0000028199246e43 sp=0x000000cf873f3150 mode 0
Event: 1.281 Thread 0x000002818d8484b0 DEOPT PACKING pc=0x0000028191d37ec5 sp=0x000000cf873f77d0
Event: 1.281 Thread 0x000002818d8484b0 DEOPT UNPACKING pc=0x0000028199246e43 sp=0x000000cf873f6c80 mode 0
Event: 1.308 Thread 0x000002818d8484b0 DEOPT PACKING pc=0x0000028191d37ec5 sp=0x000000cf873f3930
Event: 1.308 Thread 0x000002818d8484b0 DEOPT UNPACKING pc=0x0000028199246e43 sp=0x000000cf873f2de0 mode 0
Event: 1.317 Thread 0x000002818d8484b0 Uncommon trap: trap_request=0xffffffc6 fr.pc=0x00000281997b8d60 relative=0x00000000000002c0
Event: 1.317 Thread 0x000002818d8484b0 Uncommon trap: reason=bimorphic_or_optimized_type_check action=maybe_recompile pc=0x00000281997b8d60 method=java.util.Collections$UnmodifiableCollection$1.next()Ljava/lang/Object; @ 4 c2
Event: 1.317 Thread 0x000002818d8484b0 DEOPT PACKING pc=0x00000281997b8d60 sp=0x000000cf873f7ec0
Event: 1.317 Thread 0x000002818d8484b0 DEOPT UNPACKING pc=0x00000281992466a3 sp=0x000000cf873f7e70 mode 2
Event: 1.317 Thread 0x000002818d8484b0 Uncommon trap: trap_request=0xffffffc6 fr.pc=0x00000281997b8d60 relative=0x00000000000002c0
Event: 1.317 Thread 0x000002818d8484b0 Uncommon trap: reason=bimorphic_or_optimized_type_check action=maybe_recompile pc=0x00000281997b8d60 method=java.util.Collections$UnmodifiableCollection$1.next()Ljava/lang/Object; @ 4 c2
Event: 1.317 Thread 0x000002818d8484b0 DEOPT PACKING pc=0x00000281997b8d60 sp=0x000000cf873f7ec0
Event: 1.317 Thread 0x000002818d8484b0 DEOPT UNPACKING pc=0x00000281992466a3 sp=0x000000cf873f7e70 mode 2

Classes unloaded (0 events):
No events

Classes redefined (0 events):
No events

Internal exceptions (20 events):
Event: 0.735 Thread 0x000002818d8484b0 Exception <a 'java/io/FileNotFoundException'{0x00000000eb880548}> (0x00000000eb880548) 
thrown [s\src\hotspot\share\prims\jni.cpp, line 516]
Event: 0.735 Thread 0x000002818d8484b0 Exception <a 'java/io/FileNotFoundException'{0x00000000eb881238}> (0x00000000eb881238) 
thrown [s\src\hotspot\share\prims\jni.cpp, line 516]
Event: 0.735 Thread 0x000002818d8484b0 Exception <a 'java/io/FileNotFoundException'{0x00000000eb881ef8}> (0x00000000eb881ef8) 
thrown [s\src\hotspot\share\prims\jni.cpp, line 516]
Event: 0.743 Thread 0x000002818d8484b0 Implicit null exception at 0x00000281997b3272 to 0x00000281997b37c0
Event: 0.745 Thread 0x000002818d8484b0 Exception <a 'java/io/FileNotFoundException'{0x00000000eb8bc798}> (0x00000000eb8bc798) 
thrown [s\src\hotspot\share\prims\jni.cpp, line 516]
Event: 1.006 Thread 0x000002818d8484b0 Exception <a 'java/lang/ClassNotFoundException'{0x00000000ec0c3ca0}: sun/net/www/protocol/c/Handler> (0x00000000ec0c3ca0) 
thrown [s\src\hotspot\share\classfile\systemDictionary.cpp, line 256]
Event: 1.006 Thread 0x000002818d8484b0 Exception <a 'java/lang/ClassNotFoundException'{0x00000000ec0c5060}: sun/net/www/protocol/c/Handler> (0x00000000ec0c5060) 
thrown [s\src\hotspot\share\classfile\systemDictionary.cpp, line 256]
Event: 1.006 Thread 0x000002818d8484b0 Exception <a 'java/lang/ClassNotFoundException'{0x00000000ec0c62a8}: sun/net/www/protocol/c/Handler> (0x00000000ec0c62a8) 
thrown [s\src\hotspot\share\classfile\systemDictionary.cpp, line 256]
Event: 1.014 Thread 0x000002818d8484b0 Exception <a 'java/io/FileNotFoundException'{0x00000000ec0ed488}> (0x00000000ec0ed488) 
thrown [s\src\hotspot\share\prims\jni.cpp, line 516]
Event: 1.052 Thread 0x000002818d8484b0 Implicit null exception at 0x00000281997e6180 to 0x00000281997e6b60
Event: 1.052 Thread 0x000002818d8484b0 Implicit null exception at 0x00000281997d856c to 0x00000281997d8758
Event: 1.053 Thread 0x000002818d8484b0 Implicit null exception at 0x00000281997da36c to 0x00000281997da554
Event: 1.053 Thread 0x000002818d8484b0 Implicit null exception at 0x00000281997d2b8f to 0x00000281997d2c09
Event: 1.101 Thread 0x000002818d8484b0 Exception <a 'java/lang/NoSuchMethodError'{0x00000000ec3c1410}: 'int java.lang.invoke.DirectMethodHandle$Holder.invokeStaticInit(java.lang.Object, java.lang.Object, java.lang.Object, java.lang.Object)'> (0x00000000ec3c1410) 
thrown [s\src\hotspot\share\interpreter\linkResolver.cpp, line 759]
Event: 1.102 Thread 0x000002818d8484b0 Exception <a 'java/lang/NoSuchMethodError'{0x00000000ec3cba80}: 'java.lang.Object java.lang.invoke.DirectMethodHandle$Holder.invokeInterface(java.lang.Object, java.lang.Object)'> (0x00000000ec3cba80) 
thrown [s\src\hotspot\share\interpreter\linkResolver.cpp, line 759]
Event: 1.102 Thread 0x000002818d8484b0 Exception <a 'java/lang/IncompatibleClassChangeError'{0x00000000ec3cf278}: Found class java.lang.Object, but interface was expected> (0x00000000ec3cf278) 
thrown [s\src\hotspot\share\interpreter\linkResolver.cpp, line 826]
Event: 1.103 Thread 0x000002818d8484b0 Exception <a 'java/lang/NoSuchMethodError'{0x00000000ec3d3768}: 'void java.lang.invoke.DirectMethodHandle$Holder.invokeStatic(java.lang.Object, java.lang.Object)'> (0x00000000ec3d3768) 
thrown [s\src\hotspot\share\interpreter\linkResolver.cpp, line 759]
Event: 1.103 Thread 0x000002818d8484b0 Exception <a 'java/lang/NoSuchMethodError'{0x00000000ec3d6f68}: 'void java.lang.invoke.DirectMethodHandle$Holder.invokeStaticInit(java.lang.Object, java.lang.Object)'> (0x00000000ec3d6f68) 
thrown [s\src\hotspot\share\interpreter\linkResolver.cpp, line 759]
Event: 1.104 Thread 0x000002818d8484b0 Exception <a 'java/lang/NoSuchMethodError'{0x00000000ec3de558}: 'int java.lang.invoke.DirectMethodHandle$Holder.invokeStaticInit(java.lang.Object, java.lang.Object)'> (0x00000000ec3de558) 
thrown [s\src\hotspot\share\interpreter\linkResolver.cpp, line 759]
Event: 1.167 Thread 0x000002818d8484b0 Exception <a 'java/lang/NoSuchMethodError'{0x00000000eac6b280}: 'void java.lang.invoke.DirectMethodHandle$Holder.invokeSpecial(java.lang.Object, java.lang.Object, java.lang.Object)'> (0x00000000eac6b280) 
thrown [s\src\hotspot\share\interpreter\linkResolver.cpp, line 759]

VM Operations (12 events):
Event: 0.249 Executing VM operation: HandshakeAllThreads
Event: 0.249 Executing VM operation: HandshakeAllThreads done
Event: 0.351 Executing VM operation: HandshakeAllThreads
Event: 0.351 Executing VM operation: HandshakeAllThreads done
Event: 0.688 Executing VM operation: HandshakeAllThreads
Event: 0.688 Executing VM operation: HandshakeAllThreads done
Event: 0.710 Executing VM operation: HandshakeAllThreads
Event: 0.710 Executing VM operation: HandshakeAllThreads done
Event: 1.013 Executing VM operation: ICBufferFull
Event: 1.013 Executing VM operation: ICBufferFull done
Event: 1.109 Executing VM operation: ParallelGCFailedAllocation
Event: 1.116 Executing VM operation: ParallelGCFailedAllocation done

Events (20 events):
Event: 1.345 loading class java/security/KeyException
Event: 1.345 loading class java/security/GeneralSecurityException
Event: 1.345 loading class java/security/GeneralSecurityException done
Event: 1.345 loading class java/security/KeyException done
Event: 1.345 loading class java/security/InvalidKeyException done
Event: 1.345 loading class java/security/SignatureException
Event: 1.345 loading class java/security/SignatureException done
Event: 1.345 loading class java/security/cert/CertificateException
Event: 1.345 loading class java/security/cert/CertificateException done
Event: 1.345 loading class java/security/NoSuchAlgorithmException
Event: 1.346 loading class java/security/NoSuchAlgorithmException done
Event: 1.346 loading class java/security/NoSuchProviderException
Event: 1.346 loading class java/security/NoSuchProviderException done
Event: 1.364 Thread 0x00000281a9e4ad20 Thread added: 0x00000281a9e4ad20
Event: 1.374 loading class java/util/Collections$UnmodifiableMap$UnmodifiableEntrySet
Event: 1.374 loading class java/util/Collections$UnmodifiableMap$UnmodifiableEntrySet done
Event: 1.374 loading class java/util/Collections$UnmodifiableMap$UnmodifiableEntrySet$1
Event: 1.374 loading class java/util/Collections$UnmodifiableMap$UnmodifiableEntrySet$1 done
Event: 1.374 loading class java/util/Collections$UnmodifiableMap$UnmodifiableEntrySet$UnmodifiableEntry
Event: 1.375 loading class java/util/Collections$UnmodifiableMap$UnmodifiableEntrySet$UnmodifiableEntry done


Dynamic libraries:
0x00007ff644530000 - 0x00007ff64453e000 	c:\Users\Admin\.vscode\extensions\redhat.java-1.30.0-win32-x64\jre\17.0.10-win32-x86_64\bin\java.exe
0x00007ff9eee30000 - 0x00007ff9ef028000 	C:\Windows\SYSTEM32\ntdll.dll
0x00007ff9edf60000 - 0x00007ff9ee01d000 	C:\Windows\System32\KERNEL32.DLL
0x00007ff9ecb60000 - 0x00007ff9ece56000 	C:\Windows\System32\KERNELBASE.dll
0x00007ff9eca60000 - 0x00007ff9ecb60000 	C:\Windows\System32\ucrtbase.dll
0x00007ff9c77f0000 - 0x00007ff9c7807000 	c:\Users\Admin\.vscode\extensions\redhat.java-1.30.0-win32-x64\jre\17.0.10-win32-x86_64\bin\jli.dll
0x00007ff9ed120000 - 0x00007ff9ed2bf000 	C:\Windows\System32\USER32.dll
0x00007ff9ec4e0000 - 0x00007ff9ec502000 	C:\Windows\System32\win32u.dll
0x00007ff9edd90000 - 0x00007ff9eddbb000 	C:\Windows\System32\GDI32.dll
0x00007ff9ec940000 - 0x00007ff9eca57000 	C:\Windows\System32\gdi32full.dll
0x00007ff9ec5a0000 - 0x00007ff9ec63d000 	C:\Windows\System32\msvcp_win.dll
0x00007ff9c5590000 - 0x00007ff9c55ab000 	c:\Users\Admin\.vscode\extensions\redhat.java-1.30.0-win32-x64\jre\17.0.10-win32-x86_64\bin\VCRUNTIME140.dll
0x00007ff9e21f0000 - 0x00007ff9e248a000 	C:\Windows\WinSxS\amd64_microsoft.windows.common-controls_6595b64144ccf1df_6.0.19041.4355_none_60b8b9eb71f62e16\COMCTL32.dll
0x00007ff9eece0000 - 0x00007ff9eed7e000 	C:\Windows\System32\msvcrt.dll
0x00007ff9ed0d0000 - 0x00007ff9ed102000 	C:\Windows\System32\IMM32.DLL
0x00007ff9cce30000 - 0x00007ff9cce3c000 	c:\Users\Admin\.vscode\extensions\redhat.java-1.30.0-win32-x64\jre\17.0.10-win32-x86_64\bin\vcruntime140_1.dll
0x00007ff9a8530000 - 0x00007ff9a85bd000 	c:\Users\Admin\.vscode\extensions\redhat.java-1.30.0-win32-x64\jre\17.0.10-win32-x86_64\bin\msvcp140.dll
0x00007ff988d10000 - 0x00007ff989972000 	c:\Users\Admin\.vscode\extensions\redhat.java-1.30.0-win32-x64\jre\17.0.10-win32-x86_64\bin\server\jvm.dll
0x00007ff9ee430000 - 0x00007ff9ee4e0000 	C:\Windows\System32\ADVAPI32.dll
0x00007ff9ed2c0000 - 0x00007ff9ed360000 	C:\Windows\System32\sechost.dll
0x00007ff9ecf90000 - 0x00007ff9ed0b3000 	C:\Windows\System32\RPCRT4.dll
0x00007ff9ec7b0000 - 0x00007ff9ec7d7000 	C:\Windows\System32\bcrypt.dll
0x00007ff9ec330000 - 0x00007ff9ec37b000 	C:\Windows\SYSTEM32\POWRPROF.dll
0x00007ff9df500000 - 0x00007ff9df509000 	C:\Windows\SYSTEM32\WSOCK32.dll
0x00007ff9ede90000 - 0x00007ff9edefb000 	C:\Windows\System32\WS2_32.dll
0x00007ff9e1f90000 - 0x00007ff9e1fb7000 	C:\Windows\SYSTEM32\WINMM.dll
0x00007ff9e63c0000 - 0x00007ff9e63ca000 	C:\Windows\SYSTEM32\VERSION.dll
0x00007ff9ec310000 - 0x00007ff9ec322000 	C:\Windows\SYSTEM32\UMPDC.dll
0x00007ff9ea260000 - 0x00007ff9ea272000 	C:\Windows\SYSTEM32\kernel.appcore.dll
0x00007ff9cb9c0000 - 0x00007ff9cb9ca000 	c:\Users\Admin\.vscode\extensions\redhat.java-1.30.0-win32-x64\jre\17.0.10-win32-x86_64\bin\jimage.dll
0x00007ff9e61b0000 - 0x00007ff9e6394000 	C:\Windows\SYSTEM32\DBGHELP.DLL
0x00007ff9e5c80000 - 0x00007ff9e5cb4000 	C:\Windows\SYSTEM32\dbgcore.DLL
0x00007ff9ec510000 - 0x00007ff9ec592000 	C:\Windows\System32\bcryptPrimitives.dll
0x00007ff9cb640000 - 0x00007ff9cb64e000 	c:\Users\Admin\.vscode\extensions\redhat.java-1.30.0-win32-x64\jre\17.0.10-win32-x86_64\bin\instrument.dll
0x00007ff9aa350000 - 0x00007ff9aa375000 	c:\Users\Admin\.vscode\extensions\redhat.java-1.30.0-win32-x64\jre\17.0.10-win32-x86_64\bin\java.dll
0x00007ff9be870000 - 0x00007ff9be888000 	c:\Users\Admin\.vscode\extensions\redhat.java-1.30.0-win32-x64\jre\17.0.10-win32-x86_64\bin\zip.dll
0x00007ff9ee4e0000 - 0x00007ff9eec4b000 	C:\Windows\System32\SHELL32.dll
0x00007ff9ea540000 - 0x00007ff9eacdd000 	C:\Windows\SYSTEM32\windows.storage.dll
0x00007ff9ed360000 - 0x00007ff9ed6b3000 	C:\Windows\System32\combase.dll
0x00007ff9ebd50000 - 0x00007ff9ebd7e000 	C:\Windows\SYSTEM32\Wldp.dll
0x00007ff9eddc0000 - 0x00007ff9ede8d000 	C:\Windows\System32\OLEAUT32.dll
0x00007ff9ed7f0000 - 0x00007ff9ed89d000 	C:\Windows\System32\SHCORE.dll
0x00007ff9ed6e0000 - 0x00007ff9ed735000 	C:\Windows\System32\shlwapi.dll
0x00007ff9ec410000 - 0x00007ff9ec434000 	C:\Windows\SYSTEM32\profapi.dll
0x00007ff9c2d30000 - 0x00007ff9c2d49000 	C:\Users\Admin\.vscode\extensions\redhat.java-1.30.0-win32-x64\jre\17.0.10-win32-x86_64\bin\net.dll
0x00007ff9e6ce0000 - 0x00007ff9e6dea000 	C:\Windows\SYSTEM32\WINHTTP.dll
0x00007ff9ebb30000 - 0x00007ff9ebb9a000 	C:\Windows\system32\mswsock.dll
0x00007ff9b9030000 - 0x00007ff9b9046000 	C:\Users\Admin\.vscode\extensions\redhat.java-1.30.0-win32-x64\jre\17.0.10-win32-x86_64\bin\nio.dll
0x00007ff9cae50000 - 0x00007ff9cae60000 	c:\Users\Admin\.vscode\extensions\redhat.java-1.30.0-win32-x64\jre\17.0.10-win32-x86_64\bin\verify.dll

dbghelp: loaded successfully - version: 4.0.5 - missing functions: none
symbol engine: initialized successfully - sym options: 0x614 - pdb path: .;c:\Users\Admin\.vscode\extensions\redhat.java-1.30.0-win32-x64\jre\17.0.10-win32-x86_64\bin;C:\Windows\SYSTEM32;C:\Windows\WinSxS\amd64_microsoft.windows.common-controls_6595b64144ccf1df_6.0.19041.4355_none_60b8b9eb71f62e16;c:\Users\Admin\.vscode\extensions\redhat.java-1.30.0-win32-x64\jre\17.0.10-win32-x86_64\bin\server

VM Arguments:
jvm_args: --add-modules=ALL-SYSTEM --add-opens=java.base/java.util=ALL-UNNAMED --add-opens=java.base/java.lang=ALL-UNNAMED --add-opens=java.base/sun.nio.fs=ALL-UNNAMED -Declipse.application=org.eclipse.jdt.ls.core.id1 -Dosgi.bundles.defaultStartLevel=4 -Declipse.product=org.eclipse.jdt.ls.core.product -Djava.import.generatesMetadataFilesAtProjectRoot=false -DDetectVMInstallationsJob.disabled=true -Dfile.encoding=utf8 -XX:+UseParallelGC -XX:GCTimeRatio=4 -XX:AdaptiveSizePolicyWeight=90 -Dsun.zip.disableMemoryMapping=true -Xmx1G -Xms100m -Xlog:disable -javaagent:c:\Users\Admin\.vscode\extensions\redhat.java-1.30.0-win32-x64\lombok\lombok-1.18.32.jar -XX:+HeapDumpOnOutOfMemoryError -XX:HeapDumpPath=c:\Users\Admin\AppData\Roaming\Code\User\workspaceStorage\f479e2fa5d020cab6fff371a8eee417e\redhat.java -Daether.dependencyCollector.impl=bf 
java_command: c:\Users\Admin\.vscode\extensions\redhat.java-1.30.0-win32-x64\server\plugins\org.eclipse.equinox.launcher_1.6.800.v20240330-1250.jar -configuration c:\Users\Admin\AppData\Roaming\Code\User\globalStorage\redhat.java\1.30.0\config_win -data c:\Users\Admin\AppData\Roaming\Code\User\workspaceStorage\f479e2fa5d020cab6fff371a8eee417e\redhat.java\jdt_ws --pipe=\\.\pipe\lsp-a3a0b003ed5363498c814936b372e87e-sock
java_class_path (initial): c:\Users\Admin\.vscode\extensions\redhat.java-1.30.0-win32-x64\server\plugins\org.eclipse.equinox.launcher_1.6.800.v20240330-1250.jar
Launcher Type: SUN_STANDARD

[Global flags]
    uintx AdaptiveSizePolicyWeight                 = 90                                        {product} {command line}
     intx CICompilerCount                          = 4                                         {product} {ergonomic}
    uintx GCTimeRatio                              = 4                                         {product} {command line}
     bool HeapDumpOnOutOfMemoryError               = true                                   {manageable} {command line}
    ccstr HeapDumpPath                             = c:\Users\Admin\AppData\Roaming\Code\User\workspaceStorage\f479e2fa5d020cab6fff371a8eee417e\redhat.java         {manageable} {command line}
   size_t InitialHeapSize                          = 104857600                                 {product} {command line}
   size_t MaxHeapSize                              = 1073741824                                {product} {command line}
   size_t MaxNewSize                               = 357564416                                 {product} {ergonomic}
   size_t MinHeapDeltaBytes                        = 524288                                    {product} {ergonomic}
   size_t MinHeapSize                              = 104857600                                 {product} {command line}
   size_t NewSize                                  = 34603008                                  {product} {ergonomic}
    uintx NonNMethodCodeHeapSize                   = 5839372                                {pd product} {ergonomic}
    uintx NonProfiledCodeHeapSize                  = 122909434                              {pd product} {ergonomic}
   size_t OldSize                                  = 70254592                                  {product} {ergonomic}
    uintx ProfiledCodeHeapSize                     = 122909434                              {pd product} {ergonomic}
    uintx ReservedCodeCacheSize                    = 251658240                              {pd product} {ergonomic}
     bool SegmentedCodeCache                       = true                                      {product} {ergonomic}
   size_t SoftMaxHeapSize                          = 1073741824                             {manageable} {ergonomic}
     bool UseCompressedClassPointers               = true                           {product lp64_product} {ergonomic}
     bool UseCompressedOops                        = true                           {product lp64_product} {ergonomic}
     bool UseLargePagesIndividualAllocation        = false                                  {pd product} {ergonomic}
     bool UseParallelGC                            = true                                      {product} {command line}

Logging:
Log output configuration:
 #0: stdout all=off uptime,level,tags
 #1: stderr all=off uptime,level,tags

Environment Variables:
JAVA_HOME=C:\Program Files\java\jdk-17
PATH=C:\Program Files\Common Files\Oracle\Java\javapath;C:\Python312\Scripts\;C:\Python312\;C:\Windows\system32;C:\Windows;C:\Windows\System32\Wbem;C:\Windows\System32\WindowsPowerShell\v1.0\;C:\Windows\System32\OpenSSH\;C:\xampp\php;C:\ProgramData\ComposerSetup\bin;C:\Program Files\Git\cmd;C:\Program Files\java\openlogic-openjdk-8u402-b06-windows-64\bin;C:\Program Files\nodejs\node_modules\npm\bin;C:\Program Files\nodejs\;C:\ProgramData\chocolatey\bin;C:\Users\Admin\Downloads\apache-maven-3.9.6-bin\apache-maven-3.9.6\bin;C:\Program Files\Docker\Docker\resources\bin;C:\Program Files\java\jdk-17\bin;C:\Users\Admin\AppData\Local\Programs\Python\Python311\Scripts\;C:\Users\Admin\AppData\Local\Programs\Python\Python311\;C:\Users\Admin\AppData\Local\Microsoft\WindowsApps;C:\ngrok;C:\Program Files\JetBrains\PyCharm Community Edition 2023.2.5\bin;;C:\Users\Admin\AppData\Local\Programs\Microsoft VS Code\bin;C:\Users\Admin\AppData\Roaming\Composer\vendor\bin;C:\Users\Admin\AppData\Local\GitHubDesktop\bin;"C:\Program Files\nodejs;C:\Users\Admin\AppData\Roaming\npm";C:\Users\Admin\AppData\Roaming\npm
USERNAME=Admin
OS=Windows_NT
PROCESSOR_IDENTIFIER=Intel64 Family 6 Model 94 Stepping 3, GenuineIntel
TMP=C:\Users\Admin\AppData\Local\Temp
TEMP=C:\Users\Admin\AppData\Local\Temp



Periodic native trim disabled


---------------  S Y S T E M  ---------------

OS:
 Windows 10 , 64 bit Build 19041 (10.0.19041.3636)
OS uptime: 4 days 15:52 hours
Hyper-V role detected

CPU: total 8 (initial active 8) (4 cores per cpu, 2 threads per core) family 6 model 94 stepping 3 microcode 0xf2, cx8, cmov, fxsr, ht, mmx, 3dnowpref, sse, sse2, sse3, ssse3, sse4.1, sse4.2, popcnt, lzcnt, tsc, tscinvbit, avx, avx2, aes, erms, clmul, bmi1, bmi2, rtm, adx, fma, vzeroupper, clflush, clflushopt, hv
Processor Information for all 8 processors :
  Max Mhz: 3408, Current Mhz: 3408, Mhz Limit: 3408

Memory: 4k page, system-wide physical 8075M (2251M free)
TotalPageFile size 32651M (AvailPageFile size 5M)
current process WorkingSet (physical memory assigned to process): 82M, peak: 82M
current process commit charge ("private bytes"): 203M, peak: 204M

vm_info: OpenJDK 64-Bit Server VM (17.0.10+7) for windows-amd64 JRE (17.0.10+7), built on Jan 16 2024 23:25:11 by "admin" with MS VC++ 16.10 / 16.11 (VS2019)

END.
