#
# There is insufficient memory for the Java Runtime Environment to continue.
# Native memory allocation (malloc) failed to allocate 131088 bytes for Chunk::new
# Possible reasons:
#   The system is out of physical RAM or swap space
#   The process is running with CompressedOops enabled, and the Java Heap may be blocking the growth of the native heap
# Possible solutions:
#   Reduce memory load on the system
#   Increase physical memory or swap space
#   Check if swap backing store is full
#   Decrease Java heap size (-Xmx/-Xms)
#   Decrease number of Java threads
#   Decrease Java thread stack sizes (-Xss)
#   Set larger code cache with -XX:ReservedCodeCacheSize=
#   JVM is running with Unscaled Compressed Oops mode in which the Java heap is
#     placed in the first 4GB address space. The Java Heap base address is the
#     maximum limit for the native heap growth. Please use -XX:HeapBaseMinAddress
#     to set the Java Heap base and to place the Java Heap above 4GB virtual address.
# This output file may be truncated or incomplete.
#
#  Out of Memory Error (arena.cpp:189), pid=10716, tid=3276
#
# JRE version: Java(TM) SE Runtime Environment (17.0.11+7) (build 17.0.11+7-LTS-207)
# Java VM: Java HotSpot(TM) 64-Bit Server VM (17.0.11+7-LTS-207, mixed mode, sharing, tiered, compressed oops, compressed class ptrs, g1 gc, windows-amd64)
# No core dump will be written. Minidumps are not enabled by default on client versions of Windows
#

---------------  S U M M A R Y ------------

Command Line: -Dclassworlds.conf=C:\Users\Admin\Downloads\apache-maven-3.9.6-bin\apache-maven-3.9.6\bin\m2.conf -Dmaven.home=C:\Users\Admin\Downloads\apache-maven-3.9.6-bin\apache-maven-3.9.6 -Dlibrary.jansi.path=C:\Users\Admin\Downloads\apache-maven-3.9.6-bin\apache-maven-3.9.6\lib\jansi-native -Dmaven.multiModuleProjectDirectory=C:\Users\Admin\Desktop\Property_Insurance\Backend-Workspace\PropertyInsurance org.codehaus.plexus.classworlds.launcher.Launcher clean package

Host: Intel(R) Core(TM) i7-6700 CPU @ 3.40GHz, 8 cores, 7G,  Windows 10 , 64 bit Build 19041 (10.0.19041.3636)
Time: Mon May 20 09:45:08 2024 India Standard Time elapsed time: 1.971166 seconds (0d 0h 0m 1s)

---------------  T H R E A D  ---------------

Current thread (0x000001ecc5a36f70):  JavaThread "C2 CompilerThread2" daemon [_thread_in_native, id=3276, stack(0x00000092f8600000,0x00000092f8700000)]


Current CompileTask:
C2:   1971 1683   !   4       java.net.URL::<init> (543 bytes)

Stack: [0x00000092f8600000,0x00000092f8700000]
Native frames: (J=compiled Java code, j=interpreted, Vv=VM code, C=native code)
V  [jvm.dll+0x679cca]
V  [jvm.dll+0x7da13d]
V  [jvm.dll+0x7dba83]
V  [jvm.dll+0x7dc0f3]
V  [jvm.dll+0x2449af]
V  [jvm.dll+0xab83b]
V  [jvm.dll+0xabe1c]
V  [jvm.dll+0xab954]
V  [jvm.dll+0x65886c]
V  [jvm.dll+0x58efca]
V  [jvm.dll+0x578908]
V  [jvm.dll+0x57abc2]
V  [jvm.dll+0x57a6c9]
V  [jvm.dll+0x57a5b0]
V  [jvm.dll+0x57a5b0]
V  [jvm.dll+0x58217a]
V  [jvm.dll+0x21ed62]
V  [jvm.dll+0x21f13f]
V  [jvm.dll+0x218331]
V  [jvm.dll+0x215505]
V  [jvm.dll+0x1a2040]
V  [jvm.dll+0x225a2b]
V  [jvm.dll+0x223bcb]
V  [jvm.dll+0x7903ec]
V  [jvm.dll+0x78a85a]
V  [jvm.dll+0x678bb5]
C  [ucrtbase.dll+0x21bb2]
C  [KERNEL32.DLL+0x17344]
C  [ntdll.dll+0x526b1]


---------------  P R O C E S S  ---------------

Threads class SMR info:
_java_thread_list=0x000001ecc5aa0870, length=14, elements={
0x000001ece19ce8f0, 0x000001ecffad6440, 0x000001ecffad71d0, 0x000001ecffaea140,
0x000001ecffaebc20, 0x000001ecffaee500, 0x000001ecffaef9f0, 0x000001ecffaf08b0,
0x000001ecffaf4770, 0x000001ecffb010b0, 0x000001ecc510a580, 0x000001ecc5113d10,
0x000001ecc56511f0, 0x000001ecc5a36f70
}

Java Threads: ( => current thread )
  0x000001ece19ce8f0 JavaThread "main" [_thread_in_vm, id=13932, stack(0x00000092f7200000,0x00000092f7300000)]
  0x000001ecffad6440 JavaThread "Reference Handler" daemon [_thread_blocked, id=15628, stack(0x00000092f7900000,0x00000092f7a00000)]
  0x000001ecffad71d0 JavaThread "Finalizer" daemon [_thread_blocked, id=3160, stack(0x00000092f7a00000,0x00000092f7b00000)]
  0x000001ecffaea140 JavaThread "Signal Dispatcher" daemon [_thread_blocked, id=17144, stack(0x00000092f7b00000,0x00000092f7c00000)]
  0x000001ecffaebc20 JavaThread "Attach Listener" daemon [_thread_blocked, id=8488, stack(0x00000092f7c00000,0x00000092f7d00000)]
  0x000001ecffaee500 JavaThread "Service Thread" daemon [_thread_blocked, id=15932, stack(0x00000092f7d00000,0x00000092f7e00000)]
  0x000001ecffaef9f0 JavaThread "Monitor Deflation Thread" daemon [_thread_blocked, id=2380, stack(0x00000092f7e00000,0x00000092f7f00000)]
  0x000001ecffaf08b0 JavaThread "C2 CompilerThread0" daemon [_thread_in_native, id=7780, stack(0x00000092f7f00000,0x00000092f8000000)]
  0x000001ecffaf4770 JavaThread "C1 CompilerThread0" daemon [_thread_in_native, id=17364, stack(0x00000092f8000000,0x00000092f8100000)]
  0x000001ecffb010b0 JavaThread "Sweeper thread" daemon [_thread_blocked, id=17060, stack(0x00000092f8100000,0x00000092f8200000)]
  0x000001ecc510a580 JavaThread "Notification Thread" daemon [_thread_blocked, id=15856, stack(0x00000092f8200000,0x00000092f8300000)]
  0x000001ecc5113d10 JavaThread "Common-Cleaner" daemon [_thread_blocked, id=16400, stack(0x00000092f8400000,0x00000092f8500000)]
  0x000001ecc56511f0 JavaThread "C2 CompilerThread1" daemon [_thread_blocked, id=15280, stack(0x00000092f8500000,0x00000092f8600000)]
=>0x000001ecc5a36f70 JavaThread "C2 CompilerThread2" daemon [_thread_in_native, id=3276, stack(0x00000092f8600000,0x00000092f8700000)]

Other Threads:
  0x000001ecffad1620 VMThread "VM Thread" [stack: 0x00000092f7800000,0x00000092f7900000] [id=15716]
  0x000001ece1a42ba0 WatcherThread [stack: 0x00000092f8300000,0x00000092f8400000] [id=7888]
  0x000001ece1a29aa0 GCTaskThread "GC Thread#0" [stack: 0x00000092f7300000,0x00000092f7400000] [id=6372]
  0x000001ecc5a6fb90 GCTaskThread "GC Thread#1" [stack: 0x00000092f8700000,0x00000092f8800000] [id=10004]
  0x000001ecc5949f80 GCTaskThread "GC Thread#2" [stack: 0x00000092f8800000,0x00000092f8900000] [id=6940]
  0x000001ecc5887d60 GCTaskThread "GC Thread#3" [stack: 0x00000092f8900000,0x00000092f8a00000] [id=8288]
  0x000001ecc59077f0 GCTaskThread "GC Thread#4" [stack: 0x00000092f8a00000,0x00000092f8b00000] [id=13536]
  0x000001ecc598d4b0 GCTaskThread "GC Thread#5" [stack: 0x00000092f8b00000,0x00000092f8c00000] [id=3676]
  0x000001ecc5189620 GCTaskThread "GC Thread#6" [stack: 0x00000092f8c00000,0x00000092f8d00000] [id=5932]
  0x000001ecc5af3d00 GCTaskThread "GC Thread#7" [stack: 0x00000092f8d00000,0x00000092f8e00000] [id=13308]
  0x000001ece1a3c5b0 ConcurrentGCThread "G1 Main Marker" [stack: 0x00000092f7400000,0x00000092f7500000] [id=13872]
  0x000001ece1a3d670 ConcurrentGCThread "G1 Conc#0" [stack: 0x00000092f7500000,0x00000092f7600000] [id=7752]
  0x000001ecff9880e0 ConcurrentGCThread "G1 Refine#0" [stack: 0x00000092f7600000,0x00000092f7700000] [id=13728]
  0x000001ecff9887c0 ConcurrentGCThread "G1 Service" [stack: 0x00000092f7700000,0x00000092f7800000] [id=14576]

Threads with active compile tasks:
C2 CompilerThread0     2025 1750       4       jdk.internal.org.objectweb.asm.SymbolTable::put (150 bytes)
C1 CompilerThread0     2026 1758       3       jdk.internal.org.objectweb.asm.Frame::getConcreteOutputType (111 bytes)
C2 CompilerThread1     2026 1757       4       jdk.internal.org.objectweb.asm.ByteVector::putByte (39 bytes)
C2 CompilerThread2     2026 1683   !   4       java.net.URL::<init> (543 bytes)

VM state: not at safepoint (normal execution)

VM Mutex/Monitor currently owned by a thread: None

Heap address: 0x0000000081c00000, size: 2020 MB, Compressed Oops mode: 32-bit

CDS archive(s) mapped at: [0x000001ec80000000-0x000001ec80bd0000-0x000001ec80bd0000), size 12386304, SharedBaseAddress: 0x000001ec80000000, ArchiveRelocationMode: 1.
Compressed class space mapped at: 0x000001ec81000000-0x000001ecc1000000, reserved size: 1073741824
Narrow klass base: 0x000001ec80000000, Narrow klass shift: 0, Narrow klass range: 0x100000000

GC Precious Log:
 CPUs: 8 total, 8 available
 Memory: 8075M
 Large Page Support: Disabled
 NUMA Support: Disabled
 Compressed Oops: Enabled (32-bit)
 Heap Region Size: 1M
 Heap Min Capacity: 8M
 Heap Initial Capacity: 128M
 Heap Max Capacity: 2020M
 Pre-touch: Disabled
 Parallel Workers: 8
 Concurrent Workers: 2
 Concurrent Refinement Workers: 8
 Periodic GC: Disabled

Heap:
 garbage-first heap   total 131072K, used 9827K [0x0000000081c00000, 0x0000000100000000)
  region size 1024K, 7 young (7168K), 2 survivors (2048K)
 Metaspace       used 10774K, committed 10944K, reserved 1114112K
  class space    used 1313K, committed 1408K, reserved 1048576K

Heap Regions: E=young(eden), S=young(survivor), O=old, HS=humongous(starts), HC=humongous(continues), CS=collection set, F=free, OA=open archive, CA=closed archive, TAMS=top-at-mark-start (previous, next)
|   0|0x0000000081c00000, 0x0000000081d00000, 0x0000000081d00000|100%| O|  |TAMS 0x0000000081c00000, 0x0000000081c00000| Untracked 
|   1|0x0000000081d00000, 0x0000000081e00000, 0x0000000081e00000|100%| O|  |TAMS 0x0000000081d00000, 0x0000000081d00000| Untracked 
|   2|0x0000000081e00000, 0x0000000081f00000, 0x0000000081f00000|100%| O|  |TAMS 0x0000000081e00000, 0x0000000081e00000| Untracked 
|   3|0x0000000081f00000, 0x0000000081fb5400, 0x0000000082000000| 70%| O|  |TAMS 0x0000000081f00000, 0x0000000081f00000| Untracked 
|   4|0x0000000082000000, 0x0000000082000000, 0x0000000082100000|  0%| F|  |TAMS 0x0000000082000000, 0x0000000082000000| Untracked 
|   5|0x0000000082100000, 0x0000000082100000, 0x0000000082200000|  0%| F|  |TAMS 0x0000000082100000, 0x0000000082100000| Untracked 
|   6|0x0000000082200000, 0x0000000082200000, 0x0000000082300000|  0%| F|  |TAMS 0x0000000082200000, 0x0000000082200000| Untracked 
|   7|0x0000000082300000, 0x0000000082300000, 0x0000000082400000|  0%| F|  |TAMS 0x0000000082300000, 0x0000000082300000| Untracked 
|   8|0x0000000082400000, 0x0000000082400000, 0x0000000082500000|  0%| F|  |TAMS 0x0000000082400000, 0x0000000082400000| Untracked 
|   9|0x0000000082500000, 0x0000000082500000, 0x0000000082600000|  0%| F|  |TAMS 0x0000000082500000, 0x0000000082500000| Untracked 
|  10|0x0000000082600000, 0x0000000082600000, 0x0000000082700000|  0%| F|  |TAMS 0x0000000082600000, 0x0000000082600000| Untracked 
|  11|0x0000000082700000, 0x0000000082700000, 0x0000000082800000|  0%| F|  |TAMS 0x0000000082700000, 0x0000000082700000| Untracked 
|  12|0x0000000082800000, 0x0000000082800000, 0x0000000082900000|  0%| F|  |TAMS 0x0000000082800000, 0x0000000082800000| Untracked 
|  13|0x0000000082900000, 0x0000000082900000, 0x0000000082a00000|  0%| F|  |TAMS 0x0000000082900000, 0x0000000082900000| Untracked 
|  14|0x0000000082a00000, 0x0000000082a00000, 0x0000000082b00000|  0%| F|  |TAMS 0x0000000082a00000, 0x0000000082a00000| Untracked 
|  15|0x0000000082b00000, 0x0000000082b00000, 0x0000000082c00000|  0%| F|  |TAMS 0x0000000082b00000, 0x0000000082b00000| Untracked 
|  16|0x0000000082c00000, 0x0000000082c00000, 0x0000000082d00000|  0%| F|  |TAMS 0x0000000082c00000, 0x0000000082c00000| Untracked 
|  17|0x0000000082d00000, 0x0000000082d00000, 0x0000000082e00000|  0%| F|  |TAMS 0x0000000082d00000, 0x0000000082d00000| Untracked 
|  18|0x0000000082e00000, 0x0000000082e00000, 0x0000000082f00000|  0%| F|  |TAMS 0x0000000082e00000, 0x0000000082e00000| Untracked 
|  19|0x0000000082f00000, 0x0000000082f00000, 0x0000000083000000|  0%| F|  |TAMS 0x0000000082f00000, 0x0000000082f00000| Untracked 
|  20|0x0000000083000000, 0x0000000083000000, 0x0000000083100000|  0%| F|  |TAMS 0x0000000083000000, 0x0000000083000000| Untracked 
|  21|0x0000000083100000, 0x0000000083100000, 0x0000000083200000|  0%| F|  |TAMS 0x0000000083100000, 0x0000000083100000| Untracked 
|  22|0x0000000083200000, 0x0000000083200000, 0x0000000083300000|  0%| F|  |TAMS 0x0000000083200000, 0x0000000083200000| Untracked 
|  23|0x0000000083300000, 0x0000000083300000, 0x0000000083400000|  0%| F|  |TAMS 0x0000000083300000, 0x0000000083300000| Untracked 
|  24|0x0000000083400000, 0x0000000083400000, 0x0000000083500000|  0%| F|  |TAMS 0x0000000083400000, 0x0000000083400000| Untracked 
|  25|0x0000000083500000, 0x0000000083500000, 0x0000000083600000|  0%| F|  |TAMS 0x0000000083500000, 0x0000000083500000| Untracked 
|  26|0x0000000083600000, 0x0000000083600000, 0x0000000083700000|  0%| F|  |TAMS 0x0000000083600000, 0x0000000083600000| Untracked 
|  27|0x0000000083700000, 0x0000000083700000, 0x0000000083800000|  0%| F|  |TAMS 0x0000000083700000, 0x0000000083700000| Untracked 
|  28|0x0000000083800000, 0x0000000083800000, 0x0000000083900000|  0%| F|  |TAMS 0x0000000083800000, 0x0000000083800000| Untracked 
|  29|0x0000000083900000, 0x0000000083900000, 0x0000000083a00000|  0%| F|  |TAMS 0x0000000083900000, 0x0000000083900000| Untracked 
|  30|0x0000000083a00000, 0x0000000083a00000, 0x0000000083b00000|  0%| F|  |TAMS 0x0000000083a00000, 0x0000000083a00000| Untracked 
|  31|0x0000000083b00000, 0x0000000083b00000, 0x0000000083c00000|  0%| F|  |TAMS 0x0000000083b00000, 0x0000000083b00000| Untracked 
|  32|0x0000000083c00000, 0x0000000083c00000, 0x0000000083d00000|  0%| F|  |TAMS 0x0000000083c00000, 0x0000000083c00000| Untracked 
|  33|0x0000000083d00000, 0x0000000083d00000, 0x0000000083e00000|  0%| F|  |TAMS 0x0000000083d00000, 0x0000000083d00000| Untracked 
|  34|0x0000000083e00000, 0x0000000083e00000, 0x0000000083f00000|  0%| F|  |TAMS 0x0000000083e00000, 0x0000000083e00000| Untracked 
|  35|0x0000000083f00000, 0x0000000083f00000, 0x0000000084000000|  0%| F|  |TAMS 0x0000000083f00000, 0x0000000083f00000| Untracked 
|  36|0x0000000084000000, 0x0000000084000000, 0x0000000084100000|  0%| F|  |TAMS 0x0000000084000000, 0x0000000084000000| Untracked 
|  37|0x0000000084100000, 0x0000000084100000, 0x0000000084200000|  0%| F|  |TAMS 0x0000000084100000, 0x0000000084100000| Untracked 
|  38|0x0000000084200000, 0x0000000084200000, 0x0000000084300000|  0%| F|  |TAMS 0x0000000084200000, 0x0000000084200000| Untracked 
|  39|0x0000000084300000, 0x0000000084300000, 0x0000000084400000|  0%| F|  |TAMS 0x0000000084300000, 0x0000000084300000| Untracked 
|  40|0x0000000084400000, 0x0000000084400000, 0x0000000084500000|  0%| F|  |TAMS 0x0000000084400000, 0x0000000084400000| Untracked 
|  41|0x0000000084500000, 0x0000000084500000, 0x0000000084600000|  0%| F|  |TAMS 0x0000000084500000, 0x0000000084500000| Untracked 
|  42|0x0000000084600000, 0x0000000084600000, 0x0000000084700000|  0%| F|  |TAMS 0x0000000084600000, 0x0000000084600000| Untracked 
|  43|0x0000000084700000, 0x0000000084700000, 0x0000000084800000|  0%| F|  |TAMS 0x0000000084700000, 0x0000000084700000| Untracked 
|  44|0x0000000084800000, 0x0000000084800000, 0x0000000084900000|  0%| F|  |TAMS 0x0000000084800000, 0x0000000084800000| Untracked 
|  45|0x0000000084900000, 0x0000000084900000, 0x0000000084a00000|  0%| F|  |TAMS 0x0000000084900000, 0x0000000084900000| Untracked 
|  46|0x0000000084a00000, 0x0000000084a00000, 0x0000000084b00000|  0%| F|  |TAMS 0x0000000084a00000, 0x0000000084a00000| Untracked 
|  47|0x0000000084b00000, 0x0000000084b00000, 0x0000000084c00000|  0%| F|  |TAMS 0x0000000084b00000, 0x0000000084b00000| Untracked 
|  48|0x0000000084c00000, 0x0000000084c00000, 0x0000000084d00000|  0%| F|  |TAMS 0x0000000084c00000, 0x0000000084c00000| Untracked 
|  49|0x0000000084d00000, 0x0000000084d00000, 0x0000000084e00000|  0%| F|  |TAMS 0x0000000084d00000, 0x0000000084d00000| Untracked 
|  50|0x0000000084e00000, 0x0000000084e00000, 0x0000000084f00000|  0%| F|  |TAMS 0x0000000084e00000, 0x0000000084e00000| Untracked 
|  51|0x0000000084f00000, 0x0000000084f00000, 0x0000000085000000|  0%| F|  |TAMS 0x0000000084f00000, 0x0000000084f00000| Untracked 
|  52|0x0000000085000000, 0x0000000085000000, 0x0000000085100000|  0%| F|  |TAMS 0x0000000085000000, 0x0000000085000000| Untracked 
|  53|0x0000000085100000, 0x0000000085100000, 0x0000000085200000|  0%| F|  |TAMS 0x0000000085100000, 0x0000000085100000| Untracked 
|  54|0x0000000085200000, 0x0000000085200000, 0x0000000085300000|  0%| F|  |TAMS 0x0000000085200000, 0x0000000085200000| Untracked 
|  55|0x0000000085300000, 0x0000000085300000, 0x0000000085400000|  0%| F|  |TAMS 0x0000000085300000, 0x0000000085300000| Untracked 
|  56|0x0000000085400000, 0x0000000085400000, 0x0000000085500000|  0%| F|  |TAMS 0x0000000085400000, 0x0000000085400000| Untracked 
|  57|0x0000000085500000, 0x0000000085500000, 0x0000000085600000|  0%| F|  |TAMS 0x0000000085500000, 0x0000000085500000| Untracked 
|  58|0x0000000085600000, 0x0000000085600000, 0x0000000085700000|  0%| F|  |TAMS 0x0000000085600000, 0x0000000085600000| Untracked 
|  59|0x0000000085700000, 0x0000000085700000, 0x0000000085800000|  0%| F|  |TAMS 0x0000000085700000, 0x0000000085700000| Untracked 
|  60|0x0000000085800000, 0x0000000085800000, 0x0000000085900000|  0%| F|  |TAMS 0x0000000085800000, 0x0000000085800000| Untracked 
|  61|0x0000000085900000, 0x0000000085900000, 0x0000000085a00000|  0%| F|  |TAMS 0x0000000085900000, 0x0000000085900000| Untracked 
|  62|0x0000000085a00000, 0x0000000085a00000, 0x0000000085b00000|  0%| F|  |TAMS 0x0000000085a00000, 0x0000000085a00000| Untracked 
|  63|0x0000000085b00000, 0x0000000085b00000, 0x0000000085c00000|  0%| F|  |TAMS 0x0000000085b00000, 0x0000000085b00000| Untracked 
|  64|0x0000000085c00000, 0x0000000085c00000, 0x0000000085d00000|  0%| F|  |TAMS 0x0000000085c00000, 0x0000000085c00000| Untracked 
|  65|0x0000000085d00000, 0x0000000085d00000, 0x0000000085e00000|  0%| F|  |TAMS 0x0000000085d00000, 0x0000000085d00000| Untracked 
|  66|0x0000000085e00000, 0x0000000085e00000, 0x0000000085f00000|  0%| F|  |TAMS 0x0000000085e00000, 0x0000000085e00000| Untracked 
|  67|0x0000000085f00000, 0x0000000085f00000, 0x0000000086000000|  0%| F|  |TAMS 0x0000000085f00000, 0x0000000085f00000| Untracked 
|  68|0x0000000086000000, 0x0000000086000000, 0x0000000086100000|  0%| F|  |TAMS 0x0000000086000000, 0x0000000086000000| Untracked 
|  69|0x0000000086100000, 0x0000000086100000, 0x0000000086200000|  0%| F|  |TAMS 0x0000000086100000, 0x0000000086100000| Untracked 
|  70|0x0000000086200000, 0x0000000086200000, 0x0000000086300000|  0%| F|  |TAMS 0x0000000086200000, 0x0000000086200000| Untracked 
|  71|0x0000000086300000, 0x0000000086300000, 0x0000000086400000|  0%| F|  |TAMS 0x0000000086300000, 0x0000000086300000| Untracked 
|  72|0x0000000086400000, 0x0000000086400000, 0x0000000086500000|  0%| F|  |TAMS 0x0000000086400000, 0x0000000086400000| Untracked 
|  73|0x0000000086500000, 0x0000000086500000, 0x0000000086600000|  0%| F|  |TAMS 0x0000000086500000, 0x0000000086500000| Untracked 
|  74|0x0000000086600000, 0x0000000086600000, 0x0000000086700000|  0%| F|  |TAMS 0x0000000086600000, 0x0000000086600000| Untracked 
|  75|0x0000000086700000, 0x0000000086700000, 0x0000000086800000|  0%| F|  |TAMS 0x0000000086700000, 0x0000000086700000| Untracked 
|  76|0x0000000086800000, 0x0000000086800000, 0x0000000086900000|  0%| F|  |TAMS 0x0000000086800000, 0x0000000086800000| Untracked 
|  77|0x0000000086900000, 0x0000000086900000, 0x0000000086a00000|  0%| F|  |TAMS 0x0000000086900000, 0x0000000086900000| Untracked 
|  78|0x0000000086a00000, 0x0000000086a00000, 0x0000000086b00000|  0%| F|  |TAMS 0x0000000086a00000, 0x0000000086a00000| Untracked 
|  79|0x0000000086b00000, 0x0000000086b00000, 0x0000000086c00000|  0%| F|  |TAMS 0x0000000086b00000, 0x0000000086b00000| Untracked 
|  80|0x0000000086c00000, 0x0000000086c00000, 0x0000000086d00000|  0%| F|  |TAMS 0x0000000086c00000, 0x0000000086c00000| Untracked 
|  81|0x0000000086d00000, 0x0000000086d00000, 0x0000000086e00000|  0%| F|  |TAMS 0x0000000086d00000, 0x0000000086d00000| Untracked 
|  82|0x0000000086e00000, 0x0000000086e00000, 0x0000000086f00000|  0%| F|  |TAMS 0x0000000086e00000, 0x0000000086e00000| Untracked 
|  83|0x0000000086f00000, 0x0000000086f00000, 0x0000000087000000|  0%| F|  |TAMS 0x0000000086f00000, 0x0000000086f00000| Untracked 
|  84|0x0000000087000000, 0x0000000087000000, 0x0000000087100000|  0%| F|  |TAMS 0x0000000087000000, 0x0000000087000000| Untracked 
|  85|0x0000000087100000, 0x0000000087100000, 0x0000000087200000|  0%| F|  |TAMS 0x0000000087100000, 0x0000000087100000| Untracked 
|  86|0x0000000087200000, 0x0000000087200000, 0x0000000087300000|  0%| F|  |TAMS 0x0000000087200000, 0x0000000087200000| Untracked 
|  87|0x0000000087300000, 0x0000000087300000, 0x0000000087400000|  0%| F|  |TAMS 0x0000000087300000, 0x0000000087300000| Untracked 
|  88|0x0000000087400000, 0x0000000087400000, 0x0000000087500000|  0%| F|  |TAMS 0x0000000087400000, 0x0000000087400000| Untracked 
|  89|0x0000000087500000, 0x0000000087500000, 0x0000000087600000|  0%| F|  |TAMS 0x0000000087500000, 0x0000000087500000| Untracked 
|  90|0x0000000087600000, 0x0000000087600000, 0x0000000087700000|  0%| F|  |TAMS 0x0000000087600000, 0x0000000087600000| Untracked 
|  91|0x0000000087700000, 0x0000000087700000, 0x0000000087800000|  0%| F|  |TAMS 0x0000000087700000, 0x0000000087700000| Untracked 
|  92|0x0000000087800000, 0x0000000087800000, 0x0000000087900000|  0%| F|  |TAMS 0x0000000087800000, 0x0000000087800000| Untracked 
|  93|0x0000000087900000, 0x00000000879e3be0, 0x0000000087a00000| 88%| S|CS|TAMS 0x0000000087900000, 0x0000000087900000| Complete 
|  94|0x0000000087a00000, 0x0000000087b00000, 0x0000000087b00000|100%| S|CS|TAMS 0x0000000087a00000, 0x0000000087a00000| Complete 
|  95|0x0000000087b00000, 0x0000000087b00000, 0x0000000087c00000|  0%| F|  |TAMS 0x0000000087b00000, 0x0000000087b00000| Untracked 
|  96|0x0000000087c00000, 0x0000000087c00000, 0x0000000087d00000|  0%| F|  |TAMS 0x0000000087c00000, 0x0000000087c00000| Untracked 
|  97|0x0000000087d00000, 0x0000000087d00000, 0x0000000087e00000|  0%| F|  |TAMS 0x0000000087d00000, 0x0000000087d00000| Untracked 
|  98|0x0000000087e00000, 0x0000000087e00000, 0x0000000087f00000|  0%| F|  |TAMS 0x0000000087e00000, 0x0000000087e00000| Untracked 
|  99|0x0000000087f00000, 0x0000000087f00000, 0x0000000088000000|  0%| F|  |TAMS 0x0000000087f00000, 0x0000000087f00000| Untracked 
| 100|0x0000000088000000, 0x0000000088000000, 0x0000000088100000|  0%| F|  |TAMS 0x0000000088000000, 0x0000000088000000| Untracked 
| 101|0x0000000088100000, 0x0000000088100000, 0x0000000088200000|  0%| F|  |TAMS 0x0000000088100000, 0x0000000088100000| Untracked 
| 102|0x0000000088200000, 0x0000000088200000, 0x0000000088300000|  0%| F|  |TAMS 0x0000000088200000, 0x0000000088200000| Untracked 
| 103|0x0000000088300000, 0x0000000088300000, 0x0000000088400000|  0%| F|  |TAMS 0x0000000088300000, 0x0000000088300000| Untracked 
| 104|0x0000000088400000, 0x0000000088400000, 0x0000000088500000|  0%| F|  |TAMS 0x0000000088400000, 0x0000000088400000| Untracked 
| 105|0x0000000088500000, 0x0000000088500000, 0x0000000088600000|  0%| F|  |TAMS 0x0000000088500000, 0x0000000088500000| Untracked 
| 106|0x0000000088600000, 0x0000000088600000, 0x0000000088700000|  0%| F|  |TAMS 0x0000000088600000, 0x0000000088600000| Untracked 
| 107|0x0000000088700000, 0x0000000088700000, 0x0000000088800000|  0%| F|  |TAMS 0x0000000088700000, 0x0000000088700000| Untracked 
| 108|0x0000000088800000, 0x0000000088800000, 0x0000000088900000|  0%| F|  |TAMS 0x0000000088800000, 0x0000000088800000| Untracked 
| 109|0x0000000088900000, 0x0000000088900000, 0x0000000088a00000|  0%| F|  |TAMS 0x0000000088900000, 0x0000000088900000| Untracked 
| 110|0x0000000088a00000, 0x0000000088a00000, 0x0000000088b00000|  0%| F|  |TAMS 0x0000000088a00000, 0x0000000088a00000| Untracked 
| 111|0x0000000088b00000, 0x0000000088b00000, 0x0000000088c00000|  0%| F|  |TAMS 0x0000000088b00000, 0x0000000088b00000| Untracked 
| 112|0x0000000088c00000, 0x0000000088c00000, 0x0000000088d00000|  0%| F|  |TAMS 0x0000000088c00000, 0x0000000088c00000| Untracked 
| 113|0x0000000088d00000, 0x0000000088d00000, 0x0000000088e00000|  0%| F|  |TAMS 0x0000000088d00000, 0x0000000088d00000| Untracked 
| 114|0x0000000088e00000, 0x0000000088e00000, 0x0000000088f00000|  0%| F|  |TAMS 0x0000000088e00000, 0x0000000088e00000| Untracked 
| 115|0x0000000088f00000, 0x0000000088f00000, 0x0000000089000000|  0%| F|  |TAMS 0x0000000088f00000, 0x0000000088f00000| Untracked 
| 116|0x0000000089000000, 0x0000000089000000, 0x0000000089100000|  0%| F|  |TAMS 0x0000000089000000, 0x0000000089000000| Untracked 
| 117|0x0000000089100000, 0x0000000089100000, 0x0000000089200000|  0%| F|  |TAMS 0x0000000089100000, 0x0000000089100000| Untracked 
| 118|0x0000000089200000, 0x0000000089200000, 0x0000000089300000|  0%| F|  |TAMS 0x0000000089200000, 0x0000000089200000| Untracked 
| 119|0x0000000089300000, 0x0000000089300000, 0x0000000089400000|  0%| F|  |TAMS 0x0000000089300000, 0x0000000089300000| Untracked 
| 120|0x0000000089400000, 0x0000000089400000, 0x0000000089500000|  0%| F|  |TAMS 0x0000000089400000, 0x0000000089400000| Untracked 
| 121|0x0000000089500000, 0x0000000089500000, 0x0000000089600000|  0%| F|  |TAMS 0x0000000089500000, 0x0000000089500000| Untracked 
| 122|0x0000000089600000, 0x0000000089600000, 0x0000000089700000|  0%| F|  |TAMS 0x0000000089600000, 0x0000000089600000| Untracked 
| 123|0x0000000089700000, 0x0000000089780800, 0x0000000089800000| 50%| E|  |TAMS 0x0000000089700000, 0x0000000089700000| Complete 
| 124|0x0000000089800000, 0x0000000089900000, 0x0000000089900000|100%| E|CS|TAMS 0x0000000089800000, 0x0000000089800000| Complete 
| 125|0x0000000089900000, 0x0000000089a00000, 0x0000000089a00000|100%| E|CS|TAMS 0x0000000089900000, 0x0000000089900000| Complete 
| 126|0x0000000089a00000, 0x0000000089b00000, 0x0000000089b00000|100%| E|CS|TAMS 0x0000000089a00000, 0x0000000089a00000| Complete 
| 127|0x0000000089b00000, 0x0000000089c00000, 0x0000000089c00000|100%| E|CS|TAMS 0x0000000089b00000, 0x0000000089b00000| Complete 

Card table byte_map: [0x000001ecf89c0000,0x000001ecf8dc0000] _byte_map_base: 0x000001ecf85b2000

Marking Bits (Prev, Next): (CMBitMap*) 0x000001ece1a2aff0, (CMBitMap*) 0x000001ece1a2b030
 Prev Bits: [0x000001ecf91c0000, 0x000001ecfb150000)
 Next Bits: [0x000001ecfb150000, 0x000001ecfd0e0000)

Polling page: 0x000001ecdf9b0000

Metaspace:

Usage:
  Non-class:      9.27 MB used.
      Class:      1.29 MB used.
       Both:     10.56 MB used.

Virtual space:
  Non-class space:       64.00 MB reserved,       9.31 MB ( 15%) committed,  1 nodes.
      Class space:        1.00 GB reserved,       1.38 MB ( <1%) committed,  1 nodes.
             Both:        1.06 GB reserved,      10.69 MB ( <1%) committed. 

Chunk freelists:
   Non-Class:  5.13 MB
       Class:  14.67 MB
        Both:  19.80 MB

MaxMetaspaceSize: unlimited
CompressedClassSpaceSize: 1.00 GB
Initial GC threshold: 21.00 MB
Current GC threshold: 21.00 MB
CDS: on
MetaspaceReclaimPolicy: balanced
 - commit_granule_bytes: 65536.
 - commit_granule_words: 8192.
 - virtual_space_node_default_size: 8388608.
 - enlarge_chunks_in_place: 1.
 - new_chunks_are_fully_committed: 0.
 - uncommit_free_chunks: 1.
 - use_allocation_guard: 0.
 - handle_deallocations: 1.


Internal statistics:

num_allocs_failed_limit: 0.
num_arena_births: 62.
num_arena_deaths: 0.
num_vsnodes_births: 2.
num_vsnodes_deaths: 0.
num_space_committed: 171.
num_space_uncommitted: 0.
num_chunks_returned_to_freelist: 0.
num_chunks_taken_from_freelist: 444.
num_chunk_merges: 0.
num_chunk_splits: 299.
num_chunks_enlarged: 236.
num_inconsistent_stats: 0.

CodeHeap 'non-profiled nmethods': size=120000Kb used=769Kb max_used=769Kb free=119230Kb
 bounds [0x000001ecf0d60000, 0x000001ecf0fd0000, 0x000001ecf8290000]
CodeHeap 'profiled nmethods': size=120000Kb used=3462Kb max_used=3462Kb free=116537Kb
 bounds [0x000001ece9290000, 0x000001ece9600000, 0x000001ecf07c0000]
CodeHeap 'non-nmethods': size=5760Kb used=1164Kb max_used=1212Kb free=4595Kb
 bounds [0x000001ecf07c0000, 0x000001ecf0a30000, 0x000001ecf0d60000]
 total_blobs=2229 nmethods=1780 adapters=361
 compilation: enabled
              stopped_count=0, restarted_count=0
 full_count=0

Compilation events (20 events):
Event: 1.946 Thread 0x000001ecffaf4770 nmethod 1716 0x000001ece95d9f90 code [0x000001ece95da300, 0x000001ece95db8f8]
Event: 1.946 Thread 0x000001ecffaf4770 1717       3       org.eclipse.sisu.inject.TypeArguments::isConcrete (23 bytes)
Event: 1.947 Thread 0x000001ecffaf4770 nmethod 1717 0x000001ece95dc010 code [0x000001ece95dc1c0, 0x000001ece95dc468]
Event: 1.951 Thread 0x000001ecffaf4770 1718       3       com.google.common.cache.LocalCache::rehash (49 bytes)
Event: 1.951 Thread 0x000001ecffaf4770 nmethod 1718 0x000001ece95dc590 code [0x000001ece95dc720, 0x000001ece95dc858]
Event: 1.951 Thread 0x000001ecffaf4770 1719       3       com.google.common.cache.LocalCache$Segment::postReadCleanup (18 bytes)
Event: 1.952 Thread 0x000001ecffaf4770 nmethod 1719 0x000001ece95dc910 code [0x000001ece95dcac0, 0x000001ece95dcc98]
Event: 1.952 Thread 0x000001ecffaf4770 1720       3       com.google.inject.spi.InjectionPoint::forInstanceMethodsAndFields (8 bytes)
Event: 1.952 Thread 0x000001ecffaf4770 nmethod 1720 0x000001ece95dcd90 code [0x000001ece95dcf40, 0x000001ece95dd158]
Event: 1.953 Thread 0x000001ecffaf4770 1721       1       java.lang.StackTraceElement::getClassName (5 bytes)
Event: 1.953 Thread 0x000001ecffaf4770 nmethod 1721 0x000001ecf0e1a190 code [0x000001ecf0e1a320, 0x000001ecf0e1a3f8]
Event: 1.954 Thread 0x000001ecc56511f0 1722       4       java.util.Objects::requireNonNull (15 bytes)
Event: 1.955 Thread 0x000001ecc56511f0 nmethod 1722 0x000001ecf0e1a490 code [0x000001ecf0e1a600, 0x000001ecf0e1a678]
Event: 1.956 Thread 0x000001ecffaf4770 1723       3       com.google.common.cache.LocalCache$Segment::scheduleRefresh (66 bytes)
Event: 1.957 Thread 0x000001ecffaf4770 nmethod 1723 0x000001ece95dd290 code [0x000001ece95dd460, 0x000001ece95dd848]
Event: 1.957 Thread 0x000001ecffaf4770 1724   !   3       com.google.inject.internal.BindingBuilder::toProvider (69 bytes)
Event: 1.958 Thread 0x000001ecffaf4770 nmethod 1724 0x000001ece95dda90 code [0x000001ece95ddd40, 0x000001ece95df058]
Event: 1.958 Thread 0x000001ecffaf4770 1725       3       com.google.common.collect.ImmutableList::copyOf (50 bytes)
Event: 1.959 Thread 0x000001ecffaf4770 nmethod 1725 0x000001ece95df610 code [0x000001ece95df880, 0x000001ece95e0398]
Event: 1.967 Thread 0x000001ecc56511f0 1726       4       java.lang.String::indexOf (113 bytes)

GC Heap History (4 events):
Event: 1.066 GC heap before
{Heap before GC invocations=0 (full 0):
 garbage-first heap   total 131072K, used 22528K [0x0000000081c00000, 0x0000000100000000)
  region size 1024K, 23 young (23552K), 0 survivors (0K)
 Metaspace       used 5501K, committed 5632K, reserved 1114112K
  class space    used 660K, committed 768K, reserved 1048576K
}
Event: 1.073 GC heap after
{Heap after GC invocations=1 (full 0):
 garbage-first heap   total 131072K, used 3913K [0x0000000081c00000, 0x0000000100000000)
  region size 1024K, 3 young (3072K), 3 survivors (3072K)
 Metaspace       used 5501K, committed 5632K, reserved 1114112K
  class space    used 660K, committed 768K, reserved 1048576K
}
Event: 1.874 GC heap before
{Heap before GC invocations=1 (full 0):
 garbage-first heap   total 131072K, used 34633K [0x0000000081c00000, 0x0000000100000000)
  region size 1024K, 33 young (33792K), 3 survivors (3072K)
 Metaspace       used 9936K, committed 10112K, reserved 1114112K
  class space    used 1211K, committed 1280K, reserved 1048576K
}
Event: 1.881 GC heap after
{Heap after GC invocations=2 (full 0):
 garbage-first heap   total 131072K, used 5731K [0x0000000081c00000, 0x0000000100000000)
  region size 1024K, 2 young (2048K), 2 survivors (2048K)
 Metaspace       used 9936K, committed 10112K, reserved 1114112K
  class space    used 1211K, committed 1280K, reserved 1048576K
}

Deoptimization events (20 events):
Event: 1.805 Thread 0x000001ece19ce8f0 Uncommon trap: trap_request=0xffffffc6 fr.pc=0x000001ecf0e11f80 relative=0x00000000000002c0
Event: 1.805 Thread 0x000001ece19ce8f0 Uncommon trap: reason=bimorphic_or_optimized_type_check action=maybe_recompile pc=0x000001ecf0e11f80 method=java.util.HashMap.getNode(Ljava/lang/Object;)Ljava/util/HashMap$Node; @ 128 c2
Event: 1.805 Thread 0x000001ece19ce8f0 DEOPT PACKING pc=0x000001ecf0e11f80 sp=0x00000092f72fdd40
Event: 1.805 Thread 0x000001ece19ce8f0 DEOPT UNPACKING pc=0x000001ecf08123a3 sp=0x00000092f72fdc48 mode 2
Event: 1.873 Thread 0x000001ece19ce8f0 Uncommon trap: trap_request=0xffffffd6 fr.pc=0x000001ecf0e15f90 relative=0x0000000000000170
Event: 1.873 Thread 0x000001ece19ce8f0 Uncommon trap: reason=array_check action=maybe_recompile pc=0x000001ecf0e15f90 method=java.util.stream.Nodes$FixedNodeBuilder.accept(Ljava/lang/Object;)V @ 28 c2
Event: 1.873 Thread 0x000001ece19ce8f0 DEOPT PACKING pc=0x000001ecf0e15f90 sp=0x00000092f72fd880
Event: 1.873 Thread 0x000001ece19ce8f0 DEOPT UNPACKING pc=0x000001ecf08123a3 sp=0x00000092f72fd830 mode 2
Event: 1.873 Thread 0x000001ece19ce8f0 Uncommon trap: trap_request=0xffffffd6 fr.pc=0x000001ecf0e15f90 relative=0x0000000000000170
Event: 1.873 Thread 0x000001ece19ce8f0 Uncommon trap: reason=array_check action=maybe_recompile pc=0x000001ecf0e15f90 method=java.util.stream.Nodes$FixedNodeBuilder.accept(Ljava/lang/Object;)V @ 28 c2
Event: 1.873 Thread 0x000001ece19ce8f0 DEOPT PACKING pc=0x000001ecf0e15f90 sp=0x00000092f72fd880
Event: 1.873 Thread 0x000001ece19ce8f0 DEOPT UNPACKING pc=0x000001ecf08123a3 sp=0x00000092f72fd830 mode 2
Event: 1.873 Thread 0x000001ece19ce8f0 Uncommon trap: trap_request=0xffffffd6 fr.pc=0x000001ecf0e15f90 relative=0x0000000000000170
Event: 1.873 Thread 0x000001ece19ce8f0 Uncommon trap: reason=array_check action=maybe_recompile pc=0x000001ecf0e15f90 method=java.util.stream.Nodes$FixedNodeBuilder.accept(Ljava/lang/Object;)V @ 28 c2
Event: 1.873 Thread 0x000001ece19ce8f0 DEOPT PACKING pc=0x000001ecf0e15f90 sp=0x00000092f72fd880
Event: 1.873 Thread 0x000001ece19ce8f0 DEOPT UNPACKING pc=0x000001ecf08123a3 sp=0x00000092f72fd830 mode 2
Event: 1.873 Thread 0x000001ece19ce8f0 Uncommon trap: trap_request=0xffffffd6 fr.pc=0x000001ecf0e15f90 relative=0x0000000000000170
Event: 1.873 Thread 0x000001ece19ce8f0 Uncommon trap: reason=array_check action=maybe_recompile pc=0x000001ecf0e15f90 method=java.util.stream.Nodes$FixedNodeBuilder.accept(Ljava/lang/Object;)V @ 28 c2
Event: 1.873 Thread 0x000001ece19ce8f0 DEOPT PACKING pc=0x000001ecf0e15f90 sp=0x00000092f72fd880
Event: 1.873 Thread 0x000001ece19ce8f0 DEOPT UNPACKING pc=0x000001ecf08123a3 sp=0x00000092f72fd830 mode 2

Classes unloaded (0 events):
No events

Classes redefined (0 events):
No events

Internal exceptions (20 events):
Event: 0.314 Thread 0x000001ece19ce8f0 Exception <a 'java/lang/NullPointerException'{0x000000008970a2e0}> (0x000000008970a2e0) 
thrown [s\open\src\hotspot\share\interpreter\linkResolver.cpp, line 1350]
Event: 0.340 Thread 0x000001ece19ce8f0 Exception <a 'java/lang/NullPointerException'{0x000000008974cc28}> (0x000000008974cc28) 
thrown [s\open\src\hotspot\share\interpreter\linkResolver.cpp, line 1350]
Event: 0.340 Thread 0x000001ece19ce8f0 Exception <a 'java/lang/NullPointerException'{0x000000008974cf00}> (0x000000008974cf00) 
thrown [s\open\src\hotspot\share\interpreter\linkResolver.cpp, line 1350]
Event: 0.340 Thread 0x000001ece19ce8f0 Exception <a 'java/lang/NullPointerException'{0x000000008974d1d8}> (0x000000008974d1d8) 
thrown [s\open\src\hotspot\share\interpreter\linkResolver.cpp, line 1350]
Event: 0.342 Thread 0x000001ece19ce8f0 Exception <a 'java/lang/NullPointerException'{0x0000000089752de0}> (0x0000000089752de0) 
thrown [s\open\src\hotspot\share\interpreter\linkResolver.cpp, line 1350]
Event: 0.345 Thread 0x000001ece19ce8f0 Exception <a 'java/lang/NullPointerException'{0x0000000089768ac0}> (0x0000000089768ac0) 
thrown [s\open\src\hotspot\share\interpreter\linkResolver.cpp, line 1350]
Event: 0.345 Thread 0x000001ece19ce8f0 Exception <a 'java/lang/NullPointerException'{0x0000000089768d98}> (0x0000000089768d98) 
thrown [s\open\src\hotspot\share\interpreter\linkResolver.cpp, line 1350]
Event: 0.345 Thread 0x000001ece19ce8f0 Exception <a 'java/lang/NullPointerException'{0x0000000089769070}> (0x0000000089769070) 
thrown [s\open\src\hotspot\share\interpreter\linkResolver.cpp, line 1350]
Event: 0.345 Thread 0x000001ece19ce8f0 Exception <a 'java/lang/NullPointerException'{0x0000000089769348}> (0x0000000089769348) 
thrown [s\open\src\hotspot\share\interpreter\linkResolver.cpp, line 1350]
Event: 0.384 Thread 0x000001ece19ce8f0 Exception <a 'java/lang/NoSuchMethodError'{0x00000000896108c8}: 'void java.lang.invoke.DirectMethodHandle$Holder.invokeStatic(java.lang.Object, java.lang.Object, java.lang.Object)'> (0x00000000896108c8) 
thrown [s\open\src\hotspot\share\interpreter\linkResolver.cpp, line 759]
Event: 0.397 Thread 0x000001ece19ce8f0 Exception <a 'java/lang/NoSuchMethodError'{0x000000008966bf20}: 'int java.lang.invoke.DirectMethodHandle$Holder.invokeStatic(java.lang.Object, java.lang.Object, int)'> (0x000000008966bf20) 
thrown [s\open\src\hotspot\share\interpreter\linkResolver.cpp, line 759]
Event: 0.495 Thread 0x000001ece19ce8f0 Exception <a 'java/lang/NoSuchMethodError'{0x00000000895e5658}: 'java.lang.Object java.lang.invoke.DirectMethodHandle$Holder.invokeSpecialIFC(java.lang.Object, java.lang.Object, java.lang.Object, java.lang.Object)'> (0x00000000895e5658) 
thrown [s\open\src\hotspot\share\interpreter\linkResolver.cpp, line 759]
Event: 0.743 Thread 0x000001ece19ce8f0 Exception <a 'java/lang/NoSuchMethodError'{0x0000000088f89950}: 'java.lang.Object java.lang.invoke.DirectMethodHandle$Holder.invokeStaticInit(java.lang.Object)'> (0x0000000088f89950) 
thrown [s\open\src\hotspot\share\interpreter\linkResolver.cpp, line 759]
Event: 0.751 Thread 0x000001ece19ce8f0 Exception <a 'java/lang/NoSuchMethodError'{0x0000000088fa69a0}: 'void java.lang.invoke.DirectMethodHandle$Holder.invokeSpecial(java.lang.Object, java.lang.Object, java.lang.Object)'> (0x0000000088fa69a0) 
thrown [s\open\src\hotspot\share\interpreter\linkResolver.cpp, line 759]
Event: 0.812 Thread 0x000001ece19ce8f0 Exception <a 'java/lang/NoSuchMethodError'{0x0000000088d071f8}: 'java.lang.Object java.lang.invoke.DirectMethodHandle$Holder.invokeInterface(java.lang.Object, java.lang.Object)'> (0x0000000088d071f8) 
thrown [s\open\src\hotspot\share\interpreter\linkResolver.cpp, line 759]
Event: 0.838 Thread 0x000001ece19ce8f0 Exception <a 'java/lang/NoSuchMethodError'{0x0000000088db08b0}: 'java.lang.Object java.lang.invoke.Invokers$Holder.invokeExact_MT(java.lang.Object, java.lang.Object, java.lang.Object, java.lang.Object, java.lang.Object, java.lang.Object)'> (0x0000000088db08b0) 
thrown [s\open\src\hotspot\share\interpreter\linkResolver.cpp, line 759]
Event: 0.841 Thread 0x000001ece19ce8f0 Exception <a 'java/lang/NoSuchMethodError'{0x0000000088dc1d10}: 'int java.lang.invoke.DirectMethodHandle$Holder.invokeSpecialIFC(java.lang.Object, java.lang.Object, java.lang.Object, java.lang.Object, java.lang.Object)'> (0x0000000088dc1d10) 
thrown [s\open\src\hotspot\share\interpreter\linkResolver.cpp, line 759]
Event: 0.925 Thread 0x000001ece19ce8f0 Exception <a 'java/lang/NoSuchMethodError'{0x0000000088b66e10}: 'java.lang.Object java.lang.invoke.DirectMethodHandle$Holder.newInvokeSpecial(java.lang.Object, java.lang.Object, java.lang.Object, java.lang.Object, java.lang.Object)'> (0x0000000088b66e10) 
thrown [s\open\src\hotspot\share\interpreter\linkResolver.cpp, line 759]
Event: 0.965 Thread 0x000001ece19ce8f0 Exception <a 'java/lang/NoSuchMethodError'{0x0000000088a6bbb8}: 'int java.lang.invoke.DirectMethodHandle$Holder.invokeStaticInit(java.lang.Object, java.lang.Object)'> (0x0000000088a6bbb8) 
thrown [s\open\src\hotspot\share\interpreter\linkResolver.cpp, line 759]
Event: 0.978 Thread 0x000001ece19ce8f0 Exception <a 'java/lang/NoClassDefFoundError'{0x0000000088aa4ce0}: javax/enterprise/inject/Typed> (0x0000000088aa4ce0) 
thrown [s\open\src\hotspot\share\classfile\systemDictionary.cpp, line 245]

VM Operations (18 events):
Event: 0.078 Executing VM operation: HandshakeAllThreads
Event: 0.078 Executing VM operation: HandshakeAllThreads done
Event: 0.311 Executing VM operation: HandshakeAllThreads
Event: 0.311 Executing VM operation: HandshakeAllThreads done
Event: 0.327 Executing VM operation: HandshakeAllThreads
Event: 0.327 Executing VM operation: HandshakeAllThreads done
Event: 0.515 Executing VM operation: HandshakeAllThreads
Event: 0.515 Executing VM operation: HandshakeAllThreads done
Event: 1.066 Executing VM operation: G1CollectForAllocation
Event: 1.073 Executing VM operation: G1CollectForAllocation done
Event: 1.505 Executing VM operation: HandshakeAllThreads
Event: 1.505 Executing VM operation: HandshakeAllThreads done
Event: 1.625 Executing VM operation: HandshakeAllThreads
Event: 1.625 Executing VM operation: HandshakeAllThreads done
Event: 1.738 Executing VM operation: ICBufferFull
Event: 1.738 Executing VM operation: ICBufferFull done
Event: 1.874 Executing VM operation: G1CollectForAllocation
Event: 1.881 Executing VM operation: G1CollectForAllocation done

Events (20 events):
Event: 1.782 loading class java/util/concurrent/CompletionService
Event: 1.782 loading class java/util/concurrent/CompletionService done
Event: 1.791 loading class java/security/NoSuchAlgorithmException
Event: 1.792 loading class java/security/GeneralSecurityException
Event: 1.792 loading class java/security/GeneralSecurityException done
Event: 1.792 loading class java/security/NoSuchAlgorithmException done
Event: 1.845 loading class sun/reflect/generics/repository/FieldRepository
Event: 1.845 loading class sun/reflect/generics/repository/FieldRepository done
Event: 1.860 loading class java/io/UncheckedIOException
Event: 1.860 loading class java/io/UncheckedIOException done
Event: 1.872 loading class java/util/concurrent/atomic/AtomicBoolean
Event: 1.873 loading class java/util/concurrent/atomic/AtomicBoolean done
Event: 1.885 loading class java/nio/channels/OverlappingFileLockException
Event: 1.886 loading class java/nio/channels/OverlappingFileLockException done
Event: 1.886 loading class java/nio/channels/FileLock
Event: 1.886 loading class java/nio/channels/FileLock done
Event: 1.921 loading class java/nio/file/AccessDeniedException
Event: 1.921 loading class java/nio/file/FileSystemException
Event: 1.921 loading class java/nio/file/FileSystemException done
Event: 1.921 loading class java/nio/file/AccessDeniedException done


Dynamic libraries:
0x00007ff783270000 - 0x00007ff783280000 	C:\Program Files\java\jdk-17\bin\java.exe
0x00007ff9eee30000 - 0x00007ff9ef028000 	C:\Windows\SYSTEM32\ntdll.dll
0x00007ff9edf60000 - 0x00007ff9ee01d000 	C:\Windows\System32\KERNEL32.DLL
0x00007ff9ecb60000 - 0x00007ff9ece56000 	C:\Windows\System32\KERNELBASE.dll
0x00007ff9eca60000 - 0x00007ff9ecb60000 	C:\Windows\System32\ucrtbase.dll
0x00007ff9ce5c0000 - 0x00007ff9ce5db000 	C:\Program Files\java\jdk-17\bin\VCRUNTIME140.dll
0x00007ff9ce5e0000 - 0x00007ff9ce5f9000 	C:\Program Files\java\jdk-17\bin\jli.dll
0x00007ff9ee430000 - 0x00007ff9ee4e0000 	C:\Windows\System32\ADVAPI32.dll
0x00007ff9eece0000 - 0x00007ff9eed7e000 	C:\Windows\System32\msvcrt.dll
0x00007ff9ed2c0000 - 0x00007ff9ed360000 	C:\Windows\System32\sechost.dll
0x00007ff9ecf90000 - 0x00007ff9ed0b3000 	C:\Windows\System32\RPCRT4.dll
0x00007ff9ec7b0000 - 0x00007ff9ec7d7000 	C:\Windows\System32\bcrypt.dll
0x00007ff9ed120000 - 0x00007ff9ed2bf000 	C:\Windows\System32\USER32.dll
0x00007ff9ec4e0000 - 0x00007ff9ec502000 	C:\Windows\System32\win32u.dll
0x00007ff9e21f0000 - 0x00007ff9e248a000 	C:\Windows\WinSxS\amd64_microsoft.windows.common-controls_6595b64144ccf1df_6.0.19041.4355_none_60b8b9eb71f62e16\COMCTL32.dll
0x00007ff9edd90000 - 0x00007ff9eddbb000 	C:\Windows\System32\GDI32.dll
0x00007ff9ec940000 - 0x00007ff9eca57000 	C:\Windows\System32\gdi32full.dll
0x00007ff9ec5a0000 - 0x00007ff9ec63d000 	C:\Windows\System32\msvcp_win.dll
0x00007ff9e63c0000 - 0x00007ff9e63ca000 	C:\Windows\SYSTEM32\VERSION.dll
0x00007ff9ed0d0000 - 0x00007ff9ed102000 	C:\Windows\System32\IMM32.DLL
0x00007ff9d9db0000 - 0x00007ff9d9dbc000 	C:\Program Files\java\jdk-17\bin\vcruntime140_1.dll
0x00007ff9b9830000 - 0x00007ff9b98be000 	C:\Program Files\java\jdk-17\bin\msvcp140.dll
0x00007ff985e10000 - 0x00007ff9869f0000 	C:\Program Files\java\jdk-17\bin\server\jvm.dll
0x00007ff9eede0000 - 0x00007ff9eede8000 	C:\Windows\System32\PSAPI.DLL
0x00007ff9e1f90000 - 0x00007ff9e1fb7000 	C:\Windows\SYSTEM32\WINMM.dll
0x00007ff9df500000 - 0x00007ff9df509000 	C:\Windows\SYSTEM32\WSOCK32.dll
0x00007ff9ede90000 - 0x00007ff9edefb000 	C:\Windows\System32\WS2_32.dll
0x00007ff9ea260000 - 0x00007ff9ea272000 	C:\Windows\SYSTEM32\kernel.appcore.dll
0x00007ff9d2160000 - 0x00007ff9d216a000 	C:\Program Files\java\jdk-17\bin\jimage.dll
0x00007ff9e61b0000 - 0x00007ff9e6394000 	C:\Windows\SYSTEM32\DBGHELP.DLL
0x00007ff9e5c80000 - 0x00007ff9e5cb4000 	C:\Windows\SYSTEM32\dbgcore.DLL
0x00007ff9ec510000 - 0x00007ff9ec592000 	C:\Windows\System32\bcryptPrimitives.dll
0x00007ff9c02c0000 - 0x00007ff9c02e5000 	C:\Program Files\java\jdk-17\bin\java.dll
0x00007ff9b9750000 - 0x00007ff9b9827000 	C:\Program Files\java\jdk-17\bin\jsvml.dll
0x00007ff9ee4e0000 - 0x00007ff9eec4b000 	C:\Windows\System32\SHELL32.dll
0x00007ff9ea540000 - 0x00007ff9eacdd000 	C:\Windows\SYSTEM32\windows.storage.dll
0x00007ff9ed360000 - 0x00007ff9ed6b3000 	C:\Windows\System32\combase.dll
0x00007ff9ebd50000 - 0x00007ff9ebd7e000 	C:\Windows\SYSTEM32\Wldp.dll
0x00007ff9eddc0000 - 0x00007ff9ede8d000 	C:\Windows\System32\OLEAUT32.dll
0x00007ff9ed7f0000 - 0x00007ff9ed89d000 	C:\Windows\System32\SHCORE.dll
0x00007ff9ed6e0000 - 0x00007ff9ed735000 	C:\Windows\System32\shlwapi.dll
0x00007ff9ec410000 - 0x00007ff9ec434000 	C:\Windows\SYSTEM32\profapi.dll
0x00007ff9cac50000 - 0x00007ff9cac69000 	C:\Program Files\java\jdk-17\bin\net.dll
0x00007ff9e6ce0000 - 0x00007ff9e6dea000 	C:\Windows\SYSTEM32\WINHTTP.dll
0x00007ff9ebb30000 - 0x00007ff9ebb9a000 	C:\Windows\system32\mswsock.dll
0x00007ff9c77f0000 - 0x00007ff9c7806000 	C:\Program Files\java\jdk-17\bin\nio.dll
0x00007ff9c5590000 - 0x00007ff9c55a8000 	C:\Program Files\java\jdk-17\bin\zip.dll
0x0000000069ac0000 - 0x0000000069ae4000 	C:\Users\Admin\Downloads\apache-maven-3.9.6-bin\apache-maven-3.9.6\lib\jansi-native\Windows\x86_64\jansi.dll
0x00007ff9d1e80000 - 0x00007ff9d1e90000 	C:\Program Files\java\jdk-17\bin\verify.dll

dbghelp: loaded successfully - version: 4.0.5 - missing functions: none
symbol engine: initialized successfully - sym options: 0x614 - pdb path: .;C:\Program Files\java\jdk-17\bin;C:\Windows\SYSTEM32;C:\Windows\WinSxS\amd64_microsoft.windows.common-controls_6595b64144ccf1df_6.0.19041.4355_none_60b8b9eb71f62e16;C:\Program Files\java\jdk-17\bin\server;C:\Users\Admin\Downloads\apache-maven-3.9.6-bin\apache-maven-3.9.6\lib\jansi-native\Windows\x86_64

VM Arguments:
jvm_args: -Dclassworlds.conf=C:\Users\Admin\Downloads\apache-maven-3.9.6-bin\apache-maven-3.9.6\bin\m2.conf -Dmaven.home=C:\Users\Admin\Downloads\apache-maven-3.9.6-bin\apache-maven-3.9.6 -Dlibrary.jansi.path=C:\Users\Admin\Downloads\apache-maven-3.9.6-bin\apache-maven-3.9.6\lib\jansi-native -Dmaven.multiModuleProjectDirectory=C:\Users\Admin\Desktop\Property_Insurance\Backend-Workspace\PropertyInsurance 
java_command: org.codehaus.plexus.classworlds.launcher.Launcher clean package
java_class_path (initial): C:\Users\Admin\Downloads\apache-maven-3.9.6-bin\apache-maven-3.9.6\boot\plexus-classworlds-2.7.0.jar
Launcher Type: SUN_STANDARD

[Global flags]
     intx CICompilerCount                          = 4                                         {product} {ergonomic}
     uint ConcGCThreads                            = 2                                         {product} {ergonomic}
     uint G1ConcRefinementThreads                  = 8                                         {product} {ergonomic}
   size_t G1HeapRegionSize                         = 1048576                                   {product} {ergonomic}
    uintx GCDrainStackTargetSize                   = 64                                        {product} {ergonomic}
   size_t InitialHeapSize                          = 134217728                                 {product} {ergonomic}
   size_t MarkStackSize                            = 4194304                                   {product} {ergonomic}
   size_t MaxHeapSize                              = 2118123520                                {product} {ergonomic}
   size_t MaxNewSize                               = 1270874112                                {product} {ergonomic}
   size_t MinHeapDeltaBytes                        = 1048576                                   {product} {ergonomic}
   size_t MinHeapSize                              = 8388608                                   {product} {ergonomic}
    uintx NonNMethodCodeHeapSize                   = 5839372                                {pd product} {ergonomic}
    uintx NonProfiledCodeHeapSize                  = 122909434                              {pd product} {ergonomic}
    uintx ProfiledCodeHeapSize                     = 122909434                              {pd product} {ergonomic}
    uintx ReservedCodeCacheSize                    = 251658240                              {pd product} {ergonomic}
     bool SegmentedCodeCache                       = true                                      {product} {ergonomic}
   size_t SoftMaxHeapSize                          = 2118123520                             {manageable} {ergonomic}
     bool UseCompressedClassPointers               = true                           {product lp64_product} {ergonomic}
     bool UseCompressedOops                        = true                           {product lp64_product} {ergonomic}
     bool UseG1GC                                  = true                                      {product} {ergonomic}
     bool UseLargePagesIndividualAllocation        = false                                  {pd product} {ergonomic}

Logging:
Log output configuration:
 #0: stdout all=warning uptime,level,tags
 #1: stderr all=off uptime,level,tags

Environment Variables:
JAVA_HOME=C:\Program Files\java\jdk-17
PATH=C:\Program Files\Common Files\Oracle\Java\javapath;C:\Python312\Scripts\;C:\Python312\;C:\Windows\system32;C:\Windows;C:\Windows\System32\Wbem;C:\Windows\System32\WindowsPowerShell\v1.0\;C:\Windows\System32\OpenSSH\;C:\xampp\php;C:\ProgramData\ComposerSetup\bin;C:\Program Files\Git\cmd;C:\Program Files\java\openlogic-openjdk-8u402-b06-windows-64\bin;C:\Program Files\nodejs\node_modules\npm\bin;C:\Program Files\nodejs\;C:\ProgramData\chocolatey\bin;C:\Users\Admin\Downloads\apache-maven-3.9.6-bin\apache-maven-3.9.6\bin;C:\Program Files\Docker\Docker\resources\bin;C:\Program Files\java\jdk-17\bin;C:\Users\Admin\AppData\Local\Programs\Python\Python311\Scripts\;C:\Users\Admin\AppData\Local\Programs\Python\Python311\;C:\Users\Admin\AppData\Local\Microsoft\WindowsApps;C:\ngrok;C:\Program Files\JetBrains\PyCharm Community Edition 2023.2.5\bin;;C:\Users\Admin\AppData\Local\Programs\Microsoft VS Code\bin;C:\Users\Admin\AppData\Roaming\Composer\vendor\bin;C:\Users\Admin\AppData\Local\GitHubDesktop\bin;"C:\Program Files\nodejs;C:\Users\Admin\AppData\Roaming\npm";C:\Users\Admin\AppData\Roaming\npm
USERNAME=Admin
LANG=en_US.UTF-8
OS=Windows_NT
PROCESSOR_IDENTIFIER=Intel64 Family 6 Model 94 Stepping 3, GenuineIntel



---------------  S Y S T E M  ---------------

OS:
 Windows 10 , 64 bit Build 19041 (10.0.19041.3636)
OS uptime: 4 days 16:00 hours
Hyper-V role detected

CPU: total 8 (initial active 8) (4 cores per cpu, 2 threads per core) family 6 model 94 stepping 3 microcode 0xf2, cx8, cmov, fxsr, ht, mmx, 3dnowpref, sse, sse2, sse3, ssse3, sse4.1, sse4.2, popcnt, lzcnt, tsc, tscinvbit, avx, avx2, aes, erms, clmul, bmi1, bmi2, rtm, adx, fma, vzeroupper, clflush, clflushopt, hv

Memory: 4k page, system-wide physical 8075M (2298M free)
TotalPageFile size 32651M (AvailPageFile size 4M)
current process WorkingSet (physical memory assigned to process): 107M, peak: 107M
current process commit charge ("private bytes"): 241M, peak: 241M

vm_info: Java HotSpot(TM) 64-Bit Server VM (17.0.11+7-LTS-207) for windows-amd64 JRE (17.0.11+7-LTS-207), built on Mar 11 2024 19:01:50 by "mach5one" with MS VC++ 17.6 (VS2022)

END.
