#
# There is insufficient memory for the Java Runtime Environment to continue.
# Native memory allocation (malloc) failed to allocate 1048576 bytes. Error detail: AllocateHeap
# Possible reasons:
#   The system is out of physical RAM or swap space
#   This process is running with CompressedOops enabled, and the Java Heap may be blocking the growth of the native heap
# Possible solutions:
#   Reduce memory load on the system
#   Increase physical memory or swap space
#   Check if swap backing store is full
#   Decrease Java heap size (-Xmx/-Xms)
#   Decrease number of Java threads
#   Decrease Java thread stack sizes (-Xss)
#   Set larger code cache with -XX:ReservedCodeCacheSize=
#   JVM is running with Unscaled Compressed Oops mode in which the Java heap is
#     placed in the first 4GB address space. The Java Heap base address is the
#     maximum limit for the native heap growth. Please use -XX:HeapBaseMinAddress
#     to set the Java Heap base and to place the Java Heap above 4GB virtual address.
# This output file may be truncated or incomplete.
#
#  Out of Memory Error (allocation.cpp:44), pid=25728, tid=13872
#
# JRE version: OpenJDK Runtime Environment Temurin-17.0.11+9 (17.0.11+9) (build 17.0.11+9)
# Java VM: OpenJDK 64-Bit Server VM Temurin-17.0.11+9 (17.0.11+9, mixed mode, emulated-client, tiered, compressed oops, compressed class ptrs, g1 gc, windows-amd64)
# No core dump will be written. Minidumps are not enabled by default on client versions of Windows
#

---------------  S U M M A R Y ------------

Command Line: -Xmx1024m -Dsts.lsp.client=vscode -Dsts.log.file=/dev/null -XX:TieredStopAtLevel=1 -Xlog:jni+resolve=off -Dspring.config.location=file:c:\Users\Admin\.vscode\extensions\vmware.vscode-spring-boot-1.56.0\language-server\BOOT-INF\classes\application.properties org.springframework.ide.vscode.boot.app.BootLanguageServerBootApp

Host: Intel(R) Core(TM) i7-6700 CPU @ 3.40GHz, 8 cores, 7G,  Windows 10 , 64 bit Build 19041 (10.0.19041.4717)
Time: Wed Sep 11 13:24:19 2024 India Standard Time elapsed time: 108067.049559 seconds (1d 6h 1m 7s)

---------------  T H R E A D  ---------------

Current thread (0x000001db55b61870):  VMThread "VM Thread" [stack: 0x00000098f2900000,0x00000098f2a00000] [id=13872]

Stack: [0x00000098f2900000,0x00000098f2a00000]
Native frames: (J=compiled Java code, j=interpreted, Vv=VM code, C=native code)
V  [jvm.dll+0x67d429]
V  [jvm.dll+0x834b7a]
V  [jvm.dll+0x83663e]
V  [jvm.dll+0x836ca3]
V  [jvm.dll+0x247dbf]
V  [jvm.dll+0xa6cb3]
V  [jvm.dll+0x2f8ad3]
V  [jvm.dll+0x2f4750]
V  [jvm.dll+0x2dcf67]
V  [jvm.dll+0x31fb67]
V  [jvm.dll+0x83b19b]
V  [jvm.dll+0x83bed2]
V  [jvm.dll+0x83c3ed]
V  [jvm.dll+0x83c7c4]
V  [jvm.dll+0x83c890]
V  [jvm.dll+0x7e410a]
V  [jvm.dll+0x67c315]
C  [ucrtbase.dll+0x21bb2]
C  [KERNEL32.DLL+0x17374]
C  [ntdll.dll+0x4cc91]

VM_Operation (0x00000098f40feba0): G1CollectFull, mode: safepoint, requested by thread 0x000001db5a9d1210


---------------  P R O C E S S  ---------------

Threads class SMR info:
_java_thread_list=0x000001db5b948bd0, length=27, elements={
0x000001db55b76380, 0x000001db55b77110, 0x000001db55b9da40, 0x000001db55b9e7d0,
0x000001db55ba30c0, 0x000001db55ba3990, 0x000001db5a009470, 0x000001db5a018ed0,
0x000001db5a216a60, 0x000001db5a2217b0, 0x000001db5b63bbe0, 0x000001db5a9d1210,
0x000001db5b6071b0, 0x000001db4ad2bfe0, 0x000001db5a9b8060, 0x000001db5b950840,
0x000001db5b8fbdd0, 0x000001db5a9c8220, 0x000001db5a9c9660, 0x000001db5a9c8c40,
0x000001db5a9c9150, 0x000001db5a9c8730, 0x000001db5b23f6c0, 0x000001db5b23ce40,
0x000001db5b23dd70, 0x000001db5b23fbd0, 0x000001db5b23f1b0
}

Java Threads: ( => current thread )
  0x000001db55b76380 JavaThread "Reference Handler" daemon [_thread_blocked, id=9336, stack(0x00000098f2a00000,0x00000098f2b00000)]
  0x000001db55b77110 JavaThread "Finalizer" daemon [_thread_blocked, id=12300, stack(0x00000098f2b00000,0x00000098f2c00000)]
  0x000001db55b9da40 JavaThread "Signal Dispatcher" daemon [_thread_blocked, id=25468, stack(0x00000098f2c00000,0x00000098f2d00000)]
  0x000001db55b9e7d0 JavaThread "Attach Listener" daemon [_thread_blocked, id=10080, stack(0x00000098f2d00000,0x00000098f2e00000)]
  0x000001db55ba30c0 JavaThread "Service Thread" daemon [_thread_blocked, id=11560, stack(0x00000098f2e00000,0x00000098f2f00000)]
  0x000001db55ba3990 JavaThread "Monitor Deflation Thread" daemon [_thread_blocked, id=9400, stack(0x00000098f2f00000,0x00000098f3000000)]
  0x000001db5a009470 JavaThread "C1 CompilerThread0" daemon [_thread_blocked, id=20352, stack(0x00000098f3000000,0x00000098f3100000)]
  0x000001db5a018ed0 JavaThread "Sweeper thread" daemon [_thread_blocked, id=23080, stack(0x00000098f3100000,0x00000098f3200000)]
  0x000001db5a216a60 JavaThread "Notification Thread" daemon [_thread_blocked, id=23148, stack(0x00000098f3400000,0x00000098f3500000)]
  0x000001db5a2217b0 JavaThread "Common-Cleaner" daemon [_thread_blocked, id=9524, stack(0x00000098f3600000,0x00000098f3700000)]
  0x000001db5b63bbe0 JavaThread "boundedElastic-evictor-1" daemon [_thread_blocked, id=15384, stack(0x00000098f3c00000,0x00000098f3d00000)]
  0x000001db5a9d1210 JavaThread "pool-13-thread-1" [_thread_blocked, id=21684, stack(0x00000098f4000000,0x00000098f4100000)]
  0x000001db5b6071b0 JavaThread "LanguageServerApp-lifecycle" [_thread_blocked, id=25080, stack(0x00000098f4100000,0x00000098f4200000)]
  0x000001db4ad2bfe0 JavaThread "DestroyJavaVM" [_thread_blocked, id=22716, stack(0x00000098f2300000,0x00000098f2400000)]
  0x000001db5a9b8060 JavaThread "pool-14-thread-1" [_thread_in_native, id=4240, stack(0x00000098f4200000,0x00000098f4300000)]
  0x000001db5b950840 JavaThread "Simple-Language-Server main thread" daemon [_thread_blocked, id=14128, stack(0x00000098f4300000,0x00000098f4400000)]
  0x000001db5b8fbdd0 JavaThread "parallel-1" daemon [_thread_blocked, id=26016, stack(0x00000098f4400000,0x00000098f4500000)]
  0x000001db5a9c8220 JavaThread "pool-8-thread-1" [_thread_blocked, id=4040, stack(0x00000098f4500000,0x00000098f4600000)]
  0x000001db5a9c9660 JavaThread "parallel-2" daemon [_thread_blocked, id=23744, stack(0x00000098f4600000,0x00000098f4700000)]
  0x000001db5a9c8c40 JavaThread "parallel-3" daemon [_thread_blocked, id=21736, stack(0x00000098f4700000,0x00000098f4800000)]
  0x000001db5a9c9150 JavaThread "parallel-4" daemon [_thread_blocked, id=20800, stack(0x00000098f4800000,0x00000098f4900000)]
  0x000001db5a9c8730 JavaThread "parallel-5" daemon [_thread_blocked, id=19600, stack(0x00000098f4900000,0x00000098f4a00000)]
  0x000001db5b23f6c0 JavaThread "pool-6-thread-1" [_thread_blocked, id=17824, stack(0x00000098f4b00000,0x00000098f4c00000)]
  0x000001db5b23ce40 JavaThread "parallel-6" daemon [_thread_blocked, id=25108, stack(0x00000098f4c00000,0x00000098f4d00000)]
  0x000001db5b23dd70 JavaThread "parallel-7" daemon [_thread_blocked, id=3784, stack(0x00000098f4d00000,0x00000098f4e00000)]
  0x000001db5b23fbd0 JavaThread "parallel-8" daemon [_thread_blocked, id=24468, stack(0x00000098f4e00000,0x00000098f4f00000)]
  0x000001db5b23f1b0 JavaThread "Reconciler-1" daemon [_thread_blocked, id=24856, stack(0x00000098f5100000,0x00000098f5200000)]

Other Threads:
=>0x000001db55b61870 VMThread "VM Thread" [stack: 0x00000098f2900000,0x00000098f2a00000] [id=13872]
  0x000001db5a218f50 WatcherThread [stack: 0x00000098f3500000,0x00000098f3600000] [id=26148]
  0x000001db4ad697a0 GCTaskThread "GC Thread#0" [stack: 0x00000098f2400000,0x00000098f2500000] [id=21200]
  0x000001db5ac8c6f0 GCTaskThread "GC Thread#1" [stack: 0x00000098f3300000,0x00000098f3400000] [id=13100]
  0x000001db5ac8c9b0 GCTaskThread "GC Thread#2" [stack: 0x00000098f3700000,0x00000098f3800000] [id=3604]
  0x000001db5acbf1c0 GCTaskThread "GC Thread#3" [stack: 0x00000098f3800000,0x00000098f3900000] [id=22044]
  0x000001db5ae3dfd0 GCTaskThread "GC Thread#4" [stack: 0x00000098f3900000,0x00000098f3a00000] [id=18036]
  0x000001db5ad75030 GCTaskThread "GC Thread#5" [stack: 0x00000098f3a00000,0x00000098f3b00000] [id=17984]
  0x000001db5b14a360 GCTaskThread "GC Thread#6" [stack: 0x00000098f3d00000,0x00000098f3e00000] [id=23236]
  0x000001db5b03b2a0 GCTaskThread "GC Thread#7" [stack: 0x00000098f3e00000,0x00000098f3f00000] [id=20060]
  0x000001db4ad72da0 ConcurrentGCThread "G1 Main Marker" [stack: 0x00000098f2500000,0x00000098f2600000] [id=21228]
  0x000001db4ad736d0 ConcurrentGCThread "G1 Conc#0" [stack: 0x00000098f2600000,0x00000098f2700000] [id=2888]
  0x000001db5b106890 ConcurrentGCThread "G1 Conc#1" [stack: 0x00000098f3f00000,0x00000098f4000000] [id=9156]
  0x000001db559d20b0 ConcurrentGCThread "G1 Refine#0" [stack: 0x00000098f2700000,0x00000098f2800000] [id=13792]
  0x000001db559d29f0 ConcurrentGCThread "G1 Service" [stack: 0x00000098f2800000,0x00000098f2900000] [id=25276]

Threads with active compile tasks:
C1 CompilerThread0  108067221 3907       1       ch.qos.logback.core.pattern.FormattingConverter::write (154 bytes)

VM state: at safepoint (normal execution)

VM Mutex/Monitor currently owned by a thread:  ([mutex/lock_event])
[0x000001db48c0f6c0] Threads_lock - owner thread: 0x000001db55b61870
[0x000001db4ad28c30] Heap_lock - owner thread: 0x000001db5a9d1210

Heap address: 0x00000000c0000000, size: 1024 MB, Compressed Oops mode: 32-bit

CDS archive(s) not mapped
Compressed class space mapped at: 0x0000000100000000-0x0000000140000000, reserved size: 1073741824
Narrow klass base: 0x0000000000000000, Narrow klass shift: 3, Narrow klass range: 0x140000000

GC Precious Log:
 CPUs: 8 total, 8 available
 Memory: 8075M
 Large Page Support: Disabled
 NUMA Support: Disabled
 Compressed Oops: Enabled (32-bit)
 Heap Region Size: 1M
 Heap Min Capacity: 8M
 Heap Initial Capacity: 128M
 Heap Max Capacity: 1G
 Pre-touch: Disabled
 Parallel Workers: 8
 Concurrent Workers: 2
 Concurrent Refinement Workers: 8
 Periodic GC: Disabled

Heap:
 garbage-first heap   total 75776K, used 25391K [0x00000000c0000000, 0x0000000100000000)
  region size 1024K, 1 young (1024K), 0 survivors (0K)
 Metaspace       used 41670K, committed 42240K, reserved 1114112K
  class space    used 5342K, committed 5568K, reserved 1048576K

Heap Regions: E=young(eden), S=young(survivor), O=old, HS=humongous(starts), HC=humongous(continues), CS=collection set, F=free, OA=open archive, CA=closed archive, TAMS=top-at-mark-start (previous, next)
|   0|0x00000000c0000000, 0x00000000c0100000, 0x00000000c0100000|100%|HS|  |TAMS 0x00000000c0100000, 0x00000000c0000000| Untracked 
|   1|0x00000000c0100000, 0x00000000c0200000, 0x00000000c0200000|100%|HC|  |TAMS 0x00000000c0200000, 0x00000000c0100000| Untracked 
|   2|0x00000000c0200000, 0x00000000c0300000, 0x00000000c0300000|100%|HC|  |TAMS 0x00000000c0300000, 0x00000000c0200000| Untracked 
|   3|0x00000000c0300000, 0x00000000c0400000, 0x00000000c0400000|100%|HC|  |TAMS 0x00000000c0400000, 0x00000000c0300000| Untracked 
|   4|0x00000000c0400000, 0x00000000c0500000, 0x00000000c0500000|100%|HS|  |TAMS 0x00000000c0500000, 0x00000000c0400000| Untracked 
|   5|0x00000000c0500000, 0x00000000c0600000, 0x00000000c0600000|100%|HC|  |TAMS 0x00000000c0600000, 0x00000000c0500000| Untracked 
|   6|0x00000000c0600000, 0x00000000c0700000, 0x00000000c0700000|100%| O|  |TAMS 0x00000000c0700000, 0x00000000c0600000| Untracked 
|   7|0x00000000c0700000, 0x00000000c0800000, 0x00000000c0800000|100%| O|  |TAMS 0x00000000c0800000, 0x00000000c0700000| Untracked 
|   8|0x00000000c0800000, 0x00000000c08ffff8, 0x00000000c0900000| 99%| O|  |TAMS 0x00000000c08ffff8, 0x00000000c0800000| Untracked 
|   9|0x00000000c0900000, 0x00000000c09ff0f8, 0x00000000c0a00000| 99%| O|  |TAMS 0x00000000c09ff0f8, 0x00000000c0900000| Untracked 
|  10|0x00000000c0a00000, 0x00000000c0affff8, 0x00000000c0b00000| 99%| O|  |TAMS 0x00000000c0affff8, 0x00000000c0a00000| Untracked 
|  11|0x00000000c0b00000, 0x00000000c0c00000, 0x00000000c0c00000|100%| O|  |TAMS 0x00000000c0c00000, 0x00000000c0b00000| Untracked 
|  12|0x00000000c0c00000, 0x00000000c0d00000, 0x00000000c0d00000|100%| O|  |TAMS 0x00000000c0d00000, 0x00000000c0c00000| Untracked 
|  13|0x00000000c0d00000, 0x00000000c0e00000, 0x00000000c0e00000|100%| O|  |TAMS 0x00000000c0e00000, 0x00000000c0d00000| Untracked 
|  14|0x00000000c0e00000, 0x00000000c0f00000, 0x00000000c0f00000|100%| O|  |TAMS 0x00000000c0f00000, 0x00000000c0e00000| Untracked 
|  15|0x00000000c0f00000, 0x00000000c0ffff48, 0x00000000c1000000| 99%| O|  |TAMS 0x00000000c0ffff48, 0x00000000c0f00000| Untracked 
|  16|0x00000000c1000000, 0x00000000c10fffe0, 0x00000000c1100000| 99%| O|  |TAMS 0x00000000c10fffe0, 0x00000000c1000000| Untracked 
|  17|0x00000000c1100000, 0x00000000c11ff440, 0x00000000c1200000| 99%| O|  |TAMS 0x00000000c11ff440, 0x00000000c1100000| Untracked 
|  18|0x00000000c1200000, 0x00000000c1300000, 0x00000000c1300000|100%| O|  |TAMS 0x00000000c1300000, 0x00000000c1200000| Untracked 
|  19|0x00000000c1300000, 0x00000000c13ffff8, 0x00000000c1400000| 99%| O|  |TAMS 0x00000000c13ffff8, 0x00000000c1300000| Untracked 
|  20|0x00000000c1400000, 0x00000000c14ffff0, 0x00000000c1500000| 99%| O|  |TAMS 0x00000000c14ffff0, 0x00000000c1400000| Untracked 
|  21|0x00000000c1500000, 0x00000000c1600000, 0x00000000c1600000|100%| O|  |TAMS 0x00000000c1600000, 0x00000000c1500000| Untracked 
|  22|0x00000000c1600000, 0x00000000c16cda38, 0x00000000c1700000| 80%| O|  |TAMS 0x00000000c1600000, 0x00000000c1600000| Untracked 
|  23|0x00000000c1700000, 0x00000000c17ffff0, 0x00000000c1800000| 99%| O|  |TAMS 0x00000000c17ffff0, 0x00000000c1700000| Untracked 
|  24|0x00000000c1800000, 0x00000000c18000b8, 0x00000000c1900000|  0%| O|  |TAMS 0x00000000c1800000, 0x00000000c1800000| Untracked 
|  25|0x00000000c1900000, 0x00000000c19ffff0, 0x00000000c1a00000| 99%| O|  |TAMS 0x00000000c19ffff0, 0x00000000c1900000| Untracked 
|  26|0x00000000c1a00000, 0x00000000c1a00000, 0x00000000c1b00000|  0%| F|  |TAMS 0x00000000c1a00000, 0x00000000c1a00000| Untracked 
|  27|0x00000000c1b00000, 0x00000000c1b00000, 0x00000000c1c00000|  0%| F|  |TAMS 0x00000000c1b00000, 0x00000000c1b00000| Untracked 
|  28|0x00000000c1c00000, 0x00000000c1c00000, 0x00000000c1d00000|  0%| F|  |TAMS 0x00000000c1c00000, 0x00000000c1c00000| Untracked 
|  29|0x00000000c1d00000, 0x00000000c1d00000, 0x00000000c1e00000|  0%| F|  |TAMS 0x00000000c1d00000, 0x00000000c1d00000| Untracked 
|  30|0x00000000c1e00000, 0x00000000c1e00000, 0x00000000c1f00000|  0%| F|  |TAMS 0x00000000c1e00000, 0x00000000c1e00000| Untracked 
|  31|0x00000000c1f00000, 0x00000000c1f00000, 0x00000000c2000000|  0%| F|  |TAMS 0x00000000c1f00000, 0x00000000c1f00000| Untracked 
|  32|0x00000000c2000000, 0x00000000c2000000, 0x00000000c2100000|  0%| F|  |TAMS 0x00000000c2000000, 0x00000000c2000000| Untracked 
|  33|0x00000000c2100000, 0x00000000c2100000, 0x00000000c2200000|  0%| F|  |TAMS 0x00000000c2100000, 0x00000000c2100000| Untracked 
|  34|0x00000000c2200000, 0x00000000c2200000, 0x00000000c2300000|  0%| F|  |TAMS 0x00000000c2200000, 0x00000000c2200000| Untracked 
|  35|0x00000000c2300000, 0x00000000c2300000, 0x00000000c2400000|  0%| F|  |TAMS 0x00000000c2300000, 0x00000000c2300000| Untracked 
|  36|0x00000000c2400000, 0x00000000c2400000, 0x00000000c2500000|  0%| F|  |TAMS 0x00000000c2400000, 0x00000000c2400000| Untracked 
|  37|0x00000000c2500000, 0x00000000c2500000, 0x00000000c2600000|  0%| F|  |TAMS 0x00000000c2500000, 0x00000000c2500000| Untracked 
|  38|0x00000000c2600000, 0x00000000c2600000, 0x00000000c2700000|  0%| F|  |TAMS 0x00000000c2600000, 0x00000000c2600000| Untracked 
|  39|0x00000000c2700000, 0x00000000c2700000, 0x00000000c2800000|  0%| F|  |TAMS 0x00000000c2700000, 0x00000000c2700000| Untracked 
|  40|0x00000000c2800000, 0x00000000c2800000, 0x00000000c2900000|  0%| F|  |TAMS 0x00000000c2800000, 0x00000000c2800000| Untracked 
|  41|0x00000000c2900000, 0x00000000c2900000, 0x00000000c2a00000|  0%| F|  |TAMS 0x00000000c2900000, 0x00000000c2900000| Untracked 
|  42|0x00000000c2a00000, 0x00000000c2a00000, 0x00000000c2b00000|  0%| F|  |TAMS 0x00000000c2a00000, 0x00000000c2a00000| Untracked 
|  43|0x00000000c2b00000, 0x00000000c2b00000, 0x00000000c2c00000|  0%| F|  |TAMS 0x00000000c2b00000, 0x00000000c2b00000| Untracked 
|  44|0x00000000c2c00000, 0x00000000c2c00000, 0x00000000c2d00000|  0%| F|  |TAMS 0x00000000c2c00000, 0x00000000c2c00000| Untracked 
|  45|0x00000000c2d00000, 0x00000000c2d00000, 0x00000000c2e00000|  0%| F|  |TAMS 0x00000000c2d00000, 0x00000000c2d00000| Untracked 
|  46|0x00000000c2e00000, 0x00000000c2e00000, 0x00000000c2f00000|  0%| F|  |TAMS 0x00000000c2e00000, 0x00000000c2e00000| Untracked 
|  47|0x00000000c2f00000, 0x00000000c2f00000, 0x00000000c3000000|  0%| F|  |TAMS 0x00000000c2f00000, 0x00000000c2f00000| Untracked 
|  48|0x00000000c3000000, 0x00000000c3000000, 0x00000000c3100000|  0%| F|  |TAMS 0x00000000c3000000, 0x00000000c3000000| Untracked 
|  49|0x00000000c3100000, 0x00000000c3100000, 0x00000000c3200000|  0%| F|  |TAMS 0x00000000c3100000, 0x00000000c3100000| Untracked 
|  50|0x00000000c3200000, 0x00000000c3200000, 0x00000000c3300000|  0%| F|  |TAMS 0x00000000c3200000, 0x00000000c3200000| Untracked 
|  51|0x00000000c3300000, 0x00000000c3300000, 0x00000000c3400000|  0%| F|  |TAMS 0x00000000c3300000, 0x00000000c3300000| Untracked 
|  52|0x00000000c3400000, 0x00000000c3400000, 0x00000000c3500000|  0%| F|  |TAMS 0x00000000c3400000, 0x00000000c3400000| Untracked 
|  53|0x00000000c3500000, 0x00000000c3500000, 0x00000000c3600000|  0%| F|  |TAMS 0x00000000c3500000, 0x00000000c3500000| Untracked 
|  54|0x00000000c3600000, 0x00000000c3600000, 0x00000000c3700000|  0%| F|  |TAMS 0x00000000c3600000, 0x00000000c3600000| Untracked 
|  55|0x00000000c3700000, 0x00000000c3700000, 0x00000000c3800000|  0%| F|  |TAMS 0x00000000c3700000, 0x00000000c3700000| Untracked 
|  56|0x00000000c3800000, 0x00000000c3800000, 0x00000000c3900000|  0%| F|  |TAMS 0x00000000c3800000, 0x00000000c3800000| Untracked 
|  57|0x00000000c3900000, 0x00000000c3900000, 0x00000000c3a00000|  0%| F|  |TAMS 0x00000000c3900000, 0x00000000c3900000| Untracked 
|  58|0x00000000c3a00000, 0x00000000c3a00000, 0x00000000c3b00000|  0%| F|  |TAMS 0x00000000c3a00000, 0x00000000c3a00000| Untracked 
|  59|0x00000000c3b00000, 0x00000000c3b00000, 0x00000000c3c00000|  0%| F|  |TAMS 0x00000000c3b00000, 0x00000000c3b00000| Untracked 
|  60|0x00000000c3c00000, 0x00000000c3c00000, 0x00000000c3d00000|  0%| F|  |TAMS 0x00000000c3c00000, 0x00000000c3c00000| Untracked 
|  61|0x00000000c3d00000, 0x00000000c3d00000, 0x00000000c3e00000|  0%| F|  |TAMS 0x00000000c3d00000, 0x00000000c3d00000| Untracked 
|  62|0x00000000c3e00000, 0x00000000c3e00000, 0x00000000c3f00000|  0%| F|  |TAMS 0x00000000c3e00000, 0x00000000c3e00000| Untracked 
|  63|0x00000000c3f00000, 0x00000000c3f00000, 0x00000000c4000000|  0%| F|  |TAMS 0x00000000c3f00000, 0x00000000c3f00000| Untracked 
|  64|0x00000000c4000000, 0x00000000c4000000, 0x00000000c4100000|  0%| F|  |TAMS 0x00000000c4000000, 0x00000000c4000000| Untracked 
|  65|0x00000000c4100000, 0x00000000c4100000, 0x00000000c4200000|  0%| F|  |TAMS 0x00000000c4100000, 0x00000000c4100000| Untracked 
|  66|0x00000000c4200000, 0x00000000c4200000, 0x00000000c4300000|  0%| F|  |TAMS 0x00000000c4200000, 0x00000000c4200000| Untracked 
|  67|0x00000000c4300000, 0x00000000c4300000, 0x00000000c4400000|  0%| F|  |TAMS 0x00000000c4300000, 0x00000000c4300000| Untracked 
|  87|0x00000000c5700000, 0x00000000c5700000, 0x00000000c5800000|  0%| F|  |TAMS 0x00000000c5700000, 0x00000000c5700000| Untracked 
|  88|0x00000000c5800000, 0x00000000c5800000, 0x00000000c5900000|  0%| F|  |TAMS 0x00000000c5800000, 0x00000000c5800000| Untracked 
|  89|0x00000000c5900000, 0x00000000c5900000, 0x00000000c5a00000|  0%| F|  |TAMS 0x00000000c5900000, 0x00000000c5900000| Untracked 
|  90|0x00000000c5a00000, 0x00000000c5a00000, 0x00000000c5b00000|  0%| F|  |TAMS 0x00000000c5a00000, 0x00000000c5a00000| Untracked 
|  91|0x00000000c5b00000, 0x00000000c5b00000, 0x00000000c5c00000|  0%| F|  |TAMS 0x00000000c5b00000, 0x00000000c5b00000| Untracked 
| 127|0x00000000c7f00000, 0x00000000c7f33368, 0x00000000c8000000| 20%| E|  |TAMS 0x00000000c7f00000, 0x00000000c7f00000| Complete 

Card table byte_map: [0x000001db50cd0000,0x000001db50ed0000] _byte_map_base: 0x000001db506d0000

Marking Bits (Prev, Next): (CMBitMap*) 0x000001db4ad69cd0, (CMBitMap*) 0x000001db4ad69d10
 Prev Bits: [0x000001db510d0000, 0x000001db520d0000)
 Next Bits: [0x000001db520d0000, 0x000001db530d0000)

Polling page: 0x000001db4a4e0000

Metaspace:

Usage:
  Non-class:     35.48 MB used.
      Class:      5.22 MB used.
       Both:     40.69 MB used.

Virtual space:
  Non-class space:       64.00 MB reserved,      35.81 MB ( 56%) committed,  1 nodes.
      Class space:        1.00 GB reserved,       5.44 MB ( <1%) committed,  1 nodes.
             Both:        1.06 GB reserved,      41.25 MB (  4%) committed. 

Chunk freelists:
   Non-Class:  11.58 MB
       Class:  10.59 MB
        Both:  22.17 MB

MaxMetaspaceSize: unlimited
CompressedClassSpaceSize: 1.00 GB
Initial GC threshold: 21.00 MB
Current GC threshold: 68.75 MB
CDS: off
MetaspaceReclaimPolicy: balanced
 - commit_granule_bytes: 65536.
 - commit_granule_words: 8192.
 - virtual_space_node_default_size: 8388608.
 - enlarge_chunks_in_place: 1.
 - new_chunks_are_fully_committed: 0.
 - uncommit_free_chunks: 1.
 - use_allocation_guard: 0.
 - handle_deallocations: 1.


Internal statistics:

num_allocs_failed_limit: 8.
num_arena_births: 502.
num_arena_deaths: 152.
num_vsnodes_births: 2.
num_vsnodes_deaths: 0.
num_space_committed: 659.
num_space_uncommitted: 0.
num_chunks_returned_to_freelist: 177.
num_chunks_taken_from_freelist: 1744.
num_chunk_merges: 57.
num_chunk_splits: 1220.
num_chunks_enlarged: 939.
num_inconsistent_stats: 0.

CodeCache: size=49152Kb used=7210Kb max_used=8634Kb free=41942Kb
 bounds [0x000001db4d9c0000, 0x000001db4e2a0000, 0x000001db509c0000]
 total_blobs=4458 nmethods=3906 adapters=478
 compilation: enabled
              stopped_count=0, restarted_count=0
 full_count=0

Compilation events (20 events):
Event: 2673.317 Thread 0x000001db5a009470 nmethod 3891 0x000001db4dde1e10 code [0x000001db4dde1fe0, 0x000001db4dde2358]
Event: 2673.317 Thread 0x000001db5a009470 3892       1       java.io.FileOutputStream$1::<init> (10 bytes)
Event: 2673.317 Thread 0x000001db5a009470 nmethod 3892 0x000001db4dde1b10 code [0x000001db4dde1ca0, 0x000001db4dde1db8]
Event: 2673.317 Thread 0x000001db5a009470 3893       1       java.io.FileOutputStream$1::close (11 bytes)
Event: 2673.317 Thread 0x000001db5a009470 nmethod 3893 0x000001db4dde1490 code [0x000001db4dde1640, 0x000001db4dde1958]
Event: 3984.654 Thread 0x000001db5a009470 3899       1       java.lang.ProcessImpl$2::run (242 bytes)
Event: 3984.655 Thread 0x000001db5a009470 nmethod 3899 0x000001db4dddf610 code [0x000001db4dddf8c0, 0x000001db4dde0658]
Event: 3984.655 Thread 0x000001db5a009470 3900       1       java.io.BufferedOutputStream::<init> (9 bytes)
Event: 3984.656 Thread 0x000001db5a009470 nmethod 3900 0x000001db4dddf090 code [0x000001db4dddf220, 0x000001db4dddf4f8]
Event: 3984.656 Thread 0x000001db5a009470 3901       1       java.lang.ProcessImpl::waitFor (136 bytes)
Event: 3984.657 Thread 0x000001db5a009470 nmethod 3901 0x000001db4ddde810 code [0x000001db4dddea20, 0x000001db4dddee58]
Event: 30043.070 Thread 0x000001db5a009470 3903       1       java.util.stream.ReduceOps$3ReducingSink::begin (14 bytes)
Event: 30043.119 Thread 0x000001db5a009470 nmethod 3903 0x000001db4ddde490 code [0x000001db4ddde620, 0x000001db4ddde768]
Event: 30043.121 Thread 0x000001db5a009470 3904       1       com.google.gson.stream.JsonWriter::beforeName (47 bytes)
Event: 30043.137 Thread 0x000001db5a009470 nmethod 3904 0x000001db4dddde10 code [0x000001db4ddddfe0, 0x000001db4ddde298]
Event: 30043.502 Thread 0x000001db5a009470 3905       1       com.google.gson.stream.JsonReader::peekKeyword (235 bytes)
Event: 30043.510 Thread 0x000001db5a009470 nmethod 3905 0x000001db4dddce90 code [0x000001db4dddd0e0, 0x000001db4dddd828]
Event: 30043.510 Thread 0x000001db5a009470 3906       1       com.google.gson.stream.JsonReader::isLiteral (148 bytes)
Event: 30043.513 Thread 0x000001db5a009470 nmethod 3906 0x000001db4dddc790 code [0x000001db4dddc980, 0x000001db4dddccd8]
Event: 108067.020 Thread 0x000001db5a009470 3907       1       ch.qos.logback.core.pattern.FormattingConverter::write (154 bytes)

GC Heap History (20 events):
Event: 107964.839 GC heap before
{Heap before GC invocations=10554 (full 10544):
 garbage-first heap   total 75776K, used 25391K [0x00000000c0000000, 0x0000000100000000)
  region size 1024K, 1 young (1024K), 0 survivors (0K)
 Metaspace       used 41670K, committed 42240K, reserved 1114112K
  class space    used 5342K, committed 5568K, reserved 1048576K
}
Event: 107964.871 GC heap after
{Heap after GC invocations=10555 (full 10545):
 garbage-first heap   total 75776K, used 25391K [0x00000000c0000000, 0x0000000100000000)
  region size 1024K, 0 young (0K), 0 survivors (0K)
 Metaspace       used 41670K, committed 42240K, reserved 1114112K
  class space    used 5342K, committed 5568K, reserved 1048576K
}
Event: 107975.100 GC heap before
{Heap before GC invocations=10555 (full 10545):
 garbage-first heap   total 75776K, used 25391K [0x00000000c0000000, 0x0000000100000000)
  region size 1024K, 1 young (1024K), 0 survivors (0K)
 Metaspace       used 41670K, committed 42240K, reserved 1114112K
  class space    used 5342K, committed 5568K, reserved 1048576K
}
Event: 107975.128 GC heap after
{Heap after GC invocations=10556 (full 10546):
 garbage-first heap   total 75776K, used 25391K [0x00000000c0000000, 0x0000000100000000)
  region size 1024K, 0 young (0K), 0 survivors (0K)
 Metaspace       used 41670K, committed 42240K, reserved 1114112K
  class space    used 5342K, committed 5568K, reserved 1048576K
}
Event: 107985.339 GC heap before
{Heap before GC invocations=10556 (full 10546):
 garbage-first heap   total 75776K, used 25391K [0x00000000c0000000, 0x0000000100000000)
  region size 1024K, 1 young (1024K), 0 survivors (0K)
 Metaspace       used 41670K, committed 42240K, reserved 1114112K
  class space    used 5342K, committed 5568K, reserved 1048576K
}
Event: 107985.362 GC heap after
{Heap after GC invocations=10557 (full 10547):
 garbage-first heap   total 75776K, used 25391K [0x00000000c0000000, 0x0000000100000000)
  region size 1024K, 0 young (0K), 0 survivors (0K)
 Metaspace       used 41670K, committed 42240K, reserved 1114112K
  class space    used 5342K, committed 5568K, reserved 1048576K
}
Event: 107995.557 GC heap before
{Heap before GC invocations=10557 (full 10547):
 garbage-first heap   total 75776K, used 25391K [0x00000000c0000000, 0x0000000100000000)
  region size 1024K, 1 young (1024K), 0 survivors (0K)
 Metaspace       used 41670K, committed 42240K, reserved 1114112K
  class space    used 5342K, committed 5568K, reserved 1048576K
}
Event: 107995.584 GC heap after
{Heap after GC invocations=10558 (full 10548):
 garbage-first heap   total 75776K, used 25391K [0x00000000c0000000, 0x0000000100000000)
  region size 1024K, 0 young (0K), 0 survivors (0K)
 Metaspace       used 41670K, committed 42240K, reserved 1114112K
  class space    used 5342K, committed 5568K, reserved 1048576K
}
Event: 108005.782 GC heap before
{Heap before GC invocations=10558 (full 10548):
 garbage-first heap   total 75776K, used 25391K [0x00000000c0000000, 0x0000000100000000)
  region size 1024K, 1 young (1024K), 0 survivors (0K)
 Metaspace       used 41670K, committed 42240K, reserved 1114112K
  class space    used 5342K, committed 5568K, reserved 1048576K
}
Event: 108005.812 GC heap after
{Heap after GC invocations=10559 (full 10549):
 garbage-first heap   total 75776K, used 25391K [0x00000000c0000000, 0x0000000100000000)
  region size 1024K, 0 young (0K), 0 survivors (0K)
 Metaspace       used 41670K, committed 42240K, reserved 1114112K
  class space    used 5342K, committed 5568K, reserved 1048576K
}
Event: 108016.019 GC heap before
{Heap before GC invocations=10559 (full 10549):
 garbage-first heap   total 75776K, used 25391K [0x00000000c0000000, 0x0000000100000000)
  region size 1024K, 1 young (1024K), 0 survivors (0K)
 Metaspace       used 41670K, committed 42240K, reserved 1114112K
  class space    used 5342K, committed 5568K, reserved 1048576K
}
Event: 108016.044 GC heap after
{Heap after GC invocations=10560 (full 10550):
 garbage-first heap   total 75776K, used 25391K [0x00000000c0000000, 0x0000000100000000)
  region size 1024K, 0 young (0K), 0 survivors (0K)
 Metaspace       used 41670K, committed 42240K, reserved 1114112K
  class space    used 5342K, committed 5568K, reserved 1048576K
}
Event: 108026.237 GC heap before
{Heap before GC invocations=10560 (full 10550):
 garbage-first heap   total 75776K, used 25391K [0x00000000c0000000, 0x0000000100000000)
  region size 1024K, 1 young (1024K), 0 survivors (0K)
 Metaspace       used 41670K, committed 42240K, reserved 1114112K
  class space    used 5342K, committed 5568K, reserved 1048576K
}
Event: 108026.267 GC heap after
{Heap after GC invocations=10561 (full 10551):
 garbage-first heap   total 75776K, used 25391K [0x00000000c0000000, 0x0000000100000000)
  region size 1024K, 0 young (0K), 0 survivors (0K)
 Metaspace       used 41670K, committed 42240K, reserved 1114112K
  class space    used 5342K, committed 5568K, reserved 1048576K
}
Event: 108036.491 GC heap before
{Heap before GC invocations=10561 (full 10551):
 garbage-first heap   total 75776K, used 25391K [0x00000000c0000000, 0x0000000100000000)
  region size 1024K, 1 young (1024K), 0 survivors (0K)
 Metaspace       used 41670K, committed 42240K, reserved 1114112K
  class space    used 5342K, committed 5568K, reserved 1048576K
}
Event: 108036.521 GC heap after
{Heap after GC invocations=10562 (full 10552):
 garbage-first heap   total 75776K, used 25391K [0x00000000c0000000, 0x0000000100000000)
  region size 1024K, 0 young (0K), 0 survivors (0K)
 Metaspace       used 41670K, committed 42240K, reserved 1114112K
  class space    used 5342K, committed 5568K, reserved 1048576K
}
Event: 108046.710 GC heap before
{Heap before GC invocations=10562 (full 10552):
 garbage-first heap   total 75776K, used 25391K [0x00000000c0000000, 0x0000000100000000)
  region size 1024K, 1 young (1024K), 0 survivors (0K)
 Metaspace       used 41670K, committed 42240K, reserved 1114112K
  class space    used 5342K, committed 5568K, reserved 1048576K
}
Event: 108046.739 GC heap after
{Heap after GC invocations=10563 (full 10553):
 garbage-first heap   total 75776K, used 25391K [0x00000000c0000000, 0x0000000100000000)
  region size 1024K, 0 young (0K), 0 survivors (0K)
 Metaspace       used 41670K, committed 42240K, reserved 1114112K
  class space    used 5342K, committed 5568K, reserved 1048576K
}
Event: 108056.944 GC heap before
{Heap before GC invocations=10563 (full 10553):
 garbage-first heap   total 75776K, used 25391K [0x00000000c0000000, 0x0000000100000000)
  region size 1024K, 1 young (1024K), 0 survivors (0K)
 Metaspace       used 41670K, committed 42240K, reserved 1114112K
  class space    used 5342K, committed 5568K, reserved 1048576K
}
Event: 108056.973 GC heap after
{Heap after GC invocations=10564 (full 10554):
 garbage-first heap   total 75776K, used 25391K [0x00000000c0000000, 0x0000000100000000)
  region size 1024K, 0 young (0K), 0 survivors (0K)
 Metaspace       used 41670K, committed 42240K, reserved 1114112K
  class space    used 5342K, committed 5568K, reserved 1048576K
}

Dll operation events (8 events):
Event: 0.121 Loaded shared library c:\Users\Admin\.vscode\extensions\redhat.java-1.33.0-win32-x64\jre\17.0.11-win32-x86_64\bin\java.dll
Event: 0.735 Loaded shared library C:\Users\Admin\.vscode\extensions\redhat.java-1.33.0-win32-x64\jre\17.0.11-win32-x86_64\bin\net.dll
Event: 0.742 Loaded shared library C:\Users\Admin\.vscode\extensions\redhat.java-1.33.0-win32-x64\jre\17.0.11-win32-x86_64\bin\nio.dll
Event: 1.185 Loaded shared library C:\Users\Admin\.vscode\extensions\redhat.java-1.33.0-win32-x64\jre\17.0.11-win32-x86_64\bin\zip.dll
Event: 8.191 Loaded shared library C:\Users\Admin\.vscode\extensions\redhat.java-1.33.0-win32-x64\jre\17.0.11-win32-x86_64\bin\jimage.dll
Event: 10.535 Loaded shared library c:\Users\Admin\.vscode\extensions\redhat.java-1.33.0-win32-x64\jre\17.0.11-win32-x86_64\bin\verify.dll
Event: 20.108 Loaded shared library C:\Users\Admin\.vscode\extensions\redhat.java-1.33.0-win32-x64\jre\17.0.11-win32-x86_64\bin\management.dll
Event: 20.114 Loaded shared library C:\Users\Admin\.vscode\extensions\redhat.java-1.33.0-win32-x64\jre\17.0.11-win32-x86_64\bin\management_ext.dll

Deoptimization events (6 events):
Event: 20.919 Thread 0x000001db5a9b8060 DEOPT PACKING pc=0x000001db4def9981 sp=0x00000098f42fdb40
Event: 20.919 Thread 0x000001db5a9b8060 DEOPT UNPACKING pc=0x000001db4da17143 sp=0x00000098f42fcfd0 mode 3
Event: 20.927 Thread 0x000001db5a9c9660 DEOPT PACKING pc=0x000001db4deda717 sp=0x00000098f46fecd0
Event: 20.927 Thread 0x000001db5a9c9660 DEOPT UNPACKING pc=0x000001db4da17143 sp=0x00000098f46fe128 mode 3
Event: 30042.966 Thread 0x000001db5a9b8060 DEOPT PACKING pc=0x000001db4e05cf54 sp=0x00000098f42fee40
Event: 30042.974 Thread 0x000001db5a9b8060 DEOPT UNPACKING pc=0x000001db4da17143 sp=0x00000098f42fe2e8 mode 0

Classes unloaded (20 events):
Event: 70.805 Thread 0x000001db55b61870 Unloading class 0x0000000100094400 'java/lang/invoke/LambdaForm$MH+0x0000000100094400'
Event: 70.805 Thread 0x000001db55b61870 Unloading class 0x000000010008cc00 'java/lang/invoke/LambdaForm$MH+0x000000010008cc00'
Event: 70.805 Thread 0x000001db55b61870 Unloading class 0x000000010008c800 'java/lang/invoke/LambdaForm$MH+0x000000010008c800'
Event: 70.805 Thread 0x000001db55b61870 Unloading class 0x000000010008c000 'java/lang/invoke/LambdaForm$MH+0x000000010008c000'
Event: 70.805 Thread 0x000001db55b61870 Unloading class 0x000000010008ac00 'java/lang/invoke/LambdaForm$MH+0x000000010008ac00'
Event: 70.805 Thread 0x000001db55b61870 Unloading class 0x000000010008a400 'java/lang/invoke/LambdaForm$MH+0x000000010008a400'
Event: 70.805 Thread 0x000001db55b61870 Unloading class 0x000000010008a000 'java/lang/invoke/LambdaForm$MH+0x000000010008a000'
Event: 70.805 Thread 0x000001db55b61870 Unloading class 0x0000000100089c00 'java/lang/invoke/LambdaForm$MH+0x0000000100089c00'
Event: 70.805 Thread 0x000001db55b61870 Unloading class 0x0000000100089800 'java/lang/invoke/LambdaForm$MH+0x0000000100089800'
Event: 70.805 Thread 0x000001db55b61870 Unloading class 0x0000000100089400 'java/lang/invoke/LambdaForm$MH+0x0000000100089400'
Event: 70.805 Thread 0x000001db55b61870 Unloading class 0x0000000100088c00 'java/lang/invoke/LambdaForm$MH+0x0000000100088c00'
Event: 70.805 Thread 0x000001db55b61870 Unloading class 0x0000000100088400 'java/lang/invoke/LambdaForm$MH+0x0000000100088400'
Event: 81.088 Thread 0x000001db55b61870 Unloading class 0x000000010055c000 'java/lang/invoke/LambdaForm$DMH+0x000000010055c000'
Event: 81.088 Thread 0x000001db55b61870 Unloading class 0x000000010008e800 'java/lang/invoke/LambdaForm$MH+0x000000010008e800'
Event: 81.088 Thread 0x000001db55b61870 Unloading class 0x000000010008e400 'java/lang/invoke/LambdaForm$MH+0x000000010008e400'
Event: 81.088 Thread 0x000001db55b61870 Unloading class 0x000000010008e000 'java/lang/invoke/LambdaForm$MH+0x000000010008e000'
Event: 81.088 Thread 0x000001db55b61870 Unloading class 0x000000010008dc00 'java/lang/invoke/LambdaForm$MH+0x000000010008dc00'
Event: 81.088 Thread 0x000001db55b61870 Unloading class 0x000000010008d800 'java/lang/invoke/LambdaForm$MH+0x000000010008d800'
Event: 81.088 Thread 0x000001db55b61870 Unloading class 0x000000010008d400 'java/lang/invoke/LambdaForm$MH+0x000000010008d400'
Event: 81.088 Thread 0x000001db55b61870 Unloading class 0x000000010008bc00 'java/lang/invoke/LambdaForm$MH+0x000000010008bc00'

Classes redefined (0 events):
No events

Internal exceptions (20 events):
Event: 13.093 Thread 0x000001db4ad2bfe0 Exception <a 'java/lang/NoSuchMethodError'{0x00000000c3b1cb50}: 'java.lang.Object java.lang.invoke.DirectMethodHandle$Holder.invokeSpecial(java.lang.Object, java.lang.Object, int, java.lang.Object, java.lang.Object)'> (0x00000000c3b1cb50) 
thrown [s\src\hotspot\share\interpreter\linkResolver.cpp, line 759]
Event: 13.093 Thread 0x000001db4ad2bfe0 Exception <a 'java/lang/NoSuchMethodError'{0x00000000c3b207f8}: 'java.lang.Object java.lang.invoke.DelegatingMethodHandle$Holder.delegate(java.lang.Object, int, java.lang.Object, java.lang.Object)'> (0x00000000c3b207f8) 
thrown [s\src\hotspot\share\interpreter\linkResolver.cpp, line 759]
Event: 13.095 Thread 0x000001db4ad2bfe0 Exception <a 'java/lang/NoSuchMethodError'{0x00000000c3b31680}: 'int java.lang.invoke.Invokers$Holder.linkToTargetMethod(java.lang.Object, java.lang.Object, java.lang.Object)'> (0x00000000c3b31680) 
thrown [s\src\hotspot\share\interpreter\linkResolver.cpp, line 759]
Event: 13.301 Thread 0x000001db4ad2bfe0 Exception <a 'java/lang/NoSuchMethodError'{0x00000000c37da190}: 'java.lang.Object java.lang.invoke.DirectMethodHandle$Holder.invokeStaticInit(java.lang.Object, int, int, int, int)'> (0x00000000c37da190) 
thrown [s\src\hotspot\share\interpreter\linkResolver.cpp, line 759]
Event: 13.440 Thread 0x000001db4ad2bfe0 Exception <a 'java/lang/NoSuchMethodError'{0x00000000c3635ce0}: 'java.lang.Object java.lang.invoke.DirectMethodHandle$Holder.invokeStaticInit(java.lang.Object, java.lang.Object, int, int, int, int)'> (0x00000000c3635ce0) 
thrown [s\src\hotspot\share\interpreter\linkResolver.cpp, line 759]
Event: 13.860 Thread 0x000001db4ad2bfe0 Exception <a 'java/lang/NoSuchMethodError'{0x00000000c5acf148}: 'void java.lang.invoke.DirectMethodHandle$Holder.invokeSpecialIFC(java.lang.Object, java.lang.Object, java.lang.Object)'> (0x00000000c5acf148) 
thrown [s\src\hotspot\share\interpreter\linkResolver.cpp, line 759]
Event: 15.350 Thread 0x000001db4ad2bfe0 Exception <a 'java/lang/NoSuchMethodError'{0x00000000c2ef2f68}: 'int java.lang.invoke.DirectMethodHandle$Holder.invokeStaticInit(java.lang.Object, java.lang.Object, int, java.lang.Object)'> (0x00000000c2ef2f68) 
thrown [s\src\hotspot\share\interpreter\linkResolver.cpp, line 759]
Event: 15.757 Thread 0x000001db4ad2bfe0 Exception <a 'java/lang/NoSuchMethodError'{0x00000000c7fcda20}: 'void java.lang.invoke.DirectMethodHandle$Holder.invokeSpecial(java.lang.Object, java.lang.Object, java.lang.Object, java.lang.Object, java.lang.Object, java.lang.Object, java.lang.Object)'> (0x00000000c7fcda20) 
thrown [s\src\hotspot\share\interpreter\linkResolver.cpp, line 759]
Event: 19.607 Thread 0x000001db4ad2bfe0 Exception <a 'java/lang/NoSuchMethodError'{0x00000000c421f798}: 'java.lang.Object java.lang.invoke.DirectMethodHandle$Holder.invokeInterface(java.lang.Object, java.lang.Object, int)'> (0x00000000c421f798) 
thrown [s\src\hotspot\share\interpreter\linkResolver.cpp, line 759]
Event: 19.615 Thread 0x000001db4ad2bfe0 Exception <a 'java/lang/IncompatibleClassChangeError'{0x00000000c4236520}: Found class java.lang.Object, but interface was expected> (0x00000000c4236520) 
thrown [s\src\hotspot\share\interpreter\linkResolver.cpp, line 826]
Event: 20.095 Thread 0x000001db4ad2bfe0 Exception <a 'java/lang/NoSuchMethodError'{0x00000000c3c45280}: 'java.lang.Object java.lang.invoke.DirectMethodHandle$Holder.newInvokeSpecial(java.lang.Object, java.lang.Object, int, java.lang.Object, java.lang.Object)'> (0x00000000c3c45280) 
thrown [s\src\hotspot\share\interpreter\linkResolver.cpp, line 759]
Event: 20.097 Thread 0x000001db4ad2bfe0 Exception <a 'java/lang/NoSuchMethodError'{0x00000000c3c5c288}: 'java.lang.Object java.lang.invoke.DirectMethodHandle$Holder.newInvokeSpecial(java.lang.Object, java.lang.Object, java.lang.Object, int)'> (0x00000000c3c5c288) 
thrown [s\src\hotspot\share\interpreter\linkResolver.cpp, line 759]
Event: 20.097 Thread 0x000001db4ad2bfe0 Exception <a 'java/lang/NoSuchMethodError'{0x00000000c3c60570}: 'java.lang.Object java.lang.invoke.DirectMethodHandle$Holder.invokeSpecial(java.lang.Object, java.lang.Object, java.lang.Object, java.lang.Object, int)'> (0x00000000c3c60570) 
thrown [s\src\hotspot\share\interpreter\linkResolver.cpp, line 759]
Event: 20.097 Thread 0x000001db4ad2bfe0 Exception <a 'java/lang/NoSuchMethodError'{0x00000000c3c64138}: 'java.lang.Object java.lang.invoke.Invokers$Holder.linkToTargetMethod(java.lang.Object, java.lang.Object, int, java.lang.Object)'> (0x00000000c3c64138) 
thrown [s\src\hotspot\share\interpreter\linkResolver.cpp, line 759]
Event: 20.622 Thread 0x000001db5b950840 Exception <a 'java/lang/NoSuchMethodError'{0x00000000c3151908}: 'java.lang.Object java.lang.invoke.DirectMethodHandle$Holder.invokeStatic(java.lang.Object, int, java.lang.Object)'> (0x00000000c3151908) 
thrown [s\src\hotspot\share\interpreter\linkResolver.cpp, line 759]
Event: 20.842 Thread 0x000001db5a9b8060 Exception <a 'java/lang/NoSuchMethodError'{0x00000000c311b160}: 'java.lang.Object java.lang.invoke.DirectMethodHandle$Holder.invokeStatic(java.lang.Object, java.lang.Object, java.lang.Object, int, java.lang.Object, java.lang.Object)'> (0x00000000c311b160) 
thrown [s\src\hotspot\share\interpreter\linkResolver.cpp, line 759]
Event: 21.527 Thread 0x000001db5b23f1b0 Exception <a 'java/lang/NoSuchMethodError'{0x00000000c43900e0}: 'int java.lang.invoke.DirectMethodHandle$Holder.invokeStatic(java.lang.Object)'> (0x00000000c43900e0) 
thrown [s\src\hotspot\share\interpreter\linkResolver.cpp, line 759]
Event: 21.527 Thread 0x000001db5b23f1b0 Exception <a 'java/lang/NoSuchMethodError'{0x00000000c43934e0}: 'int java.lang.invoke.DirectMethodHandle$Holder.invokeStaticInit(java.lang.Object)'> (0x00000000c43934e0) 
thrown [s\src\hotspot\share\interpreter\linkResolver.cpp, line 759]
Event: 60.137 Thread 0x000001db5a9d1210 Exception <a 'java/lang/NoSuchMethodError'{0x00000000c3f024b0}: 'void java.lang.invoke.DirectMethodHandle$Holder.invokeStatic(java.lang.Object, long)'> (0x00000000c3f024b0) 
thrown [s\src\hotspot\share\interpreter\linkResolver.cpp, line 759]
Event: 60.138 Thread 0x000001db5a9d1210 Exception <a 'java/lang/NoSuchMethodError'{0x00000000c3f07858}: 'java.lang.Object java.lang.invoke.DirectMethodHandle$Holder.newInvokeSpecial(java.lang.Object, long)'> (0x00000000c3f07858) 
thrown [s\src\hotspot\share\interpreter\linkResolver.cpp, line 759]

VM Operations (20 events):
Event: 107964.871 Executing VM operation: G1CollectFull done
Event: 107975.100 Executing VM operation: G1CollectFull
Event: 107975.128 Executing VM operation: G1CollectFull done
Event: 107985.339 Executing VM operation: G1CollectFull
Event: 107985.362 Executing VM operation: G1CollectFull done
Event: 107995.557 Executing VM operation: G1CollectFull
Event: 107995.584 Executing VM operation: G1CollectFull done
Event: 108005.782 Executing VM operation: G1CollectFull
Event: 108005.812 Executing VM operation: G1CollectFull done
Event: 108016.019 Executing VM operation: G1CollectFull
Event: 108016.044 Executing VM operation: G1CollectFull done
Event: 108026.236 Executing VM operation: G1CollectFull
Event: 108026.267 Executing VM operation: G1CollectFull done
Event: 108036.491 Executing VM operation: G1CollectFull
Event: 108036.521 Executing VM operation: G1CollectFull done
Event: 108046.709 Executing VM operation: G1CollectFull
Event: 108046.739 Executing VM operation: G1CollectFull done
Event: 108056.944 Executing VM operation: G1CollectFull
Event: 108056.973 Executing VM operation: G1CollectFull done
Event: 108067.020 Executing VM operation: G1CollectFull

Events (20 events):
Event: 60.111 loading class java/lang/ProcessBuilder done
Event: 60.111 loading class java/lang/ProcessImpl
Event: 60.112 loading class java/lang/ProcessImpl done
Event: 60.138 loading class java/lang/ProcessImpl$2
Event: 60.138 loading class java/lang/ProcessImpl$2 done
Event: 60.138 loading class java/lang/Process$PipeInputStream
Event: 60.139 loading class java/lang/Process$PipeInputStream done
Event: 60.139 loading class jdk/internal/event/ProcessStartEvent
Event: 60.140 loading class jdk/internal/event/ProcessStartEvent done
Event: 60.548 loading class java/io/FileOutputStream$1
Event: 60.548 loading class java/io/FileOutputStream$1 done
Event: 80.948 Thread 0x000001db5a9c9b70 Thread exited: 0x000001db5a9c9b70
Event: 80.948 Thread 0x000001db5b241f40 Thread exited: 0x000001db5b241f40
Event: 81.946 Thread 0x000001db5b23c930 Thread exited: 0x000001db5b23c930
Event: 30043.042 Thread 0x000001db5b2400e0 Thread added: 0x000001db5b2400e0
Event: 30043.267 loading class java/util/logging/LogRecord
Event: 30043.457 loading class java/util/logging/LogRecord done
Event: 30043.505 Thread 0x000001db5b23e280 Thread added: 0x000001db5b23e280
Event: 30103.515 Thread 0x000001db5b23e280 Thread exited: 0x000001db5b23e280
Event: 30103.515 Thread 0x000001db5b2400e0 Thread exited: 0x000001db5b2400e0


Dynamic libraries:
0x00007ff7e4d80000 - 0x00007ff7e4d8e000 	c:\Users\Admin\.vscode\extensions\redhat.java-1.33.0-win32-x64\jre\17.0.11-win32-x86_64\bin\java.exe
0x00007ffa84670000 - 0x00007ffa84868000 	C:\Windows\SYSTEM32\ntdll.dll
0x00007ffa83f20000 - 0x00007ffa83fe1000 	C:\Windows\System32\KERNEL32.DLL
0x00007ffa81e40000 - 0x00007ffa8213d000 	C:\Windows\System32\KERNELBASE.dll
0x00007ffa82260000 - 0x00007ffa82360000 	C:\Windows\System32\ucrtbase.dll
0x00007ffa6ac30000 - 0x00007ffa6ac47000 	c:\Users\Admin\.vscode\extensions\redhat.java-1.33.0-win32-x64\jre\17.0.11-win32-x86_64\bin\jli.dll
0x00007ffa623c0000 - 0x00007ffa623db000 	c:\Users\Admin\.vscode\extensions\redhat.java-1.33.0-win32-x64\jre\17.0.11-win32-x86_64\bin\VCRUNTIME140.dll
0x00007ffa835a0000 - 0x00007ffa8373d000 	C:\Windows\System32\USER32.dll
0x00007ffa81d20000 - 0x00007ffa81d42000 	C:\Windows\System32\win32u.dll
0x00007ffa76af0000 - 0x00007ffa76d8a000 	C:\Windows\WinSxS\amd64_microsoft.windows.common-controls_6595b64144ccf1df_6.0.19041.4355_none_60b8b9eb71f62e16\COMCTL32.dll
0x00007ffa84550000 - 0x00007ffa8457b000 	C:\Windows\System32\GDI32.dll
0x00007ffa83a10000 - 0x00007ffa83aae000 	C:\Windows\System32\msvcrt.dll
0x00007ffa823f0000 - 0x00007ffa82507000 	C:\Windows\System32\gdi32full.dll
0x00007ffa81d50000 - 0x00007ffa81ded000 	C:\Windows\System32\msvcp_win.dll
0x00007ffa833a0000 - 0x00007ffa833cf000 	C:\Windows\System32\IMM32.DLL
0x00007ffa6ae90000 - 0x00007ffa6ae9c000 	c:\Users\Admin\.vscode\extensions\redhat.java-1.33.0-win32-x64\jre\17.0.11-win32-x86_64\bin\vcruntime140_1.dll
0x00007ffa48660000 - 0x00007ffa486ed000 	c:\Users\Admin\.vscode\extensions\redhat.java-1.33.0-win32-x64\jre\17.0.11-win32-x86_64\bin\msvcp140.dll
0x00007ffa34770000 - 0x00007ffa353d2000 	c:\Users\Admin\.vscode\extensions\redhat.java-1.33.0-win32-x64\jre\17.0.11-win32-x86_64\bin\server\jvm.dll
0x00007ffa83960000 - 0x00007ffa83a10000 	C:\Windows\System32\ADVAPI32.dll
0x00007ffa82e10000 - 0x00007ffa82eb0000 	C:\Windows\System32\sechost.dll
0x00007ffa84420000 - 0x00007ffa84543000 	C:\Windows\System32\RPCRT4.dll
0x00007ffa82510000 - 0x00007ffa82537000 	C:\Windows\System32\bcrypt.dll
0x00007ffa81b70000 - 0x00007ffa81bbb000 	C:\Windows\SYSTEM32\POWRPROF.dll
0x00007ffa6ce60000 - 0x00007ffa6ce69000 	C:\Windows\SYSTEM32\WSOCK32.dll
0x00007ffa7ad90000 - 0x00007ffa7ad9a000 	C:\Windows\SYSTEM32\VERSION.dll
0x00007ffa768a0000 - 0x00007ffa768c7000 	C:\Windows\SYSTEM32\WINMM.dll
0x00007ffa83ff0000 - 0x00007ffa8405b000 	C:\Windows\System32\ws2_32.DLL
0x00007ffa81b50000 - 0x00007ffa81b62000 	C:\Windows\SYSTEM32\UMPDC.dll
0x00007ffa7fb80000 - 0x00007ffa7fb92000 	C:\Windows\SYSTEM32\kernel.appcore.dll
0x00007ffa6ad10000 - 0x00007ffa6ad1a000 	c:\Users\Admin\.vscode\extensions\redhat.java-1.33.0-win32-x64\jre\17.0.11-win32-x86_64\bin\jimage.dll
0x00007ffa6ce90000 - 0x00007ffa6d074000 	C:\Windows\SYSTEM32\DBGHELP.DLL
0x00007ffa6c810000 - 0x00007ffa6c844000 	C:\Windows\SYSTEM32\dbgcore.DLL
0x00007ffa82360000 - 0x00007ffa823e2000 	C:\Windows\System32\bcryptPrimitives.dll
0x00007ffa62390000 - 0x00007ffa623b5000 	c:\Users\Admin\.vscode\extensions\redhat.java-1.33.0-win32-x64\jre\17.0.11-win32-x86_64\bin\java.dll
0x00007ffa5dc70000 - 0x00007ffa5dc88000 	c:\Users\Admin\.vscode\extensions\redhat.java-1.33.0-win32-x64\jre\17.0.11-win32-x86_64\bin\zip.dll
0x00007ffa826a0000 - 0x00007ffa82e0f000 	C:\Windows\System32\SHELL32.dll
0x00007ffa7fd80000 - 0x00007ffa8051f000 	C:\Windows\SYSTEM32\windows.storage.dll
0x00007ffa84060000 - 0x00007ffa843b3000 	C:\Windows\System32\combase.dll
0x00007ffa81590000 - 0x00007ffa815be000 	C:\Windows\SYSTEM32\Wldp.dll
0x00007ffa833e0000 - 0x00007ffa834ad000 	C:\Windows\System32\OLEAUT32.dll
0x00007ffa84580000 - 0x00007ffa8462d000 	C:\Windows\System32\SHCORE.dll
0x00007ffa843c0000 - 0x00007ffa84415000 	C:\Windows\System32\shlwapi.dll
0x00007ffa81c50000 - 0x00007ffa81c74000 	C:\Windows\SYSTEM32\profapi.dll
0x00007ffa52740000 - 0x00007ffa52759000 	C:\Users\Admin\.vscode\extensions\redhat.java-1.33.0-win32-x64\jre\17.0.11-win32-x86_64\bin\net.dll
0x00007ffa7c480000 - 0x00007ffa7c58d000 	C:\Windows\SYSTEM32\WINHTTP.dll
0x00007ffa81370000 - 0x00007ffa813da000 	C:\Windows\system32\mswsock.dll
0x00007ffa50bd0000 - 0x00007ffa50be6000 	C:\Users\Admin\.vscode\extensions\redhat.java-1.33.0-win32-x64\jre\17.0.11-win32-x86_64\bin\nio.dll
0x00007ffa6abc0000 - 0x00007ffa6abd0000 	c:\Users\Admin\.vscode\extensions\redhat.java-1.33.0-win32-x64\jre\17.0.11-win32-x86_64\bin\verify.dll
0x00007ffa81610000 - 0x00007ffa81628000 	C:\Windows\SYSTEM32\CRYPTSP.dll
0x00007ffa80cb0000 - 0x00007ffa80ce4000 	C:\Windows\system32\rsaenh.dll
0x00007ffa81bc0000 - 0x00007ffa81bee000 	C:\Windows\SYSTEM32\USERENV.dll
0x00007ffa81500000 - 0x00007ffa8150c000 	C:\Windows\SYSTEM32\CRYPTBASE.dll
0x00007ffa81070000 - 0x00007ffa810ab000 	C:\Windows\SYSTEM32\IPHLPAPI.DLL
0x00007ffa82eb0000 - 0x00007ffa82eb8000 	C:\Windows\System32\NSI.dll
0x00007ffa7bb30000 - 0x00007ffa7bb47000 	C:\Windows\SYSTEM32\dhcpcsvc6.DLL
0x00007ffa7bb10000 - 0x00007ffa7bb2d000 	C:\Windows\SYSTEM32\dhcpcsvc.DLL
0x00007ffa810b0000 - 0x00007ffa8117a000 	C:\Windows\SYSTEM32\DNSAPI.dll
0x00007ffa6af00000 - 0x00007ffa6af09000 	C:\Users\Admin\.vscode\extensions\redhat.java-1.33.0-win32-x64\jre\17.0.11-win32-x86_64\bin\management.dll
0x00007ffa698b0000 - 0x00007ffa698bb000 	C:\Users\Admin\.vscode\extensions\redhat.java-1.33.0-win32-x64\jre\17.0.11-win32-x86_64\bin\management_ext.dll
0x00007ffa83950000 - 0x00007ffa83958000 	C:\Windows\System32\PSAPI.DLL

dbghelp: loaded successfully - version: 4.0.5 - missing functions: none
symbol engine: initialized successfully - sym options: 0x614 - pdb path: .;c:\Users\Admin\.vscode\extensions\redhat.java-1.33.0-win32-x64\jre\17.0.11-win32-x86_64\bin;C:\Windows\SYSTEM32;C:\Windows\WinSxS\amd64_microsoft.windows.common-controls_6595b64144ccf1df_6.0.19041.4355_none_60b8b9eb71f62e16;c:\Users\Admin\.vscode\extensions\redhat.java-1.33.0-win32-x64\jre\17.0.11-win32-x86_64\bin\server

VM Arguments:
jvm_args: -Xmx1024m -Dsts.lsp.client=vscode -Dsts.log.file=/dev/null -XX:TieredStopAtLevel=1 -Xlog:jni+resolve=off -Dspring.config.location=file:c:\Users\Admin\.vscode\extensions\vmware.vscode-spring-boot-1.56.0\language-server\BOOT-INF\classes\application.properties 
java_command: org.springframework.ide.vscode.boot.app.BootLanguageServerBootApp
java_class_path (initial): c:\Users\Admin\.vscode\extensions\vmware.vscode-spring-boot-1.56.0\language-server\BOOT-INF\classes;c:\Users\Admin\.vscode\extensions\vmware.vscode-spring-boot-1.56.0\language-server\BOOT-INF\lib\annotations-24.1.0.jar;c:\Users\Admin\.vscode\extensions\vmware.vscode-spring-boot-1.56.0\language-server\BOOT-INF\lib\antlr4-runtime-4.13.1.jar;c:\Users\Admin\.vscode\extensions\vmware.vscode-spring-boot-1.56.0\language-server\BOOT-INF\lib\asm-9.7.jar;c:\Users\Admin\.vscode\extensions\vmware.vscode-spring-boot-1.56.0\language-server\BOOT-INF\lib\asm-analysis-9.7.jar;c:\Users\Admin\.vscode\extensions\vmware.vscode-spring-boot-1.56.0\language-server\BOOT-INF\lib\asm-tree-9.7.jar;c:\Users\Admin\.vscode\extensions\vmware.vscode-spring-boot-1.56.0\language-server\BOOT-INF\lib\asm-util-9.7.jar;c:\Users\Admin\.vscode\extensions\vmware.vscode-spring-boot-1.56.0\language-server\BOOT-INF\lib\caffeine-3.1.8.jar;c:\Users\Admin\.vscode\extensions\vmware.vscode-spring-boot-1.56.0\language-server\BOOT-INF\lib\checker-qual-3.12.0.jar;c:\Users\Admin\.vscode\extensions\vmware.vscode-spring-boot-1.56.0\language-server\BOOT-INF\lib\classgraph-4.8.149.jar;c:\Users\Admin\.vscode\extensions\vmware.vscode-spring-boot-1.56.0\language-server\BOOT-INF\lib\commons-codec-1.16.1.jar;c:\Users\Admin\.vscode\extensions\vmware.vscode-spring-boot-1.56.0\language-server\BOOT-INF\lib\commons-compress-1.26.2.jar;c:\Users\Admin\.vscode\extensions\vmware.vscode-spring-boot-1.56.0\language-server\BOOT-INF\lib\commons-io-2.16.1.jar;c:\Users\Admin\.vscode\extensions\vmware.vscode-spring-boot-1.56.0\language-server\BOOT-INF\lib\commons-java-1.56.0-SNAPSHOT.jar;c:\Users\Admin\.vscode\extensions\vmware.vscode-spring-boot-1.56.0\language-server\BOOT-INF\lib\commons-lang3-3.14.0.jar;c:\Users\Admin\.vscode\extensions\vmware.vscode-spring-boot-1.56.0\language-server\BOOT-INF\lib\commons-language-server-1.56.0-SNAPSHOT.jar;c:\Users\Admin\.vscode\extensions\vmware.vscode-spring-boot-1.56.0\langu
Launcher Type: SUN_STANDARD

[Global flags]
     intx CICompilerCount                          = 4                                         {product} {ergonomic}
     uint ConcGCThreads                            = 2                                         {product} {ergonomic}
     uint G1ConcRefinementThreads                  = 8                                         {product} {ergonomic}
   size_t G1HeapRegionSize                         = 1048576                                   {product} {ergonomic}
    uintx GCDrainStackTargetSize                   = 64                                        {product} {ergonomic}
   size_t InitialHeapSize                          = 134217728                                 {product} {ergonomic}
   size_t MarkStackSize                            = 4194304                                   {product} {ergonomic}
   size_t MaxHeapSize                              = 1073741824                                {product} {command line}
   size_t MaxNewSize                               = 643825664                                 {product} {ergonomic}
   size_t MinHeapDeltaBytes                        = 1048576                                   {product} {ergonomic}
   size_t MinHeapSize                              = 8388608                                   {product} {ergonomic}
    uintx NonProfiledCodeHeapSize                  = 0                                      {pd product} {ergonomic}
     bool ProfileInterpreter                       = false                                  {pd product} {command line}
    uintx ProfiledCodeHeapSize                     = 0                                      {pd product} {ergonomic}
   size_t SoftMaxHeapSize                          = 1073741824                             {manageable} {ergonomic}
     intx TieredStopAtLevel                        = 1                                         {product} {command line}
     bool UseCompressedClassPointers               = true                           {product lp64_product} {ergonomic}
     bool UseCompressedOops                        = true                           {product lp64_product} {ergonomic}
     bool UseG1GC                                  = true                                      {product} {ergonomic}
     bool UseLargePagesIndividualAllocation        = false                                  {pd product} {ergonomic}

Logging:
Log output configuration:
 #0: stdout all=warning,jni+resolve=off uptime,level,tags
 #1: stderr all=off uptime,level,tags

Environment Variables:
JAVA_HOME=C:\Program Files\java\jdk-17
PATH=C:\Program Files\Common Files\Oracle\Java\javapath;C:\Python312\Scripts\;C:\Python312\;C:\Windows\system32;C:\Windows;C:\Windows\System32\Wbem;C:\Windows\System32\WindowsPowerShell\v1.0\;C:\Windows\System32\OpenSSH\;C:\xampp\php;C:\ProgramData\ComposerSetup\bin;C:\Program Files\Git\cmd;C:\Program Files\java\openlogic-openjdk-8u402-b06-windows-64\bin;C:\Program Files\nodejs\node_modules\npm\bin;C:\Program Files\nodejs\;C:\ProgramData\chocolatey\bin;C:\Users\Admin\Downloads\apache-maven-3.9.6-bin\apache-maven-3.9.6\bin;C:\Program Files\Docker\Docker\resources\bin;C:\Program Files\java\jdk-17\bin;;C:\Program Files\Git LFS;C:\Program Files\PuTTY\;C:\Users\Admin\AppData\Local\Programs\Python\Python311\Scripts\;C:\Users\Admin\AppData\Local\Programs\Python\Python311\;C:\Users\Admin\AppData\Local\Microsoft\WindowsApps;C:\ngrok;C:\Program Files\JetBrains\PyCharm Community Edition 2023.2.5\bin;;C:\Users\Admin\AppData\Local\Programs\Microsoft VS Code\bin;C:\Users\Admin\AppData\Roaming\Composer\vendor\bin;C:\Users\Admin\AppData\Local\GitHubDesktop\bin;"C:\Program Files\nodejs;C:\Users\Admin\AppData\Roaming\npm";C:\Users\Admin\AppData\Roaming\npm
USERNAME=Admin
OS=Windows_NT
PROCESSOR_IDENTIFIER=Intel64 Family 6 Model 94 Stepping 3, GenuineIntel
TMP=C:\Users\Admin\AppData\Local\Temp
TEMP=C:\Users\Admin\AppData\Local\Temp



Periodic native trim disabled


---------------  S Y S T E M  ---------------

OS:
 Windows 10 , 64 bit Build 19041 (10.0.19041.4717)
OS uptime: 17 days 20:04 hours
Hyper-V role detected

CPU: total 8 (initial active 8) (4 cores per cpu, 2 threads per core) family 6 model 94 stepping 3 microcode 0xf2, cx8, cmov, fxsr, ht, mmx, 3dnowpref, sse, sse2, sse3, ssse3, sse4.1, sse4.2, popcnt, lzcnt, tsc, tscinvbit, avx, avx2, aes, erms, clmul, bmi1, bmi2, rtm, adx, fma, vzeroupper, clflush, clflushopt, hv
Processor Information for all 8 processors :
  Max Mhz: 3408, Current Mhz: 3408, Mhz Limit: 3408

Memory: 4k page, system-wide physical 8075M (394M free)
TotalPageFile size 32651M (AvailPageFile size 15M)
current process WorkingSet (physical memory assigned to process): 42M, peak: 172M
current process commit charge ("private bytes"): 212M, peak: 233M

vm_info: OpenJDK 64-Bit Server VM (17.0.11+9) for windows-amd64 JRE (17.0.11+9), built on Apr 17 2024 06:07:48 by "admin" with MS VC++ 16.10 / 16.11 (VS2019)

END.
