#
# There is insufficient memory for the Java Runtime Environment to continue.
# Native memory allocation (malloc) failed to allocate 1029440 bytes for Chunk::new
# Possible reasons:
#   The system is out of physical RAM or swap space
#   The process is running with CompressedOops enabled, and the Java Heap may be blocking the growth of the native heap
# Possible solutions:
#   Reduce memory load on the system
#   Increase physical memory or swap space
#   Check if swap backing store is full
#   Decrease Java heap size (-Xmx/-Xms)
#   Decrease number of Java threads
#   Decrease Java thread stack sizes (-Xss)
#   Set larger code cache with -XX:ReservedCodeCacheSize=
#   JVM is running with Unscaled Compressed Oops mode in which the Java heap is
#     placed in the first 4GB address space. The Java Heap base address is the
#     maximum limit for the native heap growth. Please use -XX:HeapBaseMinAddress
#     to set the Java Heap base and to place the Java Heap above 4GB virtual address.
# This output file may be truncated or incomplete.
#
#  Out of Memory Error (arena.cpp:189), pid=9956, tid=1700
#
# JRE version: Java(TM) SE Runtime Environment (17.0.11+7) (build 17.0.11+7-LTS-207)
# Java VM: Java HotSpot(TM) 64-Bit Server VM (17.0.11+7-LTS-207, mixed mode, sharing, tiered, compressed oops, compressed class ptrs, g1 gc, windows-amd64)
# No core dump will be written. Minidumps are not enabled by default on client versions of Windows
#

---------------  S U M M A R Y ------------

Command Line: -Dclassworlds.conf=C:\Users\Admin\Downloads\apache-maven-3.9.6-bin\apache-maven-3.9.6\bin\m2.conf -Dmaven.home=C:\Users\Admin\Downloads\apache-maven-3.9.6-bin\apache-maven-3.9.6 -Dlibrary.jansi.path=C:\Users\Admin\Downloads\apache-maven-3.9.6-bin\apache-maven-3.9.6\lib\jansi-native -Dmaven.multiModuleProjectDirectory=C:\Users\Admin\Desktop\Property_Insurance\Backend-Workspace\PropertyInsurance org.codehaus.plexus.classworlds.launcher.Launcher spring-boot:run

Host: Intel(R) Core(TM) i7-6700 CPU @ 3.40GHz, 8 cores, 7G,  Windows 10 , 64 bit Build 19041 (10.0.19041.3636)
Time: Mon May 20 09:45:41 2024 India Standard Time elapsed time: 6.178723 seconds (0d 0h 0m 6s)

---------------  T H R E A D  ---------------

Current thread (0x0000019c5861c250):  JavaThread "C2 CompilerThread0" daemon [_thread_in_native, id=1700, stack(0x0000004a85a00000,0x0000004a85b00000)]


Current CompileTask:
C2:   6178 4644       4       java.util.zip.ZipFile$Source::initCEN (591 bytes)

Stack: [0x0000004a85a00000,0x0000004a85b00000]
Native frames: (J=compiled Java code, j=interpreted, Vv=VM code, C=native code)
V  [jvm.dll+0x679cca]
V  [jvm.dll+0x7da13d]
V  [jvm.dll+0x7dba83]
V  [jvm.dll+0x7dc0f3]
V  [jvm.dll+0x2449af]
V  [jvm.dll+0xab83b]
V  [jvm.dll+0xabe1c]
V  [jvm.dll+0x3615ae]
V  [jvm.dll+0x32bd61]
V  [jvm.dll+0x32b1fa]
V  [jvm.dll+0x2161df]
V  [jvm.dll+0x21560f]
V  [jvm.dll+0x1a2040]
V  [jvm.dll+0x225a2b]
V  [jvm.dll+0x223bcb]
V  [jvm.dll+0x7903ec]
V  [jvm.dll+0x78a85a]
V  [jvm.dll+0x678bb5]
C  [ucrtbase.dll+0x21bb2]
C  [KERNEL32.DLL+0x17344]
C  [ntdll.dll+0x526b1]


---------------  P R O C E S S  ---------------

Threads class SMR info:
_java_thread_list=0x0000019c9f099690, length=13, elements={
0x0000019c385603a0, 0x0000019c58601570, 0x0000019c586023f0, 0x0000019c586156c0,
0x0000019c58617290, 0x0000019c5861a400, 0x0000019c5861adc0, 0x0000019c5861c250,
0x0000019c5861f8d0, 0x0000019c58620a70, 0x0000019c588cb220, 0x0000019c588db170,
0x0000019c9e1139f0
}

Java Threads: ( => current thread )
  0x0000019c385603a0 JavaThread "main" [_thread_in_native, id=9176, stack(0x0000004a84d00000,0x0000004a84e00000)]
  0x0000019c58601570 JavaThread "Reference Handler" daemon [_thread_blocked, id=11252, stack(0x0000004a85400000,0x0000004a85500000)]
  0x0000019c586023f0 JavaThread "Finalizer" daemon [_thread_blocked, id=16352, stack(0x0000004a85500000,0x0000004a85600000)]
  0x0000019c586156c0 JavaThread "Signal Dispatcher" daemon [_thread_blocked, id=13688, stack(0x0000004a85600000,0x0000004a85700000)]
  0x0000019c58617290 JavaThread "Attach Listener" daemon [_thread_blocked, id=15600, stack(0x0000004a85700000,0x0000004a85800000)]
  0x0000019c5861a400 JavaThread "Service Thread" daemon [_thread_blocked, id=14152, stack(0x0000004a85800000,0x0000004a85900000)]
  0x0000019c5861adc0 JavaThread "Monitor Deflation Thread" daemon [_thread_blocked, id=2428, stack(0x0000004a85900000,0x0000004a85a00000)]
=>0x0000019c5861c250 JavaThread "C2 CompilerThread0" daemon [_thread_in_native, id=1700, stack(0x0000004a85a00000,0x0000004a85b00000)]
  0x0000019c5861f8d0 JavaThread "C1 CompilerThread0" daemon [_thread_blocked, id=14644, stack(0x0000004a85b00000,0x0000004a85c00000)]
  0x0000019c58620a70 JavaThread "Sweeper thread" daemon [_thread_blocked, id=9284, stack(0x0000004a85c00000,0x0000004a85d00000)]
  0x0000019c588cb220 JavaThread "Notification Thread" daemon [_thread_blocked, id=1516, stack(0x0000004a85d00000,0x0000004a85e00000)]
  0x0000019c588db170 JavaThread "Common-Cleaner" daemon [_thread_blocked, id=3668, stack(0x0000004a85f00000,0x0000004a86000000)]
  0x0000019c9e1139f0 JavaThread "C2 CompilerThread1" daemon [_thread_in_native, id=9912, stack(0x0000004a86000000,0x0000004a86100000)]

Other Threads:
  0x0000019c585f94f0 VMThread "VM Thread" [stack: 0x0000004a85300000,0x0000004a85400000] [id=4208]
  0x0000019c385d29b0 WatcherThread [stack: 0x0000004a85e00000,0x0000004a85f00000] [id=9028]
  0x0000019c385b9060 GCTaskThread "GC Thread#0" [stack: 0x0000004a84e00000,0x0000004a84f00000] [id=2196]
  0x0000019c9e655320 GCTaskThread "GC Thread#1" [stack: 0x0000004a86200000,0x0000004a86300000] [id=5432]
  0x0000019c58979ee0 GCTaskThread "GC Thread#2" [stack: 0x0000004a86300000,0x0000004a86400000] [id=6980]
  0x0000019c9e701ae0 GCTaskThread "GC Thread#3" [stack: 0x0000004a86400000,0x0000004a86500000] [id=11604]
  0x0000019c9e722890 GCTaskThread "GC Thread#4" [stack: 0x0000004a86500000,0x0000004a86600000] [id=8924]
  0x0000019c9e7e5180 GCTaskThread "GC Thread#5" [stack: 0x0000004a86600000,0x0000004a86700000] [id=14092]
  0x0000019c9e7fe840 GCTaskThread "GC Thread#6" [stack: 0x0000004a86700000,0x0000004a86800000] [id=11792]
  0x0000019c9e985c20 GCTaskThread "GC Thread#7" [stack: 0x0000004a86800000,0x0000004a86900000] [id=13832]
  0x0000019c385c9c30 ConcurrentGCThread "G1 Main Marker" [stack: 0x0000004a84f00000,0x0000004a85000000] [id=13112]
  0x0000019c385cade0 ConcurrentGCThread "G1 Conc#0" [stack: 0x0000004a85000000,0x0000004a85100000] [id=1752]
  0x0000019c584b80e0 ConcurrentGCThread "G1 Refine#0" [stack: 0x0000004a85100000,0x0000004a85200000] [id=2044]
  0x0000019c584b8b10 ConcurrentGCThread "G1 Service" [stack: 0x0000004a85200000,0x0000004a85300000] [id=17208]

Threads with active compile tasks:
C2 CompilerThread0     6222 4644       4       java.util.zip.ZipFile$Source::initCEN (591 bytes)
C2 CompilerThread1     6222 4649 % !   4       java.util.jar.Attributes::read @ 214 (494 bytes)

VM state: not at safepoint (normal execution)

VM Mutex/Monitor currently owned by a thread: None

Heap address: 0x0000000081c00000, size: 2020 MB, Compressed Oops mode: 32-bit

CDS archive(s) mapped at: [0x0000019c59000000-0x0000019c59bd0000-0x0000019c59bd0000), size 12386304, SharedBaseAddress: 0x0000019c59000000, ArchiveRelocationMode: 1.
Compressed class space mapped at: 0x0000019c5a000000-0x0000019c9a000000, reserved size: 1073741824
Narrow klass base: 0x0000019c59000000, Narrow klass shift: 0, Narrow klass range: 0x100000000

GC Precious Log:
 CPUs: 8 total, 8 available
 Memory: 8075M
 Large Page Support: Disabled
 NUMA Support: Disabled
 Compressed Oops: Enabled (32-bit)
 Heap Region Size: 1M
 Heap Min Capacity: 8M
 Heap Initial Capacity: 128M
 Heap Max Capacity: 2020M
 Pre-touch: Disabled
 Parallel Workers: 8
 Concurrent Workers: 2
 Concurrent Refinement Workers: 8
 Periodic GC: Disabled

Heap:
 garbage-first heap   total 131072K, used 44371K [0x0000000081c00000, 0x0000000100000000)
  region size 1024K, 32 young (32768K), 6 survivors (6144K)
 Metaspace       used 18698K, committed 19008K, reserved 1114112K
  class space    used 2112K, committed 2240K, reserved 1048576K

Heap Regions: E=young(eden), S=young(survivor), O=old, HS=humongous(starts), HC=humongous(continues), CS=collection set, F=free, OA=open archive, CA=closed archive, TAMS=top-at-mark-start (previous, next)
|   0|0x0000000081c00000, 0x0000000081d00000, 0x0000000081d00000|100%| O|  |TAMS 0x0000000081c00000, 0x0000000081c00000| Untracked 
|   1|0x0000000081d00000, 0x0000000081e00000, 0x0000000081e00000|100%| O|  |TAMS 0x0000000081d00000, 0x0000000081d00000| Untracked 
|   2|0x0000000081e00000, 0x0000000081f00000, 0x0000000081f00000|100%| O|  |TAMS 0x0000000081e00000, 0x0000000081e00000| Untracked 
|   3|0x0000000081f00000, 0x0000000082000000, 0x0000000082000000|100%| O|  |TAMS 0x0000000081f00000, 0x0000000081f00000| Untracked 
|   4|0x0000000082000000, 0x0000000082100000, 0x0000000082100000|100%|HS|  |TAMS 0x0000000082000000, 0x0000000082000000| Complete 
|   5|0x0000000082100000, 0x0000000082100000, 0x0000000082200000|  0%| F|  |TAMS 0x0000000082100000, 0x0000000082100000| Untracked 
|   6|0x0000000082200000, 0x0000000082200000, 0x0000000082300000|  0%| F|  |TAMS 0x0000000082200000, 0x0000000082200000| Untracked 
|   7|0x0000000082300000, 0x0000000082300000, 0x0000000082400000|  0%| F|  |TAMS 0x0000000082300000, 0x0000000082300000| Untracked 
|   8|0x0000000082400000, 0x0000000082400000, 0x0000000082500000|  0%| F|  |TAMS 0x0000000082400000, 0x0000000082400000| Untracked 
|   9|0x0000000082500000, 0x0000000082500000, 0x0000000082600000|  0%| F|  |TAMS 0x0000000082500000, 0x0000000082500000| Untracked 
|  10|0x0000000082600000, 0x0000000082600000, 0x0000000082700000|  0%| F|  |TAMS 0x0000000082600000, 0x0000000082600000| Untracked 
|  11|0x0000000082700000, 0x0000000082700000, 0x0000000082800000|  0%| F|  |TAMS 0x0000000082700000, 0x0000000082700000| Untracked 
|  12|0x0000000082800000, 0x0000000082800000, 0x0000000082900000|  0%| F|  |TAMS 0x0000000082800000, 0x0000000082800000| Untracked 
|  13|0x0000000082900000, 0x0000000082900000, 0x0000000082a00000|  0%| F|  |TAMS 0x0000000082900000, 0x0000000082900000| Untracked 
|  14|0x0000000082a00000, 0x0000000082a00000, 0x0000000082b00000|  0%| F|  |TAMS 0x0000000082a00000, 0x0000000082a00000| Untracked 
|  15|0x0000000082b00000, 0x0000000082b00000, 0x0000000082c00000|  0%| F|  |TAMS 0x0000000082b00000, 0x0000000082b00000| Untracked 
|  16|0x0000000082c00000, 0x0000000082c00000, 0x0000000082d00000|  0%| F|  |TAMS 0x0000000082c00000, 0x0000000082c00000| Untracked 
|  17|0x0000000082d00000, 0x0000000082d00000, 0x0000000082e00000|  0%| F|  |TAMS 0x0000000082d00000, 0x0000000082d00000| Untracked 
|  18|0x0000000082e00000, 0x0000000082e00000, 0x0000000082f00000|  0%| F|  |TAMS 0x0000000082e00000, 0x0000000082e00000| Untracked 
|  19|0x0000000082f00000, 0x0000000082f00000, 0x0000000083000000|  0%| F|  |TAMS 0x0000000082f00000, 0x0000000082f00000| Untracked 
|  20|0x0000000083000000, 0x0000000083000000, 0x0000000083100000|  0%| F|  |TAMS 0x0000000083000000, 0x0000000083000000| Untracked 
|  21|0x0000000083100000, 0x0000000083100000, 0x0000000083200000|  0%| F|  |TAMS 0x0000000083100000, 0x0000000083100000| Untracked 
|  22|0x0000000083200000, 0x0000000083200000, 0x0000000083300000|  0%| F|  |TAMS 0x0000000083200000, 0x0000000083200000| Untracked 
|  23|0x0000000083300000, 0x0000000083300000, 0x0000000083400000|  0%| F|  |TAMS 0x0000000083300000, 0x0000000083300000| Untracked 
|  24|0x0000000083400000, 0x0000000083400000, 0x0000000083500000|  0%| F|  |TAMS 0x0000000083400000, 0x0000000083400000| Untracked 
|  25|0x0000000083500000, 0x0000000083500000, 0x0000000083600000|  0%| F|  |TAMS 0x0000000083500000, 0x0000000083500000| Untracked 
|  26|0x0000000083600000, 0x0000000083600000, 0x0000000083700000|  0%| F|  |TAMS 0x0000000083600000, 0x0000000083600000| Untracked 
|  27|0x0000000083700000, 0x0000000083700000, 0x0000000083800000|  0%| F|  |TAMS 0x0000000083700000, 0x0000000083700000| Untracked 
|  28|0x0000000083800000, 0x0000000083800000, 0x0000000083900000|  0%| F|  |TAMS 0x0000000083800000, 0x0000000083800000| Untracked 
|  29|0x0000000083900000, 0x0000000083900000, 0x0000000083a00000|  0%| F|  |TAMS 0x0000000083900000, 0x0000000083900000| Untracked 
|  30|0x0000000083a00000, 0x0000000083a00000, 0x0000000083b00000|  0%| F|  |TAMS 0x0000000083a00000, 0x0000000083a00000| Untracked 
|  31|0x0000000083b00000, 0x0000000083b00000, 0x0000000083c00000|  0%| F|  |TAMS 0x0000000083b00000, 0x0000000083b00000| Untracked 
|  32|0x0000000083c00000, 0x0000000083c00000, 0x0000000083d00000|  0%| F|  |TAMS 0x0000000083c00000, 0x0000000083c00000| Untracked 
|  33|0x0000000083d00000, 0x0000000083d00000, 0x0000000083e00000|  0%| F|  |TAMS 0x0000000083d00000, 0x0000000083d00000| Untracked 
|  34|0x0000000083e00000, 0x0000000083e00000, 0x0000000083f00000|  0%| F|  |TAMS 0x0000000083e00000, 0x0000000083e00000| Untracked 
|  35|0x0000000083f00000, 0x0000000083f00000, 0x0000000084000000|  0%| F|  |TAMS 0x0000000083f00000, 0x0000000083f00000| Untracked 
|  36|0x0000000084000000, 0x0000000084100000, 0x0000000084100000|100%| O|  |TAMS 0x0000000084000000, 0x0000000084000000| Untracked 
|  37|0x0000000084100000, 0x0000000084200000, 0x0000000084200000|100%| O|  |TAMS 0x0000000084100000, 0x0000000084100000| Untracked 
|  38|0x0000000084200000, 0x0000000084300000, 0x0000000084300000|100%| O|  |TAMS 0x0000000084200000, 0x0000000084200000| Untracked 
|  39|0x0000000084300000, 0x0000000084400000, 0x0000000084400000|100%| O|  |TAMS 0x0000000084300000, 0x0000000084300000| Untracked 
|  40|0x0000000084400000, 0x0000000084500000, 0x0000000084500000|100%| O|  |TAMS 0x0000000084400000, 0x0000000084400000| Untracked 
|  41|0x0000000084500000, 0x0000000084600000, 0x0000000084600000|100%| O|  |TAMS 0x0000000084500000, 0x0000000084500000| Untracked 
|  42|0x0000000084600000, 0x0000000084600000, 0x0000000084700000|  0%| F|  |TAMS 0x0000000084600000, 0x0000000084600000| Untracked 
|  43|0x0000000084700000, 0x0000000084700000, 0x0000000084800000|  0%| F|  |TAMS 0x0000000084700000, 0x0000000084700000| Untracked 
|  44|0x0000000084800000, 0x0000000084800000, 0x0000000084900000|  0%| F|  |TAMS 0x0000000084800000, 0x0000000084800000| Untracked 
|  45|0x0000000084900000, 0x0000000084900000, 0x0000000084a00000|  0%| F|  |TAMS 0x0000000084900000, 0x0000000084900000| Untracked 
|  46|0x0000000084a00000, 0x0000000084a00000, 0x0000000084b00000|  0%| F|  |TAMS 0x0000000084a00000, 0x0000000084a00000| Untracked 
|  47|0x0000000084b00000, 0x0000000084b00000, 0x0000000084c00000|  0%| F|  |TAMS 0x0000000084b00000, 0x0000000084b00000| Untracked 
|  48|0x0000000084c00000, 0x0000000084c00000, 0x0000000084d00000|  0%| F|  |TAMS 0x0000000084c00000, 0x0000000084c00000| Untracked 
|  49|0x0000000084d00000, 0x0000000084d00000, 0x0000000084e00000|  0%| F|  |TAMS 0x0000000084d00000, 0x0000000084d00000| Untracked 
|  50|0x0000000084e00000, 0x0000000084e00000, 0x0000000084f00000|  0%| F|  |TAMS 0x0000000084e00000, 0x0000000084e00000| Untracked 
|  51|0x0000000084f00000, 0x0000000084f00000, 0x0000000085000000|  0%| F|  |TAMS 0x0000000084f00000, 0x0000000084f00000| Untracked 
|  52|0x0000000085000000, 0x0000000085100000, 0x0000000085100000|100%| O|  |TAMS 0x0000000085000000, 0x0000000085000000| Untracked 
|  53|0x0000000085100000, 0x0000000085200000, 0x0000000085200000|100%| O|  |TAMS 0x0000000085100000, 0x0000000085100000| Untracked 
|  54|0x0000000085200000, 0x0000000085254c00, 0x0000000085300000| 33%| O|  |TAMS 0x0000000085200000, 0x0000000085200000| Untracked 
|  55|0x0000000085300000, 0x0000000085300000, 0x0000000085400000|  0%| F|  |TAMS 0x0000000085300000, 0x0000000085300000| Untracked 
|  56|0x0000000085400000, 0x0000000085400000, 0x0000000085500000|  0%| F|  |TAMS 0x0000000085400000, 0x0000000085400000| Untracked 
|  57|0x0000000085500000, 0x0000000085500000, 0x0000000085600000|  0%| F|  |TAMS 0x0000000085500000, 0x0000000085500000| Untracked 
|  58|0x0000000085600000, 0x0000000085700000, 0x0000000085700000|100%| S|CS|TAMS 0x0000000085600000, 0x0000000085600000| Complete 
|  59|0x0000000085700000, 0x0000000085800000, 0x0000000085800000|100%| S|CS|TAMS 0x0000000085700000, 0x0000000085700000| Complete 
|  60|0x0000000085800000, 0x0000000085900000, 0x0000000085900000|100%| S|CS|TAMS 0x0000000085800000, 0x0000000085800000| Complete 
|  61|0x0000000085900000, 0x0000000085a00000, 0x0000000085a00000|100%| S|CS|TAMS 0x0000000085900000, 0x0000000085900000| Complete 
|  62|0x0000000085a00000, 0x0000000085b00000, 0x0000000085b00000|100%| S|CS|TAMS 0x0000000085a00000, 0x0000000085a00000| Complete 
|  63|0x0000000085b00000, 0x0000000085c00000, 0x0000000085c00000|100%| S|CS|TAMS 0x0000000085b00000, 0x0000000085b00000| Complete 
|  64|0x0000000085c00000, 0x0000000085c00000, 0x0000000085d00000|  0%| F|  |TAMS 0x0000000085c00000, 0x0000000085c00000| Untracked 
|  65|0x0000000085d00000, 0x0000000085d00000, 0x0000000085e00000|  0%| F|  |TAMS 0x0000000085d00000, 0x0000000085d00000| Untracked 
|  66|0x0000000085e00000, 0x0000000085e00000, 0x0000000085f00000|  0%| F|  |TAMS 0x0000000085e00000, 0x0000000085e00000| Untracked 
|  67|0x0000000085f00000, 0x0000000085f00000, 0x0000000086000000|  0%| F|  |TAMS 0x0000000085f00000, 0x0000000085f00000| Untracked 
|  68|0x0000000086000000, 0x0000000086000000, 0x0000000086100000|  0%| F|  |TAMS 0x0000000086000000, 0x0000000086000000| Untracked 
|  69|0x0000000086100000, 0x0000000086100000, 0x0000000086200000|  0%| F|  |TAMS 0x0000000086100000, 0x0000000086100000| Untracked 
|  70|0x0000000086200000, 0x0000000086200000, 0x0000000086300000|  0%| F|  |TAMS 0x0000000086200000, 0x0000000086200000| Untracked 
|  71|0x0000000086300000, 0x0000000086300000, 0x0000000086400000|  0%| F|  |TAMS 0x0000000086300000, 0x0000000086300000| Untracked 
|  72|0x0000000086400000, 0x0000000086400000, 0x0000000086500000|  0%| F|  |TAMS 0x0000000086400000, 0x0000000086400000| Untracked 
|  73|0x0000000086500000, 0x0000000086500000, 0x0000000086600000|  0%| F|  |TAMS 0x0000000086500000, 0x0000000086500000| Untracked 
|  74|0x0000000086600000, 0x0000000086600000, 0x0000000086700000|  0%| F|  |TAMS 0x0000000086600000, 0x0000000086600000| Untracked 
|  75|0x0000000086700000, 0x0000000086700000, 0x0000000086800000|  0%| F|  |TAMS 0x0000000086700000, 0x0000000086700000| Untracked 
|  76|0x0000000086800000, 0x0000000086800000, 0x0000000086900000|  0%| F|  |TAMS 0x0000000086800000, 0x0000000086800000| Untracked 
|  77|0x0000000086900000, 0x0000000086900000, 0x0000000086a00000|  0%| F|  |TAMS 0x0000000086900000, 0x0000000086900000| Untracked 
|  78|0x0000000086a00000, 0x0000000086a00000, 0x0000000086b00000|  0%| F|  |TAMS 0x0000000086a00000, 0x0000000086a00000| Untracked 
|  79|0x0000000086b00000, 0x0000000086b00000, 0x0000000086c00000|  0%| F|  |TAMS 0x0000000086b00000, 0x0000000086b00000| Untracked 
|  80|0x0000000086c00000, 0x0000000086c00000, 0x0000000086d00000|  0%| F|  |TAMS 0x0000000086c00000, 0x0000000086c00000| Untracked 
|  81|0x0000000086d00000, 0x0000000086d00000, 0x0000000086e00000|  0%| F|  |TAMS 0x0000000086d00000, 0x0000000086d00000| Untracked 
|  82|0x0000000086e00000, 0x0000000086e00000, 0x0000000086f00000|  0%| F|  |TAMS 0x0000000086e00000, 0x0000000086e00000| Untracked 
|  83|0x0000000086f00000, 0x0000000086f00000, 0x0000000087000000|  0%| F|  |TAMS 0x0000000086f00000, 0x0000000086f00000| Untracked 
|  84|0x0000000087000000, 0x0000000087000000, 0x0000000087100000|  0%| F|  |TAMS 0x0000000087000000, 0x0000000087000000| Untracked 
|  85|0x0000000087100000, 0x0000000087100000, 0x0000000087200000|  0%| F|  |TAMS 0x0000000087100000, 0x0000000087100000| Untracked 
|  86|0x0000000087200000, 0x0000000087200000, 0x0000000087300000|  0%| F|  |TAMS 0x0000000087200000, 0x0000000087200000| Untracked 
|  87|0x0000000087300000, 0x0000000087300000, 0x0000000087400000|  0%| F|  |TAMS 0x0000000087300000, 0x0000000087300000| Untracked 
|  88|0x0000000087400000, 0x0000000087400000, 0x0000000087500000|  0%| F|  |TAMS 0x0000000087400000, 0x0000000087400000| Untracked 
|  89|0x0000000087500000, 0x0000000087500000, 0x0000000087600000|  0%| F|  |TAMS 0x0000000087500000, 0x0000000087500000| Untracked 
|  90|0x0000000087600000, 0x0000000087600000, 0x0000000087700000|  0%| F|  |TAMS 0x0000000087600000, 0x0000000087600000| Untracked 
|  91|0x0000000087700000, 0x0000000087700000, 0x0000000087800000|  0%| F|  |TAMS 0x0000000087700000, 0x0000000087700000| Untracked 
|  92|0x0000000087800000, 0x0000000087800000, 0x0000000087900000|  0%| F|  |TAMS 0x0000000087800000, 0x0000000087800000| Untracked 
|  93|0x0000000087900000, 0x0000000087900000, 0x0000000087a00000|  0%| F|  |TAMS 0x0000000087900000, 0x0000000087900000| Untracked 
|  94|0x0000000087a00000, 0x0000000087a00000, 0x0000000087b00000|  0%| F|  |TAMS 0x0000000087a00000, 0x0000000087a00000| Untracked 
|  95|0x0000000087b00000, 0x0000000087b00000, 0x0000000087c00000|  0%| F|  |TAMS 0x0000000087b00000, 0x0000000087b00000| Untracked 
|  96|0x0000000087c00000, 0x0000000087c00000, 0x0000000087d00000|  0%| F|  |TAMS 0x0000000087c00000, 0x0000000087c00000| Untracked 
|  97|0x0000000087d00000, 0x0000000087d00000, 0x0000000087e00000|  0%| F|  |TAMS 0x0000000087d00000, 0x0000000087d00000| Untracked 
|  98|0x0000000087e00000, 0x0000000087e00000, 0x0000000087f00000|  0%| F|  |TAMS 0x0000000087e00000, 0x0000000087e00000| Untracked 
|  99|0x0000000087f00000, 0x0000000087f00000, 0x0000000088000000|  0%| F|  |TAMS 0x0000000087f00000, 0x0000000087f00000| Untracked 
| 100|0x0000000088000000, 0x0000000088000000, 0x0000000088100000|  0%| F|  |TAMS 0x0000000088000000, 0x0000000088000000| Untracked 
| 101|0x0000000088100000, 0x0000000088100000, 0x0000000088200000|  0%| F|  |TAMS 0x0000000088100000, 0x0000000088100000| Untracked 
| 102|0x0000000088200000, 0x0000000088300000, 0x0000000088300000|100%| E|  |TAMS 0x0000000088200000, 0x0000000088200000| Complete 
| 103|0x0000000088300000, 0x0000000088400000, 0x0000000088400000|100%| E|CS|TAMS 0x0000000088300000, 0x0000000088300000| Complete 
| 104|0x0000000088400000, 0x0000000088500000, 0x0000000088500000|100%| E|CS|TAMS 0x0000000088400000, 0x0000000088400000| Complete 
| 105|0x0000000088500000, 0x0000000088600000, 0x0000000088600000|100%| E|CS|TAMS 0x0000000088500000, 0x0000000088500000| Complete 
| 106|0x0000000088600000, 0x0000000088700000, 0x0000000088700000|100%| E|  |TAMS 0x0000000088600000, 0x0000000088600000| Complete 
| 107|0x0000000088700000, 0x0000000088800000, 0x0000000088800000|100%| E|CS|TAMS 0x0000000088700000, 0x0000000088700000| Complete 
| 108|0x0000000088800000, 0x0000000088900000, 0x0000000088900000|100%| E|CS|TAMS 0x0000000088800000, 0x0000000088800000| Complete 
| 109|0x0000000088900000, 0x0000000088a00000, 0x0000000088a00000|100%| E|CS|TAMS 0x0000000088900000, 0x0000000088900000| Complete 
| 110|0x0000000088a00000, 0x0000000088b00000, 0x0000000088b00000|100%| E|CS|TAMS 0x0000000088a00000, 0x0000000088a00000| Complete 
| 111|0x0000000088b00000, 0x0000000088c00000, 0x0000000088c00000|100%| E|CS|TAMS 0x0000000088b00000, 0x0000000088b00000| Complete 
| 112|0x0000000088c00000, 0x0000000088d00000, 0x0000000088d00000|100%| E|CS|TAMS 0x0000000088c00000, 0x0000000088c00000| Complete 
| 113|0x0000000088d00000, 0x0000000088e00000, 0x0000000088e00000|100%| E|CS|TAMS 0x0000000088d00000, 0x0000000088d00000| Complete 
| 114|0x0000000088e00000, 0x0000000088f00000, 0x0000000088f00000|100%| E|CS|TAMS 0x0000000088e00000, 0x0000000088e00000| Complete 
| 115|0x0000000088f00000, 0x0000000089000000, 0x0000000089000000|100%| E|CS|TAMS 0x0000000088f00000, 0x0000000088f00000| Complete 
| 116|0x0000000089000000, 0x0000000089100000, 0x0000000089100000|100%| E|CS|TAMS 0x0000000089000000, 0x0000000089000000| Complete 
| 117|0x0000000089100000, 0x0000000089200000, 0x0000000089200000|100%| E|CS|TAMS 0x0000000089100000, 0x0000000089100000| Complete 
| 118|0x0000000089200000, 0x0000000089300000, 0x0000000089300000|100%| E|CS|TAMS 0x0000000089200000, 0x0000000089200000| Complete 
| 119|0x0000000089300000, 0x0000000089400000, 0x0000000089400000|100%| E|CS|TAMS 0x0000000089300000, 0x0000000089300000| Complete 
| 120|0x0000000089400000, 0x0000000089500000, 0x0000000089500000|100%| E|CS|TAMS 0x0000000089400000, 0x0000000089400000| Complete 
| 121|0x0000000089500000, 0x0000000089600000, 0x0000000089600000|100%| E|CS|TAMS 0x0000000089500000, 0x0000000089500000| Complete 
| 122|0x0000000089600000, 0x0000000089700000, 0x0000000089700000|100%| E|CS|TAMS 0x0000000089600000, 0x0000000089600000| Complete 
| 123|0x0000000089700000, 0x0000000089800000, 0x0000000089800000|100%| E|CS|TAMS 0x0000000089700000, 0x0000000089700000| Complete 
| 124|0x0000000089800000, 0x0000000089900000, 0x0000000089900000|100%| E|CS|TAMS 0x0000000089800000, 0x0000000089800000| Complete 
| 125|0x0000000089900000, 0x0000000089a00000, 0x0000000089a00000|100%| E|CS|TAMS 0x0000000089900000, 0x0000000089900000| Complete 
| 126|0x0000000089a00000, 0x0000000089b00000, 0x0000000089b00000|100%| E|CS|TAMS 0x0000000089a00000, 0x0000000089a00000| Complete 
| 127|0x0000000089b00000, 0x0000000089c00000, 0x0000000089c00000|100%| E|CS|TAMS 0x0000000089b00000, 0x0000000089b00000| Complete 

Card table byte_map: [0x0000019c51460000,0x0000019c51860000] _byte_map_base: 0x0000019c51052000

Marking Bits (Prev, Next): (CMBitMap*) 0x0000019c385b9680, (CMBitMap*) 0x0000019c385b96c0
 Prev Bits: [0x0000019c51c60000, 0x0000019c53bf0000)
 Next Bits: [0x0000019c53bf0000, 0x0000019c55b80000)

Polling page: 0x0000019c415d0000

Metaspace:

Usage:
  Non-class:     16.23 MB used.
      Class:      2.07 MB used.
       Both:     18.30 MB used.

Virtual space:
  Non-class space:       64.00 MB reserved,      16.38 MB ( 26%) committed,  1 nodes.
      Class space:        1.00 GB reserved,       2.25 MB ( <1%) committed,  1 nodes.
             Both:        1.06 GB reserved,      18.62 MB (  2%) committed. 

Chunk freelists:
   Non-Class:  15.50 MB
       Class:  13.68 MB
        Both:  29.19 MB

MaxMetaspaceSize: unlimited
CompressedClassSpaceSize: 1.00 GB
Initial GC threshold: 21.00 MB
Current GC threshold: 21.00 MB
CDS: on
MetaspaceReclaimPolicy: balanced
 - commit_granule_bytes: 65536.
 - commit_granule_words: 8192.
 - virtual_space_node_default_size: 8388608.
 - enlarge_chunks_in_place: 1.
 - new_chunks_are_fully_committed: 0.
 - uncommit_free_chunks: 1.
 - use_allocation_guard: 0.
 - handle_deallocations: 1.


Internal statistics:

num_allocs_failed_limit: 0.
num_arena_births: 150.
num_arena_deaths: 0.
num_vsnodes_births: 2.
num_vsnodes_deaths: 0.
num_space_committed: 298.
num_space_uncommitted: 0.
num_chunks_returned_to_freelist: 0.
num_chunks_taken_from_freelist: 826.
num_chunk_merges: 0.
num_chunk_splits: 567.
num_chunks_enlarged: 444.
num_inconsistent_stats: 0.

CodeHeap 'non-profiled nmethods': size=120000Kb used=2829Kb max_used=2829Kb free=117170Kb
 bounds [0x0000019c490c0000, 0x0000019c49390000, 0x0000019c505f0000]
CodeHeap 'profiled nmethods': size=120000Kb used=9970Kb max_used=9970Kb free=110030Kb
 bounds [0x0000019c415f0000, 0x0000019c41fb0000, 0x0000019c48b20000]
CodeHeap 'non-nmethods': size=5760Kb used=1187Kb max_used=1275Kb free=4572Kb
 bounds [0x0000019c48b20000, 0x0000019c48d90000, 0x0000019c490c0000]
 total_blobs=5177 nmethods=4698 adapters=391
 compilation: enabled
              stopped_count=0, restarted_count=0
 full_count=0

Compilation events (20 events):
Event: 6.138 Thread 0x0000019c5861f8d0 4659       3       java.lang.ProcessEnvironment$CheckedEntrySet$1::next (5 bytes)
Event: 6.139 Thread 0x0000019c5861f8d0 nmethod 4659 0x0000019c41fa5190 code [0x0000019c41fa5360, 0x0000019c41fa5848]
Event: 6.144 Thread 0x0000019c5861f8d0 4666       3       sun.invoke.util.BytecodeDescriptor::unparseMethod (66 bytes)
Event: 6.145 Thread 0x0000019c5861f8d0 nmethod 4666 0x0000019c41fa5a10 code [0x0000019c41fa5c40, 0x0000019c41fa62c8]
Event: 6.145 Thread 0x0000019c5861f8d0 4667       3       java.lang.invoke.LambdaForm$NamedFunction::methodType (23 bytes)
Event: 6.146 Thread 0x0000019c5861f8d0 nmethod 4667 0x0000019c41fa6590 code [0x0000019c41fa6740, 0x0000019c41fa6988]
Event: 6.146 Thread 0x0000019c5861f8d0 4668       3       java.lang.invoke.MethodHandle::asType (28 bytes)
Event: 6.146 Thread 0x0000019c5861f8d0 nmethod 4668 0x0000019c41fa6a90 code [0x0000019c41fa6c60, 0x0000019c41fa6fe8]
Event: 6.146 Thread 0x0000019c5861f8d0 4669       3       java.lang.invoke.MethodHandle::asTypeCached (21 bytes)
Event: 6.147 Thread 0x0000019c5861f8d0 nmethod 4669 0x0000019c41fa7110 code [0x0000019c41fa72c0, 0x0000019c41fa7478]
Event: 6.148 Thread 0x0000019c5861f8d0 4673       3       jdk.internal.org.objectweb.asm.ClassWriter::<init> (7 bytes)
Event: 6.148 Thread 0x0000019c5861f8d0 nmethod 4673 0x0000019c41fa7510 code [0x0000019c41fa76c0, 0x0000019c41fa7808]
Event: 6.148 Thread 0x0000019c5861f8d0 4674       3       jdk.internal.org.objectweb.asm.ClassWriter::<init> (68 bytes)
Event: 6.149 Thread 0x0000019c5861f8d0 nmethod 4674 0x0000019c41fa7890 code [0x0000019c41fa7a60, 0x0000019c41fa7f08]
Event: 6.149 Thread 0x0000019c5861f8d0 4675       3       jdk.internal.org.objectweb.asm.ClassVisitor::<init> (7 bytes)
Event: 6.149 Thread 0x0000019c5861f8d0 nmethod 4675 0x0000019c41fa8090 code [0x0000019c41fa8240, 0x0000019c41fa8388]
Event: 6.149 Thread 0x0000019c5861f8d0 4679       3       java.util.ImmutableCollections$SetN::iterator (9 bytes)
Event: 6.149 Thread 0x0000019c5861f8d0 nmethod 4679 0x0000019c41fa8410 code [0x0000019c41fa85c0, 0x0000019c41fa8768]
Event: 6.149 Thread 0x0000019c5861f8d0 4680       3       java.util.ImmutableCollections$SetN$SetNIterator::<init> (36 bytes)
Event: 6.150 Thread 0x0000019c5861f8d0 nmethod 4680 0x0000019c41fa8810 code [0x0000019c41fa89c0, 0x0000019c41fa8bb8]

GC Heap History (8 events):
Event: 0.832 GC heap before
{Heap before GC invocations=0 (full 0):
 garbage-first heap   total 131072K, used 22528K [0x0000000081c00000, 0x0000000100000000)
  region size 1024K, 23 young (23552K), 0 survivors (0K)
 Metaspace       used 5483K, committed 5632K, reserved 1114112K
  class space    used 660K, committed 768K, reserved 1048576K
}
Event: 0.839 GC heap after
{Heap after GC invocations=1 (full 0):
 garbage-first heap   total 131072K, used 3964K [0x0000000081c00000, 0x0000000100000000)
  region size 1024K, 3 young (3072K), 3 survivors (3072K)
 Metaspace       used 5483K, committed 5632K, reserved 1114112K
  class space    used 660K, committed 768K, reserved 1048576K
}
Event: 1.661 GC heap before
{Heap before GC invocations=1 (full 0):
 garbage-first heap   total 131072K, used 34684K [0x0000000081c00000, 0x0000000100000000)
  region size 1024K, 33 young (33792K), 3 survivors (3072K)
 Metaspace       used 10011K, committed 10176K, reserved 1114112K
  class space    used 1220K, committed 1280K, reserved 1048576K
}
Event: 1.668 GC heap after
{Heap after GC invocations=2 (full 0):
 garbage-first heap   total 131072K, used 5730K [0x0000000081c00000, 0x0000000100000000)
  region size 1024K, 2 young (2048K), 2 survivors (2048K)
 Metaspace       used 10011K, committed 10176K, reserved 1114112K
  class space    used 1220K, committed 1280K, reserved 1048576K
}
Event: 3.656 GC heap before
{Heap before GC invocations=2 (full 0):
 garbage-first heap   total 131072K, used 81506K [0x0000000081c00000, 0x0000000100000000)
  region size 1024K, 76 young (77824K), 2 survivors (2048K)
 Metaspace       used 15487K, committed 15680K, reserved 1114112K
  class space    used 1842K, committed 1920K, reserved 1048576K
}
Event: 3.672 GC heap after
{Heap after GC invocations=3 (full 0):
 garbage-first heap   total 131072K, used 13715K [0x0000000081c00000, 0x0000000100000000)
  region size 1024K, 10 young (10240K), 10 survivors (10240K)
 Metaspace       used 15487K, committed 15680K, reserved 1114112K
  class space    used 1842K, committed 1920K, reserved 1048576K
}
Event: 5.304 GC heap before
{Heap before GC invocations=3 (full 0):
 garbage-first heap   total 131072K, used 110995K [0x0000000081c00000, 0x0000000100000000)
  region size 1024K, 74 young (75776K), 10 survivors (10240K)
 Metaspace       used 17715K, committed 17984K, reserved 1114112K
  class space    used 2020K, committed 2112K, reserved 1048576K
}
Event: 5.321 GC heap after
{Heap after GC invocations=4 (full 0):
 garbage-first heap   total 131072K, used 18771K [0x0000000081c00000, 0x0000000100000000)
  region size 1024K, 6 young (6144K), 6 survivors (6144K)
 Metaspace       used 17715K, committed 17984K, reserved 1114112K
  class space    used 2020K, committed 2112K, reserved 1048576K
}

Deoptimization events (20 events):
Event: 6.135 Thread 0x0000019c385603a0 Uncommon trap: trap_request=0xffffffbe fr.pc=0x0000019c491b9e80 relative=0x0000000000001f20
Event: 6.135 Thread 0x0000019c385603a0 Uncommon trap: reason=profile_predicate action=maybe_recompile pc=0x0000019c491b9e80 method=java.util.TimSort.binarySort([Ljava/lang/Object;IIILjava/util/Comparator;)V @ 34 c2
Event: 6.135 Thread 0x0000019c385603a0 DEOPT PACKING pc=0x0000019c491b9e80 sp=0x0000004a84dfd520
Event: 6.135 Thread 0x0000019c385603a0 DEOPT UNPACKING pc=0x0000019c48b723a3 sp=0x0000004a84dfd500 mode 2
Event: 6.135 Thread 0x0000019c385603a0 Uncommon trap: trap_request=0xffffffbe fr.pc=0x0000019c491b9e80 relative=0x0000000000001f20
Event: 6.135 Thread 0x0000019c385603a0 Uncommon trap: reason=profile_predicate action=maybe_recompile pc=0x0000019c491b9e80 method=java.util.TimSort.binarySort([Ljava/lang/Object;IIILjava/util/Comparator;)V @ 34 c2
Event: 6.135 Thread 0x0000019c385603a0 DEOPT PACKING pc=0x0000019c491b9e80 sp=0x0000004a84dfd520
Event: 6.135 Thread 0x0000019c385603a0 DEOPT UNPACKING pc=0x0000019c48b723a3 sp=0x0000004a84dfd500 mode 2
Event: 6.136 Thread 0x0000019c385603a0 Uncommon trap: trap_request=0xffffffbe fr.pc=0x0000019c491b9e80 relative=0x0000000000001f20
Event: 6.136 Thread 0x0000019c385603a0 Uncommon trap: reason=profile_predicate action=maybe_recompile pc=0x0000019c491b9e80 method=java.util.TimSort.binarySort([Ljava/lang/Object;IIILjava/util/Comparator;)V @ 34 c2
Event: 6.136 Thread 0x0000019c385603a0 DEOPT PACKING pc=0x0000019c491b9e80 sp=0x0000004a84dfd520
Event: 6.136 Thread 0x0000019c385603a0 DEOPT UNPACKING pc=0x0000019c48b723a3 sp=0x0000004a84dfd500 mode 2
Event: 6.136 Thread 0x0000019c385603a0 Uncommon trap: trap_request=0xffffffbe fr.pc=0x0000019c491b9e80 relative=0x0000000000001f20
Event: 6.136 Thread 0x0000019c385603a0 Uncommon trap: reason=profile_predicate action=maybe_recompile pc=0x0000019c491b9e80 method=java.util.TimSort.binarySort([Ljava/lang/Object;IIILjava/util/Comparator;)V @ 34 c2
Event: 6.136 Thread 0x0000019c385603a0 DEOPT PACKING pc=0x0000019c491b9e80 sp=0x0000004a84dfd520
Event: 6.136 Thread 0x0000019c385603a0 DEOPT UNPACKING pc=0x0000019c48b723a3 sp=0x0000004a84dfd500 mode 2
Event: 6.156 Thread 0x0000019c385603a0 Uncommon trap: trap_request=0xffffffde fr.pc=0x0000019c492679fc relative=0x000000000000055c
Event: 6.156 Thread 0x0000019c385603a0 Uncommon trap: reason=class_check action=maybe_recompile pc=0x0000019c492679fc method=java.util.Hashtable.get(Ljava/lang/Object;)Ljava/lang/Object; @ 6 c2
Event: 6.156 Thread 0x0000019c385603a0 DEOPT PACKING pc=0x0000019c492679fc sp=0x0000004a84dfd8f0
Event: 6.156 Thread 0x0000019c385603a0 DEOPT UNPACKING pc=0x0000019c48b723a3 sp=0x0000004a84dfd8a0 mode 2

Classes unloaded (0 events):
No events

Classes redefined (0 events):
No events

Internal exceptions (20 events):
Event: 2.354 Thread 0x0000019c385603a0 Implicit null exception at 0x0000019c490e83f2 to 0x0000019c490e8a0c
Event: 2.354 Thread 0x0000019c385603a0 Implicit null exception at 0x0000019c490f8572 to 0x0000019c490f8bac
Event: 3.054 Thread 0x0000019c385603a0 Implicit null exception at 0x0000019c491f7436 to 0x0000019c491f7530
Event: 3.054 Thread 0x0000019c385603a0 Implicit null exception at 0x0000019c491789ef to 0x0000019c49178bcc
Event: 3.054 Thread 0x0000019c385603a0 Implicit null exception at 0x0000019c4915e5e0 to 0x0000019c4915e67a
Event: 3.064 Thread 0x0000019c385603a0 Exception <a 'java/lang/NoSuchMethodError'{0x0000000086d5c828}: 'int java.lang.invoke.DirectMethodHandle$Holder.invokeSpecialIFC(java.lang.Object, java.lang.Object, java.lang.Object, java.lang.Object)'> (0x0000000086d5c828) 
thrown [s\open\src\hotspot\share\interpreter\linkResolver.cpp, line 759]
Event: 4.170 Thread 0x0000019c385603a0 Implicit null exception at 0x0000019c4915300f to 0x0000019c49153089
Event: 4.388 Thread 0x0000019c385603a0 Exception <a 'java/lang/NoSuchMethodError'{0x0000000087c018d8}: 'java.lang.Object java.lang.invoke.DirectMethodHandle$Holder.newInvokeSpecial(java.lang.Object, java.lang.Object, java.lang.Object, java.lang.Object, java.lang.Object, java.lang.Object, java.lang.Object)'> (0x0000000087c018d8) 
thrown [s\open\src\hotspot\share\interpreter\linkResolver.cpp, line 759]
Event: 4.388 Thread 0x0000019c385603a0 Exception <a 'java/lang/NoSuchMethodError'{0x0000000087c061e8}: 'java.lang.Object java.lang.invoke.Invokers$Holder.linkToTargetMethod(java.lang.Object, java.lang.Object, java.lang.Object, java.lang.Object, java.lang.Object, java.lang.Object, java.lang.Object)'> (0x0000000087c061e8) 
thrown [s\open\src\hotspot\share\interpreter\linkResolver.cpp, line 759]
Event: 4.390 Thread 0x0000019c385603a0 Implicit null exception at 0x0000019c492d2c46 to 0x0000019c492d3750
Event: 4.623 Thread 0x0000019c385603a0 Implicit null exception at 0x0000019c4926f813 to 0x0000019c4927211c
Event: 4.633 Thread 0x0000019c385603a0 Exception <a 'java/lang/NoSuchMethodError'{0x0000000087391dd8}: 'java.lang.Object java.lang.invoke.DirectMethodHandle$Holder.invokeVirtual(java.lang.Object, java.lang.Object, java.lang.Object)'> (0x0000000087391dd8) 
thrown [s\open\src\hotspot\share\interpreter\linkResolver.cpp, line 759]
Event: 4.634 Thread 0x0000019c385603a0 Exception <a 'java/lang/NoSuchMethodError'{0x00000000873993d0}: 'void java.lang.invoke.DirectMethodHandle$Holder.invokeSpecial(java.lang.Object, java.lang.Object, java.lang.Object, java.lang.Object, java.lang.Object, java.lang.Object)'> (0x00000000873993d0) 
thrown [s\open\src\hotspot\share\interpreter\linkResolver.cpp, line 759]
Event: 4.636 Thread 0x0000019c385603a0 Exception <a 'java/lang/NoSuchMethodError'{0x00000000873a49a8}: 'int java.lang.invoke.DirectMethodHandle$Holder.invokeVirtual(java.lang.Object, java.lang.Object)'> (0x00000000873a49a8) 
thrown [s\open\src\hotspot\share\interpreter\linkResolver.cpp, line 759]
Event: 5.779 Thread 0x0000019c385603a0 Exception <a 'java/lang/NoClassDefFoundError'{0x0000000088a62fb0}: org/codehaus/plexus/util/io/CachingOutputStream> (0x0000000088a62fb0) 
thrown [s\open\src\hotspot\share\classfile\systemDictionary.cpp, line 245]
Event: 6.143 Thread 0x0000019c385603a0 Exception <a 'java/lang/NoSuchMethodError'{0x000000008829ede0}: 'void java.lang.invoke.DirectMethodHandle$Holder.invokeStatic(java.lang.Object, long)'> (0x000000008829ede0) 
thrown [s\open\src\hotspot\share\interpreter\linkResolver.cpp, line 759]
Event: 6.144 Thread 0x0000019c385603a0 Exception <a 'java/lang/NoSuchMethodError'{0x00000000882a47a8}: 'java.lang.Object java.lang.invoke.DirectMethodHandle$Holder.newInvokeSpecial(java.lang.Object, long)'> (0x00000000882a47a8) 
thrown [s\open\src\hotspot\share\interpreter\linkResolver.cpp, line 759]
Event: 6.147 Thread 0x0000019c385603a0 Exception <a 'java/lang/NoSuchMethodError'{0x00000000882af968}: 'java.lang.Object java.lang.invoke.DirectMethodHandle$Holder.invokeStaticInit(java.lang.Object, java.lang.Object, long, java.lang.Object)'> (0x00000000882af968) 
thrown [s\open\src\hotspot\share\interpreter\linkResolver.cpp, line 759]
Event: 6.148 Thread 0x0000019c385603a0 Exception <a 'java/lang/NoSuchMethodError'{0x00000000882b6280}: 'java.lang.Object java.lang.invoke.DirectMethodHandle$Holder.newInvokeSpecial(java.lang.Object, java.lang.Object, long)'> (0x00000000882b6280) 
thrown [s\open\src\hotspot\share\interpreter\linkResolver.cpp, line 759]
Event: 6.149 Thread 0x0000019c385603a0 Exception <a 'java/lang/NoSuchMethodError'{0x00000000882ba570}: 'java.lang.Object java.lang.invoke.Invokers$Holder.linkToTargetMethod(java.lang.Object, long, java.lang.Object)'> (0x00000000882ba570) 
thrown [s\open\src\hotspot\share\interpreter\linkResolver.cpp, line 759]

VM Operations (20 events):
Event: 2.318 Executing VM operation: HandshakeAllThreads
Event: 2.318 Executing VM operation: HandshakeAllThreads done
Event: 2.319 Executing VM operation: HandshakeAllThreads
Event: 2.319 Executing VM operation: HandshakeAllThreads done
Event: 2.787 Executing VM operation: ICBufferFull
Event: 2.787 Executing VM operation: ICBufferFull done
Event: 3.147 Executing VM operation: ICBufferFull
Event: 3.147 Executing VM operation: ICBufferFull done
Event: 3.212 Executing VM operation: HandshakeAllThreads
Event: 3.212 Executing VM operation: HandshakeAllThreads done
Event: 3.500 Executing VM operation: ICBufferFull
Event: 3.500 Executing VM operation: ICBufferFull done
Event: 3.656 Executing VM operation: G1CollectForAllocation
Event: 3.672 Executing VM operation: G1CollectForAllocation done
Event: 4.395 Executing VM operation: ICBufferFull
Event: 4.395 Executing VM operation: ICBufferFull done
Event: 4.780 Executing VM operation: ICBufferFull
Event: 4.781 Executing VM operation: ICBufferFull done
Event: 5.304 Executing VM operation: G1CollectForAllocation
Event: 5.321 Executing VM operation: G1CollectForAllocation done

Events (20 events):
Event: 6.151 loading class java/util/concurrent/SynchronousQueue$TransferStack$SNode
Event: 6.151 loading class java/util/concurrent/ForkJoinPool$ManagedBlocker
Event: 6.152 loading class java/util/concurrent/ForkJoinPool$ManagedBlocker done
Event: 6.152 loading class java/util/concurrent/SynchronousQueue$TransferStack$SNode done
Event: 6.152 loading class java/lang/ProcessImpl$2
Event: 6.152 loading class java/lang/ProcessImpl$2 done
Event: 6.152 loading class java/lang/ProcessBuilder$NullOutputStream
Event: 6.152 loading class java/lang/ProcessBuilder$NullOutputStream done
Event: 6.152 loading class java/lang/ProcessBuilder$NullInputStream
Event: 6.152 loading class java/lang/ProcessBuilder$NullInputStream done
Event: 6.153 loading class jdk/internal/event/ProcessStartEvent
Event: 6.153 loading class jdk/internal/event/ProcessStartEvent done
Event: 6.154 loading class sun/misc/Signal
Event: 6.155 loading class sun/misc/Signal done
Event: 6.155 loading class sun/misc/SignalHandler
Event: 6.155 loading class sun/misc/SignalHandler done
Event: 6.156 loading class sun/misc/Signal$InternalMiscHandler
Event: 6.156 loading class sun/misc/Signal$InternalMiscHandler done
Event: 6.156 loading class sun/misc/Signal$SunMiscHandler
Event: 6.156 loading class sun/misc/Signal$SunMiscHandler done


Dynamic libraries:
0x00007ff783270000 - 0x00007ff783280000 	C:\Program Files\java\jdk-17\bin\java.exe
0x00007ff9eee30000 - 0x00007ff9ef028000 	C:\Windows\SYSTEM32\ntdll.dll
0x00007ff9edf60000 - 0x00007ff9ee01d000 	C:\Windows\System32\KERNEL32.DLL
0x00007ff9ecb60000 - 0x00007ff9ece56000 	C:\Windows\System32\KERNELBASE.dll
0x00007ff9eca60000 - 0x00007ff9ecb60000 	C:\Windows\System32\ucrtbase.dll
0x00007ff9cea10000 - 0x00007ff9cea2b000 	C:\Program Files\java\jdk-17\bin\VCRUNTIME140.dll
0x00007ff9ce5a0000 - 0x00007ff9ce5b9000 	C:\Program Files\java\jdk-17\bin\jli.dll
0x00007ff9ee430000 - 0x00007ff9ee4e0000 	C:\Windows\System32\ADVAPI32.dll
0x00007ff9eece0000 - 0x00007ff9eed7e000 	C:\Windows\System32\msvcrt.dll
0x00007ff9ed2c0000 - 0x00007ff9ed360000 	C:\Windows\System32\sechost.dll
0x00007ff9ecf90000 - 0x00007ff9ed0b3000 	C:\Windows\System32\RPCRT4.dll
0x00007ff9ec7b0000 - 0x00007ff9ec7d7000 	C:\Windows\System32\bcrypt.dll
0x00007ff9ed120000 - 0x00007ff9ed2bf000 	C:\Windows\System32\USER32.dll
0x00007ff9ec4e0000 - 0x00007ff9ec502000 	C:\Windows\System32\win32u.dll
0x00007ff9e21f0000 - 0x00007ff9e248a000 	C:\Windows\WinSxS\amd64_microsoft.windows.common-controls_6595b64144ccf1df_6.0.19041.4355_none_60b8b9eb71f62e16\COMCTL32.dll
0x00007ff9edd90000 - 0x00007ff9eddbb000 	C:\Windows\System32\GDI32.dll
0x00007ff9ec940000 - 0x00007ff9eca57000 	C:\Windows\System32\gdi32full.dll
0x00007ff9ec5a0000 - 0x00007ff9ec63d000 	C:\Windows\System32\msvcp_win.dll
0x00007ff9e63c0000 - 0x00007ff9e63ca000 	C:\Windows\SYSTEM32\VERSION.dll
0x00007ff9ed0d0000 - 0x00007ff9ed102000 	C:\Windows\System32\IMM32.DLL
0x00007ff9d1e80000 - 0x00007ff9d1e8c000 	C:\Program Files\java\jdk-17\bin\vcruntime140_1.dll
0x00007ff9bb850000 - 0x00007ff9bb8de000 	C:\Program Files\java\jdk-17\bin\msvcp140.dll
0x00007ff985e10000 - 0x00007ff9869f0000 	C:\Program Files\java\jdk-17\bin\server\jvm.dll
0x00007ff9eede0000 - 0x00007ff9eede8000 	C:\Windows\System32\PSAPI.DLL
0x00007ff9df500000 - 0x00007ff9df509000 	C:\Windows\SYSTEM32\WSOCK32.dll
0x00007ff9e1f90000 - 0x00007ff9e1fb7000 	C:\Windows\SYSTEM32\WINMM.dll
0x00007ff9ede90000 - 0x00007ff9edefb000 	C:\Windows\System32\WS2_32.dll
0x00007ff9ea260000 - 0x00007ff9ea272000 	C:\Windows\SYSTEM32\kernel.appcore.dll
0x00007ff9ce590000 - 0x00007ff9ce59a000 	C:\Program Files\java\jdk-17\bin\jimage.dll
0x00007ff9e61b0000 - 0x00007ff9e6394000 	C:\Windows\SYSTEM32\DBGHELP.DLL
0x00007ff9e5c80000 - 0x00007ff9e5cb4000 	C:\Windows\SYSTEM32\dbgcore.DLL
0x00007ff9ec510000 - 0x00007ff9ec592000 	C:\Windows\System32\bcryptPrimitives.dll
0x00007ff9c02c0000 - 0x00007ff9c02e5000 	C:\Program Files\java\jdk-17\bin\java.dll
0x00007ff9abce0000 - 0x00007ff9abdb7000 	C:\Program Files\java\jdk-17\bin\jsvml.dll
0x00007ff9ee4e0000 - 0x00007ff9eec4b000 	C:\Windows\System32\SHELL32.dll
0x00007ff9ea540000 - 0x00007ff9eacdd000 	C:\Windows\SYSTEM32\windows.storage.dll
0x00007ff9ed360000 - 0x00007ff9ed6b3000 	C:\Windows\System32\combase.dll
0x00007ff9ebd50000 - 0x00007ff9ebd7e000 	C:\Windows\SYSTEM32\Wldp.dll
0x00007ff9eddc0000 - 0x00007ff9ede8d000 	C:\Windows\System32\OLEAUT32.dll
0x00007ff9ed7f0000 - 0x00007ff9ed89d000 	C:\Windows\System32\SHCORE.dll
0x00007ff9ed6e0000 - 0x00007ff9ed735000 	C:\Windows\System32\shlwapi.dll
0x00007ff9ec410000 - 0x00007ff9ec434000 	C:\Windows\SYSTEM32\profapi.dll
0x00007ff9cac50000 - 0x00007ff9cac69000 	C:\Program Files\java\jdk-17\bin\net.dll
0x00007ff9e6ce0000 - 0x00007ff9e6dea000 	C:\Windows\SYSTEM32\WINHTTP.dll
0x00007ff9ebb30000 - 0x00007ff9ebb9a000 	C:\Windows\system32\mswsock.dll
0x00007ff9c77f0000 - 0x00007ff9c7806000 	C:\Program Files\java\jdk-17\bin\nio.dll
0x00007ff9c5590000 - 0x00007ff9c55a8000 	C:\Program Files\java\jdk-17\bin\zip.dll
0x0000000069ac0000 - 0x0000000069ae4000 	C:\Users\Admin\Downloads\apache-maven-3.9.6-bin\apache-maven-3.9.6\lib\jansi-native\Windows\x86_64\jansi.dll
0x00007ff9ce580000 - 0x00007ff9ce590000 	C:\Program Files\java\jdk-17\bin\verify.dll

dbghelp: loaded successfully - version: 4.0.5 - missing functions: none
symbol engine: initialized successfully - sym options: 0x614 - pdb path: .;C:\Program Files\java\jdk-17\bin;C:\Windows\SYSTEM32;C:\Windows\WinSxS\amd64_microsoft.windows.common-controls_6595b64144ccf1df_6.0.19041.4355_none_60b8b9eb71f62e16;C:\Program Files\java\jdk-17\bin\server;C:\Users\Admin\Downloads\apache-maven-3.9.6-bin\apache-maven-3.9.6\lib\jansi-native\Windows\x86_64

VM Arguments:
jvm_args: -Dclassworlds.conf=C:\Users\Admin\Downloads\apache-maven-3.9.6-bin\apache-maven-3.9.6\bin\m2.conf -Dmaven.home=C:\Users\Admin\Downloads\apache-maven-3.9.6-bin\apache-maven-3.9.6 -Dlibrary.jansi.path=C:\Users\Admin\Downloads\apache-maven-3.9.6-bin\apache-maven-3.9.6\lib\jansi-native -Dmaven.multiModuleProjectDirectory=C:\Users\Admin\Desktop\Property_Insurance\Backend-Workspace\PropertyInsurance 
java_command: org.codehaus.plexus.classworlds.launcher.Launcher spring-boot:run
java_class_path (initial): C:\Users\Admin\Downloads\apache-maven-3.9.6-bin\apache-maven-3.9.6\boot\plexus-classworlds-2.7.0.jar
Launcher Type: SUN_STANDARD

[Global flags]
     intx CICompilerCount                          = 4                                         {product} {ergonomic}
     uint ConcGCThreads                            = 2                                         {product} {ergonomic}
     uint G1ConcRefinementThreads                  = 8                                         {product} {ergonomic}
   size_t G1HeapRegionSize                         = 1048576                                   {product} {ergonomic}
    uintx GCDrainStackTargetSize                   = 64                                        {product} {ergonomic}
   size_t InitialHeapSize                          = 134217728                                 {product} {ergonomic}
   size_t MarkStackSize                            = 4194304                                   {product} {ergonomic}
   size_t MaxHeapSize                              = 2118123520                                {product} {ergonomic}
   size_t MaxNewSize                               = 1270874112                                {product} {ergonomic}
   size_t MinHeapDeltaBytes                        = 1048576                                   {product} {ergonomic}
   size_t MinHeapSize                              = 8388608                                   {product} {ergonomic}
    uintx NonNMethodCodeHeapSize                   = 5839372                                {pd product} {ergonomic}
    uintx NonProfiledCodeHeapSize                  = 122909434                              {pd product} {ergonomic}
    uintx ProfiledCodeHeapSize                     = 122909434                              {pd product} {ergonomic}
    uintx ReservedCodeCacheSize                    = 251658240                              {pd product} {ergonomic}
     bool SegmentedCodeCache                       = true                                      {product} {ergonomic}
   size_t SoftMaxHeapSize                          = 2118123520                             {manageable} {ergonomic}
     bool UseCompressedClassPointers               = true                           {product lp64_product} {ergonomic}
     bool UseCompressedOops                        = true                           {product lp64_product} {ergonomic}
     bool UseG1GC                                  = true                                      {product} {ergonomic}
     bool UseLargePagesIndividualAllocation        = false                                  {pd product} {ergonomic}

Logging:
Log output configuration:
 #0: stdout all=warning uptime,level,tags
 #1: stderr all=off uptime,level,tags

Environment Variables:
JAVA_HOME=C:\Program Files\java\jdk-17
PATH=C:\Program Files\Common Files\Oracle\Java\javapath;C:\Python312\Scripts\;C:\Python312\;C:\Windows\system32;C:\Windows;C:\Windows\System32\Wbem;C:\Windows\System32\WindowsPowerShell\v1.0\;C:\Windows\System32\OpenSSH\;C:\xampp\php;C:\ProgramData\ComposerSetup\bin;C:\Program Files\Git\cmd;C:\Program Files\java\openlogic-openjdk-8u402-b06-windows-64\bin;C:\Program Files\nodejs\node_modules\npm\bin;C:\Program Files\nodejs\;C:\ProgramData\chocolatey\bin;C:\Users\Admin\Downloads\apache-maven-3.9.6-bin\apache-maven-3.9.6\bin;C:\Program Files\Docker\Docker\resources\bin;C:\Program Files\java\jdk-17\bin;C:\Users\Admin\AppData\Local\Programs\Python\Python311\Scripts\;C:\Users\Admin\AppData\Local\Programs\Python\Python311\;C:\Users\Admin\AppData\Local\Microsoft\WindowsApps;C:\ngrok;C:\Program Files\JetBrains\PyCharm Community Edition 2023.2.5\bin;;C:\Users\Admin\AppData\Local\Programs\Microsoft VS Code\bin;C:\Users\Admin\AppData\Roaming\Composer\vendor\bin;C:\Users\Admin\AppData\Local\GitHubDesktop\bin;"C:\Program Files\nodejs;C:\Users\Admin\AppData\Roaming\npm";C:\Users\Admin\AppData\Roaming\npm
USERNAME=Admin
LANG=en_US.UTF-8
OS=Windows_NT
PROCESSOR_IDENTIFIER=Intel64 Family 6 Model 94 Stepping 3, GenuineIntel



---------------  S Y S T E M  ---------------

OS:
 Windows 10 , 64 bit Build 19041 (10.0.19041.3636)
OS uptime: 4 days 16:01 hours
Hyper-V role detected

CPU: total 8 (initial active 8) (4 cores per cpu, 2 threads per core) family 6 model 94 stepping 3 microcode 0xf2, cx8, cmov, fxsr, ht, mmx, 3dnowpref, sse, sse2, sse3, ssse3, sse4.1, sse4.2, popcnt, lzcnt, tsc, tscinvbit, avx, avx2, aes, erms, clmul, bmi1, bmi2, rtm, adx, fma, vzeroupper, clflush, clflushopt, hv

Memory: 4k page, system-wide physical 8075M (2172M free)
TotalPageFile size 32651M (AvailPageFile size 14M)
current process WorkingSet (physical memory assigned to process): 216M, peak: 220M
current process commit charge ("private bytes"): 261M, peak: 269M

vm_info: Java HotSpot(TM) 64-Bit Server VM (17.0.11+7-LTS-207) for windows-amd64 JRE (17.0.11+7-LTS-207), built on Mar 11 2024 19:01:50 by "mach5one" with MS VC++ 17.6 (VS2022)

END.
